[2025-03-15T17:40:28.497+0000] {taskinstance.py:1957} INFO - Dependencies all met for dep_context=non-requeueable deps ti=<TaskInstance: gen_data_daily.gen_data_daily scheduled__2025-03-13T22:00:00+00:00 [queued]>
[2025-03-15T17:40:28.512+0000] {taskinstance.py:1957} INFO - Dependencies all met for dep_context=requeueable deps ti=<TaskInstance: gen_data_daily.gen_data_daily scheduled__2025-03-13T22:00:00+00:00 [queued]>
[2025-03-15T17:40:28.513+0000] {taskinstance.py:2171} INFO - Starting attempt 1 of 2
[2025-03-15T17:40:28.531+0000] {taskinstance.py:2192} INFO - Executing <Task(BashOperator): gen_data_daily> on 2025-03-13 22:00:00+00:00
[2025-03-15T17:40:28.540+0000] {standard_task_runner.py:60} INFO - Started process 1862 to run task
[2025-03-15T17:40:28.544+0000] {standard_task_runner.py:87} INFO - Running: ['***', 'tasks', 'run', 'gen_data_daily', 'gen_data_daily', 'scheduled__2025-03-13T22:00:00+00:00', '--job-id', '10', '--raw', '--subdir', 'DAGS_FOLDER/gen_data_daily.py', '--cfg-path', '/tmp/tmp79xji6ck']
[2025-03-15T17:40:28.545+0000] {standard_task_runner.py:88} INFO - Job 10: Subtask gen_data_daily
[2025-03-15T17:40:28.643+0000] {task_command.py:423} INFO - Running <TaskInstance: gen_data_daily.gen_data_daily scheduled__2025-03-13T22:00:00+00:00 [running]> on host 1e3bcc32b6c1
[2025-03-15T17:40:28.853+0000] {taskinstance.py:2481} INFO - Exporting env vars: AIRFLOW_CTX_DAG_OWNER='longnv' AIRFLOW_CTX_DAG_ID='gen_data_daily' AIRFLOW_CTX_TASK_ID='gen_data_daily' AIRFLOW_CTX_EXECUTION_DATE='2025-03-13T22:00:00+00:00' AIRFLOW_CTX_TRY_NUMBER='1' AIRFLOW_CTX_DAG_RUN_ID='scheduled__2025-03-13T22:00:00+00:00'
[2025-03-15T17:40:28.855+0000] {subprocess.py:63} INFO - Tmp dir root location: /tmp
[2025-03-15T17:40:28.856+0000] {subprocess.py:75} INFO - Running command: ['/usr/bin/bash', '-c', '\n        python /opt/***/external_scripts/1_gen_transaction_data.py 2025-03-14\n        ']
[2025-03-15T17:40:28.877+0000] {subprocess.py:86} INFO - Output:
[2025-03-15T17:40:31.531+0000] {subprocess.py:93} INFO - INFO:kafka.conn:<BrokerConnection node_id=bootstrap-0 host=kafka:29092 <connecting> [IPv4 ('172.18.0.10', 29092)]>: connecting to kafka:29092 [('172.18.0.10', 29092) IPv4]
[2025-03-15T17:40:31.533+0000] {subprocess.py:93} INFO - INFO:kafka.conn:Probing node bootstrap-0 broker version
[2025-03-15T17:40:31.533+0000] {subprocess.py:93} INFO - INFO:kafka.conn:<BrokerConnection node_id=bootstrap-0 host=kafka:29092 <connecting> [IPv4 ('172.18.0.10', 29092)]>: Connection complete.
[2025-03-15T17:40:31.655+0000] {subprocess.py:93} INFO - INFO:kafka.conn:Broker version identified as 2.5.0
[2025-03-15T17:40:31.665+0000] {subprocess.py:93} INFO - INFO:kafka.conn:Set configuration api_version=(2, 5, 0) to skip auto check_version requests on startup
[2025-03-15T17:40:31.666+0000] {subprocess.py:93} INFO - INFO:kafka.conn:Probing node bootstrap-0 broker version
[2025-03-15T17:40:31.762+0000] {subprocess.py:93} INFO - INFO:kafka.conn:Broker version identified as 2.5.0
[2025-03-15T17:40:31.764+0000] {subprocess.py:93} INFO - INFO:kafka.conn:Set configuration api_version=(2, 5, 0) to skip auto check_version requests on startup
[2025-03-15T17:40:31.785+0000] {subprocess.py:93} INFO - INFO:kafka.conn:<BrokerConnection node_id=1 host=kafka:29092 <connecting> [IPv4 ('172.18.0.10', 29092)]>: connecting to kafka:29092 [('172.18.0.10', 29092) IPv4]
[2025-03-15T17:40:31.788+0000] {subprocess.py:93} INFO - INFO:kafka.conn:Probing node 1 broker version
[2025-03-15T17:40:31.790+0000] {subprocess.py:93} INFO - INFO:kafka.conn:<BrokerConnection node_id=1 host=kafka:29092 <connecting> [IPv4 ('172.18.0.10', 29092)]>: Connection complete.
[2025-03-15T17:40:31.790+0000] {subprocess.py:93} INFO - INFO:kafka.conn:<BrokerConnection node_id=bootstrap-0 host=kafka:29092 <connected> [IPv4 ('172.18.0.10', 29092)]>: Closing connection.
[2025-03-15T17:40:31.898+0000] {subprocess.py:93} INFO - INFO:kafka.conn:Broker version identified as 2.5.0
[2025-03-15T17:40:31.898+0000] {subprocess.py:93} INFO - INFO:kafka.conn:Set configuration api_version=(2, 5, 0) to skip auto check_version requests on startup
[2025-03-15T17:40:31.907+0000] {subprocess.py:93} INFO - INFO:kafka.conn:<BrokerConnection node_id=bootstrap-0 host=kafka:29092 <connecting> [IPv4 ('172.18.0.10', 29092)]>: connecting to kafka:29092 [('172.18.0.10', 29092) IPv4]
[2025-03-15T17:40:31.908+0000] {subprocess.py:93} INFO - INFO:kafka.conn:Probing node bootstrap-0 broker version
[2025-03-15T17:40:31.909+0000] {subprocess.py:93} INFO - INFO:kafka.conn:<BrokerConnection node_id=bootstrap-0 host=kafka:29092 <connecting> [IPv4 ('172.18.0.10', 29092)]>: Connection complete.
[2025-03-15T17:40:32.015+0000] {subprocess.py:93} INFO - INFO:kafka.conn:Broker version identified as 2.5.0
[2025-03-15T17:40:32.019+0000] {subprocess.py:93} INFO - INFO:kafka.conn:Set configuration api_version=(2, 5, 0) to skip auto check_version requests on startup
[2025-03-15T17:40:32.193+0000] {subprocess.py:93} INFO - INFO:kafka.conn:<BrokerConnection node_id=1 host=kafka:29092 <connecting> [IPv4 ('172.18.0.10', 29092)]>: connecting to kafka:29092 [('172.18.0.10', 29092) IPv4]
[2025-03-15T17:40:32.194+0000] {subprocess.py:93} INFO - INFO:kafka.conn:<BrokerConnection node_id=1 host=kafka:29092 <connecting> [IPv4 ('172.18.0.10', 29092)]>: Connection complete.
[2025-03-15T17:40:32.195+0000] {subprocess.py:93} INFO - INFO:kafka.conn:<BrokerConnection node_id=bootstrap-0 host=kafka:29092 <connected> [IPv4 ('172.18.0.10', 29092)]>: Closing connection.
[2025-03-15T17:40:32.233+0000] {subprocess.py:93} INFO - INFO:__main__:Processed batch of 100 messages
[2025-03-15T17:40:32.274+0000] {subprocess.py:93} INFO - INFO:__main__:Processed batch of 100 messages
[2025-03-15T17:40:32.295+0000] {subprocess.py:93} INFO - INFO:__main__:Processed batch of 100 messages
[2025-03-15T17:40:32.334+0000] {subprocess.py:93} INFO - INFO:__main__:Processed batch of 100 messages
[2025-03-15T17:40:32.371+0000] {subprocess.py:93} INFO - INFO:__main__:Processed batch of 100 messages
[2025-03-15T17:40:32.409+0000] {subprocess.py:93} INFO - INFO:__main__:Processed batch of 100 messages
[2025-03-15T17:40:32.432+0000] {subprocess.py:93} INFO - INFO:__main__:Processed batch of 100 messages
[2025-03-15T17:40:32.460+0000] {subprocess.py:93} INFO - INFO:__main__:Processed batch of 100 messages
[2025-03-15T17:40:32.494+0000] {subprocess.py:93} INFO - INFO:__main__:Processed batch of 100 messages
[2025-03-15T17:40:32.574+0000] {subprocess.py:93} INFO - INFO:__main__:Processed batch of 100 messages
[2025-03-15T17:40:32.600+0000] {subprocess.py:93} INFO - INFO:__main__:Processed batch of 100 messages
[2025-03-15T17:40:32.633+0000] {subprocess.py:93} INFO - INFO:__main__:Processed batch of 100 messages
[2025-03-15T17:40:32.673+0000] {subprocess.py:93} INFO - INFO:__main__:Processed batch of 100 messages
[2025-03-15T17:40:32.708+0000] {subprocess.py:93} INFO - INFO:__main__:Processed batch of 100 messages
[2025-03-15T17:40:32.731+0000] {subprocess.py:93} INFO - INFO:__main__:Processed batch of 100 messages
[2025-03-15T17:40:32.754+0000] {subprocess.py:93} INFO - INFO:__main__:Processed batch of 100 messages
[2025-03-15T17:40:32.775+0000] {subprocess.py:93} INFO - INFO:__main__:Processed batch of 100 messages
[2025-03-15T17:40:32.804+0000] {subprocess.py:93} INFO - INFO:__main__:Processed batch of 100 messages
[2025-03-15T17:40:32.853+0000] {subprocess.py:93} INFO - INFO:__main__:Processed batch of 100 messages
[2025-03-15T17:40:32.877+0000] {subprocess.py:93} INFO - INFO:__main__:Processed batch of 100 messages
[2025-03-15T17:40:32.917+0000] {subprocess.py:93} INFO - INFO:__main__:Processed batch of 100 messages
[2025-03-15T17:40:32.956+0000] {subprocess.py:93} INFO - INFO:__main__:Processed batch of 100 messages
[2025-03-15T17:40:32.985+0000] {subprocess.py:93} INFO - INFO:__main__:Processed batch of 100 messages
[2025-03-15T17:40:33.012+0000] {subprocess.py:93} INFO - INFO:__main__:Processed batch of 100 messages
[2025-03-15T17:40:33.054+0000] {subprocess.py:93} INFO - INFO:__main__:Processed batch of 100 messages
[2025-03-15T17:40:33.095+0000] {subprocess.py:93} INFO - INFO:__main__:Processed batch of 100 messages
[2025-03-15T17:40:33.112+0000] {subprocess.py:93} INFO - INFO:__main__:Processed batch of 100 messages
[2025-03-15T17:40:33.131+0000] {subprocess.py:93} INFO - INFO:__main__:Processed batch of 100 messages
[2025-03-15T17:40:33.155+0000] {subprocess.py:93} INFO - INFO:__main__:Processed batch of 100 messages
[2025-03-15T17:40:33.177+0000] {subprocess.py:93} INFO - INFO:__main__:Processed batch of 100 messages
[2025-03-15T17:40:33.204+0000] {subprocess.py:93} INFO - INFO:__main__:Processed batch of 100 messages
[2025-03-15T17:40:33.227+0000] {subprocess.py:93} INFO - INFO:__main__:Processed batch of 100 messages
[2025-03-15T17:40:33.244+0000] {subprocess.py:93} INFO - INFO:__main__:Processed batch of 100 messages
[2025-03-15T17:40:33.255+0000] {subprocess.py:93} INFO - INFO:__main__:Processed batch of 100 messages
[2025-03-15T17:40:33.268+0000] {subprocess.py:93} INFO - INFO:__main__:Processed batch of 100 messages
[2025-03-15T17:40:33.280+0000] {subprocess.py:93} INFO - INFO:__main__:Processed batch of 100 messages
[2025-03-15T17:40:33.292+0000] {subprocess.py:93} INFO - INFO:__main__:Processed batch of 100 messages
[2025-03-15T17:40:33.304+0000] {subprocess.py:93} INFO - INFO:__main__:Processed batch of 100 messages
[2025-03-15T17:40:33.315+0000] {subprocess.py:93} INFO - INFO:__main__:Processed batch of 100 messages
[2025-03-15T17:40:33.330+0000] {subprocess.py:93} INFO - INFO:__main__:Processed batch of 100 messages
[2025-03-15T17:40:33.346+0000] {subprocess.py:93} INFO - INFO:__main__:Processed batch of 100 messages
[2025-03-15T17:40:33.357+0000] {subprocess.py:93} INFO - INFO:__main__:Processed batch of 100 messages
[2025-03-15T17:40:33.378+0000] {subprocess.py:93} INFO - INFO:__main__:Processed batch of 100 messages
[2025-03-15T17:40:33.396+0000] {subprocess.py:93} INFO - INFO:__main__:Processed batch of 100 messages
[2025-03-15T17:40:33.420+0000] {subprocess.py:93} INFO - INFO:__main__:Processed batch of 100 messages
[2025-03-15T17:40:33.457+0000] {subprocess.py:93} INFO - INFO:__main__:Processed batch of 100 messages
[2025-03-15T17:40:33.495+0000] {subprocess.py:93} INFO - INFO:__main__:Processed batch of 100 messages
[2025-03-15T17:40:33.520+0000] {subprocess.py:93} INFO - INFO:__main__:Processed batch of 100 messages
[2025-03-15T17:40:33.541+0000] {subprocess.py:93} INFO - INFO:__main__:Processed batch of 100 messages
[2025-03-15T17:40:33.560+0000] {subprocess.py:93} INFO - INFO:__main__:Processed batch of 100 messages
[2025-03-15T17:40:33.580+0000] {subprocess.py:93} INFO - INFO:__main__:Processed batch of 100 messages
[2025-03-15T17:40:33.604+0000] {subprocess.py:93} INFO - INFO:__main__:Processed batch of 100 messages
[2025-03-15T17:40:33.627+0000] {subprocess.py:93} INFO - INFO:__main__:Processed batch of 100 messages
[2025-03-15T17:40:33.655+0000] {subprocess.py:93} INFO - INFO:__main__:Processed batch of 100 messages
[2025-03-15T17:40:33.703+0000] {subprocess.py:93} INFO - INFO:__main__:Processed batch of 100 messages
[2025-03-15T17:40:33.714+0000] {subprocess.py:93} INFO - INFO:__main__:Processed batch of 100 messages
[2025-03-15T17:40:33.724+0000] {subprocess.py:93} INFO - INFO:__main__:Processed batch of 100 messages
[2025-03-15T17:40:33.734+0000] {subprocess.py:93} INFO - INFO:__main__:Processed batch of 100 messages
[2025-03-15T17:40:33.746+0000] {subprocess.py:93} INFO - INFO:__main__:Processed batch of 100 messages
[2025-03-15T17:40:33.758+0000] {subprocess.py:93} INFO - INFO:__main__:Processed batch of 100 messages
[2025-03-15T17:40:33.769+0000] {subprocess.py:93} INFO - INFO:__main__:Processed batch of 100 messages
[2025-03-15T17:40:33.780+0000] {subprocess.py:93} INFO - INFO:__main__:Processed batch of 100 messages
[2025-03-15T17:40:33.792+0000] {subprocess.py:93} INFO - INFO:__main__:Processed batch of 100 messages
[2025-03-15T17:40:33.805+0000] {subprocess.py:93} INFO - INFO:__main__:Processed batch of 100 messages
[2025-03-15T17:40:33.817+0000] {subprocess.py:93} INFO - INFO:__main__:Processed batch of 100 messages
[2025-03-15T17:40:33.828+0000] {subprocess.py:93} INFO - INFO:__main__:Processed batch of 100 messages
[2025-03-15T17:40:33.840+0000] {subprocess.py:93} INFO - INFO:__main__:Processed batch of 100 messages
[2025-03-15T17:40:33.852+0000] {subprocess.py:93} INFO - INFO:__main__:Processed batch of 100 messages
[2025-03-15T17:40:33.864+0000] {subprocess.py:93} INFO - INFO:__main__:Processed batch of 100 messages
[2025-03-15T17:40:33.877+0000] {subprocess.py:93} INFO - INFO:__main__:Processed batch of 100 messages
[2025-03-15T17:40:33.892+0000] {subprocess.py:93} INFO - INFO:__main__:Processed batch of 100 messages
[2025-03-15T17:40:33.905+0000] {subprocess.py:93} INFO - INFO:__main__:Processed batch of 100 messages
[2025-03-15T17:40:33.917+0000] {subprocess.py:93} INFO - INFO:__main__:Processed batch of 100 messages
[2025-03-15T17:40:33.932+0000] {subprocess.py:93} INFO - INFO:__main__:Processed batch of 100 messages
[2025-03-15T17:40:33.945+0000] {subprocess.py:93} INFO - INFO:__main__:Processed batch of 100 messages
[2025-03-15T17:40:33.958+0000] {subprocess.py:93} INFO - INFO:__main__:Processed batch of 100 messages
[2025-03-15T17:40:33.976+0000] {subprocess.py:93} INFO - INFO:__main__:Processed batch of 100 messages
[2025-03-15T17:40:33.989+0000] {subprocess.py:93} INFO - INFO:__main__:Processed batch of 100 messages
[2025-03-15T17:40:34.002+0000] {subprocess.py:93} INFO - INFO:__main__:Processed batch of 100 messages
[2025-03-15T17:40:34.012+0000] {subprocess.py:93} INFO - INFO:__main__:Processed batch of 100 messages
[2025-03-15T17:40:34.023+0000] {subprocess.py:93} INFO - INFO:__main__:Processed batch of 100 messages
[2025-03-15T17:40:34.033+0000] {subprocess.py:93} INFO - INFO:__main__:Processed batch of 100 messages
[2025-03-15T17:40:34.043+0000] {subprocess.py:93} INFO - INFO:__main__:Processed batch of 100 messages
[2025-03-15T17:40:34.053+0000] {subprocess.py:93} INFO - INFO:__main__:Processed batch of 100 messages
[2025-03-15T17:40:34.063+0000] {subprocess.py:93} INFO - INFO:__main__:Processed batch of 100 messages
[2025-03-15T17:40:34.073+0000] {subprocess.py:93} INFO - INFO:__main__:Processed batch of 100 messages
[2025-03-15T17:40:34.085+0000] {subprocess.py:93} INFO - INFO:__main__:Processed batch of 100 messages
[2025-03-15T17:40:34.097+0000] {subprocess.py:93} INFO - INFO:__main__:Processed batch of 100 messages
[2025-03-15T17:40:34.107+0000] {subprocess.py:93} INFO - INFO:__main__:Processed batch of 100 messages
[2025-03-15T17:40:34.117+0000] {subprocess.py:93} INFO - INFO:__main__:Processed batch of 100 messages
[2025-03-15T17:40:34.128+0000] {subprocess.py:93} INFO - INFO:__main__:Processed batch of 100 messages
[2025-03-15T17:40:34.139+0000] {subprocess.py:93} INFO - INFO:__main__:Processed batch of 100 messages
[2025-03-15T17:40:34.150+0000] {subprocess.py:93} INFO - INFO:__main__:Processed batch of 100 messages
[2025-03-15T17:40:34.159+0000] {subprocess.py:93} INFO - INFO:__main__:Processed batch of 100 messages
[2025-03-15T17:40:34.171+0000] {subprocess.py:93} INFO - INFO:__main__:Processed batch of 100 messages
[2025-03-15T17:40:34.181+0000] {subprocess.py:93} INFO - INFO:__main__:Processed batch of 100 messages
[2025-03-15T17:40:34.194+0000] {subprocess.py:93} INFO - INFO:__main__:Processed batch of 100 messages
[2025-03-15T17:40:34.207+0000] {subprocess.py:93} INFO - INFO:__main__:Processed batch of 100 messages
[2025-03-15T17:40:34.223+0000] {subprocess.py:93} INFO - INFO:__main__:Processed batch of 100 messages
[2025-03-15T17:40:34.237+0000] {subprocess.py:93} INFO - INFO:__main__:Processed batch of 100 messages
[2025-03-15T17:40:34.250+0000] {subprocess.py:93} INFO - INFO:__main__:Processed batch of 100 messages
[2025-03-15T17:40:34.260+0000] {subprocess.py:93} INFO - INFO:__main__:Processed batch of 100 messages
[2025-03-15T17:40:34.271+0000] {subprocess.py:93} INFO - INFO:__main__:Processed batch of 100 messages
[2025-03-15T17:40:34.281+0000] {subprocess.py:93} INFO - INFO:__main__:Processed batch of 100 messages
[2025-03-15T17:40:34.292+0000] {subprocess.py:93} INFO - INFO:__main__:Processed batch of 100 messages
[2025-03-15T17:40:34.304+0000] {subprocess.py:93} INFO - INFO:__main__:Processed batch of 100 messages
[2025-03-15T17:40:34.314+0000] {subprocess.py:93} INFO - INFO:__main__:Processed batch of 100 messages
[2025-03-15T17:40:34.324+0000] {subprocess.py:93} INFO - INFO:__main__:Processed batch of 100 messages
[2025-03-15T17:40:34.335+0000] {subprocess.py:93} INFO - INFO:__main__:Processed batch of 100 messages
[2025-03-15T17:40:34.351+0000] {subprocess.py:93} INFO - INFO:__main__:Processed batch of 100 messages
[2025-03-15T17:40:34.363+0000] {subprocess.py:93} INFO - INFO:__main__:Processed batch of 100 messages
[2025-03-15T17:40:34.376+0000] {subprocess.py:93} INFO - INFO:__main__:Processed batch of 100 messages
[2025-03-15T17:40:34.394+0000] {subprocess.py:93} INFO - INFO:__main__:Processed batch of 100 messages
[2025-03-15T17:40:34.407+0000] {subprocess.py:93} INFO - INFO:__main__:Processed batch of 100 messages
[2025-03-15T17:40:34.417+0000] {subprocess.py:93} INFO - INFO:__main__:Processed batch of 100 messages
[2025-03-15T17:40:34.430+0000] {subprocess.py:93} INFO - INFO:__main__:Processed batch of 100 messages
[2025-03-15T17:40:34.446+0000] {subprocess.py:93} INFO - INFO:__main__:Processed batch of 100 messages
[2025-03-15T17:40:34.457+0000] {subprocess.py:93} INFO - INFO:__main__:Processed batch of 100 messages
[2025-03-15T17:40:34.473+0000] {subprocess.py:93} INFO - INFO:__main__:Processed batch of 100 messages
[2025-03-15T17:40:34.494+0000] {subprocess.py:93} INFO - INFO:__main__:Processed batch of 100 messages
[2025-03-15T17:40:34.504+0000] {subprocess.py:93} INFO - INFO:__main__:Processed batch of 100 messages
[2025-03-15T17:40:34.518+0000] {subprocess.py:93} INFO - INFO:__main__:Processed batch of 100 messages
[2025-03-15T17:40:34.537+0000] {subprocess.py:93} INFO - INFO:__main__:Processed batch of 100 messages
[2025-03-15T17:40:34.546+0000] {subprocess.py:93} INFO - INFO:__main__:Processed batch of 100 messages
[2025-03-15T17:40:34.558+0000] {subprocess.py:93} INFO - INFO:__main__:Processed batch of 100 messages
[2025-03-15T17:40:34.571+0000] {subprocess.py:93} INFO - INFO:__main__:Processed batch of 100 messages
[2025-03-15T17:40:34.584+0000] {subprocess.py:93} INFO - INFO:__main__:Processed batch of 100 messages
[2025-03-15T17:40:34.596+0000] {subprocess.py:93} INFO - INFO:__main__:Processed batch of 100 messages
[2025-03-15T17:40:34.607+0000] {subprocess.py:93} INFO - INFO:__main__:Processed batch of 100 messages
[2025-03-15T17:40:34.622+0000] {subprocess.py:93} INFO - INFO:__main__:Processed batch of 100 messages
[2025-03-15T17:40:34.642+0000] {subprocess.py:93} INFO - INFO:__main__:Processed batch of 100 messages
[2025-03-15T17:40:34.661+0000] {subprocess.py:93} INFO - INFO:__main__:Processed batch of 100 messages
[2025-03-15T17:40:34.675+0000] {subprocess.py:93} INFO - INFO:__main__:Processed batch of 100 messages
[2025-03-15T17:40:34.687+0000] {subprocess.py:93} INFO - INFO:__main__:Processed batch of 100 messages
[2025-03-15T17:40:34.697+0000] {subprocess.py:93} INFO - INFO:__main__:Processed batch of 100 messages
[2025-03-15T17:40:34.712+0000] {subprocess.py:93} INFO - INFO:__main__:Processed batch of 100 messages
[2025-03-15T17:40:34.724+0000] {subprocess.py:93} INFO - INFO:__main__:Processed batch of 100 messages
[2025-03-15T17:40:34.733+0000] {subprocess.py:93} INFO - INFO:__main__:Processed batch of 100 messages
[2025-03-15T17:40:34.744+0000] {subprocess.py:93} INFO - INFO:__main__:Processed batch of 100 messages
[2025-03-15T17:40:34.770+0000] {subprocess.py:93} INFO - INFO:__main__:Processed batch of 100 messages
[2025-03-15T17:40:34.798+0000] {subprocess.py:93} INFO - INFO:__main__:Processed batch of 100 messages
[2025-03-15T17:40:34.814+0000] {subprocess.py:93} INFO - INFO:__main__:Processed batch of 100 messages
[2025-03-15T17:40:34.835+0000] {subprocess.py:93} INFO - INFO:__main__:Processed batch of 100 messages
[2025-03-15T17:40:34.845+0000] {subprocess.py:93} INFO - INFO:__main__:Processed batch of 100 messages
[2025-03-15T17:40:34.858+0000] {subprocess.py:93} INFO - INFO:__main__:Processed batch of 100 messages
[2025-03-15T17:40:34.870+0000] {subprocess.py:93} INFO - INFO:__main__:Processed batch of 100 messages
[2025-03-15T17:40:34.880+0000] {subprocess.py:93} INFO - INFO:__main__:Processed batch of 100 messages
[2025-03-15T17:40:34.905+0000] {subprocess.py:93} INFO - INFO:__main__:Processed batch of 100 messages
[2025-03-15T17:40:34.917+0000] {subprocess.py:93} INFO - INFO:__main__:Processed batch of 100 messages
[2025-03-15T17:40:34.930+0000] {subprocess.py:93} INFO - INFO:__main__:Processed batch of 100 messages
[2025-03-15T17:40:34.943+0000] {subprocess.py:93} INFO - INFO:__main__:Processed batch of 100 messages
[2025-03-15T17:40:34.957+0000] {subprocess.py:93} INFO - INFO:__main__:Processed batch of 100 messages
[2025-03-15T17:40:34.973+0000] {subprocess.py:93} INFO - INFO:__main__:Processed batch of 100 messages
[2025-03-15T17:40:34.985+0000] {subprocess.py:93} INFO - INFO:__main__:Processed batch of 100 messages
[2025-03-15T17:40:35.003+0000] {subprocess.py:93} INFO - INFO:__main__:Processed batch of 100 messages
[2025-03-15T17:40:35.021+0000] {subprocess.py:93} INFO - INFO:__main__:Processed batch of 100 messages
[2025-03-15T17:40:35.048+0000] {subprocess.py:93} INFO - INFO:__main__:Processed batch of 100 messages
[2025-03-15T17:40:35.062+0000] {subprocess.py:93} INFO - INFO:__main__:Processed batch of 100 messages
[2025-03-15T17:40:35.073+0000] {subprocess.py:93} INFO - INFO:__main__:Processed batch of 100 messages
[2025-03-15T17:40:35.084+0000] {subprocess.py:93} INFO - INFO:__main__:Processed batch of 100 messages
[2025-03-15T17:40:35.096+0000] {subprocess.py:93} INFO - INFO:__main__:Processed batch of 100 messages
[2025-03-15T17:40:35.111+0000] {subprocess.py:93} INFO - INFO:__main__:Processed batch of 100 messages
[2025-03-15T17:40:35.121+0000] {subprocess.py:93} INFO - INFO:__main__:Processed batch of 100 messages
[2025-03-15T17:40:35.133+0000] {subprocess.py:93} INFO - INFO:__main__:Processed batch of 100 messages
[2025-03-15T17:40:35.147+0000] {subprocess.py:93} INFO - INFO:__main__:Processed batch of 100 messages
[2025-03-15T17:40:35.162+0000] {subprocess.py:93} INFO - INFO:__main__:Processed batch of 100 messages
[2025-03-15T17:40:35.177+0000] {subprocess.py:93} INFO - INFO:__main__:Processed batch of 100 messages
[2025-03-15T17:40:35.191+0000] {subprocess.py:93} INFO - INFO:__main__:Processed batch of 100 messages
[2025-03-15T17:40:35.206+0000] {subprocess.py:93} INFO - INFO:__main__:Processed batch of 100 messages
[2025-03-15T17:40:35.217+0000] {subprocess.py:93} INFO - INFO:__main__:Processed batch of 100 messages
[2025-03-15T17:40:35.230+0000] {subprocess.py:93} INFO - INFO:__main__:Processed batch of 100 messages
[2025-03-15T17:40:35.242+0000] {subprocess.py:93} INFO - INFO:__main__:Processed batch of 100 messages
[2025-03-15T17:40:35.252+0000] {subprocess.py:93} INFO - INFO:__main__:Processed batch of 100 messages
[2025-03-15T17:40:35.267+0000] {subprocess.py:93} INFO - INFO:__main__:Processed batch of 100 messages
[2025-03-15T17:40:35.277+0000] {subprocess.py:93} INFO - INFO:__main__:Processed batch of 100 messages
[2025-03-15T17:40:35.296+0000] {subprocess.py:93} INFO - INFO:__main__:Processed batch of 100 messages
[2025-03-15T17:40:35.310+0000] {subprocess.py:93} INFO - INFO:__main__:Processed batch of 100 messages
[2025-03-15T17:40:35.323+0000] {subprocess.py:93} INFO - INFO:__main__:Processed batch of 100 messages
[2025-03-15T17:40:35.333+0000] {subprocess.py:93} INFO - INFO:__main__:Processed batch of 100 messages
[2025-03-15T17:40:35.350+0000] {subprocess.py:93} INFO - INFO:__main__:Processed batch of 100 messages
[2025-03-15T17:40:35.362+0000] {subprocess.py:93} INFO - INFO:__main__:Processed batch of 100 messages
[2025-03-15T17:40:35.378+0000] {subprocess.py:93} INFO - INFO:__main__:Processed batch of 100 messages
[2025-03-15T17:40:35.393+0000] {subprocess.py:93} INFO - INFO:__main__:Processed batch of 100 messages
[2025-03-15T17:40:35.416+0000] {subprocess.py:93} INFO - INFO:__main__:Processed batch of 100 messages
[2025-03-15T17:40:35.429+0000] {subprocess.py:93} INFO - INFO:__main__:Processed batch of 100 messages
[2025-03-15T17:40:35.439+0000] {subprocess.py:93} INFO - INFO:__main__:Processed batch of 100 messages
[2025-03-15T17:40:35.453+0000] {subprocess.py:93} INFO - INFO:__main__:Processed batch of 100 messages
[2025-03-15T17:40:35.465+0000] {subprocess.py:93} INFO - INFO:__main__:Processed batch of 100 messages
[2025-03-15T17:40:35.477+0000] {subprocess.py:93} INFO - INFO:__main__:Processed batch of 100 messages
[2025-03-15T17:40:35.493+0000] {subprocess.py:93} INFO - INFO:__main__:Processed batch of 100 messages
[2025-03-15T17:40:35.512+0000] {subprocess.py:93} INFO - INFO:__main__:Processed batch of 100 messages
[2025-03-15T17:40:35.529+0000] {subprocess.py:93} INFO - INFO:__main__:Processed batch of 100 messages
[2025-03-15T17:40:35.539+0000] {subprocess.py:93} INFO - INFO:__main__:Processed batch of 100 messages
[2025-03-15T17:40:35.554+0000] {subprocess.py:93} INFO - INFO:__main__:Processed batch of 100 messages
[2025-03-15T17:40:35.570+0000] {subprocess.py:93} INFO - INFO:__main__:Processed batch of 100 messages
[2025-03-15T17:40:35.581+0000] {subprocess.py:93} INFO - INFO:__main__:Processed batch of 100 messages
[2025-03-15T17:40:35.601+0000] {subprocess.py:93} INFO - INFO:__main__:Processed batch of 100 messages
[2025-03-15T17:40:35.613+0000] {subprocess.py:93} INFO - INFO:__main__:Processed batch of 100 messages
[2025-03-15T17:40:35.624+0000] {subprocess.py:93} INFO - INFO:__main__:Processed batch of 100 messages
[2025-03-15T17:40:35.635+0000] {subprocess.py:93} INFO - INFO:__main__:Processed batch of 100 messages
[2025-03-15T17:40:35.635+0000] {subprocess.py:93} INFO - INFO:__main__:Successfully sent 20000 messages to topic transaction_data
[2025-03-15T17:40:35.635+0000] {subprocess.py:93} INFO - INFO:kafka.producer.kafka:Closing the Kafka producer with 9223372036.0 secs timeout.
[2025-03-15T17:40:35.635+0000] {subprocess.py:93} INFO - INFO:kafka.conn:<BrokerConnection node_id=1 host=kafka:29092 <connected> [IPv4 ('172.18.0.10', 29092)]>: Closing connection.
[2025-03-15T17:40:35.639+0000] {subprocess.py:93} INFO - Data retrieved! (20000, 6)
[2025-03-15T17:40:35.639+0000] {subprocess.py:93} INFO - Data saved! /tmp/***tmpmsnk0trf
[2025-03-15T17:40:35.640+0000] {subprocess.py:93} INFO - Topic creation issue (may already exist): [Error 36] TopicAlreadyExistsError: Request 'CreateTopicsRequest_v3(create_topic_requests=[(topic='transaction_data', num_partitions=1, replication_factor=1, replica_assignment=[], configs=[(config_key='retention.ms', config_value='172800000')])], timeout=30000, validate_only=False)' failed with response 'CreateTopicsResponse_v3(throttle_time_ms=0, topic_errors=[(topic='transaction_data', error_code=36, error_message="Topic 'transaction_data' already exists.")])'.
[2025-03-15T17:40:35.640+0000] {subprocess.py:93} INFO - Data Ingested to Kafka!
[2025-03-15T17:40:35.845+0000] {subprocess.py:97} INFO - Command exited with return code 0
[2025-03-15T17:40:35.889+0000] {taskinstance.py:1138} INFO - Marking task as SUCCESS. dag_id=gen_data_daily, task_id=gen_data_daily, execution_date=20250313T220000, start_date=20250315T174028, end_date=20250315T174035
[2025-03-15T17:40:35.949+0000] {local_task_job_runner.py:234} INFO - Task exited with return code 0
[2025-03-15T17:40:35.978+0000] {taskinstance.py:3281} INFO - 1 downstream tasks scheduled from follow-on schedule check
[2025-03-15T19:38:54.413+0000] {taskinstance.py:1957} INFO - Dependencies all met for dep_context=non-requeueable deps ti=<TaskInstance: gen_data_daily.gen_data_daily scheduled__2025-03-13T22:00:00+00:00 [queued]>
[2025-03-15T19:38:54.460+0000] {taskinstance.py:1957} INFO - Dependencies all met for dep_context=requeueable deps ti=<TaskInstance: gen_data_daily.gen_data_daily scheduled__2025-03-13T22:00:00+00:00 [queued]>
[2025-03-15T19:38:54.460+0000] {taskinstance.py:2171} INFO - Starting attempt 1 of 2
[2025-03-15T19:38:54.503+0000] {taskinstance.py:2192} INFO - Executing <Task(BashOperator): gen_data_daily> on 2025-03-13 22:00:00+00:00
[2025-03-15T19:38:54.511+0000] {standard_task_runner.py:60} INFO - Started process 2084 to run task
[2025-03-15T19:38:54.522+0000] {standard_task_runner.py:87} INFO - Running: ['***', 'tasks', 'run', 'gen_data_daily', 'gen_data_daily', 'scheduled__2025-03-13T22:00:00+00:00', '--job-id', '33', '--raw', '--subdir', 'DAGS_FOLDER/gen_data_daily.py', '--cfg-path', '/tmp/tmpq733o215']
[2025-03-15T19:38:54.525+0000] {standard_task_runner.py:88} INFO - Job 33: Subtask gen_data_daily
[2025-03-15T19:38:54.656+0000] {task_command.py:423} INFO - Running <TaskInstance: gen_data_daily.gen_data_daily scheduled__2025-03-13T22:00:00+00:00 [running]> on host 42e0710fef4e
[2025-03-15T19:38:54.807+0000] {taskinstance.py:2481} INFO - Exporting env vars: AIRFLOW_CTX_DAG_OWNER='longnv' AIRFLOW_CTX_DAG_ID='gen_data_daily' AIRFLOW_CTX_TASK_ID='gen_data_daily' AIRFLOW_CTX_EXECUTION_DATE='2025-03-13T22:00:00+00:00' AIRFLOW_CTX_TRY_NUMBER='1' AIRFLOW_CTX_DAG_RUN_ID='scheduled__2025-03-13T22:00:00+00:00'
[2025-03-15T19:38:54.809+0000] {subprocess.py:63} INFO - Tmp dir root location: /tmp
[2025-03-15T19:38:54.810+0000] {subprocess.py:75} INFO - Running command: ['/usr/bin/bash', '-c', '\n        python /opt/***/external_scripts/1_gen_transaction_data.py 2025-03-14\n        ']
[2025-03-15T19:38:54.839+0000] {subprocess.py:86} INFO - Output:
[2025-03-15T19:38:55.789+0000] {subprocess.py:93} INFO - INFO:kafka.conn:<BrokerConnection node_id=bootstrap-0 host=kafka:29092 <connecting> [IPv4 ('172.18.0.9', 29092)]>: connecting to kafka:29092 [('172.18.0.9', 29092) IPv4]
[2025-03-15T19:38:55.789+0000] {subprocess.py:93} INFO - INFO:kafka.conn:Probing node bootstrap-0 broker version
[2025-03-15T19:38:55.790+0000] {subprocess.py:93} INFO - INFO:kafka.conn:<BrokerConnection node_id=bootstrap-0 host=kafka:29092 <connecting> [IPv4 ('172.18.0.9', 29092)]>: Connection complete.
[2025-03-15T19:38:55.896+0000] {subprocess.py:93} INFO - INFO:kafka.conn:Broker version identified as 2.5.0
[2025-03-15T19:38:55.896+0000] {subprocess.py:93} INFO - INFO:kafka.conn:Set configuration api_version=(2, 5, 0) to skip auto check_version requests on startup
[2025-03-15T19:38:55.896+0000] {subprocess.py:93} INFO - INFO:kafka.conn:Probing node bootstrap-0 broker version
[2025-03-15T19:38:56.003+0000] {subprocess.py:93} INFO - INFO:kafka.conn:Broker version identified as 2.5.0
[2025-03-15T19:38:56.003+0000] {subprocess.py:93} INFO - INFO:kafka.conn:Set configuration api_version=(2, 5, 0) to skip auto check_version requests on startup
[2025-03-15T19:38:56.020+0000] {subprocess.py:93} INFO - INFO:kafka.conn:<BrokerConnection node_id=1 host=kafka:29092 <connecting> [IPv4 ('172.18.0.9', 29092)]>: connecting to kafka:29092 [('172.18.0.9', 29092) IPv4]
[2025-03-15T19:38:56.021+0000] {subprocess.py:93} INFO - INFO:kafka.conn:Probing node 1 broker version
[2025-03-15T19:38:56.021+0000] {subprocess.py:93} INFO - INFO:kafka.conn:<BrokerConnection node_id=1 host=kafka:29092 <connecting> [IPv4 ('172.18.0.9', 29092)]>: Connection complete.
[2025-03-15T19:38:56.021+0000] {subprocess.py:93} INFO - INFO:kafka.conn:<BrokerConnection node_id=bootstrap-0 host=kafka:29092 <connected> [IPv4 ('172.18.0.9', 29092)]>: Closing connection.
[2025-03-15T19:38:56.132+0000] {subprocess.py:93} INFO - INFO:kafka.conn:Broker version identified as 2.5.0
[2025-03-15T19:38:56.137+0000] {subprocess.py:93} INFO - INFO:kafka.conn:Set configuration api_version=(2, 5, 0) to skip auto check_version requests on startup
[2025-03-15T19:38:56.141+0000] {subprocess.py:93} INFO - INFO:kafka.conn:<BrokerConnection node_id=bootstrap-0 host=kafka:29092 <connecting> [IPv4 ('172.18.0.9', 29092)]>: connecting to kafka:29092 [('172.18.0.9', 29092) IPv4]
[2025-03-15T19:38:56.141+0000] {subprocess.py:93} INFO - INFO:kafka.conn:Probing node bootstrap-0 broker version
[2025-03-15T19:38:56.142+0000] {subprocess.py:93} INFO - INFO:kafka.conn:<BrokerConnection node_id=bootstrap-0 host=kafka:29092 <connecting> [IPv4 ('172.18.0.9', 29092)]>: Connection complete.
[2025-03-15T19:38:56.247+0000] {subprocess.py:93} INFO - INFO:kafka.conn:Broker version identified as 2.5.0
[2025-03-15T19:38:56.247+0000] {subprocess.py:93} INFO - INFO:kafka.conn:Set configuration api_version=(2, 5, 0) to skip auto check_version requests on startup
[2025-03-15T19:38:56.358+0000] {subprocess.py:93} INFO - INFO:kafka.conn:<BrokerConnection node_id=1 host=kafka:29092 <connecting> [IPv4 ('172.18.0.9', 29092)]>: connecting to kafka:29092 [('172.18.0.9', 29092) IPv4]
[2025-03-15T19:38:56.359+0000] {subprocess.py:93} INFO - INFO:kafka.conn:<BrokerConnection node_id=1 host=kafka:29092 <connecting> [IPv4 ('172.18.0.9', 29092)]>: Connection complete.
[2025-03-15T19:38:56.359+0000] {subprocess.py:93} INFO - INFO:kafka.conn:<BrokerConnection node_id=bootstrap-0 host=kafka:29092 <connected> [IPv4 ('172.18.0.9', 29092)]>: Closing connection.
[2025-03-15T19:38:56.372+0000] {subprocess.py:93} INFO - INFO:__main__:Processed batch of 100 messages
[2025-03-15T19:38:56.389+0000] {subprocess.py:93} INFO - INFO:__main__:Processed batch of 100 messages
[2025-03-15T19:38:56.408+0000] {subprocess.py:93} INFO - INFO:__main__:Processed batch of 100 messages
[2025-03-15T19:38:56.422+0000] {subprocess.py:93} INFO - INFO:__main__:Processed batch of 100 messages
[2025-03-15T19:38:56.436+0000] {subprocess.py:93} INFO - INFO:__main__:Processed batch of 100 messages
[2025-03-15T19:38:56.449+0000] {subprocess.py:93} INFO - INFO:__main__:Processed batch of 100 messages
[2025-03-15T19:38:56.461+0000] {subprocess.py:93} INFO - INFO:__main__:Processed batch of 100 messages
[2025-03-15T19:38:56.472+0000] {subprocess.py:93} INFO - INFO:__main__:Processed batch of 100 messages
[2025-03-15T19:38:56.482+0000] {subprocess.py:93} INFO - INFO:__main__:Processed batch of 100 messages
[2025-03-15T19:38:56.493+0000] {subprocess.py:93} INFO - INFO:__main__:Processed batch of 100 messages
[2025-03-15T19:38:56.505+0000] {subprocess.py:93} INFO - INFO:__main__:Processed batch of 100 messages
[2025-03-15T19:38:56.519+0000] {subprocess.py:93} INFO - INFO:__main__:Processed batch of 100 messages
[2025-03-15T19:38:56.539+0000] {subprocess.py:93} INFO - INFO:__main__:Processed batch of 100 messages
[2025-03-15T19:38:56.555+0000] {subprocess.py:93} INFO - INFO:__main__:Processed batch of 100 messages
[2025-03-15T19:38:56.574+0000] {subprocess.py:93} INFO - INFO:__main__:Processed batch of 100 messages
[2025-03-15T19:38:56.596+0000] {subprocess.py:93} INFO - INFO:__main__:Processed batch of 100 messages
[2025-03-15T19:38:56.633+0000] {subprocess.py:93} INFO - INFO:__main__:Processed batch of 100 messages
[2025-03-15T19:38:56.648+0000] {subprocess.py:93} INFO - INFO:__main__:Processed batch of 100 messages
[2025-03-15T19:38:56.671+0000] {subprocess.py:93} INFO - INFO:__main__:Processed batch of 100 messages
[2025-03-15T19:38:56.686+0000] {subprocess.py:93} INFO - INFO:__main__:Processed batch of 100 messages
[2025-03-15T19:38:56.710+0000] {subprocess.py:93} INFO - INFO:__main__:Processed batch of 100 messages
[2025-03-15T19:38:56.741+0000] {subprocess.py:93} INFO - INFO:__main__:Processed batch of 100 messages
[2025-03-15T19:38:56.758+0000] {subprocess.py:93} INFO - INFO:__main__:Processed batch of 100 messages
[2025-03-15T19:38:56.799+0000] {subprocess.py:93} INFO - INFO:__main__:Processed batch of 100 messages
[2025-03-15T19:38:56.830+0000] {subprocess.py:93} INFO - INFO:__main__:Processed batch of 100 messages
[2025-03-15T19:38:56.854+0000] {subprocess.py:93} INFO - INFO:__main__:Processed batch of 100 messages
[2025-03-15T19:38:56.874+0000] {subprocess.py:93} INFO - INFO:__main__:Processed batch of 100 messages
[2025-03-15T19:38:56.888+0000] {subprocess.py:93} INFO - INFO:__main__:Processed batch of 100 messages
[2025-03-15T19:38:56.904+0000] {subprocess.py:93} INFO - INFO:__main__:Processed batch of 100 messages
[2025-03-15T19:38:56.914+0000] {subprocess.py:93} INFO - INFO:__main__:Processed batch of 100 messages
[2025-03-15T19:38:56.925+0000] {subprocess.py:93} INFO - INFO:__main__:Processed batch of 100 messages
[2025-03-15T19:38:56.937+0000] {subprocess.py:93} INFO - INFO:__main__:Processed batch of 100 messages
[2025-03-15T19:38:56.951+0000] {subprocess.py:93} INFO - INFO:__main__:Processed batch of 100 messages
[2025-03-15T19:38:56.972+0000] {subprocess.py:93} INFO - INFO:__main__:Processed batch of 100 messages
[2025-03-15T19:38:56.986+0000] {subprocess.py:93} INFO - INFO:__main__:Processed batch of 100 messages
[2025-03-15T19:38:56.996+0000] {subprocess.py:93} INFO - INFO:__main__:Processed batch of 100 messages
[2025-03-15T19:38:57.009+0000] {subprocess.py:93} INFO - INFO:__main__:Processed batch of 100 messages
[2025-03-15T19:38:57.023+0000] {subprocess.py:93} INFO - INFO:__main__:Processed batch of 100 messages
[2025-03-15T19:38:57.035+0000] {subprocess.py:93} INFO - INFO:__main__:Processed batch of 100 messages
[2025-03-15T19:38:57.048+0000] {subprocess.py:93} INFO - INFO:__main__:Processed batch of 100 messages
[2025-03-15T19:38:57.060+0000] {subprocess.py:93} INFO - INFO:__main__:Processed batch of 100 messages
[2025-03-15T19:38:57.071+0000] {subprocess.py:93} INFO - INFO:__main__:Processed batch of 100 messages
[2025-03-15T19:38:57.081+0000] {subprocess.py:93} INFO - INFO:__main__:Processed batch of 100 messages
[2025-03-15T19:38:57.092+0000] {subprocess.py:93} INFO - INFO:__main__:Processed batch of 100 messages
[2025-03-15T19:38:57.104+0000] {subprocess.py:93} INFO - INFO:__main__:Processed batch of 100 messages
[2025-03-15T19:38:57.119+0000] {subprocess.py:93} INFO - INFO:__main__:Processed batch of 100 messages
[2025-03-15T19:38:57.130+0000] {subprocess.py:93} INFO - INFO:__main__:Processed batch of 100 messages
[2025-03-15T19:38:57.141+0000] {subprocess.py:93} INFO - INFO:__main__:Processed batch of 100 messages
[2025-03-15T19:38:57.156+0000] {subprocess.py:93} INFO - INFO:__main__:Processed batch of 100 messages
[2025-03-15T19:38:57.170+0000] {subprocess.py:93} INFO - INFO:__main__:Processed batch of 100 messages
[2025-03-15T19:38:57.180+0000] {subprocess.py:93} INFO - INFO:__main__:Processed batch of 100 messages
[2025-03-15T19:38:57.192+0000] {subprocess.py:93} INFO - INFO:__main__:Processed batch of 100 messages
[2025-03-15T19:38:57.205+0000] {subprocess.py:93} INFO - INFO:__main__:Processed batch of 100 messages
[2025-03-15T19:38:57.224+0000] {subprocess.py:93} INFO - INFO:__main__:Processed batch of 100 messages
[2025-03-15T19:38:57.260+0000] {subprocess.py:93} INFO - INFO:__main__:Processed batch of 100 messages
[2025-03-15T19:38:57.272+0000] {subprocess.py:93} INFO - INFO:__main__:Processed batch of 100 messages
[2025-03-15T19:38:57.287+0000] {subprocess.py:93} INFO - INFO:__main__:Processed batch of 100 messages
[2025-03-15T19:38:57.297+0000] {subprocess.py:93} INFO - INFO:__main__:Processed batch of 100 messages
[2025-03-15T19:38:57.308+0000] {subprocess.py:93} INFO - INFO:__main__:Processed batch of 100 messages
[2025-03-15T19:38:57.321+0000] {subprocess.py:93} INFO - INFO:__main__:Processed batch of 100 messages
[2025-03-15T19:38:57.331+0000] {subprocess.py:93} INFO - INFO:__main__:Processed batch of 100 messages
[2025-03-15T19:38:57.341+0000] {subprocess.py:93} INFO - INFO:__main__:Processed batch of 100 messages
[2025-03-15T19:38:57.354+0000] {subprocess.py:93} INFO - INFO:__main__:Processed batch of 100 messages
[2025-03-15T19:38:57.368+0000] {subprocess.py:93} INFO - INFO:__main__:Processed batch of 100 messages
[2025-03-15T19:38:57.378+0000] {subprocess.py:93} INFO - INFO:__main__:Processed batch of 100 messages
[2025-03-15T19:38:57.392+0000] {subprocess.py:93} INFO - INFO:__main__:Processed batch of 100 messages
[2025-03-15T19:38:57.404+0000] {subprocess.py:93} INFO - INFO:__main__:Processed batch of 100 messages
[2025-03-15T19:38:57.415+0000] {subprocess.py:93} INFO - INFO:__main__:Processed batch of 100 messages
[2025-03-15T19:38:57.425+0000] {subprocess.py:93} INFO - INFO:__main__:Processed batch of 100 messages
[2025-03-15T19:38:57.437+0000] {subprocess.py:93} INFO - INFO:__main__:Processed batch of 100 messages
[2025-03-15T19:38:57.447+0000] {subprocess.py:93} INFO - INFO:__main__:Processed batch of 100 messages
[2025-03-15T19:38:57.460+0000] {subprocess.py:93} INFO - INFO:__main__:Processed batch of 100 messages
[2025-03-15T19:38:57.473+0000] {subprocess.py:93} INFO - INFO:__main__:Processed batch of 100 messages
[2025-03-15T19:38:57.483+0000] {subprocess.py:93} INFO - INFO:__main__:Processed batch of 100 messages
[2025-03-15T19:38:57.493+0000] {subprocess.py:93} INFO - INFO:__main__:Processed batch of 100 messages
[2025-03-15T19:38:57.505+0000] {subprocess.py:93} INFO - INFO:__main__:Processed batch of 100 messages
[2025-03-15T19:38:57.517+0000] {subprocess.py:93} INFO - INFO:__main__:Processed batch of 100 messages
[2025-03-15T19:38:57.528+0000] {subprocess.py:93} INFO - INFO:__main__:Processed batch of 100 messages
[2025-03-15T19:38:57.539+0000] {subprocess.py:93} INFO - INFO:__main__:Processed batch of 100 messages
[2025-03-15T19:38:57.553+0000] {subprocess.py:93} INFO - INFO:__main__:Processed batch of 100 messages
[2025-03-15T19:38:57.573+0000] {subprocess.py:93} INFO - INFO:__main__:Processed batch of 100 messages
[2025-03-15T19:38:57.589+0000] {subprocess.py:93} INFO - INFO:__main__:Processed batch of 100 messages
[2025-03-15T19:38:57.607+0000] {subprocess.py:93} INFO - INFO:__main__:Processed batch of 100 messages
[2025-03-15T19:38:57.620+0000] {subprocess.py:93} INFO - INFO:__main__:Processed batch of 100 messages
[2025-03-15T19:38:57.630+0000] {subprocess.py:93} INFO - INFO:__main__:Processed batch of 100 messages
[2025-03-15T19:38:57.643+0000] {subprocess.py:93} INFO - INFO:__main__:Processed batch of 100 messages
[2025-03-15T19:38:57.656+0000] {subprocess.py:93} INFO - INFO:__main__:Processed batch of 100 messages
[2025-03-15T19:38:57.672+0000] {subprocess.py:93} INFO - INFO:__main__:Processed batch of 100 messages
[2025-03-15T19:38:57.689+0000] {subprocess.py:93} INFO - INFO:__main__:Processed batch of 100 messages
[2025-03-15T19:38:57.728+0000] {subprocess.py:93} INFO - INFO:__main__:Processed batch of 100 messages
[2025-03-15T19:38:57.753+0000] {subprocess.py:93} INFO - INFO:__main__:Processed batch of 100 messages
[2025-03-15T19:38:57.779+0000] {subprocess.py:93} INFO - INFO:__main__:Processed batch of 100 messages
[2025-03-15T19:38:57.814+0000] {subprocess.py:93} INFO - INFO:__main__:Processed batch of 100 messages
[2025-03-15T19:38:57.850+0000] {subprocess.py:93} INFO - INFO:__main__:Processed batch of 100 messages
[2025-03-15T19:38:57.879+0000] {subprocess.py:93} INFO - INFO:__main__:Processed batch of 100 messages
[2025-03-15T19:38:57.921+0000] {subprocess.py:93} INFO - INFO:__main__:Processed batch of 100 messages
[2025-03-15T19:38:57.963+0000] {subprocess.py:93} INFO - INFO:__main__:Processed batch of 100 messages
[2025-03-15T19:38:58.010+0000] {subprocess.py:93} INFO - INFO:__main__:Processed batch of 100 messages
[2025-03-15T19:38:58.023+0000] {subprocess.py:93} INFO - INFO:__main__:Processed batch of 100 messages
[2025-03-15T19:38:58.045+0000] {subprocess.py:93} INFO - INFO:__main__:Processed batch of 100 messages
[2025-03-15T19:38:58.058+0000] {subprocess.py:93} INFO - INFO:__main__:Processed batch of 100 messages
[2025-03-15T19:38:58.074+0000] {subprocess.py:93} INFO - INFO:__main__:Processed batch of 100 messages
[2025-03-15T19:38:58.089+0000] {subprocess.py:93} INFO - INFO:__main__:Processed batch of 100 messages
[2025-03-15T19:38:58.106+0000] {subprocess.py:93} INFO - INFO:__main__:Processed batch of 100 messages
[2025-03-15T19:38:58.120+0000] {subprocess.py:93} INFO - INFO:__main__:Processed batch of 100 messages
[2025-03-15T19:38:58.132+0000] {subprocess.py:93} INFO - INFO:__main__:Processed batch of 100 messages
[2025-03-15T19:38:58.145+0000] {subprocess.py:93} INFO - INFO:__main__:Processed batch of 100 messages
[2025-03-15T19:38:58.157+0000] {subprocess.py:93} INFO - INFO:__main__:Processed batch of 100 messages
[2025-03-15T19:38:58.175+0000] {subprocess.py:93} INFO - INFO:__main__:Processed batch of 100 messages
[2025-03-15T19:38:58.188+0000] {subprocess.py:93} INFO - INFO:__main__:Processed batch of 100 messages
[2025-03-15T19:38:58.198+0000] {subprocess.py:93} INFO - INFO:__main__:Processed batch of 100 messages
[2025-03-15T19:38:58.210+0000] {subprocess.py:93} INFO - INFO:__main__:Processed batch of 100 messages
[2025-03-15T19:38:58.223+0000] {subprocess.py:93} INFO - INFO:__main__:Processed batch of 100 messages
[2025-03-15T19:38:58.239+0000] {subprocess.py:93} INFO - INFO:__main__:Processed batch of 100 messages
[2025-03-15T19:38:58.252+0000] {subprocess.py:93} INFO - INFO:__main__:Processed batch of 100 messages
[2025-03-15T19:38:58.267+0000] {subprocess.py:93} INFO - INFO:__main__:Processed batch of 100 messages
[2025-03-15T19:38:58.277+0000] {subprocess.py:93} INFO - INFO:__main__:Processed batch of 100 messages
[2025-03-15T19:38:58.290+0000] {subprocess.py:93} INFO - INFO:__main__:Processed batch of 100 messages
[2025-03-15T19:38:58.301+0000] {subprocess.py:93} INFO - INFO:__main__:Processed batch of 100 messages
[2025-03-15T19:38:58.312+0000] {subprocess.py:93} INFO - INFO:__main__:Processed batch of 100 messages
[2025-03-15T19:38:58.322+0000] {subprocess.py:93} INFO - INFO:__main__:Processed batch of 100 messages
[2025-03-15T19:38:58.333+0000] {subprocess.py:93} INFO - INFO:__main__:Processed batch of 100 messages
[2025-03-15T19:38:58.344+0000] {subprocess.py:93} INFO - INFO:__main__:Processed batch of 100 messages
[2025-03-15T19:38:58.356+0000] {subprocess.py:93} INFO - INFO:__main__:Processed batch of 100 messages
[2025-03-15T19:38:58.372+0000] {subprocess.py:93} INFO - INFO:__main__:Processed batch of 100 messages
[2025-03-15T19:38:58.385+0000] {subprocess.py:93} INFO - INFO:__main__:Processed batch of 100 messages
[2025-03-15T19:38:58.398+0000] {subprocess.py:93} INFO - INFO:__main__:Processed batch of 100 messages
[2025-03-15T19:38:58.411+0000] {subprocess.py:93} INFO - INFO:__main__:Processed batch of 100 messages
[2025-03-15T19:38:58.431+0000] {subprocess.py:93} INFO - INFO:__main__:Processed batch of 100 messages
[2025-03-15T19:38:58.447+0000] {subprocess.py:93} INFO - INFO:__main__:Processed batch of 100 messages
[2025-03-15T19:38:58.461+0000] {subprocess.py:93} INFO - INFO:__main__:Processed batch of 100 messages
[2025-03-15T19:38:58.476+0000] {subprocess.py:93} INFO - INFO:__main__:Processed batch of 100 messages
[2025-03-15T19:38:58.497+0000] {subprocess.py:93} INFO - INFO:__main__:Processed batch of 100 messages
[2025-03-15T19:38:58.520+0000] {subprocess.py:93} INFO - INFO:__main__:Processed batch of 100 messages
[2025-03-15T19:38:58.532+0000] {subprocess.py:93} INFO - INFO:__main__:Processed batch of 100 messages
[2025-03-15T19:38:58.544+0000] {subprocess.py:93} INFO - INFO:__main__:Processed batch of 100 messages
[2025-03-15T19:38:58.557+0000] {subprocess.py:93} INFO - INFO:__main__:Processed batch of 100 messages
[2025-03-15T19:38:58.567+0000] {subprocess.py:93} INFO - INFO:__main__:Processed batch of 100 messages
[2025-03-15T19:38:58.579+0000] {subprocess.py:93} INFO - INFO:__main__:Processed batch of 100 messages
[2025-03-15T19:38:58.591+0000] {subprocess.py:93} INFO - INFO:__main__:Processed batch of 100 messages
[2025-03-15T19:38:58.606+0000] {subprocess.py:93} INFO - INFO:__main__:Processed batch of 100 messages
[2025-03-15T19:38:58.639+0000] {subprocess.py:93} INFO - INFO:__main__:Processed batch of 100 messages
[2025-03-15T19:38:58.658+0000] {subprocess.py:93} INFO - INFO:__main__:Processed batch of 100 messages
[2025-03-15T19:38:58.672+0000] {subprocess.py:93} INFO - INFO:__main__:Processed batch of 100 messages
[2025-03-15T19:38:58.692+0000] {subprocess.py:93} INFO - INFO:__main__:Processed batch of 100 messages
[2025-03-15T19:38:58.712+0000] {subprocess.py:93} INFO - INFO:__main__:Processed batch of 100 messages
[2025-03-15T19:38:58.728+0000] {subprocess.py:93} INFO - INFO:__main__:Processed batch of 100 messages
[2025-03-15T19:38:58.744+0000] {subprocess.py:93} INFO - INFO:__main__:Processed batch of 100 messages
[2025-03-15T19:38:58.760+0000] {subprocess.py:93} INFO - INFO:__main__:Processed batch of 100 messages
[2025-03-15T19:38:58.772+0000] {subprocess.py:93} INFO - INFO:__main__:Processed batch of 100 messages
[2025-03-15T19:38:58.785+0000] {subprocess.py:93} INFO - INFO:__main__:Processed batch of 100 messages
[2025-03-15T19:38:58.803+0000] {subprocess.py:93} INFO - INFO:__main__:Processed batch of 100 messages
[2025-03-15T19:38:58.829+0000] {subprocess.py:93} INFO - INFO:__main__:Processed batch of 100 messages
[2025-03-15T19:38:58.847+0000] {subprocess.py:93} INFO - INFO:__main__:Processed batch of 100 messages
[2025-03-15T19:38:58.878+0000] {subprocess.py:93} INFO - INFO:__main__:Processed batch of 100 messages
[2025-03-15T19:38:58.900+0000] {subprocess.py:93} INFO - INFO:__main__:Processed batch of 100 messages
[2025-03-15T19:38:58.923+0000] {subprocess.py:93} INFO - INFO:__main__:Processed batch of 100 messages
[2025-03-15T19:38:58.945+0000] {subprocess.py:93} INFO - INFO:__main__:Processed batch of 100 messages
[2025-03-15T19:38:58.968+0000] {subprocess.py:93} INFO - INFO:__main__:Processed batch of 100 messages
[2025-03-15T19:38:58.992+0000] {subprocess.py:93} INFO - INFO:__main__:Processed batch of 100 messages
[2025-03-15T19:38:59.020+0000] {subprocess.py:93} INFO - INFO:__main__:Processed batch of 100 messages
[2025-03-15T19:38:59.051+0000] {subprocess.py:93} INFO - INFO:__main__:Processed batch of 100 messages
[2025-03-15T19:38:59.085+0000] {subprocess.py:93} INFO - INFO:__main__:Processed batch of 100 messages
[2025-03-15T19:38:59.116+0000] {subprocess.py:93} INFO - INFO:__main__:Processed batch of 100 messages
[2025-03-15T19:38:59.143+0000] {subprocess.py:93} INFO - INFO:__main__:Processed batch of 100 messages
[2025-03-15T19:38:59.164+0000] {subprocess.py:93} INFO - INFO:__main__:Processed batch of 100 messages
[2025-03-15T19:38:59.187+0000] {subprocess.py:93} INFO - INFO:__main__:Processed batch of 100 messages
[2025-03-15T19:38:59.215+0000] {subprocess.py:93} INFO - INFO:__main__:Processed batch of 100 messages
[2025-03-15T19:38:59.237+0000] {subprocess.py:93} INFO - INFO:__main__:Processed batch of 100 messages
[2025-03-15T19:38:59.270+0000] {subprocess.py:93} INFO - INFO:__main__:Processed batch of 100 messages
[2025-03-15T19:38:59.292+0000] {subprocess.py:93} INFO - INFO:__main__:Processed batch of 100 messages
[2025-03-15T19:38:59.308+0000] {subprocess.py:93} INFO - INFO:__main__:Processed batch of 100 messages
[2025-03-15T19:38:59.323+0000] {subprocess.py:93} INFO - INFO:__main__:Processed batch of 100 messages
[2025-03-15T19:38:59.343+0000] {subprocess.py:93} INFO - INFO:__main__:Processed batch of 100 messages
[2025-03-15T19:38:59.369+0000] {subprocess.py:93} INFO - INFO:__main__:Processed batch of 100 messages
[2025-03-15T19:38:59.403+0000] {subprocess.py:93} INFO - INFO:__main__:Processed batch of 100 messages
[2025-03-15T19:38:59.438+0000] {subprocess.py:93} INFO - INFO:__main__:Processed batch of 100 messages
[2025-03-15T19:38:59.484+0000] {subprocess.py:93} INFO - INFO:__main__:Processed batch of 100 messages
[2025-03-15T19:38:59.506+0000] {subprocess.py:93} INFO - INFO:__main__:Processed batch of 100 messages
[2025-03-15T19:38:59.534+0000] {subprocess.py:93} INFO - INFO:__main__:Processed batch of 100 messages
[2025-03-15T19:38:59.559+0000] {subprocess.py:93} INFO - INFO:__main__:Processed batch of 100 messages
[2025-03-15T19:38:59.612+0000] {subprocess.py:93} INFO - INFO:__main__:Processed batch of 100 messages
[2025-03-15T19:38:59.635+0000] {subprocess.py:93} INFO - INFO:__main__:Processed batch of 100 messages
[2025-03-15T19:38:59.654+0000] {subprocess.py:93} INFO - INFO:__main__:Processed batch of 100 messages
[2025-03-15T19:38:59.669+0000] {subprocess.py:93} INFO - INFO:__main__:Processed batch of 100 messages
[2025-03-15T19:38:59.689+0000] {subprocess.py:93} INFO - INFO:__main__:Processed batch of 100 messages
[2025-03-15T19:38:59.708+0000] {subprocess.py:93} INFO - INFO:__main__:Processed batch of 100 messages
[2025-03-15T19:38:59.723+0000] {subprocess.py:93} INFO - INFO:__main__:Processed batch of 100 messages
[2025-03-15T19:38:59.733+0000] {subprocess.py:93} INFO - INFO:__main__:Processed batch of 100 messages
[2025-03-15T19:38:59.746+0000] {subprocess.py:93} INFO - INFO:__main__:Processed batch of 100 messages
[2025-03-15T19:38:59.759+0000] {subprocess.py:93} INFO - INFO:__main__:Processed batch of 100 messages
[2025-03-15T19:38:59.772+0000] {subprocess.py:93} INFO - INFO:__main__:Processed batch of 100 messages
[2025-03-15T19:38:59.788+0000] {subprocess.py:93} INFO - INFO:__main__:Processed batch of 100 messages
[2025-03-15T19:38:59.809+0000] {subprocess.py:93} INFO - INFO:__main__:Processed batch of 100 messages
[2025-03-15T19:38:59.827+0000] {subprocess.py:93} INFO - INFO:__main__:Processed batch of 100 messages
[2025-03-15T19:38:59.851+0000] {subprocess.py:93} INFO - INFO:__main__:Processed batch of 100 messages
[2025-03-15T19:38:59.883+0000] {subprocess.py:93} INFO - INFO:__main__:Processed batch of 100 messages
[2025-03-15T19:38:59.902+0000] {subprocess.py:93} INFO - INFO:__main__:Processed batch of 100 messages
[2025-03-15T19:38:59.918+0000] {subprocess.py:93} INFO - INFO:__main__:Processed batch of 100 messages
[2025-03-15T19:38:59.938+0000] {subprocess.py:93} INFO - INFO:__main__:Processed batch of 100 messages
[2025-03-15T19:38:59.938+0000] {subprocess.py:93} INFO - INFO:__main__:Successfully sent 20000 messages to topic transaction_data
[2025-03-15T19:38:59.938+0000] {subprocess.py:93} INFO - INFO:kafka.producer.kafka:Closing the Kafka producer with 9223372036.0 secs timeout.
[2025-03-15T19:38:59.939+0000] {subprocess.py:93} INFO - INFO:kafka.conn:<BrokerConnection node_id=1 host=kafka:29092 <connected> [IPv4 ('172.18.0.9', 29092)]>: Closing connection.
[2025-03-15T19:38:59.943+0000] {subprocess.py:93} INFO - Data retrieved! (20000, 6)
[2025-03-15T19:38:59.943+0000] {subprocess.py:93} INFO - Data saved! /tmp/***tmp8wdgof03
[2025-03-15T19:38:59.944+0000] {subprocess.py:93} INFO - Topic creation issue (may already exist): [Error 36] TopicAlreadyExistsError: Request 'CreateTopicsRequest_v3(create_topic_requests=[(topic='transaction_data', num_partitions=1, replication_factor=1, replica_assignment=[], configs=[(config_key='retention.ms', config_value='172800000')])], timeout=30000, validate_only=False)' failed with response 'CreateTopicsResponse_v3(throttle_time_ms=0, topic_errors=[(topic='transaction_data', error_code=36, error_message="Topic 'transaction_data' already exists.")])'.
[2025-03-15T19:38:59.944+0000] {subprocess.py:93} INFO - Data Ingested to Kafka!
[2025-03-15T19:39:00.065+0000] {subprocess.py:97} INFO - Command exited with return code 0
[2025-03-15T19:39:00.118+0000] {taskinstance.py:1138} INFO - Marking task as SUCCESS. dag_id=gen_data_daily, task_id=gen_data_daily, execution_date=20250313T220000, start_date=20250315T193854, end_date=20250315T193900
[2025-03-15T19:39:00.178+0000] {local_task_job_runner.py:234} INFO - Task exited with return code 0
[2025-03-15T19:39:00.261+0000] {taskinstance.py:3281} INFO - 1 downstream tasks scheduled from follow-on schedule check
[2025-03-17T17:49:00.132+0000] {taskinstance.py:1957} INFO - Dependencies all met for dep_context=non-requeueable deps ti=<TaskInstance: gen_data_daily.gen_data_daily scheduled__2025-03-13T22:00:00+00:00 [queued]>
[2025-03-17T17:49:00.175+0000] {taskinstance.py:1957} INFO - Dependencies all met for dep_context=requeueable deps ti=<TaskInstance: gen_data_daily.gen_data_daily scheduled__2025-03-13T22:00:00+00:00 [queued]>
[2025-03-17T17:49:00.176+0000] {taskinstance.py:2171} INFO - Starting attempt 1 of 2
[2025-03-17T17:49:00.226+0000] {taskinstance.py:2192} INFO - Executing <Task(BashOperator): gen_data_daily> on 2025-03-13 22:00:00+00:00
[2025-03-17T17:49:00.238+0000] {standard_task_runner.py:60} INFO - Started process 734 to run task
[2025-03-17T17:49:00.244+0000] {standard_task_runner.py:87} INFO - Running: ['***', 'tasks', 'run', 'gen_data_daily', 'gen_data_daily', 'scheduled__2025-03-13T22:00:00+00:00', '--job-id', '30', '--raw', '--subdir', 'DAGS_FOLDER/gen_data_daily.py', '--cfg-path', '/tmp/tmp5hof8_55']
[2025-03-17T17:49:00.249+0000] {standard_task_runner.py:88} INFO - Job 30: Subtask gen_data_daily
[2025-03-17T17:49:00.345+0000] {task_command.py:423} INFO - Running <TaskInstance: gen_data_daily.gen_data_daily scheduled__2025-03-13T22:00:00+00:00 [running]> on host d107d9d70093
[2025-03-17T17:49:00.530+0000] {taskinstance.py:2481} INFO - Exporting env vars: AIRFLOW_CTX_DAG_OWNER='longnv' AIRFLOW_CTX_DAG_ID='gen_data_daily' AIRFLOW_CTX_TASK_ID='gen_data_daily' AIRFLOW_CTX_EXECUTION_DATE='2025-03-13T22:00:00+00:00' AIRFLOW_CTX_TRY_NUMBER='1' AIRFLOW_CTX_DAG_RUN_ID='scheduled__2025-03-13T22:00:00+00:00'
[2025-03-17T17:49:00.532+0000] {subprocess.py:63} INFO - Tmp dir root location: /tmp
[2025-03-17T17:49:00.533+0000] {subprocess.py:75} INFO - Running command: ['/usr/bin/bash', '-c', '\n        python /opt/***/external_scripts/1_gen_transaction_data.py 2025-03-14\n        ']
[2025-03-17T17:49:00.553+0000] {subprocess.py:86} INFO - Output:
[2025-03-17T17:49:01.380+0000] {subprocess.py:93} INFO - INFO:kafka.conn:<BrokerConnection node_id=bootstrap-0 host=kafka:29092 <connecting> [IPv4 ('172.18.0.7', 29092)]>: connecting to kafka:29092 [('172.18.0.7', 29092) IPv4]
[2025-03-17T17:49:01.380+0000] {subprocess.py:93} INFO - INFO:kafka.conn:Probing node bootstrap-0 broker version
[2025-03-17T17:49:01.381+0000] {subprocess.py:93} INFO - INFO:kafka.conn:<BrokerConnection node_id=bootstrap-0 host=kafka:29092 <connecting> [IPv4 ('172.18.0.7', 29092)]>: Connection complete.
[2025-03-17T17:49:01.484+0000] {subprocess.py:93} INFO - INFO:kafka.conn:Broker version identified as 2.5.0
[2025-03-17T17:49:01.484+0000] {subprocess.py:93} INFO - INFO:kafka.conn:Set configuration api_version=(2, 5, 0) to skip auto check_version requests on startup
[2025-03-17T17:49:01.484+0000] {subprocess.py:93} INFO - INFO:kafka.conn:Probing node bootstrap-0 broker version
[2025-03-17T17:49:01.591+0000] {subprocess.py:93} INFO - INFO:kafka.conn:Broker version identified as 2.5.0
[2025-03-17T17:49:01.592+0000] {subprocess.py:93} INFO - INFO:kafka.conn:Set configuration api_version=(2, 5, 0) to skip auto check_version requests on startup
[2025-03-17T17:49:01.598+0000] {subprocess.py:93} INFO - INFO:kafka.conn:<BrokerConnection node_id=1 host=kafka:29092 <connecting> [IPv4 ('172.18.0.7', 29092)]>: connecting to kafka:29092 [('172.18.0.7', 29092) IPv4]
[2025-03-17T17:49:01.598+0000] {subprocess.py:93} INFO - INFO:kafka.conn:Probing node 1 broker version
[2025-03-17T17:49:01.599+0000] {subprocess.py:93} INFO - INFO:kafka.conn:<BrokerConnection node_id=1 host=kafka:29092 <connecting> [IPv4 ('172.18.0.7', 29092)]>: Connection complete.
[2025-03-17T17:49:01.599+0000] {subprocess.py:93} INFO - INFO:kafka.conn:<BrokerConnection node_id=bootstrap-0 host=kafka:29092 <connected> [IPv4 ('172.18.0.7', 29092)]>: Closing connection.
[2025-03-17T17:49:01.705+0000] {subprocess.py:93} INFO - INFO:kafka.conn:Broker version identified as 2.5.0
[2025-03-17T17:49:01.705+0000] {subprocess.py:93} INFO - INFO:kafka.conn:Set configuration api_version=(2, 5, 0) to skip auto check_version requests on startup
[2025-03-17T17:49:01.710+0000] {subprocess.py:93} INFO - INFO:kafka.conn:<BrokerConnection node_id=bootstrap-0 host=kafka:29092 <connecting> [IPv4 ('172.18.0.7', 29092)]>: connecting to kafka:29092 [('172.18.0.7', 29092) IPv4]
[2025-03-17T17:49:01.710+0000] {subprocess.py:93} INFO - INFO:kafka.conn:Probing node bootstrap-0 broker version
[2025-03-17T17:49:01.713+0000] {subprocess.py:93} INFO - INFO:kafka.conn:<BrokerConnection node_id=bootstrap-0 host=kafka:29092 <connecting> [IPv4 ('172.18.0.7', 29092)]>: Connection complete.
[2025-03-17T17:49:01.819+0000] {subprocess.py:93} INFO - INFO:kafka.conn:Broker version identified as 2.5.0
[2025-03-17T17:49:01.819+0000] {subprocess.py:93} INFO - INFO:kafka.conn:Set configuration api_version=(2, 5, 0) to skip auto check_version requests on startup
[2025-03-17T17:49:01.908+0000] {subprocess.py:93} INFO - INFO:kafka.conn:<BrokerConnection node_id=1 host=kafka:29092 <connecting> [IPv4 ('172.18.0.7', 29092)]>: connecting to kafka:29092 [('172.18.0.7', 29092) IPv4]
[2025-03-17T17:49:01.908+0000] {subprocess.py:93} INFO - INFO:kafka.conn:<BrokerConnection node_id=1 host=kafka:29092 <connecting> [IPv4 ('172.18.0.7', 29092)]>: Connection complete.
[2025-03-17T17:49:01.909+0000] {subprocess.py:93} INFO - INFO:kafka.conn:<BrokerConnection node_id=bootstrap-0 host=kafka:29092 <connected> [IPv4 ('172.18.0.7', 29092)]>: Closing connection.
[2025-03-17T17:49:01.915+0000] {subprocess.py:93} INFO - INFO:__main__:Processed batch of 100 messages
[2025-03-17T17:49:01.925+0000] {subprocess.py:93} INFO - INFO:__main__:Processed batch of 100 messages
[2025-03-17T17:49:01.937+0000] {subprocess.py:93} INFO - INFO:__main__:Processed batch of 100 messages
[2025-03-17T17:49:01.948+0000] {subprocess.py:93} INFO - INFO:__main__:Processed batch of 100 messages
[2025-03-17T17:49:01.962+0000] {subprocess.py:93} INFO - INFO:__main__:Processed batch of 100 messages
[2025-03-17T17:49:01.973+0000] {subprocess.py:93} INFO - INFO:__main__:Processed batch of 100 messages
[2025-03-17T17:49:01.988+0000] {subprocess.py:93} INFO - INFO:__main__:Processed batch of 100 messages
[2025-03-17T17:49:01.998+0000] {subprocess.py:93} INFO - INFO:__main__:Processed batch of 100 messages
[2025-03-17T17:49:02.010+0000] {subprocess.py:93} INFO - INFO:__main__:Processed batch of 100 messages
[2025-03-17T17:49:02.020+0000] {subprocess.py:93} INFO - INFO:__main__:Processed batch of 100 messages
[2025-03-17T17:49:02.032+0000] {subprocess.py:93} INFO - INFO:__main__:Processed batch of 100 messages
[2025-03-17T17:49:02.043+0000] {subprocess.py:93} INFO - INFO:__main__:Processed batch of 100 messages
[2025-03-17T17:49:02.054+0000] {subprocess.py:93} INFO - INFO:__main__:Processed batch of 100 messages
[2025-03-17T17:49:02.067+0000] {subprocess.py:93} INFO - INFO:__main__:Processed batch of 100 messages
[2025-03-17T17:49:02.081+0000] {subprocess.py:93} INFO - INFO:__main__:Processed batch of 100 messages
[2025-03-17T17:49:02.093+0000] {subprocess.py:93} INFO - INFO:__main__:Processed batch of 100 messages
[2025-03-17T17:49:02.102+0000] {subprocess.py:93} INFO - INFO:__main__:Processed batch of 100 messages
[2025-03-17T17:49:02.112+0000] {subprocess.py:93} INFO - INFO:__main__:Processed batch of 100 messages
[2025-03-17T17:49:02.137+0000] {subprocess.py:93} INFO - INFO:__main__:Processed batch of 100 messages
[2025-03-17T17:49:02.150+0000] {subprocess.py:93} INFO - INFO:__main__:Processed batch of 100 messages
[2025-03-17T17:49:02.183+0000] {subprocess.py:93} INFO - INFO:__main__:Processed batch of 100 messages
[2025-03-17T17:49:02.202+0000] {subprocess.py:93} INFO - INFO:__main__:Processed batch of 100 messages
[2025-03-17T17:49:02.212+0000] {subprocess.py:93} INFO - INFO:__main__:Processed batch of 100 messages
[2025-03-17T17:49:02.227+0000] {subprocess.py:93} INFO - INFO:__main__:Processed batch of 100 messages
[2025-03-17T17:49:02.238+0000] {subprocess.py:93} INFO - INFO:__main__:Processed batch of 100 messages
[2025-03-17T17:49:02.251+0000] {subprocess.py:93} INFO - INFO:__main__:Processed batch of 100 messages
[2025-03-17T17:49:02.265+0000] {subprocess.py:93} INFO - INFO:__main__:Processed batch of 100 messages
[2025-03-17T17:49:02.282+0000] {subprocess.py:93} INFO - INFO:__main__:Processed batch of 100 messages
[2025-03-17T17:49:02.299+0000] {subprocess.py:93} INFO - INFO:__main__:Processed batch of 100 messages
[2025-03-17T17:49:02.315+0000] {subprocess.py:93} INFO - INFO:__main__:Processed batch of 100 messages
[2025-03-17T17:49:02.321+0000] {subprocess.py:93} INFO - INFO:__main__:Processed batch of 100 messages
[2025-03-17T17:49:02.331+0000] {subprocess.py:93} INFO - INFO:__main__:Processed batch of 100 messages
[2025-03-17T17:49:02.339+0000] {subprocess.py:93} INFO - INFO:__main__:Processed batch of 100 messages
[2025-03-17T17:49:02.353+0000] {subprocess.py:93} INFO - INFO:__main__:Processed batch of 100 messages
[2025-03-17T17:49:02.364+0000] {subprocess.py:93} INFO - INFO:__main__:Processed batch of 100 messages
[2025-03-17T17:49:02.373+0000] {subprocess.py:93} INFO - INFO:__main__:Processed batch of 100 messages
[2025-03-17T17:49:02.385+0000] {subprocess.py:93} INFO - INFO:__main__:Processed batch of 100 messages
[2025-03-17T17:49:02.398+0000] {subprocess.py:93} INFO - INFO:__main__:Processed batch of 100 messages
[2025-03-17T17:49:02.407+0000] {subprocess.py:93} INFO - INFO:__main__:Processed batch of 100 messages
[2025-03-17T17:49:02.419+0000] {subprocess.py:93} INFO - INFO:__main__:Processed batch of 100 messages
[2025-03-17T17:49:02.432+0000] {subprocess.py:93} INFO - INFO:__main__:Processed batch of 100 messages
[2025-03-17T17:49:02.442+0000] {subprocess.py:93} INFO - INFO:__main__:Processed batch of 100 messages
[2025-03-17T17:49:02.455+0000] {subprocess.py:93} INFO - INFO:__main__:Processed batch of 100 messages
[2025-03-17T17:49:02.467+0000] {subprocess.py:93} INFO - INFO:__main__:Processed batch of 100 messages
[2025-03-17T17:49:02.480+0000] {subprocess.py:93} INFO - INFO:__main__:Processed batch of 100 messages
[2025-03-17T17:49:02.490+0000] {subprocess.py:93} INFO - INFO:__main__:Processed batch of 100 messages
[2025-03-17T17:49:02.503+0000] {subprocess.py:93} INFO - INFO:__main__:Processed batch of 100 messages
[2025-03-17T17:49:02.514+0000] {subprocess.py:93} INFO - INFO:__main__:Processed batch of 100 messages
[2025-03-17T17:49:02.525+0000] {subprocess.py:93} INFO - INFO:__main__:Processed batch of 100 messages
[2025-03-17T17:49:02.537+0000] {subprocess.py:93} INFO - INFO:__main__:Processed batch of 100 messages
[2025-03-17T17:49:02.548+0000] {subprocess.py:93} INFO - INFO:__main__:Processed batch of 100 messages
[2025-03-17T17:49:02.564+0000] {subprocess.py:93} INFO - INFO:__main__:Processed batch of 100 messages
[2025-03-17T17:49:02.582+0000] {subprocess.py:93} INFO - INFO:__main__:Processed batch of 100 messages
[2025-03-17T17:49:02.592+0000] {subprocess.py:93} INFO - INFO:__main__:Processed batch of 100 messages
[2025-03-17T17:49:02.626+0000] {subprocess.py:93} INFO - INFO:__main__:Processed batch of 100 messages
[2025-03-17T17:49:02.639+0000] {subprocess.py:93} INFO - INFO:__main__:Processed batch of 100 messages
[2025-03-17T17:49:02.651+0000] {subprocess.py:93} INFO - INFO:__main__:Processed batch of 100 messages
[2025-03-17T17:49:02.663+0000] {subprocess.py:93} INFO - INFO:__main__:Processed batch of 100 messages
[2025-03-17T17:49:02.676+0000] {subprocess.py:93} INFO - INFO:__main__:Processed batch of 100 messages
[2025-03-17T17:49:02.687+0000] {subprocess.py:93} INFO - INFO:__main__:Processed batch of 100 messages
[2025-03-17T17:49:02.699+0000] {subprocess.py:93} INFO - INFO:__main__:Processed batch of 100 messages
[2025-03-17T17:49:02.711+0000] {subprocess.py:93} INFO - INFO:__main__:Processed batch of 100 messages
[2025-03-17T17:49:02.720+0000] {subprocess.py:93} INFO - INFO:__main__:Processed batch of 100 messages
[2025-03-17T17:49:02.732+0000] {subprocess.py:93} INFO - INFO:__main__:Processed batch of 100 messages
[2025-03-17T17:49:02.746+0000] {subprocess.py:93} INFO - INFO:__main__:Processed batch of 100 messages
[2025-03-17T17:49:02.757+0000] {subprocess.py:93} INFO - INFO:__main__:Processed batch of 100 messages
[2025-03-17T17:49:02.775+0000] {subprocess.py:93} INFO - INFO:__main__:Processed batch of 100 messages
[2025-03-17T17:49:02.792+0000] {subprocess.py:93} INFO - INFO:__main__:Processed batch of 100 messages
[2025-03-17T17:49:02.811+0000] {subprocess.py:93} INFO - INFO:__main__:Processed batch of 100 messages
[2025-03-17T17:49:02.825+0000] {subprocess.py:93} INFO - INFO:__main__:Processed batch of 100 messages
[2025-03-17T17:49:02.849+0000] {subprocess.py:93} INFO - INFO:__main__:Processed batch of 100 messages
[2025-03-17T17:49:02.868+0000] {subprocess.py:93} INFO - INFO:__main__:Processed batch of 100 messages
[2025-03-17T17:49:02.889+0000] {subprocess.py:93} INFO - INFO:__main__:Processed batch of 100 messages
[2025-03-17T17:49:02.911+0000] {subprocess.py:93} INFO - INFO:__main__:Processed batch of 100 messages
[2025-03-17T17:49:02.933+0000] {subprocess.py:93} INFO - INFO:__main__:Processed batch of 100 messages
[2025-03-17T17:49:02.954+0000] {subprocess.py:93} INFO - INFO:__main__:Processed batch of 100 messages
[2025-03-17T17:49:02.967+0000] {subprocess.py:93} INFO - INFO:__main__:Processed batch of 100 messages
[2025-03-17T17:49:02.987+0000] {subprocess.py:93} INFO - INFO:__main__:Processed batch of 100 messages
[2025-03-17T17:49:03.001+0000] {subprocess.py:93} INFO - INFO:__main__:Processed batch of 100 messages
[2025-03-17T17:49:03.042+0000] {subprocess.py:93} INFO - INFO:__main__:Processed batch of 100 messages
[2025-03-17T17:49:03.079+0000] {subprocess.py:93} INFO - INFO:__main__:Processed batch of 100 messages
[2025-03-17T17:49:03.095+0000] {subprocess.py:93} INFO - INFO:__main__:Processed batch of 100 messages
[2025-03-17T17:49:03.119+0000] {subprocess.py:93} INFO - INFO:__main__:Processed batch of 100 messages
[2025-03-17T17:49:03.123+0000] {subprocess.py:93} INFO - INFO:__main__:Processed batch of 100 messages
[2025-03-17T17:49:03.156+0000] {subprocess.py:93} INFO - INFO:__main__:Processed batch of 100 messages
[2025-03-17T17:49:03.173+0000] {subprocess.py:93} INFO - INFO:__main__:Processed batch of 100 messages
[2025-03-17T17:49:03.194+0000] {subprocess.py:93} INFO - INFO:__main__:Processed batch of 100 messages
[2025-03-17T17:49:03.205+0000] {subprocess.py:93} INFO - INFO:__main__:Processed batch of 100 messages
[2025-03-17T17:49:03.212+0000] {subprocess.py:93} INFO - INFO:__main__:Processed batch of 100 messages
[2025-03-17T17:49:03.227+0000] {subprocess.py:93} INFO - INFO:__main__:Processed batch of 100 messages
[2025-03-17T17:49:03.240+0000] {subprocess.py:93} INFO - INFO:__main__:Processed batch of 100 messages
[2025-03-17T17:49:03.248+0000] {subprocess.py:93} INFO - INFO:__main__:Processed batch of 100 messages
[2025-03-17T17:49:03.256+0000] {subprocess.py:93} INFO - INFO:__main__:Processed batch of 100 messages
[2025-03-17T17:49:03.264+0000] {subprocess.py:93} INFO - INFO:__main__:Processed batch of 100 messages
[2025-03-17T17:49:03.272+0000] {subprocess.py:93} INFO - INFO:__main__:Processed batch of 100 messages
[2025-03-17T17:49:03.280+0000] {subprocess.py:93} INFO - INFO:__main__:Processed batch of 100 messages
[2025-03-17T17:49:03.287+0000] {subprocess.py:93} INFO - INFO:__main__:Processed batch of 100 messages
[2025-03-17T17:49:03.295+0000] {subprocess.py:93} INFO - INFO:__main__:Processed batch of 100 messages
[2025-03-17T17:49:03.303+0000] {subprocess.py:93} INFO - INFO:__main__:Processed batch of 100 messages
[2025-03-17T17:49:03.311+0000] {subprocess.py:93} INFO - INFO:__main__:Processed batch of 100 messages
[2025-03-17T17:49:03.318+0000] {subprocess.py:93} INFO - INFO:__main__:Processed batch of 100 messages
[2025-03-17T17:49:03.327+0000] {subprocess.py:93} INFO - INFO:__main__:Processed batch of 100 messages
[2025-03-17T17:49:03.335+0000] {subprocess.py:93} INFO - INFO:__main__:Processed batch of 100 messages
[2025-03-17T17:49:03.343+0000] {subprocess.py:93} INFO - INFO:__main__:Processed batch of 100 messages
[2025-03-17T17:49:03.350+0000] {subprocess.py:93} INFO - INFO:__main__:Processed batch of 100 messages
[2025-03-17T17:49:03.358+0000] {subprocess.py:93} INFO - INFO:__main__:Processed batch of 100 messages
[2025-03-17T17:49:03.366+0000] {subprocess.py:93} INFO - INFO:__main__:Processed batch of 100 messages
[2025-03-17T17:49:03.374+0000] {subprocess.py:93} INFO - INFO:__main__:Processed batch of 100 messages
[2025-03-17T17:49:03.382+0000] {subprocess.py:93} INFO - INFO:__main__:Processed batch of 100 messages
[2025-03-17T17:49:03.389+0000] {subprocess.py:93} INFO - INFO:__main__:Processed batch of 100 messages
[2025-03-17T17:49:03.397+0000] {subprocess.py:93} INFO - INFO:__main__:Processed batch of 100 messages
[2025-03-17T17:49:03.405+0000] {subprocess.py:93} INFO - INFO:__main__:Processed batch of 100 messages
[2025-03-17T17:49:03.413+0000] {subprocess.py:93} INFO - INFO:__main__:Processed batch of 100 messages
[2025-03-17T17:49:03.420+0000] {subprocess.py:93} INFO - INFO:__main__:Processed batch of 100 messages
[2025-03-17T17:49:03.439+0000] {subprocess.py:93} INFO - INFO:__main__:Processed batch of 100 messages
[2025-03-17T17:49:03.447+0000] {subprocess.py:93} INFO - INFO:__main__:Processed batch of 100 messages
[2025-03-17T17:49:03.455+0000] {subprocess.py:93} INFO - INFO:__main__:Processed batch of 100 messages
[2025-03-17T17:49:03.463+0000] {subprocess.py:93} INFO - INFO:__main__:Processed batch of 100 messages
[2025-03-17T17:49:03.471+0000] {subprocess.py:93} INFO - INFO:__main__:Processed batch of 100 messages
[2025-03-17T17:49:03.479+0000] {subprocess.py:93} INFO - INFO:__main__:Processed batch of 100 messages
[2025-03-17T17:49:03.487+0000] {subprocess.py:93} INFO - INFO:__main__:Processed batch of 100 messages
[2025-03-17T17:49:03.495+0000] {subprocess.py:93} INFO - INFO:__main__:Processed batch of 100 messages
[2025-03-17T17:49:03.503+0000] {subprocess.py:93} INFO - INFO:__main__:Processed batch of 100 messages
[2025-03-17T17:49:03.511+0000] {subprocess.py:93} INFO - INFO:__main__:Processed batch of 100 messages
[2025-03-17T17:49:03.519+0000] {subprocess.py:93} INFO - INFO:__main__:Processed batch of 100 messages
[2025-03-17T17:49:03.527+0000] {subprocess.py:93} INFO - INFO:__main__:Processed batch of 100 messages
[2025-03-17T17:49:03.537+0000] {subprocess.py:93} INFO - INFO:__main__:Processed batch of 100 messages
[2025-03-17T17:49:03.546+0000] {subprocess.py:93} INFO - INFO:__main__:Processed batch of 100 messages
[2025-03-17T17:49:03.555+0000] {subprocess.py:93} INFO - INFO:__main__:Processed batch of 100 messages
[2025-03-17T17:49:03.563+0000] {subprocess.py:93} INFO - INFO:__main__:Processed batch of 100 messages
[2025-03-17T17:49:03.571+0000] {subprocess.py:93} INFO - INFO:__main__:Processed batch of 100 messages
[2025-03-17T17:49:03.578+0000] {subprocess.py:93} INFO - INFO:__main__:Processed batch of 100 messages
[2025-03-17T17:49:03.586+0000] {subprocess.py:93} INFO - INFO:__main__:Processed batch of 100 messages
[2025-03-17T17:49:03.594+0000] {subprocess.py:93} INFO - INFO:__main__:Processed batch of 100 messages
[2025-03-17T17:49:03.602+0000] {subprocess.py:93} INFO - INFO:__main__:Processed batch of 100 messages
[2025-03-17T17:49:03.609+0000] {subprocess.py:93} INFO - INFO:__main__:Processed batch of 100 messages
[2025-03-17T17:49:03.617+0000] {subprocess.py:93} INFO - INFO:__main__:Processed batch of 100 messages
[2025-03-17T17:49:03.625+0000] {subprocess.py:93} INFO - INFO:__main__:Processed batch of 100 messages
[2025-03-17T17:49:03.633+0000] {subprocess.py:93} INFO - INFO:__main__:Processed batch of 100 messages
[2025-03-17T17:49:03.641+0000] {subprocess.py:93} INFO - INFO:__main__:Processed batch of 100 messages
[2025-03-17T17:49:03.649+0000] {subprocess.py:93} INFO - INFO:__main__:Processed batch of 100 messages
[2025-03-17T17:49:03.657+0000] {subprocess.py:93} INFO - INFO:__main__:Processed batch of 100 messages
[2025-03-17T17:49:03.665+0000] {subprocess.py:93} INFO - INFO:__main__:Processed batch of 100 messages
[2025-03-17T17:49:03.673+0000] {subprocess.py:93} INFO - INFO:__main__:Processed batch of 100 messages
[2025-03-17T17:49:03.681+0000] {subprocess.py:93} INFO - INFO:__main__:Processed batch of 100 messages
[2025-03-17T17:49:03.689+0000] {subprocess.py:93} INFO - INFO:__main__:Processed batch of 100 messages
[2025-03-17T17:49:03.696+0000] {subprocess.py:93} INFO - INFO:__main__:Processed batch of 100 messages
[2025-03-17T17:49:03.704+0000] {subprocess.py:93} INFO - INFO:__main__:Processed batch of 100 messages
[2025-03-17T17:49:03.711+0000] {subprocess.py:93} INFO - INFO:__main__:Processed batch of 100 messages
[2025-03-17T17:49:03.784+0000] {subprocess.py:93} INFO - INFO:__main__:Processed batch of 100 messages
[2025-03-17T17:49:03.806+0000] {subprocess.py:93} INFO - INFO:__main__:Processed batch of 100 messages
[2025-03-17T17:49:03.824+0000] {subprocess.py:93} INFO - INFO:__main__:Processed batch of 100 messages
[2025-03-17T17:49:03.837+0000] {subprocess.py:93} INFO - INFO:__main__:Processed batch of 100 messages
[2025-03-17T17:49:03.854+0000] {subprocess.py:93} INFO - INFO:__main__:Processed batch of 100 messages
[2025-03-17T17:49:03.868+0000] {subprocess.py:93} INFO - INFO:__main__:Processed batch of 100 messages
[2025-03-17T17:49:03.881+0000] {subprocess.py:93} INFO - INFO:__main__:Processed batch of 100 messages
[2025-03-17T17:49:03.897+0000] {subprocess.py:93} INFO - INFO:__main__:Processed batch of 100 messages
[2025-03-17T17:49:03.910+0000] {subprocess.py:93} INFO - INFO:__main__:Processed batch of 100 messages
[2025-03-17T17:49:03.920+0000] {subprocess.py:93} INFO - INFO:__main__:Processed batch of 100 messages
[2025-03-17T17:49:03.983+0000] {subprocess.py:93} INFO - INFO:__main__:Processed batch of 100 messages
[2025-03-17T17:49:04.009+0000] {subprocess.py:93} INFO - INFO:__main__:Processed batch of 100 messages
[2025-03-17T17:49:04.019+0000] {subprocess.py:93} INFO - INFO:__main__:Processed batch of 100 messages
[2025-03-17T17:49:04.037+0000] {subprocess.py:93} INFO - INFO:__main__:Processed batch of 100 messages
[2025-03-17T17:49:04.052+0000] {subprocess.py:93} INFO - INFO:__main__:Processed batch of 100 messages
[2025-03-17T17:49:04.068+0000] {subprocess.py:93} INFO - INFO:__main__:Processed batch of 100 messages
[2025-03-17T17:49:04.078+0000] {subprocess.py:93} INFO - INFO:__main__:Processed batch of 100 messages
[2025-03-17T17:49:04.091+0000] {subprocess.py:93} INFO - INFO:__main__:Processed batch of 100 messages
[2025-03-17T17:49:04.100+0000] {subprocess.py:93} INFO - INFO:__main__:Processed batch of 100 messages
[2025-03-17T17:49:04.108+0000] {subprocess.py:93} INFO - INFO:__main__:Processed batch of 100 messages
[2025-03-17T17:49:04.117+0000] {subprocess.py:93} INFO - INFO:__main__:Processed batch of 100 messages
[2025-03-17T17:49:04.125+0000] {subprocess.py:93} INFO - INFO:__main__:Processed batch of 100 messages
[2025-03-17T17:49:04.133+0000] {subprocess.py:93} INFO - INFO:__main__:Processed batch of 100 messages
[2025-03-17T17:49:04.141+0000] {subprocess.py:93} INFO - INFO:__main__:Processed batch of 100 messages
[2025-03-17T17:49:04.149+0000] {subprocess.py:93} INFO - INFO:__main__:Processed batch of 100 messages
[2025-03-17T17:49:04.157+0000] {subprocess.py:93} INFO - INFO:__main__:Processed batch of 100 messages
[2025-03-17T17:49:04.166+0000] {subprocess.py:93} INFO - INFO:__main__:Processed batch of 100 messages
[2025-03-17T17:49:04.174+0000] {subprocess.py:93} INFO - INFO:__main__:Processed batch of 100 messages
[2025-03-17T17:49:04.181+0000] {subprocess.py:93} INFO - INFO:__main__:Processed batch of 100 messages
[2025-03-17T17:49:04.190+0000] {subprocess.py:93} INFO - INFO:__main__:Processed batch of 100 messages
[2025-03-17T17:49:04.199+0000] {subprocess.py:93} INFO - INFO:__main__:Processed batch of 100 messages
[2025-03-17T17:49:04.207+0000] {subprocess.py:93} INFO - INFO:__main__:Processed batch of 100 messages
[2025-03-17T17:49:04.215+0000] {subprocess.py:93} INFO - INFO:__main__:Processed batch of 100 messages
[2025-03-17T17:49:04.223+0000] {subprocess.py:93} INFO - INFO:__main__:Processed batch of 100 messages
[2025-03-17T17:49:04.232+0000] {subprocess.py:93} INFO - INFO:__main__:Processed batch of 100 messages
[2025-03-17T17:49:04.240+0000] {subprocess.py:93} INFO - INFO:__main__:Processed batch of 100 messages
[2025-03-17T17:49:04.248+0000] {subprocess.py:93} INFO - INFO:__main__:Processed batch of 100 messages
[2025-03-17T17:49:04.276+0000] {subprocess.py:93} INFO - INFO:__main__:Processed batch of 100 messages
[2025-03-17T17:49:04.306+0000] {subprocess.py:93} INFO - INFO:__main__:Processed batch of 100 messages
[2025-03-17T17:49:04.318+0000] {subprocess.py:93} INFO - INFO:__main__:Processed batch of 100 messages
[2025-03-17T17:49:04.336+0000] {subprocess.py:93} INFO - INFO:__main__:Processed batch of 100 messages
[2025-03-17T17:49:04.345+0000] {subprocess.py:93} INFO - INFO:__main__:Processed batch of 100 messages
[2025-03-17T17:49:04.353+0000] {subprocess.py:93} INFO - INFO:__main__:Processed batch of 100 messages
[2025-03-17T17:49:04.362+0000] {subprocess.py:93} INFO - INFO:__main__:Processed batch of 100 messages
[2025-03-17T17:49:04.370+0000] {subprocess.py:93} INFO - INFO:__main__:Processed batch of 100 messages
[2025-03-17T17:49:04.378+0000] {subprocess.py:93} INFO - INFO:__main__:Processed batch of 100 messages
[2025-03-17T17:49:04.388+0000] {subprocess.py:93} INFO - INFO:__main__:Processed batch of 100 messages
[2025-03-17T17:49:04.396+0000] {subprocess.py:93} INFO - INFO:__main__:Processed batch of 100 messages
[2025-03-17T17:49:04.403+0000] {subprocess.py:93} INFO - INFO:__main__:Processed batch of 100 messages
[2025-03-17T17:49:04.412+0000] {subprocess.py:93} INFO - INFO:__main__:Processed batch of 100 messages
[2025-03-17T17:49:04.421+0000] {subprocess.py:93} INFO - INFO:__main__:Processed batch of 100 messages
[2025-03-17T17:49:04.421+0000] {subprocess.py:93} INFO - INFO:__main__:Successfully sent 20000 messages to topic transaction_data
[2025-03-17T17:49:04.421+0000] {subprocess.py:93} INFO - INFO:kafka.producer.kafka:Closing the Kafka producer with 9223372036.0 secs timeout.
[2025-03-17T17:49:04.421+0000] {subprocess.py:93} INFO - INFO:kafka.conn:<BrokerConnection node_id=1 host=kafka:29092 <connected> [IPv4 ('172.18.0.7', 29092)]>: Closing connection.
[2025-03-17T17:49:04.424+0000] {subprocess.py:93} INFO - Data retrieved! (20000, 6)
[2025-03-17T17:49:04.425+0000] {subprocess.py:93} INFO - Data saved! /tmp/***tmpinltz4pv
[2025-03-17T17:49:04.425+0000] {subprocess.py:93} INFO - Topic creation issue (may already exist): [Error 36] TopicAlreadyExistsError: Request 'CreateTopicsRequest_v3(create_topic_requests=[(topic='transaction_data', num_partitions=1, replication_factor=1, replica_assignment=[], configs=[(config_key='retention.ms', config_value='172800000')])], timeout=30000, validate_only=False)' failed with response 'CreateTopicsResponse_v3(throttle_time_ms=0, topic_errors=[(topic='transaction_data', error_code=36, error_message="Topic 'transaction_data' already exists.")])'.
[2025-03-17T17:49:04.425+0000] {subprocess.py:93} INFO - Data Ingested to Kafka!
[2025-03-17T17:49:04.486+0000] {subprocess.py:97} INFO - Command exited with return code 0
[2025-03-17T17:49:04.512+0000] {taskinstance.py:1138} INFO - Marking task as SUCCESS. dag_id=gen_data_daily, task_id=gen_data_daily, execution_date=20250313T220000, start_date=20250317T174900, end_date=20250317T174904
[2025-03-17T17:49:04.911+0000] {local_task_job_runner.py:234} INFO - Task exited with return code 0
[2025-03-17T17:49:04.988+0000] {taskinstance.py:3281} INFO - 0 downstream tasks scheduled from follow-on schedule check
