[2025-03-17T17:47:42.067+0000] {taskinstance.py:1957} INFO - Dependencies all met for dep_context=non-requeueable deps ti=<TaskInstance: gen_data_daily.gen_data_daily scheduled__2025-03-01T22:00:00+00:00 [queued]>
[2025-03-17T17:47:42.081+0000] {taskinstance.py:1957} INFO - Dependencies all met for dep_context=requeueable deps ti=<TaskInstance: gen_data_daily.gen_data_daily scheduled__2025-03-01T22:00:00+00:00 [queued]>
[2025-03-17T17:47:42.081+0000] {taskinstance.py:2171} INFO - Starting attempt 1 of 2
[2025-03-17T17:47:42.094+0000] {taskinstance.py:2192} INFO - Executing <Task(BashOperator): gen_data_daily> on 2025-03-01 22:00:00+00:00
[2025-03-17T17:47:42.100+0000] {standard_task_runner.py:60} INFO - Started process 536 to run task
[2025-03-17T17:47:42.105+0000] {standard_task_runner.py:87} INFO - Running: ['***', 'tasks', 'run', 'gen_data_daily', 'gen_data_daily', 'scheduled__2025-03-01T22:00:00+00:00', '--job-id', '18', '--raw', '--subdir', 'DAGS_FOLDER/gen_data_daily.py', '--cfg-path', '/tmp/tmpf597mpj2']
[2025-03-17T17:47:42.106+0000] {standard_task_runner.py:88} INFO - Job 18: Subtask gen_data_daily
[2025-03-17T17:47:42.187+0000] {task_command.py:423} INFO - Running <TaskInstance: gen_data_daily.gen_data_daily scheduled__2025-03-01T22:00:00+00:00 [running]> on host d107d9d70093
[2025-03-17T17:47:42.364+0000] {taskinstance.py:2481} INFO - Exporting env vars: AIRFLOW_CTX_DAG_OWNER='longnv' AIRFLOW_CTX_DAG_ID='gen_data_daily' AIRFLOW_CTX_TASK_ID='gen_data_daily' AIRFLOW_CTX_EXECUTION_DATE='2025-03-01T22:00:00+00:00' AIRFLOW_CTX_TRY_NUMBER='1' AIRFLOW_CTX_DAG_RUN_ID='scheduled__2025-03-01T22:00:00+00:00'
[2025-03-17T17:47:42.365+0000] {subprocess.py:63} INFO - Tmp dir root location: /tmp
[2025-03-17T17:47:42.366+0000] {subprocess.py:75} INFO - Running command: ['/usr/bin/bash', '-c', '\n        python /opt/***/external_scripts/1_gen_transaction_data.py 2025-03-02\n        ']
[2025-03-17T17:47:42.409+0000] {subprocess.py:86} INFO - Output:
[2025-03-17T17:47:45.689+0000] {subprocess.py:93} INFO - INFO:kafka.conn:<BrokerConnection node_id=bootstrap-0 host=kafka:29092 <connecting> [IPv4 ('172.18.0.7', 29092)]>: connecting to kafka:29092 [('172.18.0.7', 29092) IPv4]
[2025-03-17T17:47:45.690+0000] {subprocess.py:93} INFO - INFO:kafka.conn:Probing node bootstrap-0 broker version
[2025-03-17T17:47:45.691+0000] {subprocess.py:93} INFO - INFO:kafka.conn:<BrokerConnection node_id=bootstrap-0 host=kafka:29092 <connecting> [IPv4 ('172.18.0.7', 29092)]>: Connection complete.
[2025-03-17T17:47:45.800+0000] {subprocess.py:93} INFO - INFO:kafka.conn:Broker version identified as 2.5.0
[2025-03-17T17:47:45.801+0000] {subprocess.py:93} INFO - INFO:kafka.conn:Set configuration api_version=(2, 5, 0) to skip auto check_version requests on startup
[2025-03-17T17:47:45.801+0000] {subprocess.py:93} INFO - INFO:kafka.conn:Probing node bootstrap-0 broker version
[2025-03-17T17:47:45.903+0000] {subprocess.py:93} INFO - INFO:kafka.conn:Broker version identified as 2.5.0
[2025-03-17T17:47:45.905+0000] {subprocess.py:93} INFO - INFO:kafka.conn:Set configuration api_version=(2, 5, 0) to skip auto check_version requests on startup
[2025-03-17T17:47:45.909+0000] {subprocess.py:93} INFO - INFO:kafka.conn:<BrokerConnection node_id=1 host=kafka:29092 <connecting> [IPv4 ('172.18.0.7', 29092)]>: connecting to kafka:29092 [('172.18.0.7', 29092) IPv4]
[2025-03-17T17:47:45.910+0000] {subprocess.py:93} INFO - INFO:kafka.conn:Probing node 1 broker version
[2025-03-17T17:47:45.910+0000] {subprocess.py:93} INFO - INFO:kafka.conn:<BrokerConnection node_id=1 host=kafka:29092 <connecting> [IPv4 ('172.18.0.7', 29092)]>: Connection complete.
[2025-03-17T17:47:45.912+0000] {subprocess.py:93} INFO - INFO:kafka.conn:<BrokerConnection node_id=bootstrap-0 host=kafka:29092 <connected> [IPv4 ('172.18.0.7', 29092)]>: Closing connection.
[2025-03-17T17:47:46.015+0000] {subprocess.py:93} INFO - INFO:kafka.conn:Broker version identified as 2.5.0
[2025-03-17T17:47:46.016+0000] {subprocess.py:93} INFO - INFO:kafka.conn:Set configuration api_version=(2, 5, 0) to skip auto check_version requests on startup
[2025-03-17T17:47:46.659+0000] {subprocess.py:93} INFO - INFO:kafka.conn:<BrokerConnection node_id=bootstrap-0 host=kafka:29092 <connecting> [IPv4 ('172.18.0.7', 29092)]>: connecting to kafka:29092 [('172.18.0.7', 29092) IPv4]
[2025-03-17T17:47:46.660+0000] {subprocess.py:93} INFO - INFO:kafka.conn:Probing node bootstrap-0 broker version
[2025-03-17T17:47:46.663+0000] {subprocess.py:93} INFO - INFO:kafka.conn:<BrokerConnection node_id=bootstrap-0 host=kafka:29092 <connecting> [IPv4 ('172.18.0.7', 29092)]>: Connection complete.
[2025-03-17T17:47:46.797+0000] {subprocess.py:93} INFO - INFO:kafka.conn:Broker version identified as 2.5.0
[2025-03-17T17:47:46.797+0000] {subprocess.py:93} INFO - INFO:kafka.conn:Set configuration api_version=(2, 5, 0) to skip auto check_version requests on startup
[2025-03-17T17:47:46.974+0000] {subprocess.py:93} INFO - INFO:kafka.conn:<BrokerConnection node_id=1 host=kafka:29092 <connecting> [IPv4 ('172.18.0.7', 29092)]>: connecting to kafka:29092 [('172.18.0.7', 29092) IPv4]
[2025-03-17T17:47:46.976+0000] {subprocess.py:93} INFO - INFO:kafka.conn:<BrokerConnection node_id=1 host=kafka:29092 <connecting> [IPv4 ('172.18.0.7', 29092)]>: Connection complete.
[2025-03-17T17:47:46.979+0000] {subprocess.py:93} INFO - INFO:kafka.conn:<BrokerConnection node_id=bootstrap-0 host=kafka:29092 <connected> [IPv4 ('172.18.0.7', 29092)]>: Closing connection.
[2025-03-17T17:47:47.125+0000] {subprocess.py:93} INFO - INFO:__main__:Processed batch of 100 messages
[2025-03-17T17:47:47.150+0000] {subprocess.py:93} INFO - INFO:__main__:Processed batch of 100 messages
[2025-03-17T17:47:47.181+0000] {subprocess.py:93} INFO - INFO:__main__:Processed batch of 100 messages
[2025-03-17T17:47:47.206+0000] {subprocess.py:93} INFO - INFO:__main__:Processed batch of 100 messages
[2025-03-17T17:47:47.220+0000] {subprocess.py:93} INFO - INFO:__main__:Processed batch of 100 messages
[2025-03-17T17:47:47.240+0000] {subprocess.py:93} INFO - INFO:__main__:Processed batch of 100 messages
[2025-03-17T17:47:47.259+0000] {subprocess.py:93} INFO - INFO:__main__:Processed batch of 100 messages
[2025-03-17T17:47:47.279+0000] {subprocess.py:93} INFO - INFO:__main__:Processed batch of 100 messages
[2025-03-17T17:47:47.293+0000] {subprocess.py:93} INFO - INFO:__main__:Processed batch of 100 messages
[2025-03-17T17:47:47.308+0000] {subprocess.py:93} INFO - INFO:__main__:Processed batch of 100 messages
[2025-03-17T17:47:47.324+0000] {subprocess.py:93} INFO - INFO:__main__:Processed batch of 100 messages
[2025-03-17T17:47:47.344+0000] {subprocess.py:93} INFO - INFO:__main__:Processed batch of 100 messages
[2025-03-17T17:47:47.356+0000] {subprocess.py:93} INFO - INFO:__main__:Processed batch of 100 messages
[2025-03-17T17:47:47.370+0000] {subprocess.py:93} INFO - INFO:__main__:Processed batch of 100 messages
[2025-03-17T17:47:47.387+0000] {subprocess.py:93} INFO - INFO:__main__:Processed batch of 100 messages
[2025-03-17T17:47:47.403+0000] {subprocess.py:93} INFO - INFO:__main__:Processed batch of 100 messages
[2025-03-17T17:47:47.418+0000] {subprocess.py:93} INFO - INFO:__main__:Processed batch of 100 messages
[2025-03-17T17:47:47.430+0000] {subprocess.py:93} INFO - INFO:__main__:Processed batch of 100 messages
[2025-03-17T17:47:47.443+0000] {subprocess.py:93} INFO - INFO:__main__:Processed batch of 100 messages
[2025-03-17T17:47:47.457+0000] {subprocess.py:93} INFO - INFO:__main__:Processed batch of 100 messages
[2025-03-17T17:47:47.473+0000] {subprocess.py:93} INFO - INFO:__main__:Processed batch of 100 messages
[2025-03-17T17:47:47.487+0000] {subprocess.py:93} INFO - INFO:__main__:Processed batch of 100 messages
[2025-03-17T17:47:47.503+0000] {subprocess.py:93} INFO - INFO:__main__:Processed batch of 100 messages
[2025-03-17T17:47:47.516+0000] {subprocess.py:93} INFO - INFO:__main__:Processed batch of 100 messages
[2025-03-17T17:47:47.535+0000] {subprocess.py:93} INFO - INFO:__main__:Processed batch of 100 messages
[2025-03-17T17:47:47.548+0000] {subprocess.py:93} INFO - INFO:__main__:Processed batch of 100 messages
[2025-03-17T17:47:47.560+0000] {subprocess.py:93} INFO - INFO:__main__:Processed batch of 100 messages
[2025-03-17T17:47:47.574+0000] {subprocess.py:93} INFO - INFO:__main__:Processed batch of 100 messages
[2025-03-17T17:47:47.588+0000] {subprocess.py:93} INFO - INFO:__main__:Processed batch of 100 messages
[2025-03-17T17:47:47.599+0000] {subprocess.py:93} INFO - INFO:__main__:Processed batch of 100 messages
[2025-03-17T17:47:47.612+0000] {subprocess.py:93} INFO - INFO:__main__:Processed batch of 100 messages
[2025-03-17T17:47:47.628+0000] {subprocess.py:93} INFO - INFO:__main__:Processed batch of 100 messages
[2025-03-17T17:47:47.643+0000] {subprocess.py:93} INFO - INFO:__main__:Processed batch of 100 messages
[2025-03-17T17:47:47.656+0000] {subprocess.py:93} INFO - INFO:__main__:Processed batch of 100 messages
[2025-03-17T17:47:47.670+0000] {subprocess.py:93} INFO - INFO:__main__:Processed batch of 100 messages
[2025-03-17T17:47:47.685+0000] {subprocess.py:93} INFO - INFO:__main__:Processed batch of 100 messages
[2025-03-17T17:47:47.701+0000] {subprocess.py:93} INFO - INFO:__main__:Processed batch of 100 messages
[2025-03-17T17:47:47.712+0000] {subprocess.py:93} INFO - INFO:__main__:Processed batch of 100 messages
[2025-03-17T17:47:47.723+0000] {subprocess.py:93} INFO - INFO:__main__:Processed batch of 100 messages
[2025-03-17T17:47:47.735+0000] {subprocess.py:93} INFO - INFO:__main__:Processed batch of 100 messages
[2025-03-17T17:47:47.753+0000] {subprocess.py:93} INFO - INFO:__main__:Processed batch of 100 messages
[2025-03-17T17:47:47.765+0000] {subprocess.py:93} INFO - INFO:__main__:Processed batch of 100 messages
[2025-03-17T17:47:47.779+0000] {subprocess.py:93} INFO - INFO:__main__:Processed batch of 100 messages
[2025-03-17T17:47:47.792+0000] {subprocess.py:93} INFO - INFO:__main__:Processed batch of 100 messages
[2025-03-17T17:47:47.806+0000] {subprocess.py:93} INFO - INFO:__main__:Processed batch of 100 messages
[2025-03-17T17:47:47.820+0000] {subprocess.py:93} INFO - INFO:__main__:Processed batch of 100 messages
[2025-03-17T17:47:47.835+0000] {subprocess.py:93} INFO - INFO:__main__:Processed batch of 100 messages
[2025-03-17T17:47:47.870+0000] {subprocess.py:93} INFO - INFO:__main__:Processed batch of 100 messages
[2025-03-17T17:47:47.883+0000] {subprocess.py:93} INFO - INFO:__main__:Processed batch of 100 messages
[2025-03-17T17:47:47.895+0000] {subprocess.py:93} INFO - INFO:__main__:Processed batch of 100 messages
[2025-03-17T17:47:47.908+0000] {subprocess.py:93} INFO - INFO:__main__:Processed batch of 100 messages
[2025-03-17T17:47:47.920+0000] {subprocess.py:93} INFO - INFO:__main__:Processed batch of 100 messages
[2025-03-17T17:47:47.932+0000] {subprocess.py:93} INFO - INFO:__main__:Processed batch of 100 messages
[2025-03-17T17:47:47.952+0000] {subprocess.py:93} INFO - INFO:__main__:Processed batch of 100 messages
[2025-03-17T17:47:47.961+0000] {subprocess.py:93} INFO - INFO:__main__:Processed batch of 100 messages
[2025-03-17T17:47:47.974+0000] {subprocess.py:93} INFO - INFO:__main__:Processed batch of 100 messages
[2025-03-17T17:47:47.990+0000] {subprocess.py:93} INFO - INFO:__main__:Processed batch of 100 messages
[2025-03-17T17:47:48.004+0000] {subprocess.py:93} INFO - INFO:__main__:Processed batch of 100 messages
[2025-03-17T17:47:48.015+0000] {subprocess.py:93} INFO - INFO:__main__:Processed batch of 100 messages
[2025-03-17T17:47:48.029+0000] {subprocess.py:93} INFO - INFO:__main__:Processed batch of 100 messages
[2025-03-17T17:47:48.046+0000] {subprocess.py:93} INFO - INFO:__main__:Processed batch of 100 messages
[2025-03-17T17:47:48.059+0000] {subprocess.py:93} INFO - INFO:__main__:Processed batch of 100 messages
[2025-03-17T17:47:48.075+0000] {subprocess.py:93} INFO - INFO:__main__:Processed batch of 100 messages
[2025-03-17T17:47:48.092+0000] {subprocess.py:93} INFO - INFO:__main__:Processed batch of 100 messages
[2025-03-17T17:47:48.107+0000] {subprocess.py:93} INFO - INFO:__main__:Processed batch of 100 messages
[2025-03-17T17:47:48.124+0000] {subprocess.py:93} INFO - INFO:__main__:Processed batch of 100 messages
[2025-03-17T17:47:48.136+0000] {subprocess.py:93} INFO - INFO:__main__:Processed batch of 100 messages
[2025-03-17T17:47:48.155+0000] {subprocess.py:93} INFO - INFO:__main__:Processed batch of 100 messages
[2025-03-17T17:47:48.168+0000] {subprocess.py:93} INFO - INFO:__main__:Processed batch of 100 messages
[2025-03-17T17:47:48.186+0000] {subprocess.py:93} INFO - INFO:__main__:Processed batch of 100 messages
[2025-03-17T17:47:48.204+0000] {subprocess.py:93} INFO - INFO:__main__:Processed batch of 100 messages
[2025-03-17T17:47:48.219+0000] {subprocess.py:93} INFO - INFO:__main__:Processed batch of 100 messages
[2025-03-17T17:47:48.231+0000] {subprocess.py:93} INFO - INFO:__main__:Processed batch of 100 messages
[2025-03-17T17:47:48.245+0000] {subprocess.py:93} INFO - INFO:__main__:Processed batch of 100 messages
[2025-03-17T17:47:48.260+0000] {subprocess.py:93} INFO - INFO:__main__:Processed batch of 100 messages
[2025-03-17T17:47:48.274+0000] {subprocess.py:93} INFO - INFO:__main__:Processed batch of 100 messages
[2025-03-17T17:47:48.287+0000] {subprocess.py:93} INFO - INFO:__main__:Processed batch of 100 messages
[2025-03-17T17:47:48.303+0000] {subprocess.py:93} INFO - INFO:__main__:Processed batch of 100 messages
[2025-03-17T17:47:48.316+0000] {subprocess.py:93} INFO - INFO:__main__:Processed batch of 100 messages
[2025-03-17T17:47:48.332+0000] {subprocess.py:93} INFO - INFO:__main__:Processed batch of 100 messages
[2025-03-17T17:47:48.351+0000] {subprocess.py:93} INFO - INFO:__main__:Processed batch of 100 messages
[2025-03-17T17:47:48.366+0000] {subprocess.py:93} INFO - INFO:__main__:Processed batch of 100 messages
[2025-03-17T17:47:48.379+0000] {subprocess.py:93} INFO - INFO:__main__:Processed batch of 100 messages
[2025-03-17T17:47:48.396+0000] {subprocess.py:93} INFO - INFO:__main__:Processed batch of 100 messages
[2025-03-17T17:47:48.406+0000] {subprocess.py:93} INFO - INFO:__main__:Processed batch of 100 messages
[2025-03-17T17:47:48.423+0000] {subprocess.py:93} INFO - INFO:__main__:Processed batch of 100 messages
[2025-03-17T17:47:48.438+0000] {subprocess.py:93} INFO - INFO:__main__:Processed batch of 100 messages
[2025-03-17T17:47:48.458+0000] {subprocess.py:93} INFO - INFO:__main__:Processed batch of 100 messages
[2025-03-17T17:47:48.477+0000] {subprocess.py:93} INFO - INFO:__main__:Processed batch of 100 messages
[2025-03-17T17:47:48.498+0000] {subprocess.py:93} INFO - INFO:__main__:Processed batch of 100 messages
[2025-03-17T17:47:48.513+0000] {subprocess.py:93} INFO - INFO:__main__:Processed batch of 100 messages
[2025-03-17T17:47:48.527+0000] {subprocess.py:93} INFO - INFO:__main__:Processed batch of 100 messages
[2025-03-17T17:47:48.543+0000] {subprocess.py:93} INFO - INFO:__main__:Processed batch of 100 messages
[2025-03-17T17:47:48.562+0000] {subprocess.py:93} INFO - INFO:__main__:Processed batch of 100 messages
[2025-03-17T17:47:48.584+0000] {subprocess.py:93} INFO - INFO:__main__:Processed batch of 100 messages
[2025-03-17T17:47:48.601+0000] {subprocess.py:93} INFO - INFO:__main__:Processed batch of 100 messages
[2025-03-17T17:47:48.624+0000] {subprocess.py:93} INFO - INFO:__main__:Processed batch of 100 messages
[2025-03-17T17:47:48.643+0000] {subprocess.py:93} INFO - INFO:__main__:Processed batch of 100 messages
[2025-03-17T17:47:48.670+0000] {subprocess.py:93} INFO - INFO:__main__:Processed batch of 100 messages
[2025-03-17T17:47:48.682+0000] {subprocess.py:93} INFO - INFO:__main__:Processed batch of 100 messages
[2025-03-17T17:47:48.696+0000] {subprocess.py:93} INFO - INFO:__main__:Processed batch of 100 messages
[2025-03-17T17:47:48.713+0000] {subprocess.py:93} INFO - INFO:__main__:Processed batch of 100 messages
[2025-03-17T17:47:48.740+0000] {subprocess.py:93} INFO - INFO:__main__:Processed batch of 100 messages
[2025-03-17T17:47:48.760+0000] {subprocess.py:93} INFO - INFO:__main__:Processed batch of 100 messages
[2025-03-17T17:47:48.776+0000] {subprocess.py:93} INFO - INFO:__main__:Processed batch of 100 messages
[2025-03-17T17:47:48.790+0000] {subprocess.py:93} INFO - INFO:__main__:Processed batch of 100 messages
[2025-03-17T17:47:48.806+0000] {subprocess.py:93} INFO - INFO:__main__:Processed batch of 100 messages
[2025-03-17T17:47:48.817+0000] {subprocess.py:93} INFO - INFO:__main__:Processed batch of 100 messages
[2025-03-17T17:47:48.832+0000] {subprocess.py:93} INFO - INFO:__main__:Processed batch of 100 messages
[2025-03-17T17:47:48.856+0000] {subprocess.py:93} INFO - INFO:__main__:Processed batch of 100 messages
[2025-03-17T17:47:48.882+0000] {subprocess.py:93} INFO - INFO:__main__:Processed batch of 100 messages
[2025-03-17T17:47:48.906+0000] {subprocess.py:93} INFO - INFO:__main__:Processed batch of 100 messages
[2025-03-17T17:47:48.923+0000] {subprocess.py:93} INFO - INFO:__main__:Processed batch of 100 messages
[2025-03-17T17:47:48.945+0000] {subprocess.py:93} INFO - INFO:__main__:Processed batch of 100 messages
[2025-03-17T17:47:48.975+0000] {subprocess.py:93} INFO - INFO:__main__:Processed batch of 100 messages
[2025-03-17T17:47:48.990+0000] {subprocess.py:93} INFO - INFO:__main__:Processed batch of 100 messages
[2025-03-17T17:47:49.008+0000] {subprocess.py:93} INFO - INFO:__main__:Processed batch of 100 messages
[2025-03-17T17:47:49.023+0000] {subprocess.py:93} INFO - INFO:__main__:Processed batch of 100 messages
[2025-03-17T17:47:49.035+0000] {subprocess.py:93} INFO - INFO:__main__:Processed batch of 100 messages
[2025-03-17T17:47:49.062+0000] {subprocess.py:93} INFO - INFO:__main__:Processed batch of 100 messages
[2025-03-17T17:47:49.079+0000] {subprocess.py:93} INFO - INFO:__main__:Processed batch of 100 messages
[2025-03-17T17:47:49.096+0000] {subprocess.py:93} INFO - INFO:__main__:Processed batch of 100 messages
[2025-03-17T17:47:49.123+0000] {subprocess.py:93} INFO - INFO:__main__:Processed batch of 100 messages
[2025-03-17T17:47:49.134+0000] {subprocess.py:93} INFO - INFO:__main__:Processed batch of 100 messages
[2025-03-17T17:47:49.166+0000] {subprocess.py:93} INFO - INFO:__main__:Processed batch of 100 messages
[2025-03-17T17:47:49.186+0000] {subprocess.py:93} INFO - INFO:__main__:Processed batch of 100 messages
[2025-03-17T17:47:49.200+0000] {subprocess.py:93} INFO - INFO:__main__:Processed batch of 100 messages
[2025-03-17T17:47:49.212+0000] {subprocess.py:93} INFO - INFO:__main__:Processed batch of 100 messages
[2025-03-17T17:47:49.228+0000] {subprocess.py:93} INFO - INFO:__main__:Processed batch of 100 messages
[2025-03-17T17:47:49.241+0000] {subprocess.py:93} INFO - INFO:__main__:Processed batch of 100 messages
[2025-03-17T17:47:49.255+0000] {subprocess.py:93} INFO - INFO:__main__:Processed batch of 100 messages
[2025-03-17T17:47:49.269+0000] {subprocess.py:93} INFO - INFO:__main__:Processed batch of 100 messages
[2025-03-17T17:47:49.279+0000] {subprocess.py:93} INFO - INFO:__main__:Processed batch of 100 messages
[2025-03-17T17:47:49.290+0000] {subprocess.py:93} INFO - INFO:__main__:Processed batch of 100 messages
[2025-03-17T17:47:49.306+0000] {subprocess.py:93} INFO - INFO:__main__:Processed batch of 100 messages
[2025-03-17T17:47:49.319+0000] {subprocess.py:93} INFO - INFO:__main__:Processed batch of 100 messages
[2025-03-17T17:47:49.332+0000] {subprocess.py:93} INFO - INFO:__main__:Processed batch of 100 messages
[2025-03-17T17:47:49.344+0000] {subprocess.py:93} INFO - INFO:__main__:Processed batch of 100 messages
[2025-03-17T17:47:49.357+0000] {subprocess.py:93} INFO - INFO:__main__:Processed batch of 100 messages
[2025-03-17T17:47:49.375+0000] {subprocess.py:93} INFO - INFO:__main__:Processed batch of 100 messages
[2025-03-17T17:47:49.387+0000] {subprocess.py:93} INFO - INFO:__main__:Processed batch of 100 messages
[2025-03-17T17:47:49.398+0000] {subprocess.py:93} INFO - INFO:__main__:Processed batch of 100 messages
[2025-03-17T17:47:49.409+0000] {subprocess.py:93} INFO - INFO:__main__:Processed batch of 100 messages
[2025-03-17T17:47:49.423+0000] {subprocess.py:93} INFO - INFO:__main__:Processed batch of 100 messages
[2025-03-17T17:47:49.436+0000] {subprocess.py:93} INFO - INFO:__main__:Processed batch of 100 messages
[2025-03-17T17:47:49.446+0000] {subprocess.py:93} INFO - INFO:__main__:Processed batch of 100 messages
[2025-03-17T17:47:49.460+0000] {subprocess.py:93} INFO - INFO:__main__:Processed batch of 100 messages
[2025-03-17T17:47:49.470+0000] {subprocess.py:93} INFO - INFO:__main__:Processed batch of 100 messages
[2025-03-17T17:47:49.486+0000] {subprocess.py:93} INFO - INFO:__main__:Processed batch of 100 messages
[2025-03-17T17:47:49.497+0000] {subprocess.py:93} INFO - INFO:__main__:Processed batch of 100 messages
[2025-03-17T17:47:49.512+0000] {subprocess.py:93} INFO - INFO:__main__:Processed batch of 100 messages
[2025-03-17T17:47:49.530+0000] {subprocess.py:93} INFO - INFO:__main__:Processed batch of 100 messages
[2025-03-17T17:47:49.541+0000] {subprocess.py:93} INFO - INFO:__main__:Processed batch of 100 messages
[2025-03-17T17:47:49.553+0000] {subprocess.py:93} INFO - INFO:__main__:Processed batch of 100 messages
[2025-03-17T17:47:49.567+0000] {subprocess.py:93} INFO - INFO:__main__:Processed batch of 100 messages
[2025-03-17T17:47:49.581+0000] {subprocess.py:93} INFO - INFO:__main__:Processed batch of 100 messages
[2025-03-17T17:47:49.593+0000] {subprocess.py:93} INFO - INFO:__main__:Processed batch of 100 messages
[2025-03-17T17:47:49.606+0000] {subprocess.py:93} INFO - INFO:__main__:Processed batch of 100 messages
[2025-03-17T17:47:49.621+0000] {subprocess.py:93} INFO - INFO:__main__:Processed batch of 100 messages
[2025-03-17T17:47:49.634+0000] {subprocess.py:93} INFO - INFO:__main__:Processed batch of 100 messages
[2025-03-17T17:47:49.651+0000] {subprocess.py:93} INFO - INFO:__main__:Processed batch of 100 messages
[2025-03-17T17:47:49.669+0000] {subprocess.py:93} INFO - INFO:__main__:Processed batch of 100 messages
[2025-03-17T17:47:49.684+0000] {subprocess.py:93} INFO - INFO:__main__:Processed batch of 100 messages
[2025-03-17T17:47:49.695+0000] {subprocess.py:93} INFO - INFO:__main__:Processed batch of 100 messages
[2025-03-17T17:47:49.711+0000] {subprocess.py:93} INFO - INFO:__main__:Processed batch of 100 messages
[2025-03-17T17:47:49.724+0000] {subprocess.py:93} INFO - INFO:__main__:Processed batch of 100 messages
[2025-03-17T17:47:49.736+0000] {subprocess.py:93} INFO - INFO:__main__:Processed batch of 100 messages
[2025-03-17T17:47:49.748+0000] {subprocess.py:93} INFO - INFO:__main__:Processed batch of 100 messages
[2025-03-17T17:47:49.766+0000] {subprocess.py:93} INFO - INFO:__main__:Processed batch of 100 messages
[2025-03-17T17:47:49.778+0000] {subprocess.py:93} INFO - INFO:__main__:Processed batch of 100 messages
[2025-03-17T17:47:49.789+0000] {subprocess.py:93} INFO - INFO:__main__:Processed batch of 100 messages
[2025-03-17T17:47:49.804+0000] {subprocess.py:93} INFO - INFO:__main__:Processed batch of 100 messages
[2025-03-17T17:47:49.814+0000] {subprocess.py:93} INFO - INFO:__main__:Processed batch of 100 messages
[2025-03-17T17:47:49.824+0000] {subprocess.py:93} INFO - INFO:__main__:Processed batch of 100 messages
[2025-03-17T17:47:49.839+0000] {subprocess.py:93} INFO - INFO:__main__:Processed batch of 100 messages
[2025-03-17T17:47:49.850+0000] {subprocess.py:93} INFO - INFO:__main__:Processed batch of 100 messages
[2025-03-17T17:47:49.868+0000] {subprocess.py:93} INFO - INFO:__main__:Processed batch of 100 messages
[2025-03-17T17:47:49.878+0000] {subprocess.py:93} INFO - INFO:__main__:Processed batch of 100 messages
[2025-03-17T17:47:49.891+0000] {subprocess.py:93} INFO - INFO:__main__:Processed batch of 100 messages
[2025-03-17T17:47:49.906+0000] {subprocess.py:93} INFO - INFO:__main__:Processed batch of 100 messages
[2025-03-17T17:47:49.919+0000] {subprocess.py:93} INFO - INFO:__main__:Processed batch of 100 messages
[2025-03-17T17:47:49.933+0000] {subprocess.py:93} INFO - INFO:__main__:Processed batch of 100 messages
[2025-03-17T17:47:49.950+0000] {subprocess.py:93} INFO - INFO:__main__:Processed batch of 100 messages
[2025-03-17T17:47:49.977+0000] {subprocess.py:93} INFO - INFO:__main__:Processed batch of 100 messages
[2025-03-17T17:47:49.997+0000] {subprocess.py:93} INFO - INFO:__main__:Processed batch of 100 messages
[2025-03-17T17:47:50.011+0000] {subprocess.py:93} INFO - INFO:__main__:Processed batch of 100 messages
[2025-03-17T17:47:50.041+0000] {subprocess.py:93} INFO - INFO:__main__:Processed batch of 100 messages
[2025-03-17T17:47:50.074+0000] {subprocess.py:93} INFO - INFO:__main__:Processed batch of 100 messages
[2025-03-17T17:47:50.091+0000] {subprocess.py:93} INFO - INFO:__main__:Processed batch of 100 messages
[2025-03-17T17:47:50.111+0000] {subprocess.py:93} INFO - INFO:__main__:Processed batch of 100 messages
[2025-03-17T17:47:50.130+0000] {subprocess.py:93} INFO - INFO:__main__:Processed batch of 100 messages
[2025-03-17T17:47:50.147+0000] {subprocess.py:93} INFO - INFO:__main__:Processed batch of 100 messages
[2025-03-17T17:47:50.170+0000] {subprocess.py:93} INFO - INFO:__main__:Processed batch of 100 messages
[2025-03-17T17:47:50.189+0000] {subprocess.py:93} INFO - INFO:__main__:Processed batch of 100 messages
[2025-03-17T17:47:50.204+0000] {subprocess.py:93} INFO - INFO:__main__:Processed batch of 100 messages
[2025-03-17T17:47:50.216+0000] {subprocess.py:93} INFO - INFO:__main__:Processed batch of 100 messages
[2025-03-17T17:47:50.230+0000] {subprocess.py:93} INFO - INFO:__main__:Processed batch of 100 messages
[2025-03-17T17:47:50.241+0000] {subprocess.py:93} INFO - INFO:__main__:Processed batch of 100 messages
[2025-03-17T17:47:50.256+0000] {subprocess.py:93} INFO - INFO:__main__:Processed batch of 100 messages
[2025-03-17T17:47:50.270+0000] {subprocess.py:93} INFO - INFO:__main__:Processed batch of 100 messages
[2025-03-17T17:47:50.271+0000] {subprocess.py:93} INFO - INFO:__main__:Successfully sent 20000 messages to topic transaction_data
[2025-03-17T17:47:50.271+0000] {subprocess.py:93} INFO - INFO:kafka.producer.kafka:Closing the Kafka producer with 9223372036.0 secs timeout.
[2025-03-17T17:47:50.271+0000] {subprocess.py:93} INFO - INFO:kafka.conn:<BrokerConnection node_id=1 host=kafka:29092 <connected> [IPv4 ('172.18.0.7', 29092)]>: Closing connection.
[2025-03-17T17:47:50.275+0000] {subprocess.py:93} INFO - Data retrieved! (20000, 6)
[2025-03-17T17:47:50.276+0000] {subprocess.py:93} INFO - Data saved! /tmp/***tmphjad51lr
[2025-03-17T17:47:50.276+0000] {subprocess.py:93} INFO - Topic 'transaction_data' created with retention.ms set to 172800000 (2 days)
[2025-03-17T17:47:50.276+0000] {subprocess.py:93} INFO - Data Ingested to Kafka!
[2025-03-17T17:47:50.430+0000] {subprocess.py:97} INFO - Command exited with return code 0
[2025-03-17T17:47:50.474+0000] {taskinstance.py:1138} INFO - Marking task as SUCCESS. dag_id=gen_data_daily, task_id=gen_data_daily, execution_date=20250301T220000, start_date=20250317T174742, end_date=20250317T174750
[2025-03-17T17:47:50.510+0000] {local_task_job_runner.py:234} INFO - Task exited with return code 0
[2025-03-17T17:47:50.532+0000] {taskinstance.py:3281} INFO - 0 downstream tasks scheduled from follow-on schedule check
