[2025-03-15T06:49:12.437+0000] {taskinstance.py:1957} INFO - Dependencies all met for dep_context=non-requeueable deps ti=<TaskInstance: gen_data_daily.run_script scheduled__2025-03-13T22:00:00+00:00 [queued]>
[2025-03-15T06:49:12.452+0000] {taskinstance.py:1957} INFO - Dependencies all met for dep_context=requeueable deps ti=<TaskInstance: gen_data_daily.run_script scheduled__2025-03-13T22:00:00+00:00 [queued]>
[2025-03-15T06:49:12.452+0000] {taskinstance.py:2171} INFO - Starting attempt 3 of 4
[2025-03-15T06:49:12.469+0000] {taskinstance.py:2192} INFO - Executing <Task(BashOperator): run_script> on 2025-03-13 22:00:00+00:00
[2025-03-15T06:49:12.477+0000] {standard_task_runner.py:60} INFO - Started process 1444 to run task
[2025-03-15T06:49:12.481+0000] {standard_task_runner.py:87} INFO - Running: ['***', 'tasks', 'run', 'gen_data_daily', 'run_script', 'scheduled__2025-03-13T22:00:00+00:00', '--job-id', '11', '--raw', '--subdir', 'DAGS_FOLDER/gen_data_daily.py', '--cfg-path', '/tmp/tmp6uxf6x8z']
[2025-03-15T06:49:12.483+0000] {standard_task_runner.py:88} INFO - Job 11: Subtask run_script
[2025-03-15T06:49:12.560+0000] {task_command.py:423} INFO - Running <TaskInstance: gen_data_daily.run_script scheduled__2025-03-13T22:00:00+00:00 [running]> on host e9f75e17acd8
[2025-03-15T06:49:12.692+0000] {taskinstance.py:2481} INFO - Exporting env vars: AIRFLOW_CTX_DAG_OWNER='longnv' AIRFLOW_CTX_DAG_ID='gen_data_daily' AIRFLOW_CTX_TASK_ID='run_script' AIRFLOW_CTX_EXECUTION_DATE='2025-03-13T22:00:00+00:00' AIRFLOW_CTX_TRY_NUMBER='3' AIRFLOW_CTX_DAG_RUN_ID='scheduled__2025-03-13T22:00:00+00:00'
[2025-03-15T06:49:12.694+0000] {subprocess.py:63} INFO - Tmp dir root location: /tmp
[2025-03-15T06:49:12.695+0000] {subprocess.py:75} INFO - Running command: ['/usr/bin/bash', '-c', '\n        python /opt/***/external_scripts/gen_transaction_data.py 2025-03-14\n        ']
[2025-03-15T06:49:12.713+0000] {subprocess.py:86} INFO - Output:
[2025-03-15T06:49:13.444+0000] {subprocess.py:93} INFO - INFO:kafka.conn:<BrokerConnection node_id=bootstrap-0 host=kafka:29092 <connecting> [IPv4 ('172.18.0.10', 29092)]>: connecting to kafka:29092 [('172.18.0.10', 29092) IPv4]
[2025-03-15T06:49:13.445+0000] {subprocess.py:93} INFO - INFO:kafka.conn:Probing node bootstrap-0 broker version
[2025-03-15T06:49:13.445+0000] {subprocess.py:93} INFO - INFO:kafka.conn:<BrokerConnection node_id=bootstrap-0 host=kafka:29092 <connecting> [IPv4 ('172.18.0.10', 29092)]>: Connection complete.
[2025-03-15T06:49:13.551+0000] {subprocess.py:93} INFO - INFO:kafka.conn:Broker version identified as 2.5.0
[2025-03-15T06:49:13.551+0000] {subprocess.py:93} INFO - INFO:kafka.conn:Set configuration api_version=(2, 5, 0) to skip auto check_version requests on startup
[2025-03-15T06:49:13.551+0000] {subprocess.py:93} INFO - INFO:kafka.conn:Probing node bootstrap-0 broker version
[2025-03-15T06:49:13.657+0000] {subprocess.py:93} INFO - INFO:kafka.conn:Broker version identified as 2.5.0
[2025-03-15T06:49:13.657+0000] {subprocess.py:93} INFO - INFO:kafka.conn:Set configuration api_version=(2, 5, 0) to skip auto check_version requests on startup
[2025-03-15T06:49:13.663+0000] {subprocess.py:93} INFO - INFO:kafka.conn:<BrokerConnection node_id=1 host=kafka:29092 <connecting> [IPv4 ('172.18.0.10', 29092)]>: connecting to kafka:29092 [('172.18.0.10', 29092) IPv4]
[2025-03-15T06:49:13.663+0000] {subprocess.py:93} INFO - INFO:kafka.conn:Probing node 1 broker version
[2025-03-15T06:49:13.664+0000] {subprocess.py:93} INFO - INFO:kafka.conn:<BrokerConnection node_id=1 host=kafka:29092 <connecting> [IPv4 ('172.18.0.10', 29092)]>: Connection complete.
[2025-03-15T06:49:13.664+0000] {subprocess.py:93} INFO - INFO:kafka.conn:<BrokerConnection node_id=bootstrap-0 host=kafka:29092 <connected> [IPv4 ('172.18.0.10', 29092)]>: Closing connection.
[2025-03-15T06:49:13.771+0000] {subprocess.py:93} INFO - INFO:kafka.conn:Broker version identified as 2.5.0
[2025-03-15T06:49:13.772+0000] {subprocess.py:93} INFO - INFO:kafka.conn:Set configuration api_version=(2, 5, 0) to skip auto check_version requests on startup
[2025-03-15T06:49:13.778+0000] {subprocess.py:93} INFO - INFO:kafka.conn:<BrokerConnection node_id=bootstrap-0 host=kafka:29092 <connecting> [IPv4 ('172.18.0.10', 29092)]>: connecting to kafka:29092 [('172.18.0.10', 29092) IPv4]
[2025-03-15T06:49:13.778+0000] {subprocess.py:93} INFO - INFO:kafka.conn:Probing node bootstrap-0 broker version
[2025-03-15T06:49:13.779+0000] {subprocess.py:93} INFO - INFO:kafka.conn:<BrokerConnection node_id=bootstrap-0 host=kafka:29092 <connecting> [IPv4 ('172.18.0.10', 29092)]>: Connection complete.
[2025-03-15T06:49:13.887+0000] {subprocess.py:93} INFO - INFO:kafka.conn:Broker version identified as 2.5.0
[2025-03-15T06:49:13.888+0000] {subprocess.py:93} INFO - INFO:kafka.conn:Set configuration api_version=(2, 5, 0) to skip auto check_version requests on startup
[2025-03-15T06:49:13.986+0000] {subprocess.py:93} INFO - INFO:kafka.conn:<BrokerConnection node_id=1 host=kafka:29092 <connecting> [IPv4 ('172.18.0.10', 29092)]>: connecting to kafka:29092 [('172.18.0.10', 29092) IPv4]
[2025-03-15T06:49:13.987+0000] {subprocess.py:93} INFO - INFO:kafka.conn:<BrokerConnection node_id=1 host=kafka:29092 <connecting> [IPv4 ('172.18.0.10', 29092)]>: Connection complete.
[2025-03-15T06:49:13.987+0000] {subprocess.py:93} INFO - INFO:kafka.conn:<BrokerConnection node_id=bootstrap-0 host=kafka:29092 <connected> [IPv4 ('172.18.0.10', 29092)]>: Closing connection.
[2025-03-15T06:49:13.996+0000] {subprocess.py:93} INFO - INFO:__main__:Processed batch of 100 messages
[2025-03-15T06:49:14.011+0000] {subprocess.py:93} INFO - INFO:__main__:Processed batch of 100 messages
[2025-03-15T06:49:14.023+0000] {subprocess.py:93} INFO - INFO:__main__:Processed batch of 100 messages
[2025-03-15T06:49:14.035+0000] {subprocess.py:93} INFO - INFO:__main__:Processed batch of 100 messages
[2025-03-15T06:49:14.050+0000] {subprocess.py:93} INFO - INFO:__main__:Processed batch of 100 messages
[2025-03-15T06:49:14.065+0000] {subprocess.py:93} INFO - INFO:__main__:Processed batch of 100 messages
[2025-03-15T06:49:14.080+0000] {subprocess.py:93} INFO - INFO:__main__:Processed batch of 100 messages
[2025-03-15T06:49:14.096+0000] {subprocess.py:93} INFO - INFO:__main__:Processed batch of 100 messages
[2025-03-15T06:49:14.112+0000] {subprocess.py:93} INFO - INFO:__main__:Processed batch of 100 messages
[2025-03-15T06:49:14.128+0000] {subprocess.py:93} INFO - INFO:__main__:Processed batch of 100 messages
[2025-03-15T06:49:14.142+0000] {subprocess.py:93} INFO - INFO:__main__:Processed batch of 100 messages
[2025-03-15T06:49:14.165+0000] {subprocess.py:93} INFO - INFO:__main__:Processed batch of 100 messages
[2025-03-15T06:49:14.182+0000] {subprocess.py:93} INFO - INFO:__main__:Processed batch of 100 messages
[2025-03-15T06:49:14.197+0000] {subprocess.py:93} INFO - INFO:__main__:Processed batch of 100 messages
[2025-03-15T06:49:14.211+0000] {subprocess.py:93} INFO - INFO:__main__:Processed batch of 100 messages
[2025-03-15T06:49:14.228+0000] {subprocess.py:93} INFO - INFO:__main__:Processed batch of 100 messages
[2025-03-15T06:49:14.248+0000] {subprocess.py:93} INFO - INFO:__main__:Processed batch of 100 messages
[2025-03-15T06:49:14.268+0000] {subprocess.py:93} INFO - INFO:__main__:Processed batch of 100 messages
[2025-03-15T06:49:14.281+0000] {subprocess.py:93} INFO - INFO:__main__:Processed batch of 100 messages
[2025-03-15T06:49:14.302+0000] {subprocess.py:93} INFO - INFO:__main__:Processed batch of 100 messages
[2025-03-15T06:49:14.318+0000] {subprocess.py:93} INFO - INFO:__main__:Processed batch of 100 messages
[2025-03-15T06:49:14.331+0000] {subprocess.py:93} INFO - INFO:__main__:Processed batch of 100 messages
[2025-03-15T06:49:14.343+0000] {subprocess.py:93} INFO - INFO:__main__:Processed batch of 100 messages
[2025-03-15T06:49:14.356+0000] {subprocess.py:93} INFO - INFO:__main__:Processed batch of 100 messages
[2025-03-15T06:49:14.375+0000] {subprocess.py:93} INFO - INFO:__main__:Processed batch of 100 messages
[2025-03-15T06:49:14.392+0000] {subprocess.py:93} INFO - INFO:__main__:Processed batch of 100 messages
[2025-03-15T06:49:14.418+0000] {subprocess.py:93} INFO - INFO:__main__:Processed batch of 100 messages
[2025-03-15T06:49:14.433+0000] {subprocess.py:93} INFO - INFO:__main__:Processed batch of 100 messages
[2025-03-15T06:49:14.474+0000] {subprocess.py:93} INFO - INFO:__main__:Processed batch of 100 messages
[2025-03-15T06:49:14.486+0000] {subprocess.py:93} INFO - INFO:__main__:Processed batch of 100 messages
[2025-03-15T06:49:14.515+0000] {subprocess.py:93} INFO - INFO:__main__:Processed batch of 100 messages
[2025-03-15T06:49:14.530+0000] {subprocess.py:93} INFO - INFO:__main__:Processed batch of 100 messages
[2025-03-15T06:49:14.542+0000] {subprocess.py:93} INFO - INFO:__main__:Processed batch of 100 messages
[2025-03-15T06:49:14.561+0000] {subprocess.py:93} INFO - INFO:__main__:Processed batch of 100 messages
[2025-03-15T06:49:14.575+0000] {subprocess.py:93} INFO - INFO:__main__:Processed batch of 100 messages
[2025-03-15T06:49:14.597+0000] {subprocess.py:93} INFO - INFO:__main__:Processed batch of 100 messages
[2025-03-15T06:49:14.621+0000] {subprocess.py:93} INFO - INFO:__main__:Processed batch of 100 messages
[2025-03-15T06:49:14.644+0000] {subprocess.py:93} INFO - INFO:__main__:Processed batch of 100 messages
[2025-03-15T06:49:14.683+0000] {subprocess.py:93} INFO - INFO:__main__:Processed batch of 100 messages
[2025-03-15T06:49:14.714+0000] {subprocess.py:93} INFO - INFO:__main__:Processed batch of 100 messages
[2025-03-15T06:49:14.757+0000] {subprocess.py:93} INFO - INFO:__main__:Processed batch of 100 messages
[2025-03-15T06:49:14.795+0000] {subprocess.py:93} INFO - INFO:__main__:Processed batch of 100 messages
[2025-03-15T06:49:14.829+0000] {subprocess.py:93} INFO - INFO:__main__:Processed batch of 100 messages
[2025-03-15T06:49:14.856+0000] {subprocess.py:93} INFO - INFO:__main__:Processed batch of 100 messages
[2025-03-15T06:49:14.880+0000] {subprocess.py:93} INFO - INFO:__main__:Processed batch of 100 messages
[2025-03-15T06:49:14.906+0000] {subprocess.py:93} INFO - INFO:__main__:Processed batch of 100 messages
[2025-03-15T06:49:14.939+0000] {subprocess.py:93} INFO - INFO:__main__:Processed batch of 100 messages
[2025-03-15T06:49:14.976+0000] {subprocess.py:93} INFO - INFO:__main__:Processed batch of 100 messages
[2025-03-15T06:49:14.994+0000] {subprocess.py:93} INFO - INFO:__main__:Processed batch of 100 messages
[2025-03-15T06:49:15.017+0000] {subprocess.py:93} INFO - INFO:__main__:Processed batch of 100 messages
[2025-03-15T06:49:15.038+0000] {subprocess.py:93} INFO - INFO:__main__:Processed batch of 100 messages
[2025-03-15T06:49:15.087+0000] {subprocess.py:93} INFO - INFO:__main__:Processed batch of 100 messages
[2025-03-15T06:49:15.108+0000] {subprocess.py:93} INFO - INFO:__main__:Processed batch of 100 messages
[2025-03-15T06:49:15.141+0000] {subprocess.py:93} INFO - INFO:__main__:Processed batch of 100 messages
[2025-03-15T06:49:15.166+0000] {subprocess.py:93} INFO - INFO:__main__:Processed batch of 100 messages
[2025-03-15T06:49:15.188+0000] {subprocess.py:93} INFO - INFO:__main__:Processed batch of 100 messages
[2025-03-15T06:49:15.215+0000] {subprocess.py:93} INFO - INFO:__main__:Processed batch of 100 messages
[2025-03-15T06:49:15.251+0000] {subprocess.py:93} INFO - INFO:__main__:Processed batch of 100 messages
[2025-03-15T06:49:15.277+0000] {subprocess.py:93} INFO - INFO:__main__:Processed batch of 100 messages
[2025-03-15T06:49:15.300+0000] {subprocess.py:93} INFO - INFO:__main__:Processed batch of 100 messages
[2025-03-15T06:49:15.336+0000] {subprocess.py:93} INFO - INFO:__main__:Processed batch of 100 messages
[2025-03-15T06:49:15.356+0000] {subprocess.py:93} INFO - INFO:__main__:Processed batch of 100 messages
[2025-03-15T06:49:15.408+0000] {subprocess.py:93} INFO - INFO:__main__:Processed batch of 100 messages
[2025-03-15T06:49:15.441+0000] {subprocess.py:93} INFO - INFO:__main__:Processed batch of 100 messages
[2025-03-15T06:49:15.455+0000] {subprocess.py:93} INFO - INFO:__main__:Processed batch of 100 messages
[2025-03-15T06:49:15.467+0000] {subprocess.py:93} INFO - INFO:__main__:Processed batch of 100 messages
[2025-03-15T06:49:15.481+0000] {subprocess.py:93} INFO - INFO:__main__:Processed batch of 100 messages
[2025-03-15T06:49:15.499+0000] {subprocess.py:93} INFO - INFO:__main__:Processed batch of 100 messages
[2025-03-15T06:49:15.513+0000] {subprocess.py:93} INFO - INFO:__main__:Processed batch of 100 messages
[2025-03-15T06:49:15.531+0000] {subprocess.py:93} INFO - INFO:__main__:Processed batch of 100 messages
[2025-03-15T06:49:15.549+0000] {subprocess.py:93} INFO - INFO:__main__:Processed batch of 100 messages
[2025-03-15T06:49:15.566+0000] {subprocess.py:93} INFO - INFO:__main__:Processed batch of 100 messages
[2025-03-15T06:49:15.580+0000] {subprocess.py:93} INFO - INFO:__main__:Processed batch of 100 messages
[2025-03-15T06:49:15.591+0000] {subprocess.py:93} INFO - INFO:__main__:Processed batch of 100 messages
[2025-03-15T06:49:15.606+0000] {subprocess.py:93} INFO - INFO:__main__:Processed batch of 100 messages
[2025-03-15T06:49:15.626+0000] {subprocess.py:93} INFO - INFO:__main__:Processed batch of 100 messages
[2025-03-15T06:49:15.648+0000] {subprocess.py:93} INFO - INFO:__main__:Processed batch of 100 messages
[2025-03-15T06:49:15.662+0000] {subprocess.py:93} INFO - INFO:__main__:Processed batch of 100 messages
[2025-03-15T06:49:15.674+0000] {subprocess.py:93} INFO - INFO:__main__:Processed batch of 100 messages
[2025-03-15T06:49:15.689+0000] {subprocess.py:93} INFO - INFO:__main__:Processed batch of 100 messages
[2025-03-15T06:49:15.703+0000] {subprocess.py:93} INFO - INFO:__main__:Processed batch of 100 messages
[2025-03-15T06:49:15.721+0000] {subprocess.py:93} INFO - INFO:__main__:Processed batch of 100 messages
[2025-03-15T06:49:15.739+0000] {subprocess.py:93} INFO - INFO:__main__:Processed batch of 100 messages
[2025-03-15T06:49:15.750+0000] {subprocess.py:93} INFO - INFO:__main__:Processed batch of 100 messages
[2025-03-15T06:49:15.781+0000] {subprocess.py:93} INFO - INFO:__main__:Processed batch of 100 messages
[2025-03-15T06:49:15.803+0000] {subprocess.py:93} INFO - INFO:__main__:Processed batch of 100 messages
[2025-03-15T06:49:15.835+0000] {subprocess.py:93} INFO - INFO:__main__:Processed batch of 100 messages
[2025-03-15T06:49:15.855+0000] {subprocess.py:93} INFO - INFO:__main__:Processed batch of 100 messages
[2025-03-15T06:49:15.883+0000] {subprocess.py:93} INFO - INFO:__main__:Processed batch of 100 messages
[2025-03-15T06:49:15.900+0000] {subprocess.py:93} INFO - INFO:__main__:Processed batch of 100 messages
[2025-03-15T06:49:15.952+0000] {subprocess.py:93} INFO - INFO:__main__:Processed batch of 100 messages
[2025-03-15T06:49:15.994+0000] {subprocess.py:93} INFO - INFO:__main__:Processed batch of 100 messages
[2025-03-15T06:49:16.018+0000] {subprocess.py:93} INFO - INFO:__main__:Processed batch of 100 messages
[2025-03-15T06:49:16.050+0000] {subprocess.py:93} INFO - INFO:__main__:Processed batch of 100 messages
[2025-03-15T06:49:16.065+0000] {subprocess.py:93} INFO - INFO:__main__:Processed batch of 100 messages
[2025-03-15T06:49:16.077+0000] {subprocess.py:93} INFO - INFO:__main__:Processed batch of 100 messages
[2025-03-15T06:49:16.091+0000] {subprocess.py:93} INFO - INFO:__main__:Processed batch of 100 messages
[2025-03-15T06:49:16.107+0000] {subprocess.py:93} INFO - INFO:__main__:Processed batch of 100 messages
[2025-03-15T06:49:16.122+0000] {subprocess.py:93} INFO - INFO:__main__:Processed batch of 100 messages
[2025-03-15T06:49:16.141+0000] {subprocess.py:93} INFO - INFO:__main__:Processed batch of 100 messages
[2025-03-15T06:49:16.157+0000] {subprocess.py:93} INFO - INFO:__main__:Processed batch of 100 messages
[2025-03-15T06:49:16.171+0000] {subprocess.py:93} INFO - INFO:__main__:Processed batch of 100 messages
[2025-03-15T06:49:16.185+0000] {subprocess.py:93} INFO - INFO:__main__:Processed batch of 100 messages
[2025-03-15T06:49:16.198+0000] {subprocess.py:93} INFO - INFO:__main__:Processed batch of 100 messages
[2025-03-15T06:49:16.213+0000] {subprocess.py:93} INFO - INFO:__main__:Processed batch of 100 messages
[2025-03-15T06:49:16.224+0000] {subprocess.py:93} INFO - INFO:__main__:Processed batch of 100 messages
[2025-03-15T06:49:16.237+0000] {subprocess.py:93} INFO - INFO:__main__:Processed batch of 100 messages
[2025-03-15T06:49:16.249+0000] {subprocess.py:93} INFO - INFO:__main__:Processed batch of 100 messages
[2025-03-15T06:49:16.258+0000] {subprocess.py:93} INFO - INFO:__main__:Processed batch of 100 messages
[2025-03-15T06:49:16.267+0000] {subprocess.py:93} INFO - INFO:__main__:Processed batch of 100 messages
[2025-03-15T06:49:16.285+0000] {subprocess.py:93} INFO - INFO:__main__:Processed batch of 100 messages
[2025-03-15T06:49:16.306+0000] {subprocess.py:93} INFO - INFO:__main__:Processed batch of 100 messages
[2025-03-15T06:49:16.332+0000] {subprocess.py:93} INFO - INFO:__main__:Processed batch of 100 messages
[2025-03-15T06:49:16.344+0000] {subprocess.py:93} INFO - INFO:__main__:Processed batch of 100 messages
[2025-03-15T06:49:16.353+0000] {subprocess.py:93} INFO - INFO:__main__:Processed batch of 100 messages
[2025-03-15T06:49:16.377+0000] {subprocess.py:93} INFO - INFO:__main__:Processed batch of 100 messages
[2025-03-15T06:49:16.394+0000] {subprocess.py:93} INFO - INFO:__main__:Processed batch of 100 messages
[2025-03-15T06:49:16.411+0000] {subprocess.py:93} INFO - INFO:__main__:Processed batch of 100 messages
[2025-03-15T06:49:16.429+0000] {subprocess.py:93} INFO - INFO:__main__:Processed batch of 100 messages
[2025-03-15T06:49:16.444+0000] {subprocess.py:93} INFO - INFO:__main__:Processed batch of 100 messages
[2025-03-15T06:49:16.464+0000] {subprocess.py:93} INFO - INFO:__main__:Processed batch of 100 messages
[2025-03-15T06:49:16.480+0000] {subprocess.py:93} INFO - INFO:__main__:Processed batch of 100 messages
[2025-03-15T06:49:16.496+0000] {subprocess.py:93} INFO - INFO:__main__:Processed batch of 100 messages
[2025-03-15T06:49:16.523+0000] {subprocess.py:93} INFO - INFO:__main__:Processed batch of 100 messages
[2025-03-15T06:49:16.542+0000] {subprocess.py:93} INFO - INFO:__main__:Processed batch of 100 messages
[2025-03-15T06:49:16.558+0000] {subprocess.py:93} INFO - INFO:__main__:Processed batch of 100 messages
[2025-03-15T06:49:16.577+0000] {subprocess.py:93} INFO - INFO:__main__:Processed batch of 100 messages
[2025-03-15T06:49:16.595+0000] {subprocess.py:93} INFO - INFO:__main__:Processed batch of 100 messages
[2025-03-15T06:49:16.609+0000] {subprocess.py:93} INFO - INFO:__main__:Processed batch of 100 messages
[2025-03-15T06:49:16.622+0000] {subprocess.py:93} INFO - INFO:__main__:Processed batch of 100 messages
[2025-03-15T06:49:16.633+0000] {subprocess.py:93} INFO - INFO:__main__:Processed batch of 100 messages
[2025-03-15T06:49:16.648+0000] {subprocess.py:93} INFO - INFO:__main__:Processed batch of 100 messages
[2025-03-15T06:49:16.661+0000] {subprocess.py:93} INFO - INFO:__main__:Processed batch of 100 messages
[2025-03-15T06:49:16.673+0000] {subprocess.py:93} INFO - INFO:__main__:Processed batch of 100 messages
[2025-03-15T06:49:16.689+0000] {subprocess.py:93} INFO - INFO:__main__:Processed batch of 100 messages
[2025-03-15T06:49:16.700+0000] {subprocess.py:93} INFO - INFO:__main__:Processed batch of 100 messages
[2025-03-15T06:49:16.712+0000] {subprocess.py:93} INFO - INFO:__main__:Processed batch of 100 messages
[2025-03-15T06:49:16.724+0000] {subprocess.py:93} INFO - INFO:__main__:Processed batch of 100 messages
[2025-03-15T06:49:16.737+0000] {subprocess.py:93} INFO - INFO:__main__:Processed batch of 100 messages
[2025-03-15T06:49:16.745+0000] {subprocess.py:93} INFO - INFO:__main__:Processed batch of 100 messages
[2025-03-15T06:49:16.758+0000] {subprocess.py:93} INFO - INFO:__main__:Processed batch of 100 messages
[2025-03-15T06:49:16.778+0000] {subprocess.py:93} INFO - INFO:__main__:Processed batch of 100 messages
[2025-03-15T06:49:16.796+0000] {subprocess.py:93} INFO - INFO:__main__:Processed batch of 100 messages
[2025-03-15T06:49:16.813+0000] {subprocess.py:93} INFO - INFO:__main__:Processed batch of 100 messages
[2025-03-15T06:49:16.829+0000] {subprocess.py:93} INFO - INFO:__main__:Processed batch of 100 messages
[2025-03-15T06:49:16.843+0000] {subprocess.py:93} INFO - INFO:__main__:Processed batch of 100 messages
[2025-03-15T06:49:16.857+0000] {subprocess.py:93} INFO - INFO:__main__:Processed batch of 100 messages
[2025-03-15T06:49:16.873+0000] {subprocess.py:93} INFO - INFO:__main__:Processed batch of 100 messages
[2025-03-15T06:49:16.894+0000] {subprocess.py:93} INFO - INFO:__main__:Processed batch of 100 messages
[2025-03-15T06:49:16.905+0000] {subprocess.py:93} INFO - INFO:__main__:Processed batch of 100 messages
[2025-03-15T06:49:16.922+0000] {subprocess.py:93} INFO - INFO:__main__:Processed batch of 100 messages
[2025-03-15T06:49:16.943+0000] {subprocess.py:93} INFO - INFO:__main__:Processed batch of 100 messages
[2025-03-15T06:49:16.956+0000] {subprocess.py:93} INFO - INFO:__main__:Processed batch of 100 messages
[2025-03-15T06:49:16.967+0000] {subprocess.py:93} INFO - INFO:__main__:Processed batch of 100 messages
[2025-03-15T06:49:16.981+0000] {subprocess.py:93} INFO - INFO:__main__:Processed batch of 100 messages
[2025-03-15T06:49:16.998+0000] {subprocess.py:93} INFO - INFO:__main__:Processed batch of 100 messages
[2025-03-15T06:49:17.010+0000] {subprocess.py:93} INFO - INFO:__main__:Processed batch of 100 messages
[2025-03-15T06:49:17.025+0000] {subprocess.py:93} INFO - INFO:__main__:Processed batch of 100 messages
[2025-03-15T06:49:17.040+0000] {subprocess.py:93} INFO - INFO:__main__:Processed batch of 100 messages
[2025-03-15T06:49:17.051+0000] {subprocess.py:93} INFO - INFO:__main__:Processed batch of 100 messages
[2025-03-15T06:49:17.066+0000] {subprocess.py:93} INFO - INFO:__main__:Processed batch of 100 messages
[2025-03-15T06:49:17.077+0000] {subprocess.py:93} INFO - INFO:__main__:Processed batch of 100 messages
[2025-03-15T06:49:17.094+0000] {subprocess.py:93} INFO - INFO:__main__:Processed batch of 100 messages
[2025-03-15T06:49:17.108+0000] {subprocess.py:93} INFO - INFO:__main__:Processed batch of 100 messages
[2025-03-15T06:49:17.124+0000] {subprocess.py:93} INFO - INFO:__main__:Processed batch of 100 messages
[2025-03-15T06:49:17.137+0000] {subprocess.py:93} INFO - INFO:__main__:Processed batch of 100 messages
[2025-03-15T06:49:17.149+0000] {subprocess.py:93} INFO - INFO:__main__:Processed batch of 100 messages
[2025-03-15T06:49:17.162+0000] {subprocess.py:93} INFO - INFO:__main__:Processed batch of 100 messages
[2025-03-15T06:49:17.188+0000] {subprocess.py:93} INFO - INFO:__main__:Processed batch of 100 messages
[2025-03-15T06:49:17.206+0000] {subprocess.py:93} INFO - INFO:__main__:Processed batch of 100 messages
[2025-03-15T06:49:17.218+0000] {subprocess.py:93} INFO - INFO:__main__:Processed batch of 100 messages
[2025-03-15T06:49:17.235+0000] {subprocess.py:93} INFO - INFO:__main__:Processed batch of 100 messages
[2025-03-15T06:49:17.254+0000] {subprocess.py:93} INFO - INFO:__main__:Processed batch of 100 messages
[2025-03-15T06:49:17.269+0000] {subprocess.py:93} INFO - INFO:__main__:Processed batch of 100 messages
[2025-03-15T06:49:17.293+0000] {subprocess.py:93} INFO - INFO:__main__:Processed batch of 100 messages
[2025-03-15T06:49:17.341+0000] {subprocess.py:93} INFO - INFO:__main__:Processed batch of 100 messages
[2025-03-15T06:49:17.367+0000] {subprocess.py:93} INFO - INFO:__main__:Processed batch of 100 messages
[2025-03-15T06:49:17.405+0000] {subprocess.py:93} INFO - INFO:__main__:Processed batch of 100 messages
[2025-03-15T06:49:17.439+0000] {subprocess.py:93} INFO - INFO:__main__:Processed batch of 100 messages
[2025-03-15T06:49:17.474+0000] {subprocess.py:93} INFO - INFO:__main__:Processed batch of 100 messages
[2025-03-15T06:49:17.516+0000] {subprocess.py:93} INFO - INFO:__main__:Processed batch of 100 messages
[2025-03-15T06:49:17.561+0000] {subprocess.py:93} INFO - INFO:__main__:Processed batch of 100 messages
[2025-03-15T06:49:17.575+0000] {subprocess.py:93} INFO - INFO:__main__:Processed batch of 100 messages
[2025-03-15T06:49:17.607+0000] {subprocess.py:93} INFO - INFO:__main__:Processed batch of 100 messages
[2025-03-15T06:49:17.624+0000] {subprocess.py:93} INFO - INFO:__main__:Processed batch of 100 messages
[2025-03-15T06:49:17.668+0000] {subprocess.py:93} INFO - INFO:__main__:Processed batch of 100 messages
[2025-03-15T06:49:17.711+0000] {subprocess.py:93} INFO - INFO:__main__:Processed batch of 100 messages
[2025-03-15T06:49:17.728+0000] {subprocess.py:93} INFO - INFO:__main__:Processed batch of 100 messages
[2025-03-15T06:49:17.744+0000] {subprocess.py:93} INFO - INFO:__main__:Processed batch of 100 messages
[2025-03-15T06:49:17.760+0000] {subprocess.py:93} INFO - INFO:__main__:Processed batch of 100 messages
[2025-03-15T06:49:17.777+0000] {subprocess.py:93} INFO - INFO:__main__:Processed batch of 100 messages
[2025-03-15T06:49:17.793+0000] {subprocess.py:93} INFO - INFO:__main__:Processed batch of 100 messages
[2025-03-15T06:49:17.811+0000] {subprocess.py:93} INFO - INFO:__main__:Processed batch of 100 messages
[2025-03-15T06:49:17.825+0000] {subprocess.py:93} INFO - INFO:__main__:Processed batch of 100 messages
[2025-03-15T06:49:17.842+0000] {subprocess.py:93} INFO - INFO:__main__:Processed batch of 100 messages
[2025-03-15T06:49:17.854+0000] {subprocess.py:93} INFO - INFO:__main__:Processed batch of 100 messages
[2025-03-15T06:49:17.871+0000] {subprocess.py:93} INFO - INFO:__main__:Processed batch of 100 messages
[2025-03-15T06:49:17.887+0000] {subprocess.py:93} INFO - INFO:__main__:Processed batch of 100 messages
[2025-03-15T06:49:17.910+0000] {subprocess.py:93} INFO - INFO:__main__:Processed batch of 100 messages
[2025-03-15T06:49:17.948+0000] {subprocess.py:93} INFO - INFO:__main__:Processed batch of 100 messages
[2025-03-15T06:49:17.948+0000] {subprocess.py:93} INFO - INFO:__main__:Successfully sent 20000 messages to topic transaction_data
[2025-03-15T06:49:17.948+0000] {subprocess.py:93} INFO - INFO:kafka.producer.kafka:Closing the Kafka producer with 9223372036.0 secs timeout.
[2025-03-15T06:49:17.949+0000] {subprocess.py:93} INFO - INFO:kafka.conn:<BrokerConnection node_id=1 host=kafka:29092 <connected> [IPv4 ('172.18.0.10', 29092)]>: Closing connection.
[2025-03-15T06:49:18.030+0000] {subprocess.py:93} INFO - /home/***/.local/lib/python3.8/site-packages/pyspark/bin/spark-class: line 71: /usr/lib/jvm/java-default/bin/java: No such file or directory
[2025-03-15T06:49:18.031+0000] {subprocess.py:93} INFO - /home/***/.local/lib/python3.8/site-packages/pyspark/bin/spark-class: line 96: CMD: bad array subscript
[2025-03-15T06:49:18.069+0000] {subprocess.py:93} INFO - Data retrieved! (20000, 6)
[2025-03-15T06:49:18.070+0000] {subprocess.py:93} INFO - Data saved! /tmp/***tmpu6gi4744
[2025-03-15T06:49:18.070+0000] {subprocess.py:93} INFO - Topic creation issue (may already exist): [Error 36] TopicAlreadyExistsError: Request 'CreateTopicsRequest_v3(create_topic_requests=[(topic='transaction_data', num_partitions=1, replication_factor=1, replica_assignment=[], configs=[(config_key='retention.ms', config_value='172800000')])], timeout=30000, validate_only=False)' failed with response 'CreateTopicsResponse_v3(throttle_time_ms=0, topic_errors=[(topic='transaction_data', error_code=36, error_message="Topic 'transaction_data' already exists.")])'.
[2025-03-15T06:49:18.070+0000] {subprocess.py:93} INFO - Data Ingested to Kafka!
[2025-03-15T06:49:18.074+0000] {subprocess.py:93} INFO - Traceback (most recent call last):
[2025-03-15T06:49:18.075+0000] {subprocess.py:93} INFO -   File "/opt/***/external_scripts/gen_transaction_data.py", line 168, in <module>
[2025-03-15T06:49:18.075+0000] {subprocess.py:93} INFO -     spark = SparkSession.builder \
[2025-03-15T06:49:18.075+0000] {subprocess.py:93} INFO -   File "/home/***/.local/lib/python3.8/site-packages/pyspark/sql/session.py", line 269, in getOrCreate
[2025-03-15T06:49:18.075+0000] {subprocess.py:93} INFO -     sc = SparkContext.getOrCreate(sparkConf)
[2025-03-15T06:49:18.075+0000] {subprocess.py:93} INFO -   File "/home/***/.local/lib/python3.8/site-packages/pyspark/context.py", line 483, in getOrCreate
[2025-03-15T06:49:18.076+0000] {subprocess.py:93} INFO -     SparkContext(conf=conf or SparkConf())
[2025-03-15T06:49:18.076+0000] {subprocess.py:93} INFO -   File "/home/***/.local/lib/python3.8/site-packages/pyspark/context.py", line 195, in __init__
[2025-03-15T06:49:18.076+0000] {subprocess.py:93} INFO -     SparkContext._ensure_initialized(self, gateway=gateway, conf=conf)
[2025-03-15T06:49:18.076+0000] {subprocess.py:93} INFO -   File "/home/***/.local/lib/python3.8/site-packages/pyspark/context.py", line 417, in _ensure_initialized
[2025-03-15T06:49:18.076+0000] {subprocess.py:93} INFO -     SparkContext._gateway = gateway or launch_gateway(conf)
[2025-03-15T06:49:18.076+0000] {subprocess.py:93} INFO -   File "/home/***/.local/lib/python3.8/site-packages/pyspark/java_gateway.py", line 106, in launch_gateway
[2025-03-15T06:49:18.077+0000] {subprocess.py:93} INFO -     raise RuntimeError("Java gateway process exited before sending its port number")
[2025-03-15T06:49:18.077+0000] {subprocess.py:93} INFO - RuntimeError: Java gateway process exited before sending its port number
[2025-03-15T06:49:18.240+0000] {subprocess.py:97} INFO - Command exited with return code 1
[2025-03-15T06:49:18.258+0000] {taskinstance.py:2699} ERROR - Task failed with exception
Traceback (most recent call last):
  File "/home/airflow/.local/lib/python3.8/site-packages/airflow/models/taskinstance.py", line 433, in _execute_task
    result = execute_callable(context=context, **execute_callable_kwargs)
  File "/home/airflow/.local/lib/python3.8/site-packages/airflow/operators/bash.py", line 212, in execute
    raise AirflowException(
airflow.exceptions.AirflowException: Bash command failed. The command returned a non-zero exit code 1.
[2025-03-15T06:49:18.262+0000] {taskinstance.py:1138} INFO - Marking task as UP_FOR_RETRY. dag_id=gen_data_daily, task_id=run_script, execution_date=20250313T220000, start_date=20250315T064912, end_date=20250315T064918
[2025-03-15T06:49:18.284+0000] {standard_task_runner.py:107} ERROR - Failed to execute job 11 for task run_script (Bash command failed. The command returned a non-zero exit code 1.; 1444)
[2025-03-15T06:49:18.299+0000] {local_task_job_runner.py:234} INFO - Task exited with return code 1
[2025-03-15T06:49:18.331+0000] {taskinstance.py:3281} INFO - 0 downstream tasks scheduled from follow-on schedule check
[2025-03-15T16:26:17.560+0000] {taskinstance.py:1957} INFO - Dependencies all met for dep_context=non-requeueable deps ti=<TaskInstance: gen_data_daily.run_script scheduled__2025-03-13T22:00:00+00:00 [queued]>
[2025-03-15T16:26:17.602+0000] {taskinstance.py:1957} INFO - Dependencies all met for dep_context=requeueable deps ti=<TaskInstance: gen_data_daily.run_script scheduled__2025-03-13T22:00:00+00:00 [queued]>
[2025-03-15T16:26:17.603+0000] {taskinstance.py:2171} INFO - Starting attempt 3 of 4
[2025-03-15T16:26:17.630+0000] {taskinstance.py:2192} INFO - Executing <Task(BashOperator): run_script> on 2025-03-13 22:00:00+00:00
[2025-03-15T16:26:17.641+0000] {standard_task_runner.py:60} INFO - Started process 498 to run task
[2025-03-15T16:26:17.646+0000] {standard_task_runner.py:87} INFO - Running: ['***', 'tasks', 'run', 'gen_data_daily', 'run_script', 'scheduled__2025-03-13T22:00:00+00:00', '--job-id', '8', '--raw', '--subdir', 'DAGS_FOLDER/gen_data_daily.py', '--cfg-path', '/tmp/tmpwwpobidp']
[2025-03-15T16:26:17.647+0000] {standard_task_runner.py:88} INFO - Job 8: Subtask run_script
[2025-03-15T16:26:17.742+0000] {task_command.py:423} INFO - Running <TaskInstance: gen_data_daily.run_script scheduled__2025-03-13T22:00:00+00:00 [running]> on host 1e3bcc32b6c1
[2025-03-15T16:26:17.966+0000] {taskinstance.py:2481} INFO - Exporting env vars: AIRFLOW_CTX_DAG_OWNER='longnv' AIRFLOW_CTX_DAG_ID='gen_data_daily' AIRFLOW_CTX_TASK_ID='run_script' AIRFLOW_CTX_EXECUTION_DATE='2025-03-13T22:00:00+00:00' AIRFLOW_CTX_TRY_NUMBER='3' AIRFLOW_CTX_DAG_RUN_ID='scheduled__2025-03-13T22:00:00+00:00'
[2025-03-15T16:26:17.974+0000] {subprocess.py:63} INFO - Tmp dir root location: /tmp
[2025-03-15T16:26:17.976+0000] {subprocess.py:75} INFO - Running command: ['/usr/bin/bash', '-c', '\n        python /opt/***/external_scripts/gen_transaction_data.py 2025-03-14\n        ']
[2025-03-15T16:26:18.001+0000] {subprocess.py:86} INFO - Output:
[2025-03-15T16:26:23.536+0000] {subprocess.py:93} INFO - INFO:kafka.conn:<BrokerConnection node_id=bootstrap-0 host=kafka:29092 <connecting> [IPv4 ('172.18.0.10', 29092)]>: connecting to kafka:29092 [('172.18.0.10', 29092) IPv4]
[2025-03-15T16:26:23.537+0000] {subprocess.py:93} INFO - INFO:kafka.conn:Probing node bootstrap-0 broker version
[2025-03-15T16:26:23.538+0000] {subprocess.py:93} INFO - INFO:kafka.conn:<BrokerConnection node_id=bootstrap-0 host=kafka:29092 <connecting> [IPv4 ('172.18.0.10', 29092)]>: Connection complete.
[2025-03-15T16:26:23.645+0000] {subprocess.py:93} INFO - INFO:kafka.conn:Broker version identified as 2.5.0
[2025-03-15T16:26:23.647+0000] {subprocess.py:93} INFO - INFO:kafka.conn:Set configuration api_version=(2, 5, 0) to skip auto check_version requests on startup
[2025-03-15T16:26:23.648+0000] {subprocess.py:93} INFO - INFO:kafka.conn:Probing node bootstrap-0 broker version
[2025-03-15T16:26:23.754+0000] {subprocess.py:93} INFO - INFO:kafka.conn:Broker version identified as 2.5.0
[2025-03-15T16:26:23.755+0000] {subprocess.py:93} INFO - INFO:kafka.conn:Set configuration api_version=(2, 5, 0) to skip auto check_version requests on startup
[2025-03-15T16:26:23.767+0000] {subprocess.py:93} INFO - INFO:kafka.conn:<BrokerConnection node_id=1 host=kafka:29092 <connecting> [IPv4 ('172.18.0.10', 29092)]>: connecting to kafka:29092 [('172.18.0.10', 29092) IPv4]
[2025-03-15T16:26:23.768+0000] {subprocess.py:93} INFO - INFO:kafka.conn:Probing node 1 broker version
[2025-03-15T16:26:23.768+0000] {subprocess.py:93} INFO - INFO:kafka.conn:<BrokerConnection node_id=1 host=kafka:29092 <connecting> [IPv4 ('172.18.0.10', 29092)]>: Connection complete.
[2025-03-15T16:26:23.768+0000] {subprocess.py:93} INFO - INFO:kafka.conn:<BrokerConnection node_id=bootstrap-0 host=kafka:29092 <connected> [IPv4 ('172.18.0.10', 29092)]>: Closing connection.
[2025-03-15T16:26:23.876+0000] {subprocess.py:93} INFO - INFO:kafka.conn:Broker version identified as 2.5.0
[2025-03-15T16:26:23.876+0000] {subprocess.py:93} INFO - INFO:kafka.conn:Set configuration api_version=(2, 5, 0) to skip auto check_version requests on startup
[2025-03-15T16:26:23.884+0000] {subprocess.py:93} INFO - INFO:kafka.conn:<BrokerConnection node_id=bootstrap-0 host=kafka:29092 <connecting> [IPv4 ('172.18.0.10', 29092)]>: connecting to kafka:29092 [('172.18.0.10', 29092) IPv4]
[2025-03-15T16:26:23.885+0000] {subprocess.py:93} INFO - INFO:kafka.conn:Probing node bootstrap-0 broker version
[2025-03-15T16:26:23.885+0000] {subprocess.py:93} INFO - INFO:kafka.conn:<BrokerConnection node_id=bootstrap-0 host=kafka:29092 <connecting> [IPv4 ('172.18.0.10', 29092)]>: Connection complete.
[2025-03-15T16:26:23.990+0000] {subprocess.py:93} INFO - INFO:kafka.conn:Broker version identified as 2.5.0
[2025-03-15T16:26:23.991+0000] {subprocess.py:93} INFO - INFO:kafka.conn:Set configuration api_version=(2, 5, 0) to skip auto check_version requests on startup
[2025-03-15T16:26:24.081+0000] {subprocess.py:93} INFO - INFO:kafka.conn:<BrokerConnection node_id=1 host=kafka:29092 <connecting> [IPv4 ('172.18.0.10', 29092)]>: connecting to kafka:29092 [('172.18.0.10', 29092) IPv4]
[2025-03-15T16:26:24.082+0000] {subprocess.py:93} INFO - INFO:kafka.conn:<BrokerConnection node_id=1 host=kafka:29092 <connecting> [IPv4 ('172.18.0.10', 29092)]>: Connection complete.
[2025-03-15T16:26:24.082+0000] {subprocess.py:93} INFO - INFO:kafka.conn:<BrokerConnection node_id=bootstrap-0 host=kafka:29092 <connected> [IPv4 ('172.18.0.10', 29092)]>: Closing connection.
[2025-03-15T16:26:24.093+0000] {subprocess.py:93} INFO - INFO:__main__:Processed batch of 100 messages
[2025-03-15T16:26:24.108+0000] {subprocess.py:93} INFO - INFO:__main__:Processed batch of 100 messages
[2025-03-15T16:26:24.121+0000] {subprocess.py:93} INFO - INFO:__main__:Processed batch of 100 messages
[2025-03-15T16:26:24.142+0000] {subprocess.py:93} INFO - INFO:__main__:Processed batch of 100 messages
[2025-03-15T16:26:24.156+0000] {subprocess.py:93} INFO - INFO:__main__:Processed batch of 100 messages
[2025-03-15T16:26:24.177+0000] {subprocess.py:93} INFO - INFO:__main__:Processed batch of 100 messages
[2025-03-15T16:26:24.194+0000] {subprocess.py:93} INFO - INFO:__main__:Processed batch of 100 messages
[2025-03-15T16:26:24.210+0000] {subprocess.py:93} INFO - INFO:__main__:Processed batch of 100 messages
[2025-03-15T16:26:24.230+0000] {subprocess.py:93} INFO - INFO:__main__:Processed batch of 100 messages
[2025-03-15T16:26:24.248+0000] {subprocess.py:93} INFO - INFO:__main__:Processed batch of 100 messages
[2025-03-15T16:26:24.267+0000] {subprocess.py:93} INFO - INFO:__main__:Processed batch of 100 messages
[2025-03-15T16:26:24.283+0000] {subprocess.py:93} INFO - INFO:__main__:Processed batch of 100 messages
[2025-03-15T16:26:24.296+0000] {subprocess.py:93} INFO - INFO:__main__:Processed batch of 100 messages
[2025-03-15T16:26:24.311+0000] {subprocess.py:93} INFO - INFO:__main__:Processed batch of 100 messages
[2025-03-15T16:26:24.325+0000] {subprocess.py:93} INFO - INFO:__main__:Processed batch of 100 messages
[2025-03-15T16:26:24.335+0000] {subprocess.py:93} INFO - INFO:__main__:Processed batch of 100 messages
[2025-03-15T16:26:24.351+0000] {subprocess.py:93} INFO - INFO:__main__:Processed batch of 100 messages
[2025-03-15T16:26:24.369+0000] {subprocess.py:93} INFO - INFO:__main__:Processed batch of 100 messages
[2025-03-15T16:26:24.389+0000] {subprocess.py:93} INFO - INFO:__main__:Processed batch of 100 messages
[2025-03-15T16:26:24.401+0000] {subprocess.py:93} INFO - INFO:__main__:Processed batch of 100 messages
[2025-03-15T16:26:24.413+0000] {subprocess.py:93} INFO - INFO:__main__:Processed batch of 100 messages
[2025-03-15T16:26:24.426+0000] {subprocess.py:93} INFO - INFO:__main__:Processed batch of 100 messages
[2025-03-15T16:26:24.437+0000] {subprocess.py:93} INFO - INFO:__main__:Processed batch of 100 messages
[2025-03-15T16:26:24.454+0000] {subprocess.py:93} INFO - INFO:__main__:Processed batch of 100 messages
[2025-03-15T16:26:24.487+0000] {subprocess.py:93} INFO - INFO:__main__:Processed batch of 100 messages
[2025-03-15T16:26:24.502+0000] {subprocess.py:93} INFO - INFO:__main__:Processed batch of 100 messages
[2025-03-15T16:26:24.521+0000] {subprocess.py:93} INFO - INFO:__main__:Processed batch of 100 messages
[2025-03-15T16:26:24.534+0000] {subprocess.py:93} INFO - INFO:__main__:Processed batch of 100 messages
[2025-03-15T16:26:24.547+0000] {subprocess.py:93} INFO - INFO:__main__:Processed batch of 100 messages
[2025-03-15T16:26:24.565+0000] {subprocess.py:93} INFO - INFO:__main__:Processed batch of 100 messages
[2025-03-15T16:26:24.579+0000] {subprocess.py:93} INFO - INFO:__main__:Processed batch of 100 messages
[2025-03-15T16:26:24.596+0000] {subprocess.py:93} INFO - INFO:__main__:Processed batch of 100 messages
[2025-03-15T16:26:24.611+0000] {subprocess.py:93} INFO - INFO:__main__:Processed batch of 100 messages
[2025-03-15T16:26:24.632+0000] {subprocess.py:93} INFO - INFO:__main__:Processed batch of 100 messages
[2025-03-15T16:26:24.646+0000] {subprocess.py:93} INFO - INFO:__main__:Processed batch of 100 messages
[2025-03-15T16:26:24.664+0000] {subprocess.py:93} INFO - INFO:__main__:Processed batch of 100 messages
[2025-03-15T16:26:24.678+0000] {subprocess.py:93} INFO - INFO:__main__:Processed batch of 100 messages
[2025-03-15T16:26:24.689+0000] {subprocess.py:93} INFO - INFO:__main__:Processed batch of 100 messages
[2025-03-15T16:26:24.704+0000] {subprocess.py:93} INFO - INFO:__main__:Processed batch of 100 messages
[2025-03-15T16:26:24.719+0000] {subprocess.py:93} INFO - INFO:__main__:Processed batch of 100 messages
[2025-03-15T16:26:24.733+0000] {subprocess.py:93} INFO - INFO:__main__:Processed batch of 100 messages
[2025-03-15T16:26:24.747+0000] {subprocess.py:93} INFO - INFO:__main__:Processed batch of 100 messages
[2025-03-15T16:26:24.767+0000] {subprocess.py:93} INFO - INFO:__main__:Processed batch of 100 messages
[2025-03-15T16:26:24.781+0000] {subprocess.py:93} INFO - INFO:__main__:Processed batch of 100 messages
[2025-03-15T16:26:24.795+0000] {subprocess.py:93} INFO - INFO:__main__:Processed batch of 100 messages
[2025-03-15T16:26:24.814+0000] {subprocess.py:93} INFO - INFO:__main__:Processed batch of 100 messages
[2025-03-15T16:26:24.835+0000] {subprocess.py:93} INFO - INFO:__main__:Processed batch of 100 messages
[2025-03-15T16:26:24.847+0000] {subprocess.py:93} INFO - INFO:__main__:Processed batch of 100 messages
[2025-03-15T16:26:24.863+0000] {subprocess.py:93} INFO - INFO:__main__:Processed batch of 100 messages
[2025-03-15T16:26:24.877+0000] {subprocess.py:93} INFO - INFO:__main__:Processed batch of 100 messages
[2025-03-15T16:26:24.893+0000] {subprocess.py:93} INFO - INFO:__main__:Processed batch of 100 messages
[2025-03-15T16:26:24.910+0000] {subprocess.py:93} INFO - INFO:__main__:Processed batch of 100 messages
[2025-03-15T16:26:24.926+0000] {subprocess.py:93} INFO - INFO:__main__:Processed batch of 100 messages
[2025-03-15T16:26:24.937+0000] {subprocess.py:93} INFO - INFO:__main__:Processed batch of 100 messages
[2025-03-15T16:26:24.951+0000] {subprocess.py:93} INFO - INFO:__main__:Processed batch of 100 messages
[2025-03-15T16:26:24.965+0000] {subprocess.py:93} INFO - INFO:__main__:Processed batch of 100 messages
[2025-03-15T16:26:24.978+0000] {subprocess.py:93} INFO - INFO:__main__:Processed batch of 100 messages
[2025-03-15T16:26:24.990+0000] {subprocess.py:93} INFO - INFO:__main__:Processed batch of 100 messages
[2025-03-15T16:26:25.009+0000] {subprocess.py:93} INFO - INFO:__main__:Processed batch of 100 messages
[2025-03-15T16:26:25.024+0000] {subprocess.py:93} INFO - INFO:__main__:Processed batch of 100 messages
[2025-03-15T16:26:25.042+0000] {subprocess.py:93} INFO - INFO:__main__:Processed batch of 100 messages
[2025-03-15T16:26:25.054+0000] {subprocess.py:93} INFO - INFO:__main__:Processed batch of 100 messages
[2025-03-15T16:26:25.065+0000] {subprocess.py:93} INFO - INFO:__main__:Processed batch of 100 messages
[2025-03-15T16:26:25.077+0000] {subprocess.py:93} INFO - INFO:__main__:Processed batch of 100 messages
[2025-03-15T16:26:25.088+0000] {subprocess.py:93} INFO - INFO:__main__:Processed batch of 100 messages
[2025-03-15T16:26:25.099+0000] {subprocess.py:93} INFO - INFO:__main__:Processed batch of 100 messages
[2025-03-15T16:26:25.112+0000] {subprocess.py:93} INFO - INFO:__main__:Processed batch of 100 messages
[2025-03-15T16:26:25.125+0000] {subprocess.py:93} INFO - INFO:__main__:Processed batch of 100 messages
[2025-03-15T16:26:25.139+0000] {subprocess.py:93} INFO - INFO:__main__:Processed batch of 100 messages
[2025-03-15T16:26:25.152+0000] {subprocess.py:93} INFO - INFO:__main__:Processed batch of 100 messages
[2025-03-15T16:26:25.169+0000] {subprocess.py:93} INFO - INFO:__main__:Processed batch of 100 messages
[2025-03-15T16:26:25.182+0000] {subprocess.py:93} INFO - INFO:__main__:Processed batch of 100 messages
[2025-03-15T16:26:25.196+0000] {subprocess.py:93} INFO - INFO:__main__:Processed batch of 100 messages
[2025-03-15T16:26:25.209+0000] {subprocess.py:93} INFO - INFO:__main__:Processed batch of 100 messages
[2025-03-15T16:26:25.225+0000] {subprocess.py:93} INFO - INFO:__main__:Processed batch of 100 messages
[2025-03-15T16:26:25.236+0000] {subprocess.py:93} INFO - INFO:__main__:Processed batch of 100 messages
[2025-03-15T16:26:25.248+0000] {subprocess.py:93} INFO - INFO:__main__:Processed batch of 100 messages
[2025-03-15T16:26:25.263+0000] {subprocess.py:93} INFO - INFO:__main__:Processed batch of 100 messages
[2025-03-15T16:26:25.276+0000] {subprocess.py:93} INFO - INFO:__main__:Processed batch of 100 messages
[2025-03-15T16:26:25.288+0000] {subprocess.py:93} INFO - INFO:__main__:Processed batch of 100 messages
[2025-03-15T16:26:25.302+0000] {subprocess.py:93} INFO - INFO:__main__:Processed batch of 100 messages
[2025-03-15T16:26:25.313+0000] {subprocess.py:93} INFO - INFO:__main__:Processed batch of 100 messages
[2025-03-15T16:26:25.327+0000] {subprocess.py:93} INFO - INFO:__main__:Processed batch of 100 messages
[2025-03-15T16:26:25.340+0000] {subprocess.py:93} INFO - INFO:__main__:Processed batch of 100 messages
[2025-03-15T16:26:25.353+0000] {subprocess.py:93} INFO - INFO:__main__:Processed batch of 100 messages
[2025-03-15T16:26:25.368+0000] {subprocess.py:93} INFO - INFO:__main__:Processed batch of 100 messages
[2025-03-15T16:26:25.384+0000] {subprocess.py:93} INFO - INFO:__main__:Processed batch of 100 messages
[2025-03-15T16:26:25.396+0000] {subprocess.py:93} INFO - INFO:__main__:Processed batch of 100 messages
[2025-03-15T16:26:25.412+0000] {subprocess.py:93} INFO - INFO:__main__:Processed batch of 100 messages
[2025-03-15T16:26:25.423+0000] {subprocess.py:93} INFO - INFO:__main__:Processed batch of 100 messages
[2025-03-15T16:26:25.436+0000] {subprocess.py:93} INFO - INFO:__main__:Processed batch of 100 messages
[2025-03-15T16:26:25.450+0000] {subprocess.py:93} INFO - INFO:__main__:Processed batch of 100 messages
[2025-03-15T16:26:25.468+0000] {subprocess.py:93} INFO - INFO:__main__:Processed batch of 100 messages
[2025-03-15T16:26:25.477+0000] {subprocess.py:93} INFO - INFO:__main__:Processed batch of 100 messages
[2025-03-15T16:26:25.490+0000] {subprocess.py:93} INFO - INFO:__main__:Processed batch of 100 messages
[2025-03-15T16:26:25.503+0000] {subprocess.py:93} INFO - INFO:__main__:Processed batch of 100 messages
[2025-03-15T16:26:25.521+0000] {subprocess.py:93} INFO - INFO:__main__:Processed batch of 100 messages
[2025-03-15T16:26:25.534+0000] {subprocess.py:93} INFO - INFO:__main__:Processed batch of 100 messages
[2025-03-15T16:26:25.548+0000] {subprocess.py:93} INFO - INFO:__main__:Processed batch of 100 messages
[2025-03-15T16:26:25.563+0000] {subprocess.py:93} INFO - INFO:__main__:Processed batch of 100 messages
[2025-03-15T16:26:25.580+0000] {subprocess.py:93} INFO - INFO:__main__:Processed batch of 100 messages
[2025-03-15T16:26:25.595+0000] {subprocess.py:93} INFO - INFO:__main__:Processed batch of 100 messages
[2025-03-15T16:26:25.610+0000] {subprocess.py:93} INFO - INFO:__main__:Processed batch of 100 messages
[2025-03-15T16:26:25.627+0000] {subprocess.py:93} INFO - INFO:__main__:Processed batch of 100 messages
[2025-03-15T16:26:25.639+0000] {subprocess.py:93} INFO - INFO:__main__:Processed batch of 100 messages
[2025-03-15T16:26:25.654+0000] {subprocess.py:93} INFO - INFO:__main__:Processed batch of 100 messages
[2025-03-15T16:26:25.678+0000] {subprocess.py:93} INFO - INFO:__main__:Processed batch of 100 messages
[2025-03-15T16:26:25.690+0000] {subprocess.py:93} INFO - INFO:__main__:Processed batch of 100 messages
[2025-03-15T16:26:25.710+0000] {subprocess.py:93} INFO - INFO:__main__:Processed batch of 100 messages
[2025-03-15T16:26:25.725+0000] {subprocess.py:93} INFO - INFO:__main__:Processed batch of 100 messages
[2025-03-15T16:26:25.736+0000] {subprocess.py:93} INFO - INFO:__main__:Processed batch of 100 messages
[2025-03-15T16:26:25.750+0000] {subprocess.py:93} INFO - INFO:__main__:Processed batch of 100 messages
[2025-03-15T16:26:25.767+0000] {subprocess.py:93} INFO - INFO:__main__:Processed batch of 100 messages
[2025-03-15T16:26:25.779+0000] {subprocess.py:93} INFO - INFO:__main__:Processed batch of 100 messages
[2025-03-15T16:26:25.791+0000] {subprocess.py:93} INFO - INFO:__main__:Processed batch of 100 messages
[2025-03-15T16:26:25.809+0000] {subprocess.py:93} INFO - INFO:__main__:Processed batch of 100 messages
[2025-03-15T16:26:25.822+0000] {subprocess.py:93} INFO - INFO:__main__:Processed batch of 100 messages
[2025-03-15T16:26:25.843+0000] {subprocess.py:93} INFO - INFO:__main__:Processed batch of 100 messages
[2025-03-15T16:26:25.862+0000] {subprocess.py:93} INFO - INFO:__main__:Processed batch of 100 messages
[2025-03-15T16:26:25.881+0000] {subprocess.py:93} INFO - INFO:__main__:Processed batch of 100 messages
[2025-03-15T16:26:25.898+0000] {subprocess.py:93} INFO - INFO:__main__:Processed batch of 100 messages
[2025-03-15T16:26:25.915+0000] {subprocess.py:93} INFO - INFO:__main__:Processed batch of 100 messages
[2025-03-15T16:26:25.934+0000] {subprocess.py:93} INFO - INFO:__main__:Processed batch of 100 messages
[2025-03-15T16:26:25.952+0000] {subprocess.py:93} INFO - INFO:__main__:Processed batch of 100 messages
[2025-03-15T16:26:25.975+0000] {subprocess.py:93} INFO - INFO:__main__:Processed batch of 100 messages
[2025-03-15T16:26:25.999+0000] {subprocess.py:93} INFO - INFO:__main__:Processed batch of 100 messages
[2025-03-15T16:26:26.014+0000] {subprocess.py:93} INFO - INFO:__main__:Processed batch of 100 messages
[2025-03-15T16:26:26.049+0000] {subprocess.py:93} INFO - INFO:__main__:Processed batch of 100 messages
[2025-03-15T16:26:26.074+0000] {subprocess.py:93} INFO - INFO:__main__:Processed batch of 100 messages
[2025-03-15T16:26:26.097+0000] {subprocess.py:93} INFO - INFO:__main__:Processed batch of 100 messages
[2025-03-15T16:26:26.118+0000] {subprocess.py:93} INFO - INFO:__main__:Processed batch of 100 messages
[2025-03-15T16:26:26.133+0000] {subprocess.py:93} INFO - INFO:__main__:Processed batch of 100 messages
[2025-03-15T16:26:26.167+0000] {subprocess.py:93} INFO - INFO:__main__:Processed batch of 100 messages
[2025-03-15T16:26:26.187+0000] {subprocess.py:93} INFO - INFO:__main__:Processed batch of 100 messages
[2025-03-15T16:26:26.205+0000] {subprocess.py:93} INFO - INFO:__main__:Processed batch of 100 messages
[2025-03-15T16:26:26.218+0000] {subprocess.py:93} INFO - INFO:__main__:Processed batch of 100 messages
[2025-03-15T16:26:26.266+0000] {subprocess.py:93} INFO - INFO:__main__:Processed batch of 100 messages
[2025-03-15T16:26:26.298+0000] {subprocess.py:93} INFO - INFO:__main__:Processed batch of 100 messages
[2025-03-15T16:26:26.321+0000] {subprocess.py:93} INFO - INFO:__main__:Processed batch of 100 messages
[2025-03-15T16:26:26.357+0000] {subprocess.py:93} INFO - INFO:__main__:Processed batch of 100 messages
[2025-03-15T16:26:26.375+0000] {subprocess.py:93} INFO - INFO:__main__:Processed batch of 100 messages
[2025-03-15T16:26:26.393+0000] {subprocess.py:93} INFO - INFO:__main__:Processed batch of 100 messages
[2025-03-15T16:26:26.412+0000] {subprocess.py:93} INFO - INFO:__main__:Processed batch of 100 messages
[2025-03-15T16:26:26.433+0000] {subprocess.py:93} INFO - INFO:__main__:Processed batch of 100 messages
[2025-03-15T16:26:26.454+0000] {subprocess.py:93} INFO - INFO:__main__:Processed batch of 100 messages
[2025-03-15T16:26:26.472+0000] {subprocess.py:93} INFO - INFO:__main__:Processed batch of 100 messages
[2025-03-15T16:26:26.485+0000] {subprocess.py:93} INFO - INFO:__main__:Processed batch of 100 messages
[2025-03-15T16:26:26.497+0000] {subprocess.py:93} INFO - INFO:__main__:Processed batch of 100 messages
[2025-03-15T16:26:26.513+0000] {subprocess.py:93} INFO - INFO:__main__:Processed batch of 100 messages
[2025-03-15T16:26:26.529+0000] {subprocess.py:93} INFO - INFO:__main__:Processed batch of 100 messages
[2025-03-15T16:26:26.547+0000] {subprocess.py:93} INFO - INFO:__main__:Processed batch of 100 messages
[2025-03-15T16:26:26.568+0000] {subprocess.py:93} INFO - INFO:__main__:Processed batch of 100 messages
[2025-03-15T16:26:26.588+0000] {subprocess.py:93} INFO - INFO:__main__:Processed batch of 100 messages
[2025-03-15T16:26:26.607+0000] {subprocess.py:93} INFO - INFO:__main__:Processed batch of 100 messages
[2025-03-15T16:26:26.633+0000] {subprocess.py:93} INFO - INFO:__main__:Processed batch of 100 messages
[2025-03-15T16:26:26.660+0000] {subprocess.py:93} INFO - INFO:__main__:Processed batch of 100 messages
[2025-03-15T16:26:26.677+0000] {subprocess.py:93} INFO - INFO:__main__:Processed batch of 100 messages
[2025-03-15T16:26:26.705+0000] {subprocess.py:93} INFO - INFO:__main__:Processed batch of 100 messages
[2025-03-15T16:26:26.722+0000] {subprocess.py:93} INFO - INFO:__main__:Processed batch of 100 messages
[2025-03-15T16:26:26.744+0000] {subprocess.py:93} INFO - INFO:__main__:Processed batch of 100 messages
[2025-03-15T16:26:26.765+0000] {subprocess.py:93} INFO - INFO:__main__:Processed batch of 100 messages
[2025-03-15T16:26:26.787+0000] {subprocess.py:93} INFO - INFO:__main__:Processed batch of 100 messages
[2025-03-15T16:26:26.811+0000] {subprocess.py:93} INFO - INFO:__main__:Processed batch of 100 messages
[2025-03-15T16:26:26.831+0000] {subprocess.py:93} INFO - INFO:__main__:Processed batch of 100 messages
[2025-03-15T16:26:26.849+0000] {subprocess.py:93} INFO - INFO:__main__:Processed batch of 100 messages
[2025-03-15T16:26:26.873+0000] {subprocess.py:93} INFO - INFO:__main__:Processed batch of 100 messages
[2025-03-15T16:26:26.893+0000] {subprocess.py:93} INFO - INFO:__main__:Processed batch of 100 messages
[2025-03-15T16:26:26.912+0000] {subprocess.py:93} INFO - INFO:__main__:Processed batch of 100 messages
[2025-03-15T16:26:26.930+0000] {subprocess.py:93} INFO - INFO:__main__:Processed batch of 100 messages
[2025-03-15T16:26:26.952+0000] {subprocess.py:93} INFO - INFO:__main__:Processed batch of 100 messages
[2025-03-15T16:26:26.966+0000] {subprocess.py:93} INFO - INFO:__main__:Processed batch of 100 messages
[2025-03-15T16:26:26.994+0000] {subprocess.py:93} INFO - INFO:__main__:Processed batch of 100 messages
[2025-03-15T16:26:27.024+0000] {subprocess.py:93} INFO - INFO:__main__:Processed batch of 100 messages
[2025-03-15T16:26:27.048+0000] {subprocess.py:93} INFO - INFO:__main__:Processed batch of 100 messages
[2025-03-15T16:26:27.073+0000] {subprocess.py:93} INFO - INFO:__main__:Processed batch of 100 messages
[2025-03-15T16:26:27.101+0000] {subprocess.py:93} INFO - INFO:__main__:Processed batch of 100 messages
[2025-03-15T16:26:27.130+0000] {subprocess.py:93} INFO - INFO:__main__:Processed batch of 100 messages
[2025-03-15T16:26:27.163+0000] {subprocess.py:93} INFO - INFO:__main__:Processed batch of 100 messages
[2025-03-15T16:26:27.192+0000] {subprocess.py:93} INFO - INFO:__main__:Processed batch of 100 messages
[2025-03-15T16:26:27.221+0000] {subprocess.py:93} INFO - INFO:__main__:Processed batch of 100 messages
[2025-03-15T16:26:27.246+0000] {subprocess.py:93} INFO - INFO:__main__:Processed batch of 100 messages
[2025-03-15T16:26:27.265+0000] {subprocess.py:93} INFO - INFO:__main__:Processed batch of 100 messages
[2025-03-15T16:26:27.294+0000] {subprocess.py:93} INFO - INFO:__main__:Processed batch of 100 messages
[2025-03-15T16:26:27.322+0000] {subprocess.py:93} INFO - INFO:__main__:Processed batch of 100 messages
[2025-03-15T16:26:27.370+0000] {subprocess.py:93} INFO - INFO:__main__:Processed batch of 100 messages
[2025-03-15T16:26:27.394+0000] {subprocess.py:93} INFO - INFO:__main__:Processed batch of 100 messages
[2025-03-15T16:26:27.423+0000] {subprocess.py:93} INFO - INFO:__main__:Processed batch of 100 messages
[2025-03-15T16:26:27.439+0000] {subprocess.py:93} INFO - INFO:__main__:Processed batch of 100 messages
[2025-03-15T16:26:27.460+0000] {subprocess.py:93} INFO - INFO:__main__:Processed batch of 100 messages
[2025-03-15T16:26:27.486+0000] {subprocess.py:93} INFO - INFO:__main__:Processed batch of 100 messages
[2025-03-15T16:26:27.503+0000] {subprocess.py:93} INFO - INFO:__main__:Processed batch of 100 messages
[2025-03-15T16:26:27.519+0000] {subprocess.py:93} INFO - INFO:__main__:Processed batch of 100 messages
[2025-03-15T16:26:27.537+0000] {subprocess.py:93} INFO - INFO:__main__:Processed batch of 100 messages
[2025-03-15T16:26:27.553+0000] {subprocess.py:93} INFO - INFO:__main__:Processed batch of 100 messages
[2025-03-15T16:26:27.572+0000] {subprocess.py:93} INFO - INFO:__main__:Processed batch of 100 messages
[2025-03-15T16:26:27.593+0000] {subprocess.py:93} INFO - INFO:__main__:Processed batch of 100 messages
[2025-03-15T16:26:27.609+0000] {subprocess.py:93} INFO - INFO:__main__:Processed batch of 100 messages
[2025-03-15T16:26:27.624+0000] {subprocess.py:93} INFO - INFO:__main__:Processed batch of 100 messages
[2025-03-15T16:26:27.636+0000] {subprocess.py:93} INFO - INFO:__main__:Processed batch of 100 messages
[2025-03-15T16:26:27.654+0000] {subprocess.py:93} INFO - INFO:__main__:Processed batch of 100 messages
[2025-03-15T16:26:27.654+0000] {subprocess.py:93} INFO - INFO:__main__:Successfully sent 20000 messages to topic transaction_data
[2025-03-15T16:26:27.654+0000] {subprocess.py:93} INFO - INFO:kafka.producer.kafka:Closing the Kafka producer with 9223372036.0 secs timeout.
[2025-03-15T16:26:27.656+0000] {subprocess.py:93} INFO - INFO:kafka.conn:<BrokerConnection node_id=1 host=kafka:29092 <connected> [IPv4 ('172.18.0.10', 29092)]>: Closing connection.
[2025-03-15T16:26:36.401+0000] {subprocess.py:93} INFO - :: loading settings :: url = jar:file:/opt/spark/jars/ivy-2.5.1.jar!/org/apache/ivy/core/settings/ivysettings.xml
[2025-03-15T16:26:36.661+0000] {subprocess.py:93} INFO - Ivy Default Cache set to: /home/***/.ivy2/cache
[2025-03-15T16:26:36.661+0000] {subprocess.py:93} INFO - The jars for the packages stored in: /home/***/.ivy2/jars
[2025-03-15T16:26:36.671+0000] {subprocess.py:93} INFO - org.apache.spark#spark-sql-kafka-0-10_2.12 added as a dependency
[2025-03-15T16:26:36.671+0000] {subprocess.py:93} INFO - io.delta#delta-core_2.12 added as a dependency
[2025-03-15T16:26:36.671+0000] {subprocess.py:93} INFO - org.apache.hadoop#hadoop-aws added as a dependency
[2025-03-15T16:26:36.672+0000] {subprocess.py:93} INFO - com.amazonaws#aws-java-sdk-bundle added as a dependency
[2025-03-15T16:26:36.672+0000] {subprocess.py:93} INFO - :: resolving dependencies :: org.apache.spark#spark-submit-parent-82f07f7a-d679-440a-8439-44298c49f5ae;1.0
[2025-03-15T16:26:36.672+0000] {subprocess.py:93} INFO - 	confs: [default]
[2025-03-15T16:26:37.042+0000] {subprocess.py:93} INFO - 	found org.apache.spark#spark-sql-kafka-0-10_2.12;3.4.1 in central
[2025-03-15T16:26:37.160+0000] {subprocess.py:93} INFO - 	found org.apache.spark#spark-token-provider-kafka-0-10_2.12;3.4.1 in central
[2025-03-15T16:26:37.207+0000] {subprocess.py:93} INFO - 	found org.apache.kafka#kafka-clients;3.3.2 in central
[2025-03-15T16:26:37.251+0000] {subprocess.py:93} INFO - 	found org.lz4#lz4-java;1.8.0 in central
[2025-03-15T16:26:37.286+0000] {subprocess.py:93} INFO - 	found org.xerial.snappy#snappy-java;1.1.10.1 in central
[2025-03-15T16:26:37.329+0000] {subprocess.py:93} INFO - 	found org.slf4j#slf4j-api;2.0.6 in central
[2025-03-15T16:26:37.380+0000] {subprocess.py:93} INFO - 	found org.apache.hadoop#hadoop-client-runtime;3.3.4 in central
[2025-03-15T16:26:37.444+0000] {subprocess.py:93} INFO - 	found org.apache.hadoop#hadoop-client-api;3.3.4 in central
[2025-03-15T16:26:37.482+0000] {subprocess.py:93} INFO - 	found commons-logging#commons-logging;1.1.3 in central
[2025-03-15T16:26:37.497+0000] {subprocess.py:93} INFO - 	found com.google.code.findbugs#jsr305;3.0.0 in central
[2025-03-15T16:26:37.524+0000] {subprocess.py:93} INFO - 	found org.apache.commons#commons-pool2;2.11.1 in central
[2025-03-15T16:26:37.586+0000] {subprocess.py:93} INFO - 	found io.delta#delta-core_2.12;2.4.0 in central
[2025-03-15T16:26:37.606+0000] {subprocess.py:93} INFO - 	found io.delta#delta-storage;2.4.0 in central
[2025-03-15T16:26:37.632+0000] {subprocess.py:93} INFO - 	found org.antlr#antlr4-runtime;4.9.3 in central
[2025-03-15T16:26:37.667+0000] {subprocess.py:93} INFO - 	found org.apache.hadoop#hadoop-aws;3.3.2 in central
[2025-03-15T16:26:37.705+0000] {subprocess.py:93} INFO - 	found org.wildfly.openssl#wildfly-openssl;1.0.7.Final in central
[2025-03-15T16:26:37.717+0000] {subprocess.py:93} INFO - 	found com.amazonaws#aws-java-sdk-bundle;1.12.261 in central
[2025-03-15T16:26:37.756+0000] {subprocess.py:93} INFO - :: resolution report :: resolve 1068ms :: artifacts dl 19ms
[2025-03-15T16:26:37.756+0000] {subprocess.py:93} INFO - 	:: modules in use:
[2025-03-15T16:26:37.757+0000] {subprocess.py:93} INFO - 	com.amazonaws#aws-java-sdk-bundle;1.12.261 from central in [default]
[2025-03-15T16:26:37.757+0000] {subprocess.py:93} INFO - 	com.google.code.findbugs#jsr305;3.0.0 from central in [default]
[2025-03-15T16:26:37.757+0000] {subprocess.py:93} INFO - 	commons-logging#commons-logging;1.1.3 from central in [default]
[2025-03-15T16:26:37.757+0000] {subprocess.py:93} INFO - 	io.delta#delta-core_2.12;2.4.0 from central in [default]
[2025-03-15T16:26:37.757+0000] {subprocess.py:93} INFO - 	io.delta#delta-storage;2.4.0 from central in [default]
[2025-03-15T16:26:37.757+0000] {subprocess.py:93} INFO - 	org.antlr#antlr4-runtime;4.9.3 from central in [default]
[2025-03-15T16:26:37.757+0000] {subprocess.py:93} INFO - 	org.apache.commons#commons-pool2;2.11.1 from central in [default]
[2025-03-15T16:26:37.757+0000] {subprocess.py:93} INFO - 	org.apache.hadoop#hadoop-aws;3.3.2 from central in [default]
[2025-03-15T16:26:37.757+0000] {subprocess.py:93} INFO - 	org.apache.hadoop#hadoop-client-api;3.3.4 from central in [default]
[2025-03-15T16:26:37.757+0000] {subprocess.py:93} INFO - 	org.apache.hadoop#hadoop-client-runtime;3.3.4 from central in [default]
[2025-03-15T16:26:37.758+0000] {subprocess.py:93} INFO - 	org.apache.kafka#kafka-clients;3.3.2 from central in [default]
[2025-03-15T16:26:37.758+0000] {subprocess.py:93} INFO - 	org.apache.spark#spark-sql-kafka-0-10_2.12;3.4.1 from central in [default]
[2025-03-15T16:26:37.758+0000] {subprocess.py:93} INFO - 	org.apache.spark#spark-token-provider-kafka-0-10_2.12;3.4.1 from central in [default]
[2025-03-15T16:26:37.758+0000] {subprocess.py:93} INFO - 	org.lz4#lz4-java;1.8.0 from central in [default]
[2025-03-15T16:26:37.758+0000] {subprocess.py:93} INFO - 	org.slf4j#slf4j-api;2.0.6 from central in [default]
[2025-03-15T16:26:37.758+0000] {subprocess.py:93} INFO - 	org.wildfly.openssl#wildfly-openssl;1.0.7.Final from central in [default]
[2025-03-15T16:26:37.758+0000] {subprocess.py:93} INFO - 	org.xerial.snappy#snappy-java;1.1.10.1 from central in [default]
[2025-03-15T16:26:37.758+0000] {subprocess.py:93} INFO - 	:: evicted modules:
[2025-03-15T16:26:37.758+0000] {subprocess.py:93} INFO - 	com.amazonaws#aws-java-sdk-bundle;1.11.1026 by [com.amazonaws#aws-java-sdk-bundle;1.12.261] in [default]
[2025-03-15T16:26:37.758+0000] {subprocess.py:93} INFO - 	---------------------------------------------------------------------
[2025-03-15T16:26:37.758+0000] {subprocess.py:93} INFO - 	|                  |            modules            ||   artifacts   |
[2025-03-15T16:26:37.759+0000] {subprocess.py:93} INFO - 	|       conf       | number| search|dwnlded|evicted|| number|dwnlded|
[2025-03-15T16:26:37.759+0000] {subprocess.py:93} INFO - 	---------------------------------------------------------------------
[2025-03-15T16:26:37.759+0000] {subprocess.py:93} INFO - 	|      default     |   18  |   0   |   0   |   1   ||   17  |   0   |
[2025-03-15T16:26:37.759+0000] {subprocess.py:93} INFO - 	---------------------------------------------------------------------
[2025-03-15T16:26:37.767+0000] {subprocess.py:93} INFO - :: retrieving :: org.apache.spark#spark-submit-parent-82f07f7a-d679-440a-8439-44298c49f5ae
[2025-03-15T16:26:37.770+0000] {subprocess.py:93} INFO - 	confs: [default]
[2025-03-15T16:26:37.781+0000] {subprocess.py:93} INFO - 	0 artifacts copied, 17 already retrieved (0kB/14ms)
[2025-03-15T16:26:38.451+0000] {subprocess.py:93} INFO - 25/03/15 16:26:38 WARN NativeCodeLoader: Unable to load native-hadoop library for your platform... using builtin-java classes where applicable
[2025-03-15T16:26:39.192+0000] {subprocess.py:93} INFO - Setting default log level to "WARN".
[2025-03-15T16:26:39.193+0000] {subprocess.py:93} INFO - To adjust logging level use sc.setLogLevel(newLevel). For SparkR, use setLogLevel(newLevel).
[2025-03-15T16:27:17.809+0000] {subprocess.py:93} INFO - [Stage 0:>                                                          (0 + 1) / 1]                                                                                Data retrieved! (20000, 6)
[2025-03-15T16:27:17.810+0000] {subprocess.py:93} INFO - Data saved! /tmp/***tmpwh1ccs9r
[2025-03-15T16:27:17.810+0000] {subprocess.py:93} INFO - Topic creation issue (may already exist): [Error 36] TopicAlreadyExistsError: Request 'CreateTopicsRequest_v3(create_topic_requests=[(topic='transaction_data', num_partitions=1, replication_factor=1, replica_assignment=[], configs=[(config_key='retention.ms', config_value='172800000')])], timeout=30000, validate_only=False)' failed with response 'CreateTopicsResponse_v3(throttle_time_ms=0, topic_errors=[(topic='transaction_data', error_code=36, error_message="Topic 'transaction_data' already exists.")])'.
[2025-03-15T16:27:17.810+0000] {subprocess.py:93} INFO - Data Ingested to Kafka!
[2025-03-15T16:27:17.810+0000] {subprocess.py:93} INFO - +-----------+--------------+------------------+----------------+---------------+-------------------+-------------------+----------+
[2025-03-15T16:27:17.810+0000] {subprocess.py:93} INFO - |    User ID|Transaction ID|            Amount|          Vendor|        Sources|               Time|          timestamp|      date|
[2025-03-15T16:27:17.811+0000] {subprocess.py:93} INFO - +-----------+--------------+------------------+----------------+---------------+-------------------+-------------------+----------+
[2025-03-15T16:27:17.811+0000] {subprocess.py:93} INFO - |user_000638|  259912818615| 288.4941398681981|           Sport|Current Account|2025-12-23 14:19:03|2025-12-23 14:19:03|2025-12-23|
[2025-03-15T16:27:17.811+0000] {subprocess.py:93} INFO - |user_000488|  418114284667| 569.4013060424996|Home Improvement|Current Account|2025-07-21 18:16:48|2025-07-21 18:16:48|2025-07-21|
[2025-03-15T16:27:17.811+0000] {subprocess.py:93} INFO - |user_000215|  285327084481| 709.4263700645743|   Entertainment|    Credit Card|2025-12-12 15:26:02|2025-12-12 15:26:02|2025-12-12|
[2025-03-15T16:27:17.811+0000] {subprocess.py:93} INFO - |user_000844|  803562136810| 726.9347548499071|     Sending Out|    Credit Card|2026-01-29 06:51:38|2026-01-29 06:51:38|2026-01-29|
[2025-03-15T16:27:17.811+0000] {subprocess.py:93} INFO - |user_000145|  868264247137|127.59209380095598|Home Improvement|    Credit Card|2025-12-19 23:14:04|2025-12-19 23:14:04|2025-12-19|
[2025-03-15T16:27:17.812+0000] {subprocess.py:93} INFO - +-----------+--------------+------------------+----------------+---------------+-------------------+-------------------+----------+
[2025-03-15T16:27:17.812+0000] {subprocess.py:93} INFO - only showing top 5 rows
[2025-03-15T16:27:17.812+0000] {subprocess.py:93} INFO - 
[2025-03-15T16:27:18.711+0000] {subprocess.py:97} INFO - Command exited with return code 0
[2025-03-15T16:27:18.786+0000] {taskinstance.py:1138} INFO - Marking task as SUCCESS. dag_id=gen_data_daily, task_id=run_script, execution_date=20250313T220000, start_date=20250315T162617, end_date=20250315T162718
[2025-03-15T16:27:18.854+0000] {local_task_job_runner.py:234} INFO - Task exited with return code 0
[2025-03-15T16:27:18.885+0000] {taskinstance.py:3281} INFO - 0 downstream tasks scheduled from follow-on schedule check
