[2025-03-15T07:14:29.476+0000] {taskinstance.py:1957} INFO - Dependencies all met for dep_context=non-requeueable deps ti=<TaskInstance: gen_data_daily.run_script scheduled__2025-03-13T22:00:00+00:00 [queued]>
[2025-03-15T07:14:29.487+0000] {taskinstance.py:1957} INFO - Dependencies all met for dep_context=requeueable deps ti=<TaskInstance: gen_data_daily.run_script scheduled__2025-03-13T22:00:00+00:00 [queued]>
[2025-03-15T07:14:29.487+0000] {taskinstance.py:2171} INFO - Starting attempt 5 of 6
[2025-03-15T07:14:29.506+0000] {taskinstance.py:2192} INFO - Executing <Task(BashOperator): run_script> on 2025-03-13 22:00:00+00:00
[2025-03-15T07:14:29.524+0000] {standard_task_runner.py:60} INFO - Started process 149 to run task
[2025-03-15T07:14:29.529+0000] {standard_task_runner.py:87} INFO - Running: ['***', 'tasks', 'run', 'gen_data_daily', 'run_script', 'scheduled__2025-03-13T22:00:00+00:00', '--job-id', '15', '--raw', '--subdir', 'DAGS_FOLDER/gen_data_daily.py', '--cfg-path', '/tmp/tmpfcfz6w0s']
[2025-03-15T07:14:29.530+0000] {standard_task_runner.py:88} INFO - Job 15: Subtask run_script
[2025-03-15T07:14:29.622+0000] {task_command.py:423} INFO - Running <TaskInstance: gen_data_daily.run_script scheduled__2025-03-13T22:00:00+00:00 [running]> on host b6ce85581b4c
[2025-03-15T07:14:29.748+0000] {taskinstance.py:2481} INFO - Exporting env vars: AIRFLOW_CTX_DAG_OWNER='longnv' AIRFLOW_CTX_DAG_ID='gen_data_daily' AIRFLOW_CTX_TASK_ID='run_script' AIRFLOW_CTX_EXECUTION_DATE='2025-03-13T22:00:00+00:00' AIRFLOW_CTX_TRY_NUMBER='5' AIRFLOW_CTX_DAG_RUN_ID='scheduled__2025-03-13T22:00:00+00:00'
[2025-03-15T07:14:29.751+0000] {subprocess.py:63} INFO - Tmp dir root location: /tmp
[2025-03-15T07:14:29.753+0000] {subprocess.py:75} INFO - Running command: ['/usr/bin/bash', '-c', '\n        python /opt/***/external_scripts/gen_transaction_data.py 2025-03-14\n        ']
[2025-03-15T07:14:29.773+0000] {subprocess.py:86} INFO - Output:
[2025-03-15T07:14:33.055+0000] {subprocess.py:93} INFO - INFO:kafka.conn:<BrokerConnection node_id=bootstrap-0 host=kafka:29092 <connecting> [IPv4 ('172.18.0.8', 29092)]>: connecting to kafka:29092 [('172.18.0.8', 29092) IPv4]
[2025-03-15T07:14:33.055+0000] {subprocess.py:93} INFO - INFO:kafka.conn:Probing node bootstrap-0 broker version
[2025-03-15T07:14:33.058+0000] {subprocess.py:93} INFO - INFO:kafka.conn:<BrokerConnection node_id=bootstrap-0 host=kafka:29092 <connecting> [IPv4 ('172.18.0.8', 29092)]>: Connection complete.
[2025-03-15T07:14:33.169+0000] {subprocess.py:93} INFO - INFO:kafka.conn:Broker version identified as 2.5.0
[2025-03-15T07:14:33.169+0000] {subprocess.py:93} INFO - INFO:kafka.conn:Set configuration api_version=(2, 5, 0) to skip auto check_version requests on startup
[2025-03-15T07:14:33.169+0000] {subprocess.py:93} INFO - INFO:kafka.conn:Probing node bootstrap-0 broker version
[2025-03-15T07:14:33.284+0000] {subprocess.py:93} INFO - INFO:kafka.conn:Broker version identified as 2.5.0
[2025-03-15T07:14:33.284+0000] {subprocess.py:93} INFO - INFO:kafka.conn:Set configuration api_version=(2, 5, 0) to skip auto check_version requests on startup
[2025-03-15T07:14:33.314+0000] {subprocess.py:93} INFO - INFO:kafka.conn:<BrokerConnection node_id=1 host=kafka:29092 <connecting> [IPv4 ('172.18.0.8', 29092)]>: connecting to kafka:29092 [('172.18.0.8', 29092) IPv4]
[2025-03-15T07:14:33.315+0000] {subprocess.py:93} INFO - INFO:kafka.conn:Probing node 1 broker version
[2025-03-15T07:14:33.320+0000] {subprocess.py:93} INFO - INFO:kafka.conn:<BrokerConnection node_id=1 host=kafka:29092 <connecting> [IPv4 ('172.18.0.8', 29092)]>: Connection complete.
[2025-03-15T07:14:33.320+0000] {subprocess.py:93} INFO - INFO:kafka.conn:<BrokerConnection node_id=bootstrap-0 host=kafka:29092 <connected> [IPv4 ('172.18.0.8', 29092)]>: Closing connection.
[2025-03-15T07:14:33.422+0000] {subprocess.py:93} INFO - INFO:kafka.conn:Broker version identified as 2.5.0
[2025-03-15T07:14:33.423+0000] {subprocess.py:93} INFO - INFO:kafka.conn:Set configuration api_version=(2, 5, 0) to skip auto check_version requests on startup
[2025-03-15T07:14:34.134+0000] {subprocess.py:93} INFO - INFO:kafka.conn:<BrokerConnection node_id=bootstrap-0 host=kafka:29092 <connecting> [IPv4 ('172.18.0.8', 29092)]>: connecting to kafka:29092 [('172.18.0.8', 29092) IPv4]
[2025-03-15T07:14:34.135+0000] {subprocess.py:93} INFO - INFO:kafka.conn:Probing node bootstrap-0 broker version
[2025-03-15T07:14:34.137+0000] {subprocess.py:93} INFO - INFO:kafka.conn:<BrokerConnection node_id=bootstrap-0 host=kafka:29092 <connecting> [IPv4 ('172.18.0.8', 29092)]>: Connection complete.
[2025-03-15T07:14:34.273+0000] {subprocess.py:93} INFO - INFO:kafka.conn:Broker version identified as 2.5.0
[2025-03-15T07:14:34.273+0000] {subprocess.py:93} INFO - INFO:kafka.conn:Set configuration api_version=(2, 5, 0) to skip auto check_version requests on startup
[2025-03-15T07:14:34.433+0000] {subprocess.py:93} INFO - INFO:kafka.conn:<BrokerConnection node_id=1 host=kafka:29092 <connecting> [IPv4 ('172.18.0.8', 29092)]>: connecting to kafka:29092 [('172.18.0.8', 29092) IPv4]
[2025-03-15T07:14:34.434+0000] {subprocess.py:93} INFO - INFO:kafka.conn:<BrokerConnection node_id=1 host=kafka:29092 <connecting> [IPv4 ('172.18.0.8', 29092)]>: Connection complete.
[2025-03-15T07:14:34.435+0000] {subprocess.py:93} INFO - INFO:kafka.conn:<BrokerConnection node_id=bootstrap-0 host=kafka:29092 <connected> [IPv4 ('172.18.0.8', 29092)]>: Closing connection.
[2025-03-15T07:14:34.549+0000] {subprocess.py:93} INFO - INFO:__main__:Processed batch of 100 messages
[2025-03-15T07:14:34.593+0000] {subprocess.py:93} INFO - INFO:__main__:Processed batch of 100 messages
[2025-03-15T07:14:34.623+0000] {subprocess.py:93} INFO - INFO:__main__:Processed batch of 100 messages
[2025-03-15T07:14:34.642+0000] {subprocess.py:93} INFO - INFO:__main__:Processed batch of 100 messages
[2025-03-15T07:14:34.661+0000] {subprocess.py:93} INFO - INFO:__main__:Processed batch of 100 messages
[2025-03-15T07:14:34.676+0000] {subprocess.py:93} INFO - INFO:__main__:Processed batch of 100 messages
[2025-03-15T07:14:34.691+0000] {subprocess.py:93} INFO - INFO:__main__:Processed batch of 100 messages
[2025-03-15T07:14:34.710+0000] {subprocess.py:93} INFO - INFO:__main__:Processed batch of 100 messages
[2025-03-15T07:14:34.729+0000] {subprocess.py:93} INFO - INFO:__main__:Processed batch of 100 messages
[2025-03-15T07:14:34.745+0000] {subprocess.py:93} INFO - INFO:__main__:Processed batch of 100 messages
[2025-03-15T07:14:34.764+0000] {subprocess.py:93} INFO - INFO:__main__:Processed batch of 100 messages
[2025-03-15T07:14:34.776+0000] {subprocess.py:93} INFO - INFO:__main__:Processed batch of 100 messages
[2025-03-15T07:14:34.798+0000] {subprocess.py:93} INFO - INFO:__main__:Processed batch of 100 messages
[2025-03-15T07:14:34.815+0000] {subprocess.py:93} INFO - INFO:__main__:Processed batch of 100 messages
[2025-03-15T07:14:34.830+0000] {subprocess.py:93} INFO - INFO:__main__:Processed batch of 100 messages
[2025-03-15T07:14:34.851+0000] {subprocess.py:93} INFO - INFO:__main__:Processed batch of 100 messages
[2025-03-15T07:14:34.875+0000] {subprocess.py:93} INFO - INFO:__main__:Processed batch of 100 messages
[2025-03-15T07:14:34.898+0000] {subprocess.py:93} INFO - INFO:__main__:Processed batch of 100 messages
[2025-03-15T07:14:34.925+0000] {subprocess.py:93} INFO - INFO:__main__:Processed batch of 100 messages
[2025-03-15T07:14:34.945+0000] {subprocess.py:93} INFO - INFO:__main__:Processed batch of 100 messages
[2025-03-15T07:14:35.003+0000] {subprocess.py:93} INFO - INFO:__main__:Processed batch of 100 messages
[2025-03-15T07:14:35.031+0000] {subprocess.py:93} INFO - INFO:__main__:Processed batch of 100 messages
[2025-03-15T07:14:35.054+0000] {subprocess.py:93} INFO - INFO:__main__:Processed batch of 100 messages
[2025-03-15T07:14:35.083+0000] {subprocess.py:93} INFO - INFO:__main__:Processed batch of 100 messages
[2025-03-15T07:14:35.123+0000] {subprocess.py:93} INFO - INFO:__main__:Processed batch of 100 messages
[2025-03-15T07:14:35.146+0000] {subprocess.py:93} INFO - INFO:__main__:Processed batch of 100 messages
[2025-03-15T07:14:35.160+0000] {subprocess.py:93} INFO - INFO:__main__:Processed batch of 100 messages
[2025-03-15T07:14:35.178+0000] {subprocess.py:93} INFO - INFO:__main__:Processed batch of 100 messages
[2025-03-15T07:14:35.203+0000] {subprocess.py:93} INFO - INFO:__main__:Processed batch of 100 messages
[2025-03-15T07:14:35.220+0000] {subprocess.py:93} INFO - INFO:__main__:Processed batch of 100 messages
[2025-03-15T07:14:35.235+0000] {subprocess.py:93} INFO - INFO:__main__:Processed batch of 100 messages
[2025-03-15T07:14:35.256+0000] {subprocess.py:93} INFO - INFO:__main__:Processed batch of 100 messages
[2025-03-15T07:14:35.276+0000] {subprocess.py:93} INFO - INFO:__main__:Processed batch of 100 messages
[2025-03-15T07:14:35.291+0000] {subprocess.py:93} INFO - INFO:__main__:Processed batch of 100 messages
[2025-03-15T07:14:35.314+0000] {subprocess.py:93} INFO - INFO:__main__:Processed batch of 100 messages
[2025-03-15T07:14:35.329+0000] {subprocess.py:93} INFO - INFO:__main__:Processed batch of 100 messages
[2025-03-15T07:14:35.351+0000] {subprocess.py:93} INFO - INFO:__main__:Processed batch of 100 messages
[2025-03-15T07:14:35.365+0000] {subprocess.py:93} INFO - INFO:__main__:Processed batch of 100 messages
[2025-03-15T07:14:35.381+0000] {subprocess.py:93} INFO - INFO:__main__:Processed batch of 100 messages
[2025-03-15T07:14:35.398+0000] {subprocess.py:93} INFO - INFO:__main__:Processed batch of 100 messages
[2025-03-15T07:14:35.417+0000] {subprocess.py:93} INFO - INFO:__main__:Processed batch of 100 messages
[2025-03-15T07:14:35.440+0000] {subprocess.py:93} INFO - INFO:__main__:Processed batch of 100 messages
[2025-03-15T07:14:35.457+0000] {subprocess.py:93} INFO - INFO:__main__:Processed batch of 100 messages
[2025-03-15T07:14:35.475+0000] {subprocess.py:93} INFO - INFO:__main__:Processed batch of 100 messages
[2025-03-15T07:14:35.489+0000] {subprocess.py:93} INFO - INFO:__main__:Processed batch of 100 messages
[2025-03-15T07:14:35.509+0000] {subprocess.py:93} INFO - INFO:__main__:Processed batch of 100 messages
[2025-03-15T07:14:35.543+0000] {subprocess.py:93} INFO - INFO:__main__:Processed batch of 100 messages
[2025-03-15T07:14:35.573+0000] {subprocess.py:93} INFO - INFO:__main__:Processed batch of 100 messages
[2025-03-15T07:14:35.589+0000] {subprocess.py:93} INFO - INFO:__main__:Processed batch of 100 messages
[2025-03-15T07:14:35.612+0000] {subprocess.py:93} INFO - INFO:__main__:Processed batch of 100 messages
[2025-03-15T07:14:35.625+0000] {subprocess.py:93} INFO - INFO:__main__:Processed batch of 100 messages
[2025-03-15T07:14:35.641+0000] {subprocess.py:93} INFO - INFO:__main__:Processed batch of 100 messages
[2025-03-15T07:14:35.659+0000] {subprocess.py:93} INFO - INFO:__main__:Processed batch of 100 messages
[2025-03-15T07:14:35.673+0000] {subprocess.py:93} INFO - INFO:__main__:Processed batch of 100 messages
[2025-03-15T07:14:35.691+0000] {subprocess.py:93} INFO - INFO:__main__:Processed batch of 100 messages
[2025-03-15T07:14:35.714+0000] {subprocess.py:93} INFO - INFO:__main__:Processed batch of 100 messages
[2025-03-15T07:14:35.728+0000] {subprocess.py:93} INFO - INFO:__main__:Processed batch of 100 messages
[2025-03-15T07:14:35.746+0000] {subprocess.py:93} INFO - INFO:__main__:Processed batch of 100 messages
[2025-03-15T07:14:35.769+0000] {subprocess.py:93} INFO - INFO:__main__:Processed batch of 100 messages
[2025-03-15T07:14:35.787+0000] {subprocess.py:93} INFO - INFO:__main__:Processed batch of 100 messages
[2025-03-15T07:14:35.815+0000] {subprocess.py:93} INFO - INFO:__main__:Processed batch of 100 messages
[2025-03-15T07:14:35.834+0000] {subprocess.py:93} INFO - INFO:__main__:Processed batch of 100 messages
[2025-03-15T07:14:35.851+0000] {subprocess.py:93} INFO - INFO:__main__:Processed batch of 100 messages
[2025-03-15T07:14:35.869+0000] {subprocess.py:93} INFO - INFO:__main__:Processed batch of 100 messages
[2025-03-15T07:14:35.889+0000] {subprocess.py:93} INFO - INFO:__main__:Processed batch of 100 messages
[2025-03-15T07:14:35.907+0000] {subprocess.py:93} INFO - INFO:__main__:Processed batch of 100 messages
[2025-03-15T07:14:35.923+0000] {subprocess.py:93} INFO - INFO:__main__:Processed batch of 100 messages
[2025-03-15T07:14:35.939+0000] {subprocess.py:93} INFO - INFO:__main__:Processed batch of 100 messages
[2025-03-15T07:14:35.957+0000] {subprocess.py:93} INFO - INFO:__main__:Processed batch of 100 messages
[2025-03-15T07:14:35.972+0000] {subprocess.py:93} INFO - INFO:__main__:Processed batch of 100 messages
[2025-03-15T07:14:35.988+0000] {subprocess.py:93} INFO - INFO:__main__:Processed batch of 100 messages
[2025-03-15T07:14:36.008+0000] {subprocess.py:93} INFO - INFO:__main__:Processed batch of 100 messages
[2025-03-15T07:14:36.023+0000] {subprocess.py:93} INFO - INFO:__main__:Processed batch of 100 messages
[2025-03-15T07:14:36.036+0000] {subprocess.py:93} INFO - INFO:__main__:Processed batch of 100 messages
[2025-03-15T07:14:36.050+0000] {subprocess.py:93} INFO - INFO:__main__:Processed batch of 100 messages
[2025-03-15T07:14:36.064+0000] {subprocess.py:93} INFO - INFO:__main__:Processed batch of 100 messages
[2025-03-15T07:14:36.078+0000] {subprocess.py:93} INFO - INFO:__main__:Processed batch of 100 messages
[2025-03-15T07:14:36.092+0000] {subprocess.py:93} INFO - INFO:__main__:Processed batch of 100 messages
[2025-03-15T07:14:36.110+0000] {subprocess.py:93} INFO - INFO:__main__:Processed batch of 100 messages
[2025-03-15T07:14:36.125+0000] {subprocess.py:93} INFO - INFO:__main__:Processed batch of 100 messages
[2025-03-15T07:14:36.140+0000] {subprocess.py:93} INFO - INFO:__main__:Processed batch of 100 messages
[2025-03-15T07:14:36.155+0000] {subprocess.py:93} INFO - INFO:__main__:Processed batch of 100 messages
[2025-03-15T07:14:36.168+0000] {subprocess.py:93} INFO - INFO:__main__:Processed batch of 100 messages
[2025-03-15T07:14:36.182+0000] {subprocess.py:93} INFO - INFO:__main__:Processed batch of 100 messages
[2025-03-15T07:14:36.196+0000] {subprocess.py:93} INFO - INFO:__main__:Processed batch of 100 messages
[2025-03-15T07:14:36.213+0000] {subprocess.py:93} INFO - INFO:__main__:Processed batch of 100 messages
[2025-03-15T07:14:36.226+0000] {subprocess.py:93} INFO - INFO:__main__:Processed batch of 100 messages
[2025-03-15T07:14:36.240+0000] {subprocess.py:93} INFO - INFO:__main__:Processed batch of 100 messages
[2025-03-15T07:14:36.251+0000] {subprocess.py:93} INFO - INFO:__main__:Processed batch of 100 messages
[2025-03-15T07:14:36.269+0000] {subprocess.py:93} INFO - INFO:__main__:Processed batch of 100 messages
[2025-03-15T07:14:36.282+0000] {subprocess.py:93} INFO - INFO:__main__:Processed batch of 100 messages
[2025-03-15T07:14:36.295+0000] {subprocess.py:93} INFO - INFO:__main__:Processed batch of 100 messages
[2025-03-15T07:14:36.311+0000] {subprocess.py:93} INFO - INFO:__main__:Processed batch of 100 messages
[2025-03-15T07:14:36.328+0000] {subprocess.py:93} INFO - INFO:__main__:Processed batch of 100 messages
[2025-03-15T07:14:36.342+0000] {subprocess.py:93} INFO - INFO:__main__:Processed batch of 100 messages
[2025-03-15T07:14:36.357+0000] {subprocess.py:93} INFO - INFO:__main__:Processed batch of 100 messages
[2025-03-15T07:14:36.374+0000] {subprocess.py:93} INFO - INFO:__main__:Processed batch of 100 messages
[2025-03-15T07:14:36.391+0000] {subprocess.py:93} INFO - INFO:__main__:Processed batch of 100 messages
[2025-03-15T07:14:36.404+0000] {subprocess.py:93} INFO - INFO:__main__:Processed batch of 100 messages
[2025-03-15T07:14:36.424+0000] {subprocess.py:93} INFO - INFO:__main__:Processed batch of 100 messages
[2025-03-15T07:14:36.439+0000] {subprocess.py:93} INFO - INFO:__main__:Processed batch of 100 messages
[2025-03-15T07:14:36.452+0000] {subprocess.py:93} INFO - INFO:__main__:Processed batch of 100 messages
[2025-03-15T07:14:36.466+0000] {subprocess.py:93} INFO - INFO:__main__:Processed batch of 100 messages
[2025-03-15T07:14:36.478+0000] {subprocess.py:93} INFO - INFO:__main__:Processed batch of 100 messages
[2025-03-15T07:14:36.491+0000] {subprocess.py:93} INFO - INFO:__main__:Processed batch of 100 messages
[2025-03-15T07:14:36.504+0000] {subprocess.py:93} INFO - INFO:__main__:Processed batch of 100 messages
[2025-03-15T07:14:36.524+0000] {subprocess.py:93} INFO - INFO:__main__:Processed batch of 100 messages
[2025-03-15T07:14:36.541+0000] {subprocess.py:93} INFO - INFO:__main__:Processed batch of 100 messages
[2025-03-15T07:14:36.556+0000] {subprocess.py:93} INFO - INFO:__main__:Processed batch of 100 messages
[2025-03-15T07:14:36.569+0000] {subprocess.py:93} INFO - INFO:__main__:Processed batch of 100 messages
[2025-03-15T07:14:36.584+0000] {subprocess.py:93} INFO - INFO:__main__:Processed batch of 100 messages
[2025-03-15T07:14:36.598+0000] {subprocess.py:93} INFO - INFO:__main__:Processed batch of 100 messages
[2025-03-15T07:14:36.616+0000] {subprocess.py:93} INFO - INFO:__main__:Processed batch of 100 messages
[2025-03-15T07:14:36.628+0000] {subprocess.py:93} INFO - INFO:__main__:Processed batch of 100 messages
[2025-03-15T07:14:36.641+0000] {subprocess.py:93} INFO - INFO:__main__:Processed batch of 100 messages
[2025-03-15T07:14:36.654+0000] {subprocess.py:93} INFO - INFO:__main__:Processed batch of 100 messages
[2025-03-15T07:14:36.678+0000] {subprocess.py:93} INFO - INFO:__main__:Processed batch of 100 messages
[2025-03-15T07:14:36.693+0000] {subprocess.py:93} INFO - INFO:__main__:Processed batch of 100 messages
[2025-03-15T07:14:36.711+0000] {subprocess.py:93} INFO - INFO:__main__:Processed batch of 100 messages
[2025-03-15T07:14:36.726+0000] {subprocess.py:93} INFO - INFO:__main__:Processed batch of 100 messages
[2025-03-15T07:14:36.745+0000] {subprocess.py:93} INFO - INFO:__main__:Processed batch of 100 messages
[2025-03-15T07:14:36.762+0000] {subprocess.py:93} INFO - INFO:__main__:Processed batch of 100 messages
[2025-03-15T07:14:36.777+0000] {subprocess.py:93} INFO - INFO:__main__:Processed batch of 100 messages
[2025-03-15T07:14:36.794+0000] {subprocess.py:93} INFO - INFO:__main__:Processed batch of 100 messages
[2025-03-15T07:14:36.811+0000] {subprocess.py:93} INFO - INFO:__main__:Processed batch of 100 messages
[2025-03-15T07:14:36.824+0000] {subprocess.py:93} INFO - INFO:__main__:Processed batch of 100 messages
[2025-03-15T07:14:36.835+0000] {subprocess.py:93} INFO - INFO:__main__:Processed batch of 100 messages
[2025-03-15T07:14:36.856+0000] {subprocess.py:93} INFO - INFO:__main__:Processed batch of 100 messages
[2025-03-15T07:14:36.870+0000] {subprocess.py:93} INFO - INFO:__main__:Processed batch of 100 messages
[2025-03-15T07:14:36.885+0000] {subprocess.py:93} INFO - INFO:__main__:Processed batch of 100 messages
[2025-03-15T07:14:36.898+0000] {subprocess.py:93} INFO - INFO:__main__:Processed batch of 100 messages
[2025-03-15T07:14:36.915+0000] {subprocess.py:93} INFO - INFO:__main__:Processed batch of 100 messages
[2025-03-15T07:14:36.930+0000] {subprocess.py:93} INFO - INFO:__main__:Processed batch of 100 messages
[2025-03-15T07:14:36.945+0000] {subprocess.py:93} INFO - INFO:__main__:Processed batch of 100 messages
[2025-03-15T07:14:36.957+0000] {subprocess.py:93} INFO - INFO:__main__:Processed batch of 100 messages
[2025-03-15T07:14:36.969+0000] {subprocess.py:93} INFO - INFO:__main__:Processed batch of 100 messages
[2025-03-15T07:14:36.989+0000] {subprocess.py:93} INFO - INFO:__main__:Processed batch of 100 messages
[2025-03-15T07:14:37.001+0000] {subprocess.py:93} INFO - INFO:__main__:Processed batch of 100 messages
[2025-03-15T07:14:37.019+0000] {subprocess.py:93} INFO - INFO:__main__:Processed batch of 100 messages
[2025-03-15T07:14:37.033+0000] {subprocess.py:93} INFO - INFO:__main__:Processed batch of 100 messages
[2025-03-15T07:14:37.047+0000] {subprocess.py:93} INFO - INFO:__main__:Processed batch of 100 messages
[2025-03-15T07:14:37.064+0000] {subprocess.py:93} INFO - INFO:__main__:Processed batch of 100 messages
[2025-03-15T07:14:37.087+0000] {subprocess.py:93} INFO - INFO:__main__:Processed batch of 100 messages
[2025-03-15T07:14:37.103+0000] {subprocess.py:93} INFO - INFO:__main__:Processed batch of 100 messages
[2025-03-15T07:14:37.122+0000] {subprocess.py:93} INFO - INFO:__main__:Processed batch of 100 messages
[2025-03-15T07:14:37.144+0000] {subprocess.py:93} INFO - INFO:__main__:Processed batch of 100 messages
[2025-03-15T07:14:37.167+0000] {subprocess.py:93} INFO - INFO:__main__:Processed batch of 100 messages
[2025-03-15T07:14:37.197+0000] {subprocess.py:93} INFO - INFO:__main__:Processed batch of 100 messages
[2025-03-15T07:14:37.223+0000] {subprocess.py:93} INFO - INFO:__main__:Processed batch of 100 messages
[2025-03-15T07:14:37.242+0000] {subprocess.py:93} INFO - INFO:__main__:Processed batch of 100 messages
[2025-03-15T07:14:37.264+0000] {subprocess.py:93} INFO - INFO:__main__:Processed batch of 100 messages
[2025-03-15T07:14:37.280+0000] {subprocess.py:93} INFO - INFO:__main__:Processed batch of 100 messages
[2025-03-15T07:14:37.293+0000] {subprocess.py:93} INFO - INFO:__main__:Processed batch of 100 messages
[2025-03-15T07:14:37.310+0000] {subprocess.py:93} INFO - INFO:__main__:Processed batch of 100 messages
[2025-03-15T07:14:37.328+0000] {subprocess.py:93} INFO - INFO:__main__:Processed batch of 100 messages
[2025-03-15T07:14:37.345+0000] {subprocess.py:93} INFO - INFO:__main__:Processed batch of 100 messages
[2025-03-15T07:14:37.360+0000] {subprocess.py:93} INFO - INFO:__main__:Processed batch of 100 messages
[2025-03-15T07:14:37.375+0000] {subprocess.py:93} INFO - INFO:__main__:Processed batch of 100 messages
[2025-03-15T07:14:37.391+0000] {subprocess.py:93} INFO - INFO:__main__:Processed batch of 100 messages
[2025-03-15T07:14:37.403+0000] {subprocess.py:93} INFO - INFO:__main__:Processed batch of 100 messages
[2025-03-15T07:14:37.418+0000] {subprocess.py:93} INFO - INFO:__main__:Processed batch of 100 messages
[2025-03-15T07:14:37.431+0000] {subprocess.py:93} INFO - INFO:__main__:Processed batch of 100 messages
[2025-03-15T07:14:37.443+0000] {subprocess.py:93} INFO - INFO:__main__:Processed batch of 100 messages
[2025-03-15T07:14:37.456+0000] {subprocess.py:93} INFO - INFO:__main__:Processed batch of 100 messages
[2025-03-15T07:14:37.468+0000] {subprocess.py:93} INFO - INFO:__main__:Processed batch of 100 messages
[2025-03-15T07:14:37.479+0000] {subprocess.py:93} INFO - INFO:__main__:Processed batch of 100 messages
[2025-03-15T07:14:37.493+0000] {subprocess.py:93} INFO - INFO:__main__:Processed batch of 100 messages
[2025-03-15T07:14:37.509+0000] {subprocess.py:93} INFO - INFO:__main__:Processed batch of 100 messages
[2025-03-15T07:14:37.544+0000] {subprocess.py:93} INFO - INFO:__main__:Processed batch of 100 messages
[2025-03-15T07:14:37.560+0000] {subprocess.py:93} INFO - INFO:__main__:Processed batch of 100 messages
[2025-03-15T07:14:37.575+0000] {subprocess.py:93} INFO - INFO:__main__:Processed batch of 100 messages
[2025-03-15T07:14:37.588+0000] {subprocess.py:93} INFO - INFO:__main__:Processed batch of 100 messages
[2025-03-15T07:14:37.604+0000] {subprocess.py:93} INFO - INFO:__main__:Processed batch of 100 messages
[2025-03-15T07:14:37.618+0000] {subprocess.py:93} INFO - INFO:__main__:Processed batch of 100 messages
[2025-03-15T07:14:37.637+0000] {subprocess.py:93} INFO - INFO:__main__:Processed batch of 100 messages
[2025-03-15T07:14:37.653+0000] {subprocess.py:93} INFO - INFO:__main__:Processed batch of 100 messages
[2025-03-15T07:14:37.666+0000] {subprocess.py:93} INFO - INFO:__main__:Processed batch of 100 messages
[2025-03-15T07:14:37.681+0000] {subprocess.py:93} INFO - INFO:__main__:Processed batch of 100 messages
[2025-03-15T07:14:37.694+0000] {subprocess.py:93} INFO - INFO:__main__:Processed batch of 100 messages
[2025-03-15T07:14:37.708+0000] {subprocess.py:93} INFO - INFO:__main__:Processed batch of 100 messages
[2025-03-15T07:14:37.723+0000] {subprocess.py:93} INFO - INFO:__main__:Processed batch of 100 messages
[2025-03-15T07:14:37.736+0000] {subprocess.py:93} INFO - INFO:__main__:Processed batch of 100 messages
[2025-03-15T07:14:37.747+0000] {subprocess.py:93} INFO - INFO:__main__:Processed batch of 100 messages
[2025-03-15T07:14:37.761+0000] {subprocess.py:93} INFO - INFO:__main__:Processed batch of 100 messages
[2025-03-15T07:14:37.778+0000] {subprocess.py:93} INFO - INFO:__main__:Processed batch of 100 messages
[2025-03-15T07:14:37.795+0000] {subprocess.py:93} INFO - INFO:__main__:Processed batch of 100 messages
[2025-03-15T07:14:37.809+0000] {subprocess.py:93} INFO - INFO:__main__:Processed batch of 100 messages
[2025-03-15T07:14:37.826+0000] {subprocess.py:93} INFO - INFO:__main__:Processed batch of 100 messages
[2025-03-15T07:14:37.837+0000] {subprocess.py:93} INFO - INFO:__main__:Processed batch of 100 messages
[2025-03-15T07:14:37.851+0000] {subprocess.py:93} INFO - INFO:__main__:Processed batch of 100 messages
[2025-03-15T07:14:37.867+0000] {subprocess.py:93} INFO - INFO:__main__:Processed batch of 100 messages
[2025-03-15T07:14:37.886+0000] {subprocess.py:93} INFO - INFO:__main__:Processed batch of 100 messages
[2025-03-15T07:14:37.897+0000] {subprocess.py:93} INFO - INFO:__main__:Processed batch of 100 messages
[2025-03-15T07:14:37.912+0000] {subprocess.py:93} INFO - INFO:__main__:Processed batch of 100 messages
[2025-03-15T07:14:37.929+0000] {subprocess.py:93} INFO - INFO:__main__:Processed batch of 100 messages
[2025-03-15T07:14:37.948+0000] {subprocess.py:93} INFO - INFO:__main__:Processed batch of 100 messages
[2025-03-15T07:14:37.960+0000] {subprocess.py:93} INFO - INFO:__main__:Processed batch of 100 messages
[2025-03-15T07:14:37.976+0000] {subprocess.py:93} INFO - INFO:__main__:Processed batch of 100 messages
[2025-03-15T07:14:37.992+0000] {subprocess.py:93} INFO - INFO:__main__:Processed batch of 100 messages
[2025-03-15T07:14:38.006+0000] {subprocess.py:93} INFO - INFO:__main__:Processed batch of 100 messages
[2025-03-15T07:14:38.007+0000] {subprocess.py:93} INFO - INFO:__main__:Successfully sent 20000 messages to topic transaction_data
[2025-03-15T07:14:38.007+0000] {subprocess.py:93} INFO - INFO:kafka.producer.kafka:Closing the Kafka producer with 9223372036.0 secs timeout.
[2025-03-15T07:14:38.008+0000] {subprocess.py:93} INFO - INFO:kafka.conn:<BrokerConnection node_id=1 host=kafka:29092 <connected> [IPv4 ('172.18.0.8', 29092)]>: Closing connection.
[2025-03-15T07:14:38.179+0000] {subprocess.py:93} INFO - /home/***/.local/lib/python3.8/site-packages/pyspark/bin/spark-class: line 71: /usr/lib/jvm/java-default/bin/java: No such file or directory
[2025-03-15T07:14:38.180+0000] {subprocess.py:93} INFO - /home/***/.local/lib/python3.8/site-packages/pyspark/bin/spark-class: line 96: CMD: bad array subscript
[2025-03-15T07:14:38.269+0000] {subprocess.py:93} INFO - Data retrieved! (20000, 6)
[2025-03-15T07:14:38.271+0000] {subprocess.py:93} INFO - Data saved! /tmp/***tmprc9mb671
[2025-03-15T07:14:38.271+0000] {subprocess.py:93} INFO - Topic 'transaction_data' created with retention.ms set to 172800000 (2 days)
[2025-03-15T07:14:38.271+0000] {subprocess.py:93} INFO - Data Ingested to Kafka!
[2025-03-15T07:14:38.273+0000] {subprocess.py:93} INFO - Traceback (most recent call last):
[2025-03-15T07:14:38.274+0000] {subprocess.py:93} INFO -   File "/opt/***/external_scripts/gen_transaction_data.py", line 168, in <module>
[2025-03-15T07:14:38.274+0000] {subprocess.py:93} INFO -     spark = SparkSession.builder \
[2025-03-15T07:14:38.274+0000] {subprocess.py:93} INFO -   File "/home/***/.local/lib/python3.8/site-packages/pyspark/sql/session.py", line 269, in getOrCreate
[2025-03-15T07:14:38.274+0000] {subprocess.py:93} INFO -     sc = SparkContext.getOrCreate(sparkConf)
[2025-03-15T07:14:38.274+0000] {subprocess.py:93} INFO -   File "/home/***/.local/lib/python3.8/site-packages/pyspark/context.py", line 483, in getOrCreate
[2025-03-15T07:14:38.274+0000] {subprocess.py:93} INFO -     SparkContext(conf=conf or SparkConf())
[2025-03-15T07:14:38.274+0000] {subprocess.py:93} INFO -   File "/home/***/.local/lib/python3.8/site-packages/pyspark/context.py", line 195, in __init__
[2025-03-15T07:14:38.275+0000] {subprocess.py:93} INFO -     SparkContext._ensure_initialized(self, gateway=gateway, conf=conf)
[2025-03-15T07:14:38.275+0000] {subprocess.py:93} INFO -   File "/home/***/.local/lib/python3.8/site-packages/pyspark/context.py", line 417, in _ensure_initialized
[2025-03-15T07:14:38.275+0000] {subprocess.py:93} INFO -     SparkContext._gateway = gateway or launch_gateway(conf)
[2025-03-15T07:14:38.275+0000] {subprocess.py:93} INFO -   File "/home/***/.local/lib/python3.8/site-packages/pyspark/java_gateway.py", line 106, in launch_gateway
[2025-03-15T07:14:38.275+0000] {subprocess.py:93} INFO -     raise RuntimeError("Java gateway process exited before sending its port number")
[2025-03-15T07:14:38.276+0000] {subprocess.py:93} INFO - RuntimeError: Java gateway process exited before sending its port number
[2025-03-15T07:14:38.396+0000] {subprocess.py:97} INFO - Command exited with return code 1
[2025-03-15T07:14:38.412+0000] {taskinstance.py:2699} ERROR - Task failed with exception
Traceback (most recent call last):
  File "/home/airflow/.local/lib/python3.8/site-packages/airflow/models/taskinstance.py", line 433, in _execute_task
    result = execute_callable(context=context, **execute_callable_kwargs)
  File "/home/airflow/.local/lib/python3.8/site-packages/airflow/operators/bash.py", line 212, in execute
    raise AirflowException(
airflow.exceptions.AirflowException: Bash command failed. The command returned a non-zero exit code 1.
[2025-03-15T07:14:38.416+0000] {taskinstance.py:1138} INFO - Marking task as UP_FOR_RETRY. dag_id=gen_data_daily, task_id=run_script, execution_date=20250313T220000, start_date=20250315T071429, end_date=20250315T071438
[2025-03-15T07:14:38.479+0000] {standard_task_runner.py:107} ERROR - Failed to execute job 15 for task run_script (Bash command failed. The command returned a non-zero exit code 1.; 149)
[2025-03-15T07:14:38.500+0000] {local_task_job_runner.py:234} INFO - Task exited with return code 1
[2025-03-15T07:14:38.540+0000] {taskinstance.py:3281} INFO - 0 downstream tasks scheduled from follow-on schedule check
