[2025-03-20T13:06:39.802+0000] {processor.py:161} INFO - Started process (PID=851) to work on /opt/airflow/dags/gen_lxw_fts.py
[2025-03-20T13:06:39.803+0000] {processor.py:830} INFO - Processing file /opt/airflow/dags/gen_lxw_fts.py for tasks to queue
[2025-03-20T13:06:39.804+0000] {logging_mixin.py:188} INFO - [2025-03-20T13:06:39.804+0000] {dagbag.py:538} INFO - Filling up the DagBag from /opt/airflow/dags/gen_lxw_fts.py
[2025-03-20T13:06:39.829+0000] {processor.py:840} INFO - DAG(s) 'gen_lxw_fts' retrieved from /opt/airflow/dags/gen_lxw_fts.py
[2025-03-20T13:06:39.881+0000] {logging_mixin.py:188} INFO - [2025-03-20T13:06:39.881+0000] {dag.py:3033} INFO - Sync 1 DAGs
[2025-03-20T13:06:39.931+0000] {logging_mixin.py:188} INFO - [2025-03-20T13:06:39.930+0000] {dag.py:3820} INFO - Setting next_dagrun for gen_lxw_fts to 2025-03-16T23:00:00+00:00, run_after=2025-03-17T23:00:00+00:00
[2025-03-20T13:06:39.985+0000] {processor.py:183} INFO - Processing /opt/airflow/dags/gen_lxw_fts.py took 0.192 seconds
[2025-03-20T13:07:10.958+0000] {processor.py:161} INFO - Started process (PID=859) to work on /opt/airflow/dags/gen_lxw_fts.py
[2025-03-20T13:07:11.193+0000] {processor.py:830} INFO - Processing file /opt/airflow/dags/gen_lxw_fts.py for tasks to queue
[2025-03-20T13:07:11.194+0000] {logging_mixin.py:188} INFO - [2025-03-20T13:07:11.194+0000] {dagbag.py:538} INFO - Filling up the DagBag from /opt/airflow/dags/gen_lxw_fts.py
[2025-03-20T13:07:11.224+0000] {processor.py:840} INFO - DAG(s) 'gen_lxw_fts' retrieved from /opt/airflow/dags/gen_lxw_fts.py
[2025-03-20T13:07:11.266+0000] {logging_mixin.py:188} INFO - [2025-03-20T13:07:11.266+0000] {dag.py:3033} INFO - Sync 1 DAGs
[2025-03-20T13:07:11.311+0000] {logging_mixin.py:188} INFO - [2025-03-20T13:07:11.311+0000] {dag.py:3820} INFO - Setting next_dagrun for gen_lxw_fts to 2025-03-16T23:00:00+00:00, run_after=2025-03-17T23:00:00+00:00
[2025-03-20T13:07:11.349+0000] {processor.py:183} INFO - Processing /opt/airflow/dags/gen_lxw_fts.py took 0.401 seconds
[2025-03-20T13:07:41.561+0000] {processor.py:161} INFO - Started process (PID=867) to work on /opt/airflow/dags/gen_lxw_fts.py
[2025-03-20T13:07:41.607+0000] {processor.py:830} INFO - Processing file /opt/airflow/dags/gen_lxw_fts.py for tasks to queue
[2025-03-20T13:07:41.608+0000] {logging_mixin.py:188} INFO - [2025-03-20T13:07:41.608+0000] {dagbag.py:538} INFO - Filling up the DagBag from /opt/airflow/dags/gen_lxw_fts.py
[2025-03-20T13:07:41.625+0000] {processor.py:840} INFO - DAG(s) 'gen_lxw_fts' retrieved from /opt/airflow/dags/gen_lxw_fts.py
[2025-03-20T13:07:41.673+0000] {logging_mixin.py:188} INFO - [2025-03-20T13:07:41.673+0000] {dag.py:3033} INFO - Sync 1 DAGs
[2025-03-20T13:07:41.703+0000] {logging_mixin.py:188} INFO - [2025-03-20T13:07:41.703+0000] {dag.py:3820} INFO - Setting next_dagrun for gen_lxw_fts to 2025-03-16T23:00:00+00:00, run_after=2025-03-17T23:00:00+00:00
[2025-03-20T13:07:41.800+0000] {processor.py:183} INFO - Processing /opt/airflow/dags/gen_lxw_fts.py took 0.242 seconds
[2025-03-20T13:08:12.004+0000] {processor.py:161} INFO - Started process (PID=876) to work on /opt/airflow/dags/gen_lxw_fts.py
[2025-03-20T13:08:12.005+0000] {processor.py:830} INFO - Processing file /opt/airflow/dags/gen_lxw_fts.py for tasks to queue
[2025-03-20T13:08:12.006+0000] {logging_mixin.py:188} INFO - [2025-03-20T13:08:12.006+0000] {dagbag.py:538} INFO - Filling up the DagBag from /opt/airflow/dags/gen_lxw_fts.py
[2025-03-20T13:08:12.022+0000] {processor.py:840} INFO - DAG(s) 'gen_lxw_fts' retrieved from /opt/airflow/dags/gen_lxw_fts.py
[2025-03-20T13:08:12.071+0000] {logging_mixin.py:188} INFO - [2025-03-20T13:08:12.070+0000] {dag.py:3033} INFO - Sync 1 DAGs
[2025-03-20T13:08:12.104+0000] {logging_mixin.py:188} INFO - [2025-03-20T13:08:12.104+0000] {dag.py:3820} INFO - Setting next_dagrun for gen_lxw_fts to 2025-03-16T23:00:00+00:00, run_after=2025-03-17T23:00:00+00:00
[2025-03-20T13:08:12.131+0000] {processor.py:183} INFO - Processing /opt/airflow/dags/gen_lxw_fts.py took 0.132 seconds
[2025-03-20T13:08:42.244+0000] {processor.py:161} INFO - Started process (PID=884) to work on /opt/airflow/dags/gen_lxw_fts.py
[2025-03-20T13:08:42.263+0000] {processor.py:830} INFO - Processing file /opt/airflow/dags/gen_lxw_fts.py for tasks to queue
[2025-03-20T13:08:42.263+0000] {logging_mixin.py:188} INFO - [2025-03-20T13:08:42.263+0000] {dagbag.py:538} INFO - Filling up the DagBag from /opt/airflow/dags/gen_lxw_fts.py
[2025-03-20T13:08:42.295+0000] {processor.py:840} INFO - DAG(s) 'gen_lxw_fts' retrieved from /opt/airflow/dags/gen_lxw_fts.py
[2025-03-20T13:08:42.331+0000] {logging_mixin.py:188} INFO - [2025-03-20T13:08:42.331+0000] {dag.py:3033} INFO - Sync 1 DAGs
[2025-03-20T13:08:42.358+0000] {logging_mixin.py:188} INFO - [2025-03-20T13:08:42.358+0000] {dag.py:3820} INFO - Setting next_dagrun for gen_lxw_fts to 2025-03-16T23:00:00+00:00, run_after=2025-03-17T23:00:00+00:00
[2025-03-20T13:08:42.396+0000] {processor.py:183} INFO - Processing /opt/airflow/dags/gen_lxw_fts.py took 0.155 seconds
[2025-03-20T13:09:12.934+0000] {processor.py:161} INFO - Started process (PID=892) to work on /opt/airflow/dags/gen_lxw_fts.py
[2025-03-20T13:09:12.935+0000] {processor.py:830} INFO - Processing file /opt/airflow/dags/gen_lxw_fts.py for tasks to queue
[2025-03-20T13:09:12.936+0000] {logging_mixin.py:188} INFO - [2025-03-20T13:09:12.936+0000] {dagbag.py:538} INFO - Filling up the DagBag from /opt/airflow/dags/gen_lxw_fts.py
[2025-03-20T13:09:12.952+0000] {processor.py:840} INFO - DAG(s) 'gen_lxw_fts' retrieved from /opt/airflow/dags/gen_lxw_fts.py
[2025-03-20T13:09:12.987+0000] {logging_mixin.py:188} INFO - [2025-03-20T13:09:12.987+0000] {dag.py:3033} INFO - Sync 1 DAGs
[2025-03-20T13:09:13.014+0000] {logging_mixin.py:188} INFO - [2025-03-20T13:09:13.014+0000] {dag.py:3820} INFO - Setting next_dagrun for gen_lxw_fts to 2025-03-16T23:00:00+00:00, run_after=2025-03-17T23:00:00+00:00
[2025-03-20T13:09:13.059+0000] {processor.py:183} INFO - Processing /opt/airflow/dags/gen_lxw_fts.py took 0.130 seconds
[2025-03-20T13:09:43.180+0000] {processor.py:161} INFO - Started process (PID=899) to work on /opt/airflow/dags/gen_lxw_fts.py
[2025-03-20T13:09:43.196+0000] {processor.py:830} INFO - Processing file /opt/airflow/dags/gen_lxw_fts.py for tasks to queue
[2025-03-20T13:09:43.197+0000] {logging_mixin.py:188} INFO - [2025-03-20T13:09:43.196+0000] {dagbag.py:538} INFO - Filling up the DagBag from /opt/airflow/dags/gen_lxw_fts.py
[2025-03-20T13:09:43.220+0000] {processor.py:840} INFO - DAG(s) 'gen_lxw_fts' retrieved from /opt/airflow/dags/gen_lxw_fts.py
[2025-03-20T13:09:43.287+0000] {logging_mixin.py:188} INFO - [2025-03-20T13:09:43.286+0000] {dag.py:3033} INFO - Sync 1 DAGs
[2025-03-20T13:09:43.327+0000] {logging_mixin.py:188} INFO - [2025-03-20T13:09:43.327+0000] {dag.py:3820} INFO - Setting next_dagrun for gen_lxw_fts to 2025-03-16T23:00:00+00:00, run_after=2025-03-17T23:00:00+00:00
[2025-03-20T13:09:43.363+0000] {processor.py:183} INFO - Processing /opt/airflow/dags/gen_lxw_fts.py took 0.189 seconds
[2025-03-20T18:13:41.968+0000] {processor.py:161} INFO - Started process (PID=56) to work on /opt/airflow/dags/gen_lxw_fts.py
[2025-03-20T18:13:41.980+0000] {processor.py:830} INFO - Processing file /opt/airflow/dags/gen_lxw_fts.py for tasks to queue
[2025-03-20T18:13:41.983+0000] {logging_mixin.py:188} INFO - [2025-03-20T18:13:41.983+0000] {dagbag.py:538} INFO - Filling up the DagBag from /opt/airflow/dags/gen_lxw_fts.py
[2025-03-20T18:13:42.155+0000] {processor.py:840} INFO - DAG(s) 'gen_lxw_fts' retrieved from /opt/airflow/dags/gen_lxw_fts.py
[2025-03-20T18:13:42.591+0000] {logging_mixin.py:188} INFO - [2025-03-20T18:13:42.591+0000] {dag.py:3033} INFO - Sync 1 DAGs
[2025-03-20T18:13:42.621+0000] {logging_mixin.py:188} INFO - [2025-03-20T18:13:42.621+0000] {dag.py:3820} INFO - Setting next_dagrun for gen_lxw_fts to 2025-03-16T23:00:00+00:00, run_after=2025-03-17T23:00:00+00:00
[2025-03-20T18:13:42.649+0000] {processor.py:183} INFO - Processing /opt/airflow/dags/gen_lxw_fts.py took 0.684 seconds
[2025-03-20T18:14:12.877+0000] {processor.py:161} INFO - Started process (PID=64) to work on /opt/airflow/dags/gen_lxw_fts.py
[2025-03-20T18:14:12.881+0000] {processor.py:830} INFO - Processing file /opt/airflow/dags/gen_lxw_fts.py for tasks to queue
[2025-03-20T18:14:12.884+0000] {logging_mixin.py:188} INFO - [2025-03-20T18:14:12.883+0000] {dagbag.py:538} INFO - Filling up the DagBag from /opt/airflow/dags/gen_lxw_fts.py
[2025-03-20T18:14:12.910+0000] {processor.py:840} INFO - DAG(s) 'gen_lxw_fts' retrieved from /opt/airflow/dags/gen_lxw_fts.py
[2025-03-20T18:14:12.971+0000] {logging_mixin.py:188} INFO - [2025-03-20T18:14:12.971+0000] {dag.py:3033} INFO - Sync 1 DAGs
[2025-03-20T18:14:13.047+0000] {logging_mixin.py:188} INFO - [2025-03-20T18:14:13.047+0000] {dag.py:3820} INFO - Setting next_dagrun for gen_lxw_fts to 2025-03-16T23:00:00+00:00, run_after=2025-03-17T23:00:00+00:00
[2025-03-20T18:14:13.119+0000] {processor.py:183} INFO - Processing /opt/airflow/dags/gen_lxw_fts.py took 0.247 seconds
[2025-03-20T18:14:43.370+0000] {processor.py:161} INFO - Started process (PID=72) to work on /opt/airflow/dags/gen_lxw_fts.py
[2025-03-20T18:14:43.372+0000] {processor.py:830} INFO - Processing file /opt/airflow/dags/gen_lxw_fts.py for tasks to queue
[2025-03-20T18:14:43.374+0000] {logging_mixin.py:188} INFO - [2025-03-20T18:14:43.374+0000] {dagbag.py:538} INFO - Filling up the DagBag from /opt/airflow/dags/gen_lxw_fts.py
[2025-03-20T18:14:43.392+0000] {processor.py:840} INFO - DAG(s) 'gen_lxw_fts' retrieved from /opt/airflow/dags/gen_lxw_fts.py
[2025-03-20T18:14:43.423+0000] {logging_mixin.py:188} INFO - [2025-03-20T18:14:43.423+0000] {dag.py:3033} INFO - Sync 1 DAGs
[2025-03-20T18:14:43.452+0000] {logging_mixin.py:188} INFO - [2025-03-20T18:14:43.452+0000] {dag.py:3820} INFO - Setting next_dagrun for gen_lxw_fts to 2025-03-16T23:00:00+00:00, run_after=2025-03-17T23:00:00+00:00
[2025-03-20T18:14:43.484+0000] {processor.py:183} INFO - Processing /opt/airflow/dags/gen_lxw_fts.py took 0.120 seconds
[2025-03-20T18:15:13.763+0000] {processor.py:161} INFO - Started process (PID=80) to work on /opt/airflow/dags/gen_lxw_fts.py
[2025-03-20T18:15:13.768+0000] {processor.py:830} INFO - Processing file /opt/airflow/dags/gen_lxw_fts.py for tasks to queue
[2025-03-20T18:15:13.782+0000] {logging_mixin.py:188} INFO - [2025-03-20T18:15:13.780+0000] {dagbag.py:538} INFO - Filling up the DagBag from /opt/airflow/dags/gen_lxw_fts.py
[2025-03-20T18:15:13.822+0000] {processor.py:840} INFO - DAG(s) 'gen_lxw_fts' retrieved from /opt/airflow/dags/gen_lxw_fts.py
[2025-03-20T18:15:13.877+0000] {logging_mixin.py:188} INFO - [2025-03-20T18:15:13.877+0000] {dag.py:3033} INFO - Sync 1 DAGs
[2025-03-20T18:15:13.914+0000] {logging_mixin.py:188} INFO - [2025-03-20T18:15:13.913+0000] {dag.py:3820} INFO - Setting next_dagrun for gen_lxw_fts to 2025-03-16T23:00:00+00:00, run_after=2025-03-17T23:00:00+00:00
[2025-03-20T18:15:13.995+0000] {processor.py:183} INFO - Processing /opt/airflow/dags/gen_lxw_fts.py took 0.244 seconds
[2025-03-20T18:15:44.311+0000] {processor.py:161} INFO - Started process (PID=88) to work on /opt/airflow/dags/gen_lxw_fts.py
[2025-03-20T18:15:44.314+0000] {processor.py:830} INFO - Processing file /opt/airflow/dags/gen_lxw_fts.py for tasks to queue
[2025-03-20T18:15:44.321+0000] {logging_mixin.py:188} INFO - [2025-03-20T18:15:44.320+0000] {dagbag.py:538} INFO - Filling up the DagBag from /opt/airflow/dags/gen_lxw_fts.py
[2025-03-20T18:15:44.356+0000] {processor.py:840} INFO - DAG(s) 'gen_lxw_fts' retrieved from /opt/airflow/dags/gen_lxw_fts.py
[2025-03-20T18:15:44.425+0000] {logging_mixin.py:188} INFO - [2025-03-20T18:15:44.425+0000] {dag.py:3033} INFO - Sync 1 DAGs
[2025-03-20T18:15:44.473+0000] {logging_mixin.py:188} INFO - [2025-03-20T18:15:44.470+0000] {dag.py:3820} INFO - Setting next_dagrun for gen_lxw_fts to 2025-03-16T23:00:00+00:00, run_after=2025-03-17T23:00:00+00:00
[2025-03-20T18:15:44.513+0000] {processor.py:183} INFO - Processing /opt/airflow/dags/gen_lxw_fts.py took 0.212 seconds
[2025-03-20T18:16:14.780+0000] {processor.py:161} INFO - Started process (PID=96) to work on /opt/airflow/dags/gen_lxw_fts.py
[2025-03-20T18:16:14.781+0000] {processor.py:830} INFO - Processing file /opt/airflow/dags/gen_lxw_fts.py for tasks to queue
[2025-03-20T18:16:14.785+0000] {logging_mixin.py:188} INFO - [2025-03-20T18:16:14.784+0000] {dagbag.py:538} INFO - Filling up the DagBag from /opt/airflow/dags/gen_lxw_fts.py
[2025-03-20T18:16:14.804+0000] {processor.py:840} INFO - DAG(s) 'gen_lxw_fts' retrieved from /opt/airflow/dags/gen_lxw_fts.py
[2025-03-20T18:16:14.840+0000] {logging_mixin.py:188} INFO - [2025-03-20T18:16:14.840+0000] {dag.py:3033} INFO - Sync 1 DAGs
[2025-03-20T18:16:14.871+0000] {logging_mixin.py:188} INFO - [2025-03-20T18:16:14.871+0000] {dag.py:3820} INFO - Setting next_dagrun for gen_lxw_fts to 2025-03-16T23:00:00+00:00, run_after=2025-03-17T23:00:00+00:00
[2025-03-20T18:16:14.894+0000] {processor.py:183} INFO - Processing /opt/airflow/dags/gen_lxw_fts.py took 0.122 seconds
[2025-03-20T18:16:45.044+0000] {processor.py:161} INFO - Started process (PID=105) to work on /opt/airflow/dags/gen_lxw_fts.py
[2025-03-20T18:16:45.051+0000] {processor.py:830} INFO - Processing file /opt/airflow/dags/gen_lxw_fts.py for tasks to queue
[2025-03-20T18:16:45.054+0000] {logging_mixin.py:188} INFO - [2025-03-20T18:16:45.053+0000] {dagbag.py:538} INFO - Filling up the DagBag from /opt/airflow/dags/gen_lxw_fts.py
[2025-03-20T18:16:45.069+0000] {processor.py:840} INFO - DAG(s) 'gen_lxw_fts' retrieved from /opt/airflow/dags/gen_lxw_fts.py
[2025-03-20T18:16:45.109+0000] {logging_mixin.py:188} INFO - [2025-03-20T18:16:45.109+0000] {dag.py:3033} INFO - Sync 1 DAGs
[2025-03-20T18:16:45.138+0000] {logging_mixin.py:188} INFO - [2025-03-20T18:16:45.138+0000] {dag.py:3820} INFO - Setting next_dagrun for gen_lxw_fts to 2025-03-16T23:00:00+00:00, run_after=2025-03-17T23:00:00+00:00
[2025-03-20T18:16:45.161+0000] {processor.py:183} INFO - Processing /opt/airflow/dags/gen_lxw_fts.py took 0.122 seconds
[2025-03-20T18:17:15.613+0000] {processor.py:161} INFO - Started process (PID=112) to work on /opt/airflow/dags/gen_lxw_fts.py
[2025-03-20T18:17:15.614+0000] {processor.py:830} INFO - Processing file /opt/airflow/dags/gen_lxw_fts.py for tasks to queue
[2025-03-20T18:17:15.619+0000] {logging_mixin.py:188} INFO - [2025-03-20T18:17:15.619+0000] {dagbag.py:538} INFO - Filling up the DagBag from /opt/airflow/dags/gen_lxw_fts.py
[2025-03-20T18:17:15.638+0000] {processor.py:840} INFO - DAG(s) 'gen_lxw_fts' retrieved from /opt/airflow/dags/gen_lxw_fts.py
[2025-03-20T18:17:15.684+0000] {logging_mixin.py:188} INFO - [2025-03-20T18:17:15.683+0000] {dag.py:3033} INFO - Sync 1 DAGs
[2025-03-20T18:17:15.717+0000] {logging_mixin.py:188} INFO - [2025-03-20T18:17:15.717+0000] {dag.py:3820} INFO - Setting next_dagrun for gen_lxw_fts to 2025-03-16T23:00:00+00:00, run_after=2025-03-17T23:00:00+00:00
[2025-03-20T18:17:15.770+0000] {processor.py:183} INFO - Processing /opt/airflow/dags/gen_lxw_fts.py took 0.164 seconds
[2025-03-20T18:17:46.129+0000] {processor.py:161} INFO - Started process (PID=126) to work on /opt/airflow/dags/gen_lxw_fts.py
[2025-03-20T18:17:46.130+0000] {processor.py:830} INFO - Processing file /opt/airflow/dags/gen_lxw_fts.py for tasks to queue
[2025-03-20T18:17:46.134+0000] {logging_mixin.py:188} INFO - [2025-03-20T18:17:46.133+0000] {dagbag.py:538} INFO - Filling up the DagBag from /opt/airflow/dags/gen_lxw_fts.py
[2025-03-20T18:17:46.150+0000] {processor.py:840} INFO - DAG(s) 'gen_lxw_fts' retrieved from /opt/airflow/dags/gen_lxw_fts.py
[2025-03-20T18:17:46.185+0000] {logging_mixin.py:188} INFO - [2025-03-20T18:17:46.185+0000] {dag.py:3033} INFO - Sync 1 DAGs
[2025-03-20T18:17:46.217+0000] {logging_mixin.py:188} INFO - [2025-03-20T18:17:46.217+0000] {dag.py:3820} INFO - Setting next_dagrun for gen_lxw_fts to 2025-03-16T23:00:00+00:00, run_after=2025-03-17T23:00:00+00:00
[2025-03-20T18:17:46.242+0000] {processor.py:183} INFO - Processing /opt/airflow/dags/gen_lxw_fts.py took 0.117 seconds
[2025-03-20T18:48:10.201+0000] {processor.py:161} INFO - Started process (PID=86) to work on /opt/airflow/dags/gen_lxw_fts.py
[2025-03-20T18:48:10.203+0000] {processor.py:830} INFO - Processing file /opt/airflow/dags/gen_lxw_fts.py for tasks to queue
[2025-03-20T18:48:10.206+0000] {logging_mixin.py:188} INFO - [2025-03-20T18:48:10.205+0000] {dagbag.py:538} INFO - Filling up the DagBag from /opt/airflow/dags/gen_lxw_fts.py
[2025-03-20T18:48:10.277+0000] {processor.py:840} INFO - DAG(s) 'gen_lxw_fts' retrieved from /opt/airflow/dags/gen_lxw_fts.py
[2025-03-20T18:48:10.686+0000] {logging_mixin.py:188} INFO - [2025-03-20T18:48:10.685+0000] {override.py:1769} INFO - Created Permission View: can read on DAG:gen_lxw_fts
[2025-03-20T18:48:10.708+0000] {logging_mixin.py:188} INFO - [2025-03-20T18:48:10.707+0000] {override.py:1769} INFO - Created Permission View: can delete on DAG:gen_lxw_fts
[2025-03-20T18:48:10.741+0000] {logging_mixin.py:188} INFO - [2025-03-20T18:48:10.741+0000] {override.py:1769} INFO - Created Permission View: can edit on DAG:gen_lxw_fts
[2025-03-20T18:48:10.741+0000] {logging_mixin.py:188} INFO - [2025-03-20T18:48:10.741+0000] {dag.py:3033} INFO - Sync 1 DAGs
[2025-03-20T18:48:10.756+0000] {logging_mixin.py:188} INFO - [2025-03-20T18:48:10.756+0000] {dag.py:3055} INFO - Creating ORM DAG for gen_lxw_fts
[2025-03-20T18:48:10.770+0000] {logging_mixin.py:188} INFO - [2025-03-20T18:48:10.770+0000] {dag.py:3820} INFO - Setting next_dagrun for gen_lxw_fts to 2025-03-07T23:00:00+00:00, run_after=2025-03-08T23:00:00+00:00
[2025-03-20T18:48:10.866+0000] {processor.py:183} INFO - Processing /opt/airflow/dags/gen_lxw_fts.py took 0.672 seconds
[2025-03-20T18:48:41.138+0000] {processor.py:161} INFO - Started process (PID=94) to work on /opt/airflow/dags/gen_lxw_fts.py
[2025-03-20T18:48:41.151+0000] {processor.py:830} INFO - Processing file /opt/airflow/dags/gen_lxw_fts.py for tasks to queue
[2025-03-20T18:48:41.161+0000] {logging_mixin.py:188} INFO - [2025-03-20T18:48:41.160+0000] {dagbag.py:538} INFO - Filling up the DagBag from /opt/airflow/dags/gen_lxw_fts.py
[2025-03-20T18:48:41.224+0000] {processor.py:840} INFO - DAG(s) 'gen_lxw_fts' retrieved from /opt/airflow/dags/gen_lxw_fts.py
[2025-03-20T18:48:41.375+0000] {logging_mixin.py:188} INFO - [2025-03-20T18:48:41.374+0000] {dag.py:3033} INFO - Sync 1 DAGs
[2025-03-20T18:48:41.475+0000] {logging_mixin.py:188} INFO - [2025-03-20T18:48:41.466+0000] {dag.py:3820} INFO - Setting next_dagrun for gen_lxw_fts to 2025-03-07T23:00:00+00:00, run_after=2025-03-08T23:00:00+00:00
[2025-03-20T18:48:41.584+0000] {processor.py:183} INFO - Processing /opt/airflow/dags/gen_lxw_fts.py took 0.451 seconds
[2025-03-20T18:49:11.816+0000] {processor.py:161} INFO - Started process (PID=102) to work on /opt/airflow/dags/gen_lxw_fts.py
[2025-03-20T18:49:11.824+0000] {processor.py:830} INFO - Processing file /opt/airflow/dags/gen_lxw_fts.py for tasks to queue
[2025-03-20T18:49:11.827+0000] {logging_mixin.py:188} INFO - [2025-03-20T18:49:11.827+0000] {dagbag.py:538} INFO - Filling up the DagBag from /opt/airflow/dags/gen_lxw_fts.py
[2025-03-20T18:49:11.845+0000] {processor.py:840} INFO - DAG(s) 'gen_lxw_fts' retrieved from /opt/airflow/dags/gen_lxw_fts.py
[2025-03-20T18:49:11.876+0000] {logging_mixin.py:188} INFO - [2025-03-20T18:49:11.876+0000] {dag.py:3033} INFO - Sync 1 DAGs
[2025-03-20T18:49:11.904+0000] {logging_mixin.py:188} INFO - [2025-03-20T18:49:11.904+0000] {dag.py:3820} INFO - Setting next_dagrun for gen_lxw_fts to 2025-03-07T23:00:00+00:00, run_after=2025-03-08T23:00:00+00:00
[2025-03-20T18:49:11.961+0000] {processor.py:183} INFO - Processing /opt/airflow/dags/gen_lxw_fts.py took 0.149 seconds
[2025-03-20T18:49:42.091+0000] {processor.py:161} INFO - Started process (PID=110) to work on /opt/airflow/dags/gen_lxw_fts.py
[2025-03-20T18:49:42.098+0000] {processor.py:830} INFO - Processing file /opt/airflow/dags/gen_lxw_fts.py for tasks to queue
[2025-03-20T18:49:42.105+0000] {logging_mixin.py:188} INFO - [2025-03-20T18:49:42.105+0000] {dagbag.py:538} INFO - Filling up the DagBag from /opt/airflow/dags/gen_lxw_fts.py
[2025-03-20T18:49:42.133+0000] {processor.py:840} INFO - DAG(s) 'gen_lxw_fts' retrieved from /opt/airflow/dags/gen_lxw_fts.py
[2025-03-20T18:49:42.196+0000] {logging_mixin.py:188} INFO - [2025-03-20T18:49:42.196+0000] {dag.py:3033} INFO - Sync 1 DAGs
[2025-03-20T18:49:42.242+0000] {logging_mixin.py:188} INFO - [2025-03-20T18:49:42.242+0000] {dag.py:3820} INFO - Setting next_dagrun for gen_lxw_fts to 2025-03-07T23:00:00+00:00, run_after=2025-03-08T23:00:00+00:00
[2025-03-20T18:49:42.280+0000] {processor.py:183} INFO - Processing /opt/airflow/dags/gen_lxw_fts.py took 0.202 seconds
[2025-03-20T18:50:12.437+0000] {processor.py:161} INFO - Started process (PID=118) to work on /opt/airflow/dags/gen_lxw_fts.py
[2025-03-20T18:50:12.438+0000] {processor.py:830} INFO - Processing file /opt/airflow/dags/gen_lxw_fts.py for tasks to queue
[2025-03-20T18:50:12.446+0000] {logging_mixin.py:188} INFO - [2025-03-20T18:50:12.446+0000] {dagbag.py:538} INFO - Filling up the DagBag from /opt/airflow/dags/gen_lxw_fts.py
[2025-03-20T18:50:12.496+0000] {processor.py:840} INFO - DAG(s) 'gen_lxw_fts' retrieved from /opt/airflow/dags/gen_lxw_fts.py
[2025-03-20T18:50:12.539+0000] {logging_mixin.py:188} INFO - [2025-03-20T18:50:12.539+0000] {dag.py:3033} INFO - Sync 1 DAGs
[2025-03-20T18:50:12.577+0000] {logging_mixin.py:188} INFO - [2025-03-20T18:50:12.577+0000] {dag.py:3820} INFO - Setting next_dagrun for gen_lxw_fts to 2025-03-07T23:00:00+00:00, run_after=2025-03-08T23:00:00+00:00
[2025-03-20T18:50:12.604+0000] {processor.py:183} INFO - Processing /opt/airflow/dags/gen_lxw_fts.py took 0.182 seconds
[2025-03-20T18:50:42.854+0000] {processor.py:161} INFO - Started process (PID=126) to work on /opt/airflow/dags/gen_lxw_fts.py
[2025-03-20T18:50:42.856+0000] {processor.py:830} INFO - Processing file /opt/airflow/dags/gen_lxw_fts.py for tasks to queue
[2025-03-20T18:50:42.859+0000] {logging_mixin.py:188} INFO - [2025-03-20T18:50:42.858+0000] {dagbag.py:538} INFO - Filling up the DagBag from /opt/airflow/dags/gen_lxw_fts.py
[2025-03-20T18:50:42.882+0000] {processor.py:840} INFO - DAG(s) 'gen_lxw_fts' retrieved from /opt/airflow/dags/gen_lxw_fts.py
[2025-03-20T18:50:42.921+0000] {logging_mixin.py:188} INFO - [2025-03-20T18:50:42.921+0000] {dag.py:3033} INFO - Sync 1 DAGs
[2025-03-20T18:50:42.955+0000] {logging_mixin.py:188} INFO - [2025-03-20T18:50:42.955+0000] {dag.py:3820} INFO - Setting next_dagrun for gen_lxw_fts to 2025-03-07T23:00:00+00:00, run_after=2025-03-08T23:00:00+00:00
[2025-03-20T18:50:43.006+0000] {processor.py:183} INFO - Processing /opt/airflow/dags/gen_lxw_fts.py took 0.158 seconds
[2025-03-20T19:02:25.997+0000] {processor.py:161} INFO - Started process (PID=85) to work on /opt/airflow/dags/gen_lxw_fts.py
[2025-03-20T19:02:25.999+0000] {processor.py:830} INFO - Processing file /opt/airflow/dags/gen_lxw_fts.py for tasks to queue
[2025-03-20T19:02:26.003+0000] {logging_mixin.py:188} INFO - [2025-03-20T19:02:26.002+0000] {dagbag.py:538} INFO - Filling up the DagBag from /opt/airflow/dags/gen_lxw_fts.py
[2025-03-20T19:02:26.044+0000] {processor.py:840} INFO - DAG(s) 'gen_lxw_fts' retrieved from /opt/airflow/dags/gen_lxw_fts.py
[2025-03-20T19:02:26.506+0000] {logging_mixin.py:188} INFO - [2025-03-20T19:02:26.505+0000] {override.py:1769} INFO - Created Permission View: can delete on DAG:gen_lxw_fts
[2025-03-20T19:02:26.518+0000] {logging_mixin.py:188} INFO - [2025-03-20T19:02:26.518+0000] {override.py:1769} INFO - Created Permission View: can edit on DAG:gen_lxw_fts
[2025-03-20T19:02:26.527+0000] {logging_mixin.py:188} INFO - [2025-03-20T19:02:26.527+0000] {override.py:1769} INFO - Created Permission View: can read on DAG:gen_lxw_fts
[2025-03-20T19:02:26.528+0000] {logging_mixin.py:188} INFO - [2025-03-20T19:02:26.528+0000] {dag.py:3033} INFO - Sync 1 DAGs
[2025-03-20T19:02:26.542+0000] {logging_mixin.py:188} INFO - [2025-03-20T19:02:26.542+0000] {dag.py:3055} INFO - Creating ORM DAG for gen_lxw_fts
[2025-03-20T19:02:26.556+0000] {logging_mixin.py:188} INFO - [2025-03-20T19:02:26.555+0000] {dag.py:3820} INFO - Setting next_dagrun for gen_lxw_fts to 2025-03-07T23:00:00+00:00, run_after=2025-03-08T23:00:00+00:00
[2025-03-20T19:02:26.591+0000] {processor.py:183} INFO - Processing /opt/airflow/dags/gen_lxw_fts.py took 0.597 seconds
[2025-03-20T19:02:57.278+0000] {processor.py:161} INFO - Started process (PID=93) to work on /opt/airflow/dags/gen_lxw_fts.py
[2025-03-20T19:02:57.289+0000] {processor.py:830} INFO - Processing file /opt/airflow/dags/gen_lxw_fts.py for tasks to queue
[2025-03-20T19:02:57.292+0000] {logging_mixin.py:188} INFO - [2025-03-20T19:02:57.292+0000] {dagbag.py:538} INFO - Filling up the DagBag from /opt/airflow/dags/gen_lxw_fts.py
[2025-03-20T19:02:57.307+0000] {processor.py:840} INFO - DAG(s) 'gen_lxw_fts' retrieved from /opt/airflow/dags/gen_lxw_fts.py
[2025-03-20T19:02:57.342+0000] {logging_mixin.py:188} INFO - [2025-03-20T19:02:57.342+0000] {dag.py:3033} INFO - Sync 1 DAGs
[2025-03-20T19:02:57.368+0000] {logging_mixin.py:188} INFO - [2025-03-20T19:02:57.368+0000] {dag.py:3820} INFO - Setting next_dagrun for gen_lxw_fts to 2025-03-07T23:00:00+00:00, run_after=2025-03-08T23:00:00+00:00
[2025-03-20T19:02:57.418+0000] {processor.py:183} INFO - Processing /opt/airflow/dags/gen_lxw_fts.py took 0.156 seconds
[2025-03-20T19:03:27.653+0000] {processor.py:161} INFO - Started process (PID=100) to work on /opt/airflow/dags/gen_lxw_fts.py
[2025-03-20T19:03:27.664+0000] {processor.py:830} INFO - Processing file /opt/airflow/dags/gen_lxw_fts.py for tasks to queue
[2025-03-20T19:03:27.670+0000] {logging_mixin.py:188} INFO - [2025-03-20T19:03:27.669+0000] {dagbag.py:538} INFO - Filling up the DagBag from /opt/airflow/dags/gen_lxw_fts.py
[2025-03-20T19:03:27.695+0000] {processor.py:840} INFO - DAG(s) 'gen_lxw_fts' retrieved from /opt/airflow/dags/gen_lxw_fts.py
[2025-03-20T19:03:27.729+0000] {logging_mixin.py:188} INFO - [2025-03-20T19:03:27.729+0000] {dag.py:3033} INFO - Sync 1 DAGs
[2025-03-20T19:03:27.761+0000] {logging_mixin.py:188} INFO - [2025-03-20T19:03:27.761+0000] {dag.py:3820} INFO - Setting next_dagrun for gen_lxw_fts to 2025-03-07T23:00:00+00:00, run_after=2025-03-08T23:00:00+00:00
[2025-03-20T19:03:27.804+0000] {processor.py:183} INFO - Processing /opt/airflow/dags/gen_lxw_fts.py took 0.156 seconds
[2025-03-20T19:03:58.284+0000] {processor.py:161} INFO - Started process (PID=108) to work on /opt/airflow/dags/gen_lxw_fts.py
[2025-03-20T19:03:58.287+0000] {processor.py:830} INFO - Processing file /opt/airflow/dags/gen_lxw_fts.py for tasks to queue
[2025-03-20T19:03:58.297+0000] {logging_mixin.py:188} INFO - [2025-03-20T19:03:58.295+0000] {dagbag.py:538} INFO - Filling up the DagBag from /opt/airflow/dags/gen_lxw_fts.py
[2025-03-20T19:03:58.317+0000] {processor.py:840} INFO - DAG(s) 'gen_lxw_fts' retrieved from /opt/airflow/dags/gen_lxw_fts.py
[2025-03-20T19:03:58.369+0000] {logging_mixin.py:188} INFO - [2025-03-20T19:03:58.369+0000] {dag.py:3033} INFO - Sync 1 DAGs
[2025-03-20T19:03:58.412+0000] {logging_mixin.py:188} INFO - [2025-03-20T19:03:58.411+0000] {dag.py:3820} INFO - Setting next_dagrun for gen_lxw_fts to 2025-03-07T23:00:00+00:00, run_after=2025-03-08T23:00:00+00:00
[2025-03-20T19:03:58.481+0000] {processor.py:183} INFO - Processing /opt/airflow/dags/gen_lxw_fts.py took 0.200 seconds
[2025-03-20T19:21:40.617+0000] {processor.py:161} INFO - Started process (PID=86) to work on /opt/airflow/dags/gen_lxw_fts.py
[2025-03-20T19:21:40.628+0000] {processor.py:830} INFO - Processing file /opt/airflow/dags/gen_lxw_fts.py for tasks to queue
[2025-03-20T19:21:40.631+0000] {logging_mixin.py:188} INFO - [2025-03-20T19:21:40.630+0000] {dagbag.py:538} INFO - Filling up the DagBag from /opt/airflow/dags/gen_lxw_fts.py
[2025-03-20T19:21:40.754+0000] {processor.py:840} INFO - DAG(s) 'gen_lxw_fts' retrieved from /opt/airflow/dags/gen_lxw_fts.py
[2025-03-20T19:21:41.934+0000] {logging_mixin.py:188} INFO - [2025-03-20T19:21:41.933+0000] {override.py:1769} INFO - Created Permission View: can read on DAG:gen_lxw_fts
[2025-03-20T19:21:41.981+0000] {logging_mixin.py:188} INFO - [2025-03-20T19:21:41.981+0000] {override.py:1769} INFO - Created Permission View: can delete on DAG:gen_lxw_fts
[2025-03-20T19:21:42.030+0000] {logging_mixin.py:188} INFO - [2025-03-20T19:21:42.030+0000] {override.py:1769} INFO - Created Permission View: can edit on DAG:gen_lxw_fts
[2025-03-20T19:21:42.031+0000] {logging_mixin.py:188} INFO - [2025-03-20T19:21:42.030+0000] {dag.py:3033} INFO - Sync 1 DAGs
[2025-03-20T19:21:42.103+0000] {logging_mixin.py:188} INFO - [2025-03-20T19:21:42.102+0000] {dag.py:3055} INFO - Creating ORM DAG for gen_lxw_fts
[2025-03-20T19:21:42.117+0000] {logging_mixin.py:188} INFO - [2025-03-20T19:21:42.117+0000] {dag.py:3820} INFO - Setting next_dagrun for gen_lxw_fts to 2025-03-07T23:00:00+00:00, run_after=2025-03-08T23:00:00+00:00
[2025-03-20T19:21:42.213+0000] {processor.py:183} INFO - Processing /opt/airflow/dags/gen_lxw_fts.py took 1.603 seconds
[2025-03-20T19:22:12.568+0000] {processor.py:161} INFO - Started process (PID=94) to work on /opt/airflow/dags/gen_lxw_fts.py
[2025-03-20T19:22:12.571+0000] {processor.py:830} INFO - Processing file /opt/airflow/dags/gen_lxw_fts.py for tasks to queue
[2025-03-20T19:22:12.574+0000] {logging_mixin.py:188} INFO - [2025-03-20T19:22:12.574+0000] {dagbag.py:538} INFO - Filling up the DagBag from /opt/airflow/dags/gen_lxw_fts.py
[2025-03-20T19:22:12.631+0000] {processor.py:840} INFO - DAG(s) 'gen_lxw_fts' retrieved from /opt/airflow/dags/gen_lxw_fts.py
[2025-03-20T19:22:12.776+0000] {logging_mixin.py:188} INFO - [2025-03-20T19:22:12.774+0000] {dag.py:3033} INFO - Sync 1 DAGs
[2025-03-20T19:22:12.819+0000] {logging_mixin.py:188} INFO - [2025-03-20T19:22:12.819+0000] {dag.py:3820} INFO - Setting next_dagrun for gen_lxw_fts to 2025-03-07T23:00:00+00:00, run_after=2025-03-08T23:00:00+00:00
[2025-03-20T19:22:12.934+0000] {processor.py:183} INFO - Processing /opt/airflow/dags/gen_lxw_fts.py took 0.373 seconds
[2025-03-20T19:22:43.272+0000] {processor.py:161} INFO - Started process (PID=102) to work on /opt/airflow/dags/gen_lxw_fts.py
[2025-03-20T19:22:43.281+0000] {processor.py:830} INFO - Processing file /opt/airflow/dags/gen_lxw_fts.py for tasks to queue
[2025-03-20T19:22:43.283+0000] {logging_mixin.py:188} INFO - [2025-03-20T19:22:43.283+0000] {dagbag.py:538} INFO - Filling up the DagBag from /opt/airflow/dags/gen_lxw_fts.py
[2025-03-20T19:22:43.303+0000] {processor.py:840} INFO - DAG(s) 'gen_lxw_fts' retrieved from /opt/airflow/dags/gen_lxw_fts.py
[2025-03-20T19:22:43.341+0000] {logging_mixin.py:188} INFO - [2025-03-20T19:22:43.340+0000] {dag.py:3033} INFO - Sync 1 DAGs
[2025-03-20T19:22:43.372+0000] {logging_mixin.py:188} INFO - [2025-03-20T19:22:43.372+0000] {dag.py:3820} INFO - Setting next_dagrun for gen_lxw_fts to 2025-03-07T23:00:00+00:00, run_after=2025-03-08T23:00:00+00:00
[2025-03-20T19:22:43.402+0000] {processor.py:183} INFO - Processing /opt/airflow/dags/gen_lxw_fts.py took 0.135 seconds
[2025-03-20T19:23:13.574+0000] {processor.py:161} INFO - Started process (PID=110) to work on /opt/airflow/dags/gen_lxw_fts.py
[2025-03-20T19:23:13.575+0000] {processor.py:830} INFO - Processing file /opt/airflow/dags/gen_lxw_fts.py for tasks to queue
[2025-03-20T19:23:13.578+0000] {logging_mixin.py:188} INFO - [2025-03-20T19:23:13.577+0000] {dagbag.py:538} INFO - Filling up the DagBag from /opt/airflow/dags/gen_lxw_fts.py
[2025-03-20T19:23:13.596+0000] {processor.py:840} INFO - DAG(s) 'gen_lxw_fts' retrieved from /opt/airflow/dags/gen_lxw_fts.py
[2025-03-20T19:23:13.626+0000] {logging_mixin.py:188} INFO - [2025-03-20T19:23:13.625+0000] {dag.py:3033} INFO - Sync 1 DAGs
[2025-03-20T19:23:13.654+0000] {logging_mixin.py:188} INFO - [2025-03-20T19:23:13.653+0000] {dag.py:3820} INFO - Setting next_dagrun for gen_lxw_fts to 2025-03-07T23:00:00+00:00, run_after=2025-03-08T23:00:00+00:00
[2025-03-20T19:23:13.681+0000] {processor.py:183} INFO - Processing /opt/airflow/dags/gen_lxw_fts.py took 0.110 seconds
[2025-03-20T19:23:44.213+0000] {processor.py:161} INFO - Started process (PID=118) to work on /opt/airflow/dags/gen_lxw_fts.py
[2025-03-20T19:23:44.219+0000] {processor.py:830} INFO - Processing file /opt/airflow/dags/gen_lxw_fts.py for tasks to queue
[2025-03-20T19:23:44.222+0000] {logging_mixin.py:188} INFO - [2025-03-20T19:23:44.222+0000] {dagbag.py:538} INFO - Filling up the DagBag from /opt/airflow/dags/gen_lxw_fts.py
[2025-03-20T19:23:44.237+0000] {processor.py:840} INFO - DAG(s) 'gen_lxw_fts' retrieved from /opt/airflow/dags/gen_lxw_fts.py
[2025-03-20T19:23:44.269+0000] {logging_mixin.py:188} INFO - [2025-03-20T19:23:44.268+0000] {dag.py:3033} INFO - Sync 1 DAGs
[2025-03-20T19:23:44.295+0000] {logging_mixin.py:188} INFO - [2025-03-20T19:23:44.295+0000] {dag.py:3820} INFO - Setting next_dagrun for gen_lxw_fts to 2025-03-07T23:00:00+00:00, run_after=2025-03-08T23:00:00+00:00
[2025-03-20T19:23:44.353+0000] {processor.py:183} INFO - Processing /opt/airflow/dags/gen_lxw_fts.py took 0.144 seconds
[2025-03-20T19:24:14.459+0000] {processor.py:161} INFO - Started process (PID=125) to work on /opt/airflow/dags/gen_lxw_fts.py
[2025-03-20T19:24:14.460+0000] {processor.py:830} INFO - Processing file /opt/airflow/dags/gen_lxw_fts.py for tasks to queue
[2025-03-20T19:24:14.464+0000] {logging_mixin.py:188} INFO - [2025-03-20T19:24:14.464+0000] {dagbag.py:538} INFO - Filling up the DagBag from /opt/airflow/dags/gen_lxw_fts.py
[2025-03-20T19:24:14.489+0000] {processor.py:840} INFO - DAG(s) 'gen_lxw_fts' retrieved from /opt/airflow/dags/gen_lxw_fts.py
[2025-03-20T19:24:14.537+0000] {logging_mixin.py:188} INFO - [2025-03-20T19:24:14.537+0000] {dag.py:3033} INFO - Sync 1 DAGs
[2025-03-20T19:24:14.576+0000] {logging_mixin.py:188} INFO - [2025-03-20T19:24:14.576+0000] {dag.py:3820} INFO - Setting next_dagrun for gen_lxw_fts to 2025-03-07T23:00:00+00:00, run_after=2025-03-08T23:00:00+00:00
[2025-03-20T19:24:14.617+0000] {processor.py:183} INFO - Processing /opt/airflow/dags/gen_lxw_fts.py took 0.168 seconds
[2025-03-20T19:24:45.102+0000] {processor.py:161} INFO - Started process (PID=133) to work on /opt/airflow/dags/gen_lxw_fts.py
[2025-03-20T19:24:45.104+0000] {processor.py:830} INFO - Processing file /opt/airflow/dags/gen_lxw_fts.py for tasks to queue
[2025-03-20T19:24:45.106+0000] {logging_mixin.py:188} INFO - [2025-03-20T19:24:45.105+0000] {dagbag.py:538} INFO - Filling up the DagBag from /opt/airflow/dags/gen_lxw_fts.py
[2025-03-20T19:24:45.125+0000] {processor.py:840} INFO - DAG(s) 'gen_lxw_fts' retrieved from /opt/airflow/dags/gen_lxw_fts.py
[2025-03-20T19:24:45.156+0000] {logging_mixin.py:188} INFO - [2025-03-20T19:24:45.156+0000] {dag.py:3033} INFO - Sync 1 DAGs
[2025-03-20T19:24:45.188+0000] {logging_mixin.py:188} INFO - [2025-03-20T19:24:45.188+0000] {dag.py:3820} INFO - Setting next_dagrun for gen_lxw_fts to 2025-03-07T23:00:00+00:00, run_after=2025-03-08T23:00:00+00:00
[2025-03-20T19:24:45.221+0000] {processor.py:183} INFO - Processing /opt/airflow/dags/gen_lxw_fts.py took 0.122 seconds
[2025-03-20T19:25:15.397+0000] {processor.py:161} INFO - Started process (PID=141) to work on /opt/airflow/dags/gen_lxw_fts.py
[2025-03-20T19:25:15.409+0000] {processor.py:830} INFO - Processing file /opt/airflow/dags/gen_lxw_fts.py for tasks to queue
[2025-03-20T19:25:15.412+0000] {logging_mixin.py:188} INFO - [2025-03-20T19:25:15.412+0000] {dagbag.py:538} INFO - Filling up the DagBag from /opt/airflow/dags/gen_lxw_fts.py
[2025-03-20T19:25:15.431+0000] {processor.py:840} INFO - DAG(s) 'gen_lxw_fts' retrieved from /opt/airflow/dags/gen_lxw_fts.py
[2025-03-20T19:25:15.475+0000] {logging_mixin.py:188} INFO - [2025-03-20T19:25:15.475+0000] {dag.py:3033} INFO - Sync 1 DAGs
[2025-03-20T19:25:15.507+0000] {logging_mixin.py:188} INFO - [2025-03-20T19:25:15.507+0000] {dag.py:3820} INFO - Setting next_dagrun for gen_lxw_fts to 2025-03-07T23:00:00+00:00, run_after=2025-03-08T23:00:00+00:00
[2025-03-20T19:25:15.541+0000] {processor.py:183} INFO - Processing /opt/airflow/dags/gen_lxw_fts.py took 0.148 seconds
[2025-03-20T19:25:45.598+0000] {processor.py:161} INFO - Started process (PID=149) to work on /opt/airflow/dags/gen_lxw_fts.py
[2025-03-20T19:25:45.600+0000] {processor.py:830} INFO - Processing file /opt/airflow/dags/gen_lxw_fts.py for tasks to queue
[2025-03-20T19:25:45.603+0000] {logging_mixin.py:188} INFO - [2025-03-20T19:25:45.603+0000] {dagbag.py:538} INFO - Filling up the DagBag from /opt/airflow/dags/gen_lxw_fts.py
[2025-03-20T19:25:45.621+0000] {processor.py:840} INFO - DAG(s) 'gen_lxw_fts' retrieved from /opt/airflow/dags/gen_lxw_fts.py
[2025-03-20T19:25:45.657+0000] {logging_mixin.py:188} INFO - [2025-03-20T19:25:45.656+0000] {dag.py:3033} INFO - Sync 1 DAGs
[2025-03-20T19:25:45.694+0000] {logging_mixin.py:188} INFO - [2025-03-20T19:25:45.694+0000] {dag.py:3820} INFO - Setting next_dagrun for gen_lxw_fts to 2025-03-07T23:00:00+00:00, run_after=2025-03-08T23:00:00+00:00
[2025-03-20T19:25:45.731+0000] {processor.py:183} INFO - Processing /opt/airflow/dags/gen_lxw_fts.py took 0.136 seconds
[2025-03-20T19:26:16.702+0000] {processor.py:161} INFO - Started process (PID=157) to work on /opt/airflow/dags/gen_lxw_fts.py
[2025-03-20T19:26:16.709+0000] {processor.py:830} INFO - Processing file /opt/airflow/dags/gen_lxw_fts.py for tasks to queue
[2025-03-20T19:26:16.712+0000] {logging_mixin.py:188} INFO - [2025-03-20T19:26:16.712+0000] {dagbag.py:538} INFO - Filling up the DagBag from /opt/airflow/dags/gen_lxw_fts.py
[2025-03-20T19:26:16.726+0000] {processor.py:840} INFO - DAG(s) 'gen_lxw_fts' retrieved from /opt/airflow/dags/gen_lxw_fts.py
[2025-03-20T19:26:16.762+0000] {logging_mixin.py:188} INFO - [2025-03-20T19:26:16.762+0000] {dag.py:3033} INFO - Sync 1 DAGs
[2025-03-20T19:26:16.788+0000] {logging_mixin.py:188} INFO - [2025-03-20T19:26:16.788+0000] {dag.py:3820} INFO - Setting next_dagrun for gen_lxw_fts to 2025-03-07T23:00:00+00:00, run_after=2025-03-08T23:00:00+00:00
[2025-03-20T19:26:16.817+0000] {processor.py:183} INFO - Processing /opt/airflow/dags/gen_lxw_fts.py took 0.118 seconds
[2025-03-20T19:26:46.947+0000] {processor.py:161} INFO - Started process (PID=165) to work on /opt/airflow/dags/gen_lxw_fts.py
[2025-03-20T19:26:46.949+0000] {processor.py:830} INFO - Processing file /opt/airflow/dags/gen_lxw_fts.py for tasks to queue
[2025-03-20T19:26:46.952+0000] {logging_mixin.py:188} INFO - [2025-03-20T19:26:46.952+0000] {dagbag.py:538} INFO - Filling up the DagBag from /opt/airflow/dags/gen_lxw_fts.py
[2025-03-20T19:26:46.974+0000] {processor.py:840} INFO - DAG(s) 'gen_lxw_fts' retrieved from /opt/airflow/dags/gen_lxw_fts.py
[2025-03-20T19:26:47.016+0000] {logging_mixin.py:188} INFO - [2025-03-20T19:26:47.015+0000] {dag.py:3033} INFO - Sync 1 DAGs
[2025-03-20T19:26:47.050+0000] {logging_mixin.py:188} INFO - [2025-03-20T19:26:47.050+0000] {dag.py:3820} INFO - Setting next_dagrun for gen_lxw_fts to 2025-03-07T23:00:00+00:00, run_after=2025-03-08T23:00:00+00:00
[2025-03-20T19:26:47.099+0000] {processor.py:183} INFO - Processing /opt/airflow/dags/gen_lxw_fts.py took 0.156 seconds
[2025-03-20T19:27:17.156+0000] {processor.py:161} INFO - Started process (PID=173) to work on /opt/airflow/dags/gen_lxw_fts.py
[2025-03-20T19:27:17.158+0000] {processor.py:830} INFO - Processing file /opt/airflow/dags/gen_lxw_fts.py for tasks to queue
[2025-03-20T19:27:17.163+0000] {logging_mixin.py:188} INFO - [2025-03-20T19:27:17.162+0000] {dagbag.py:538} INFO - Filling up the DagBag from /opt/airflow/dags/gen_lxw_fts.py
[2025-03-20T19:27:17.185+0000] {processor.py:840} INFO - DAG(s) 'gen_lxw_fts' retrieved from /opt/airflow/dags/gen_lxw_fts.py
[2025-03-20T19:27:17.235+0000] {logging_mixin.py:188} INFO - [2025-03-20T19:27:17.234+0000] {dag.py:3033} INFO - Sync 1 DAGs
[2025-03-20T19:27:17.281+0000] {logging_mixin.py:188} INFO - [2025-03-20T19:27:17.281+0000] {dag.py:3820} INFO - Setting next_dagrun for gen_lxw_fts to 2025-03-07T23:00:00+00:00, run_after=2025-03-08T23:00:00+00:00
[2025-03-20T19:27:17.311+0000] {processor.py:183} INFO - Processing /opt/airflow/dags/gen_lxw_fts.py took 0.159 seconds
[2025-03-20T19:27:47.559+0000] {processor.py:161} INFO - Started process (PID=181) to work on /opt/airflow/dags/gen_lxw_fts.py
[2025-03-20T19:27:47.561+0000] {processor.py:830} INFO - Processing file /opt/airflow/dags/gen_lxw_fts.py for tasks to queue
[2025-03-20T19:27:47.565+0000] {logging_mixin.py:188} INFO - [2025-03-20T19:27:47.564+0000] {dagbag.py:538} INFO - Filling up the DagBag from /opt/airflow/dags/gen_lxw_fts.py
[2025-03-20T19:27:47.585+0000] {processor.py:840} INFO - DAG(s) 'gen_lxw_fts' retrieved from /opt/airflow/dags/gen_lxw_fts.py
[2025-03-20T19:27:47.624+0000] {logging_mixin.py:188} INFO - [2025-03-20T19:27:47.624+0000] {dag.py:3033} INFO - Sync 1 DAGs
[2025-03-20T19:27:47.652+0000] {logging_mixin.py:188} INFO - [2025-03-20T19:27:47.652+0000] {dag.py:3820} INFO - Setting next_dagrun for gen_lxw_fts to 2025-03-07T23:00:00+00:00, run_after=2025-03-08T23:00:00+00:00
[2025-03-20T19:27:47.686+0000] {processor.py:183} INFO - Processing /opt/airflow/dags/gen_lxw_fts.py took 0.133 seconds
[2025-03-20T19:28:17.888+0000] {processor.py:161} INFO - Started process (PID=189) to work on /opt/airflow/dags/gen_lxw_fts.py
[2025-03-20T19:28:17.890+0000] {processor.py:830} INFO - Processing file /opt/airflow/dags/gen_lxw_fts.py for tasks to queue
[2025-03-20T19:28:17.893+0000] {logging_mixin.py:188} INFO - [2025-03-20T19:28:17.893+0000] {dagbag.py:538} INFO - Filling up the DagBag from /opt/airflow/dags/gen_lxw_fts.py
[2025-03-20T19:28:17.912+0000] {processor.py:840} INFO - DAG(s) 'gen_lxw_fts' retrieved from /opt/airflow/dags/gen_lxw_fts.py
[2025-03-20T19:28:17.946+0000] {logging_mixin.py:188} INFO - [2025-03-20T19:28:17.946+0000] {dag.py:3033} INFO - Sync 1 DAGs
[2025-03-20T19:28:17.974+0000] {logging_mixin.py:188} INFO - [2025-03-20T19:28:17.974+0000] {dag.py:3820} INFO - Setting next_dagrun for gen_lxw_fts to 2025-03-07T23:00:00+00:00, run_after=2025-03-08T23:00:00+00:00
[2025-03-20T19:28:18.026+0000] {processor.py:183} INFO - Processing /opt/airflow/dags/gen_lxw_fts.py took 0.142 seconds
