[2025-03-15T19:30:05.231+0000] {taskinstance.py:1957} INFO - Dependencies all met for dep_context=non-requeueable deps ti=<TaskInstance: gen_data_daily.gen_data_daily manual__2025-03-15T19:30:01.479975+00:00 [queued]>
[2025-03-15T19:30:05.251+0000] {taskinstance.py:1957} INFO - Dependencies all met for dep_context=requeueable deps ti=<TaskInstance: gen_data_daily.gen_data_daily manual__2025-03-15T19:30:01.479975+00:00 [queued]>
[2025-03-15T19:30:05.252+0000] {taskinstance.py:2171} INFO - Starting attempt 1 of 2
[2025-03-15T19:30:05.273+0000] {taskinstance.py:2192} INFO - Executing <Task(BashOperator): gen_data_daily> on 2025-03-15 19:30:01.479975+00:00
[2025-03-15T19:30:05.280+0000] {standard_task_runner.py:60} INFO - Started process 1555 to run task
[2025-03-15T19:30:05.285+0000] {standard_task_runner.py:87} INFO - Running: ['***', 'tasks', 'run', 'gen_data_daily', 'gen_data_daily', 'manual__2025-03-15T19:30:01.479975+00:00', '--job-id', '26', '--raw', '--subdir', 'DAGS_FOLDER/gen_data_daily.py', '--cfg-path', '/tmp/tmph2e13fv4']
[2025-03-15T19:30:05.286+0000] {standard_task_runner.py:88} INFO - Job 26: Subtask gen_data_daily
[2025-03-15T19:30:05.379+0000] {task_command.py:423} INFO - Running <TaskInstance: gen_data_daily.gen_data_daily manual__2025-03-15T19:30:01.479975+00:00 [running]> on host 42e0710fef4e
[2025-03-15T19:30:05.580+0000] {taskinstance.py:2481} INFO - Exporting env vars: AIRFLOW_CTX_DAG_OWNER='longnv' AIRFLOW_CTX_DAG_ID='gen_data_daily' AIRFLOW_CTX_TASK_ID='gen_data_daily' AIRFLOW_CTX_EXECUTION_DATE='2025-03-15T19:30:01.479975+00:00' AIRFLOW_CTX_TRY_NUMBER='1' AIRFLOW_CTX_DAG_RUN_ID='manual__2025-03-15T19:30:01.479975+00:00'
[2025-03-15T19:30:05.582+0000] {subprocess.py:63} INFO - Tmp dir root location: /tmp
[2025-03-15T19:30:05.583+0000] {subprocess.py:75} INFO - Running command: ['/usr/bin/bash', '-c', '\n        python /opt/***/external_scripts/1_gen_transaction_data.py 2025-03-16\n        ']
[2025-03-15T19:30:05.613+0000] {subprocess.py:86} INFO - Output:
[2025-03-15T19:30:08.966+0000] {subprocess.py:93} INFO - INFO:kafka.conn:<BrokerConnection node_id=bootstrap-0 host=kafka:29092 <connecting> [IPv4 ('172.18.0.9', 29092)]>: connecting to kafka:29092 [('172.18.0.9', 29092) IPv4]
[2025-03-15T19:30:08.966+0000] {subprocess.py:93} INFO - INFO:kafka.conn:Probing node bootstrap-0 broker version
[2025-03-15T19:30:08.967+0000] {subprocess.py:93} INFO - INFO:kafka.conn:<BrokerConnection node_id=bootstrap-0 host=kafka:29092 <connecting> [IPv4 ('172.18.0.9', 29092)]>: Connection complete.
[2025-03-15T19:30:09.069+0000] {subprocess.py:93} INFO - INFO:kafka.conn:Broker version identified as 2.5.0
[2025-03-15T19:30:09.070+0000] {subprocess.py:93} INFO - INFO:kafka.conn:Set configuration api_version=(2, 5, 0) to skip auto check_version requests on startup
[2025-03-15T19:30:09.070+0000] {subprocess.py:93} INFO - INFO:kafka.conn:Probing node bootstrap-0 broker version
[2025-03-15T19:30:09.177+0000] {subprocess.py:93} INFO - INFO:kafka.conn:Broker version identified as 2.5.0
[2025-03-15T19:30:09.178+0000] {subprocess.py:93} INFO - INFO:kafka.conn:Set configuration api_version=(2, 5, 0) to skip auto check_version requests on startup
[2025-03-15T19:30:09.184+0000] {subprocess.py:93} INFO - INFO:kafka.conn:<BrokerConnection node_id=1 host=kafka:29092 <connecting> [IPv4 ('172.18.0.9', 29092)]>: connecting to kafka:29092 [('172.18.0.9', 29092) IPv4]
[2025-03-15T19:30:09.185+0000] {subprocess.py:93} INFO - INFO:kafka.conn:Probing node 1 broker version
[2025-03-15T19:30:09.185+0000] {subprocess.py:93} INFO - INFO:kafka.conn:<BrokerConnection node_id=1 host=kafka:29092 <connecting> [IPv4 ('172.18.0.9', 29092)]>: Connection complete.
[2025-03-15T19:30:09.186+0000] {subprocess.py:93} INFO - INFO:kafka.conn:<BrokerConnection node_id=bootstrap-0 host=kafka:29092 <connected> [IPv4 ('172.18.0.9', 29092)]>: Closing connection.
[2025-03-15T19:30:09.290+0000] {subprocess.py:93} INFO - INFO:kafka.conn:Broker version identified as 2.5.0
[2025-03-15T19:30:09.290+0000] {subprocess.py:93} INFO - INFO:kafka.conn:Set configuration api_version=(2, 5, 0) to skip auto check_version requests on startup
[2025-03-15T19:30:09.299+0000] {subprocess.py:93} INFO - INFO:kafka.conn:<BrokerConnection node_id=bootstrap-0 host=kafka:29092 <connecting> [IPv4 ('172.18.0.9', 29092)]>: connecting to kafka:29092 [('172.18.0.9', 29092) IPv4]
[2025-03-15T19:30:09.299+0000] {subprocess.py:93} INFO - INFO:kafka.conn:Probing node bootstrap-0 broker version
[2025-03-15T19:30:09.302+0000] {subprocess.py:93} INFO - INFO:kafka.conn:<BrokerConnection node_id=bootstrap-0 host=kafka:29092 <connecting> [IPv4 ('172.18.0.9', 29092)]>: Connection complete.
[2025-03-15T19:30:09.405+0000] {subprocess.py:93} INFO - INFO:kafka.conn:Broker version identified as 2.5.0
[2025-03-15T19:30:09.406+0000] {subprocess.py:93} INFO - INFO:kafka.conn:Set configuration api_version=(2, 5, 0) to skip auto check_version requests on startup
[2025-03-15T19:30:09.493+0000] {subprocess.py:93} INFO - INFO:kafka.conn:<BrokerConnection node_id=1 host=kafka:29092 <connecting> [IPv4 ('172.18.0.9', 29092)]>: connecting to kafka:29092 [('172.18.0.9', 29092) IPv4]
[2025-03-15T19:30:09.494+0000] {subprocess.py:93} INFO - INFO:kafka.conn:<BrokerConnection node_id=1 host=kafka:29092 <connecting> [IPv4 ('172.18.0.9', 29092)]>: Connection complete.
[2025-03-15T19:30:09.494+0000] {subprocess.py:93} INFO - INFO:kafka.conn:<BrokerConnection node_id=bootstrap-0 host=kafka:29092 <connected> [IPv4 ('172.18.0.9', 29092)]>: Closing connection.
[2025-03-15T19:30:09.528+0000] {subprocess.py:93} INFO - INFO:__main__:Processed batch of 100 messages
[2025-03-15T19:30:09.546+0000] {subprocess.py:93} INFO - INFO:__main__:Processed batch of 100 messages
[2025-03-15T19:30:09.555+0000] {subprocess.py:93} INFO - INFO:__main__:Processed batch of 100 messages
[2025-03-15T19:30:09.570+0000] {subprocess.py:93} INFO - INFO:__main__:Processed batch of 100 messages
[2025-03-15T19:30:09.585+0000] {subprocess.py:93} INFO - INFO:__main__:Processed batch of 100 messages
[2025-03-15T19:30:09.597+0000] {subprocess.py:93} INFO - INFO:__main__:Processed batch of 100 messages
[2025-03-15T19:30:09.614+0000] {subprocess.py:93} INFO - INFO:__main__:Processed batch of 100 messages
[2025-03-15T19:30:09.633+0000] {subprocess.py:93} INFO - INFO:__main__:Processed batch of 100 messages
[2025-03-15T19:30:09.647+0000] {subprocess.py:93} INFO - INFO:__main__:Processed batch of 100 messages
[2025-03-15T19:30:09.664+0000] {subprocess.py:93} INFO - INFO:__main__:Processed batch of 100 messages
[2025-03-15T19:30:09.680+0000] {subprocess.py:93} INFO - INFO:__main__:Processed batch of 100 messages
[2025-03-15T19:30:09.696+0000] {subprocess.py:93} INFO - INFO:__main__:Processed batch of 100 messages
[2025-03-15T19:30:09.710+0000] {subprocess.py:93} INFO - INFO:__main__:Processed batch of 100 messages
[2025-03-15T19:30:09.725+0000] {subprocess.py:93} INFO - INFO:__main__:Processed batch of 100 messages
[2025-03-15T19:30:09.735+0000] {subprocess.py:93} INFO - INFO:__main__:Processed batch of 100 messages
[2025-03-15T19:30:09.757+0000] {subprocess.py:93} INFO - INFO:__main__:Processed batch of 100 messages
[2025-03-15T19:30:09.768+0000] {subprocess.py:93} INFO - INFO:__main__:Processed batch of 100 messages
[2025-03-15T19:30:09.781+0000] {subprocess.py:93} INFO - INFO:__main__:Processed batch of 100 messages
[2025-03-15T19:30:09.796+0000] {subprocess.py:93} INFO - INFO:__main__:Processed batch of 100 messages
[2025-03-15T19:30:09.810+0000] {subprocess.py:93} INFO - INFO:__main__:Processed batch of 100 messages
[2025-03-15T19:30:09.821+0000] {subprocess.py:93} INFO - INFO:__main__:Processed batch of 100 messages
[2025-03-15T19:30:09.835+0000] {subprocess.py:93} INFO - INFO:__main__:Processed batch of 100 messages
[2025-03-15T19:30:09.854+0000] {subprocess.py:93} INFO - INFO:__main__:Processed batch of 100 messages
[2025-03-15T19:30:09.871+0000] {subprocess.py:93} INFO - INFO:__main__:Processed batch of 100 messages
[2025-03-15T19:30:09.887+0000] {subprocess.py:93} INFO - INFO:__main__:Processed batch of 100 messages
[2025-03-15T19:30:09.913+0000] {subprocess.py:93} INFO - INFO:__main__:Processed batch of 100 messages
[2025-03-15T19:30:09.926+0000] {subprocess.py:93} INFO - INFO:__main__:Processed batch of 100 messages
[2025-03-15T19:30:09.941+0000] {subprocess.py:93} INFO - INFO:__main__:Processed batch of 100 messages
[2025-03-15T19:30:09.959+0000] {subprocess.py:93} INFO - INFO:__main__:Processed batch of 100 messages
[2025-03-15T19:30:09.977+0000] {subprocess.py:93} INFO - INFO:__main__:Processed batch of 100 messages
[2025-03-15T19:30:09.995+0000] {subprocess.py:93} INFO - INFO:__main__:Processed batch of 100 messages
[2025-03-15T19:30:10.012+0000] {subprocess.py:93} INFO - INFO:__main__:Processed batch of 100 messages
[2025-03-15T19:30:10.028+0000] {subprocess.py:93} INFO - INFO:__main__:Processed batch of 100 messages
[2025-03-15T19:30:10.042+0000] {subprocess.py:93} INFO - INFO:__main__:Processed batch of 100 messages
[2025-03-15T19:30:10.056+0000] {subprocess.py:93} INFO - INFO:__main__:Processed batch of 100 messages
[2025-03-15T19:30:10.068+0000] {subprocess.py:93} INFO - INFO:__main__:Processed batch of 100 messages
[2025-03-15T19:30:10.083+0000] {subprocess.py:93} INFO - INFO:__main__:Processed batch of 100 messages
[2025-03-15T19:30:10.099+0000] {subprocess.py:93} INFO - INFO:__main__:Processed batch of 100 messages
[2025-03-15T19:30:10.115+0000] {subprocess.py:93} INFO - INFO:__main__:Processed batch of 100 messages
[2025-03-15T19:30:10.131+0000] {subprocess.py:93} INFO - INFO:__main__:Processed batch of 100 messages
[2025-03-15T19:30:10.144+0000] {subprocess.py:93} INFO - INFO:__main__:Processed batch of 100 messages
[2025-03-15T19:30:10.155+0000] {subprocess.py:93} INFO - INFO:__main__:Processed batch of 100 messages
[2025-03-15T19:30:10.167+0000] {subprocess.py:93} INFO - INFO:__main__:Processed batch of 100 messages
[2025-03-15T19:30:10.183+0000] {subprocess.py:93} INFO - INFO:__main__:Processed batch of 100 messages
[2025-03-15T19:30:10.199+0000] {subprocess.py:93} INFO - INFO:__main__:Processed batch of 100 messages
[2025-03-15T19:30:10.214+0000] {subprocess.py:93} INFO - INFO:__main__:Processed batch of 100 messages
[2025-03-15T19:30:10.226+0000] {subprocess.py:93} INFO - INFO:__main__:Processed batch of 100 messages
[2025-03-15T19:30:10.240+0000] {subprocess.py:93} INFO - INFO:__main__:Processed batch of 100 messages
[2025-03-15T19:30:10.256+0000] {subprocess.py:93} INFO - INFO:__main__:Processed batch of 100 messages
[2025-03-15T19:30:10.268+0000] {subprocess.py:93} INFO - INFO:__main__:Processed batch of 100 messages
[2025-03-15T19:30:10.285+0000] {subprocess.py:93} INFO - INFO:__main__:Processed batch of 100 messages
[2025-03-15T19:30:10.295+0000] {subprocess.py:93} INFO - INFO:__main__:Processed batch of 100 messages
[2025-03-15T19:30:10.316+0000] {subprocess.py:93} INFO - INFO:__main__:Processed batch of 100 messages
[2025-03-15T19:30:10.330+0000] {subprocess.py:93} INFO - INFO:__main__:Processed batch of 100 messages
[2025-03-15T19:30:10.368+0000] {subprocess.py:93} INFO - INFO:__main__:Processed batch of 100 messages
[2025-03-15T19:30:10.391+0000] {subprocess.py:93} INFO - INFO:__main__:Processed batch of 100 messages
[2025-03-15T19:30:10.409+0000] {subprocess.py:93} INFO - INFO:__main__:Processed batch of 100 messages
[2025-03-15T19:30:10.426+0000] {subprocess.py:93} INFO - INFO:__main__:Processed batch of 100 messages
[2025-03-15T19:30:10.446+0000] {subprocess.py:93} INFO - INFO:__main__:Processed batch of 100 messages
[2025-03-15T19:30:10.463+0000] {subprocess.py:93} INFO - INFO:__main__:Processed batch of 100 messages
[2025-03-15T19:30:10.481+0000] {subprocess.py:93} INFO - INFO:__main__:Processed batch of 100 messages
[2025-03-15T19:30:10.505+0000] {subprocess.py:93} INFO - INFO:__main__:Processed batch of 100 messages
[2025-03-15T19:30:10.527+0000] {subprocess.py:93} INFO - INFO:__main__:Processed batch of 100 messages
[2025-03-15T19:30:10.543+0000] {subprocess.py:93} INFO - INFO:__main__:Processed batch of 100 messages
[2025-03-15T19:30:10.559+0000] {subprocess.py:93} INFO - INFO:__main__:Processed batch of 100 messages
[2025-03-15T19:30:10.573+0000] {subprocess.py:93} INFO - INFO:__main__:Processed batch of 100 messages
[2025-03-15T19:30:10.592+0000] {subprocess.py:93} INFO - INFO:__main__:Processed batch of 100 messages
[2025-03-15T19:30:10.602+0000] {subprocess.py:93} INFO - INFO:__main__:Processed batch of 100 messages
[2025-03-15T19:30:10.621+0000] {subprocess.py:93} INFO - INFO:__main__:Processed batch of 100 messages
[2025-03-15T19:30:10.645+0000] {subprocess.py:93} INFO - INFO:__main__:Processed batch of 100 messages
[2025-03-15T19:30:10.656+0000] {subprocess.py:93} INFO - INFO:__main__:Processed batch of 100 messages
[2025-03-15T19:30:10.670+0000] {subprocess.py:93} INFO - INFO:__main__:Processed batch of 100 messages
[2025-03-15T19:30:10.684+0000] {subprocess.py:93} INFO - INFO:__main__:Processed batch of 100 messages
[2025-03-15T19:30:10.701+0000] {subprocess.py:93} INFO - INFO:__main__:Processed batch of 100 messages
[2025-03-15T19:30:10.716+0000] {subprocess.py:93} INFO - INFO:__main__:Processed batch of 100 messages
[2025-03-15T19:30:10.729+0000] {subprocess.py:93} INFO - INFO:__main__:Processed batch of 100 messages
[2025-03-15T19:30:10.745+0000] {subprocess.py:93} INFO - INFO:__main__:Processed batch of 100 messages
[2025-03-15T19:30:10.757+0000] {subprocess.py:93} INFO - INFO:__main__:Processed batch of 100 messages
[2025-03-15T19:30:10.769+0000] {subprocess.py:93} INFO - INFO:__main__:Processed batch of 100 messages
[2025-03-15T19:30:10.781+0000] {subprocess.py:93} INFO - INFO:__main__:Processed batch of 100 messages
[2025-03-15T19:30:10.793+0000] {subprocess.py:93} INFO - INFO:__main__:Processed batch of 100 messages
[2025-03-15T19:30:10.815+0000] {subprocess.py:93} INFO - INFO:__main__:Processed batch of 100 messages
[2025-03-15T19:30:10.826+0000] {subprocess.py:93} INFO - INFO:__main__:Processed batch of 100 messages
[2025-03-15T19:30:10.840+0000] {subprocess.py:93} INFO - INFO:__main__:Processed batch of 100 messages
[2025-03-15T19:30:10.856+0000] {subprocess.py:93} INFO - INFO:__main__:Processed batch of 100 messages
[2025-03-15T19:30:10.865+0000] {subprocess.py:93} INFO - INFO:__main__:Processed batch of 100 messages
[2025-03-15T19:30:10.881+0000] {subprocess.py:93} INFO - INFO:__main__:Processed batch of 100 messages
[2025-03-15T19:30:10.896+0000] {subprocess.py:93} INFO - INFO:__main__:Processed batch of 100 messages
[2025-03-15T19:30:10.912+0000] {subprocess.py:93} INFO - INFO:__main__:Processed batch of 100 messages
[2025-03-15T19:30:10.926+0000] {subprocess.py:93} INFO - INFO:__main__:Processed batch of 100 messages
[2025-03-15T19:30:10.939+0000] {subprocess.py:93} INFO - INFO:__main__:Processed batch of 100 messages
[2025-03-15T19:30:10.952+0000] {subprocess.py:93} INFO - INFO:__main__:Processed batch of 100 messages
[2025-03-15T19:30:10.964+0000] {subprocess.py:93} INFO - INFO:__main__:Processed batch of 100 messages
[2025-03-15T19:30:10.980+0000] {subprocess.py:93} INFO - INFO:__main__:Processed batch of 100 messages
[2025-03-15T19:30:10.998+0000] {subprocess.py:93} INFO - INFO:__main__:Processed batch of 100 messages
[2025-03-15T19:30:11.016+0000] {subprocess.py:93} INFO - INFO:__main__:Processed batch of 100 messages
[2025-03-15T19:30:11.033+0000] {subprocess.py:93} INFO - INFO:__main__:Processed batch of 100 messages
[2025-03-15T19:30:11.045+0000] {subprocess.py:93} INFO - INFO:__main__:Processed batch of 100 messages
[2025-03-15T19:30:11.058+0000] {subprocess.py:93} INFO - INFO:__main__:Processed batch of 100 messages
[2025-03-15T19:30:11.076+0000] {subprocess.py:93} INFO - INFO:__main__:Processed batch of 100 messages
[2025-03-15T19:30:11.088+0000] {subprocess.py:93} INFO - INFO:__main__:Processed batch of 100 messages
[2025-03-15T19:30:11.103+0000] {subprocess.py:93} INFO - INFO:__main__:Processed batch of 100 messages
[2025-03-15T19:30:11.117+0000] {subprocess.py:93} INFO - INFO:__main__:Processed batch of 100 messages
[2025-03-15T19:30:11.129+0000] {subprocess.py:93} INFO - INFO:__main__:Processed batch of 100 messages
[2025-03-15T19:30:11.141+0000] {subprocess.py:93} INFO - INFO:__main__:Processed batch of 100 messages
[2025-03-15T19:30:11.154+0000] {subprocess.py:93} INFO - INFO:__main__:Processed batch of 100 messages
[2025-03-15T19:30:11.165+0000] {subprocess.py:93} INFO - INFO:__main__:Processed batch of 100 messages
[2025-03-15T19:30:11.182+0000] {subprocess.py:93} INFO - INFO:__main__:Processed batch of 100 messages
[2025-03-15T19:30:11.198+0000] {subprocess.py:93} INFO - INFO:__main__:Processed batch of 100 messages
[2025-03-15T19:30:11.211+0000] {subprocess.py:93} INFO - INFO:__main__:Processed batch of 100 messages
[2025-03-15T19:30:11.223+0000] {subprocess.py:93} INFO - INFO:__main__:Processed batch of 100 messages
[2025-03-15T19:30:11.235+0000] {subprocess.py:93} INFO - INFO:__main__:Processed batch of 100 messages
[2025-03-15T19:30:11.250+0000] {subprocess.py:93} INFO - INFO:__main__:Processed batch of 100 messages
[2025-03-15T19:30:11.260+0000] {subprocess.py:93} INFO - INFO:__main__:Processed batch of 100 messages
[2025-03-15T19:30:11.275+0000] {subprocess.py:93} INFO - INFO:__main__:Processed batch of 100 messages
[2025-03-15T19:30:11.287+0000] {subprocess.py:93} INFO - INFO:__main__:Processed batch of 100 messages
[2025-03-15T19:30:11.299+0000] {subprocess.py:93} INFO - INFO:__main__:Processed batch of 100 messages
[2025-03-15T19:30:11.313+0000] {subprocess.py:93} INFO - INFO:__main__:Processed batch of 100 messages
[2025-03-15T19:30:11.327+0000] {subprocess.py:93} INFO - INFO:__main__:Processed batch of 100 messages
[2025-03-15T19:30:11.340+0000] {subprocess.py:93} INFO - INFO:__main__:Processed batch of 100 messages
[2025-03-15T19:30:11.357+0000] {subprocess.py:93} INFO - INFO:__main__:Processed batch of 100 messages
[2025-03-15T19:30:11.367+0000] {subprocess.py:93} INFO - INFO:__main__:Processed batch of 100 messages
[2025-03-15T19:30:11.378+0000] {subprocess.py:93} INFO - INFO:__main__:Processed batch of 100 messages
[2025-03-15T19:30:11.392+0000] {subprocess.py:93} INFO - INFO:__main__:Processed batch of 100 messages
[2025-03-15T19:30:11.404+0000] {subprocess.py:93} INFO - INFO:__main__:Processed batch of 100 messages
[2025-03-15T19:30:11.419+0000] {subprocess.py:93} INFO - INFO:__main__:Processed batch of 100 messages
[2025-03-15T19:30:11.434+0000] {subprocess.py:93} INFO - INFO:__main__:Processed batch of 100 messages
[2025-03-15T19:30:11.450+0000] {subprocess.py:93} INFO - INFO:__main__:Processed batch of 100 messages
[2025-03-15T19:30:11.464+0000] {subprocess.py:93} INFO - INFO:__main__:Processed batch of 100 messages
[2025-03-15T19:30:11.475+0000] {subprocess.py:93} INFO - INFO:__main__:Processed batch of 100 messages
[2025-03-15T19:30:11.486+0000] {subprocess.py:93} INFO - INFO:__main__:Processed batch of 100 messages
[2025-03-15T19:30:11.500+0000] {subprocess.py:93} INFO - INFO:__main__:Processed batch of 100 messages
[2025-03-15T19:30:11.510+0000] {subprocess.py:93} INFO - INFO:__main__:Processed batch of 100 messages
[2025-03-15T19:30:11.522+0000] {subprocess.py:93} INFO - INFO:__main__:Processed batch of 100 messages
[2025-03-15T19:30:11.534+0000] {subprocess.py:93} INFO - INFO:__main__:Processed batch of 100 messages
[2025-03-15T19:30:11.546+0000] {subprocess.py:93} INFO - INFO:__main__:Processed batch of 100 messages
[2025-03-15T19:30:11.564+0000] {subprocess.py:93} INFO - INFO:__main__:Processed batch of 100 messages
[2025-03-15T19:30:11.574+0000] {subprocess.py:93} INFO - INFO:__main__:Processed batch of 100 messages
[2025-03-15T19:30:11.586+0000] {subprocess.py:93} INFO - INFO:__main__:Processed batch of 100 messages
[2025-03-15T19:30:11.602+0000] {subprocess.py:93} INFO - INFO:__main__:Processed batch of 100 messages
[2025-03-15T19:30:11.613+0000] {subprocess.py:93} INFO - INFO:__main__:Processed batch of 100 messages
[2025-03-15T19:30:11.629+0000] {subprocess.py:93} INFO - INFO:__main__:Processed batch of 100 messages
[2025-03-15T19:30:11.644+0000] {subprocess.py:93} INFO - INFO:__main__:Processed batch of 100 messages
[2025-03-15T19:30:11.658+0000] {subprocess.py:93} INFO - INFO:__main__:Processed batch of 100 messages
[2025-03-15T19:30:11.670+0000] {subprocess.py:93} INFO - INFO:__main__:Processed batch of 100 messages
[2025-03-15T19:30:11.679+0000] {subprocess.py:93} INFO - INFO:__main__:Processed batch of 100 messages
[2025-03-15T19:30:11.692+0000] {subprocess.py:93} INFO - INFO:__main__:Processed batch of 100 messages
[2025-03-15T19:30:11.705+0000] {subprocess.py:93} INFO - INFO:__main__:Processed batch of 100 messages
[2025-03-15T19:30:11.717+0000] {subprocess.py:93} INFO - INFO:__main__:Processed batch of 100 messages
[2025-03-15T19:30:11.732+0000] {subprocess.py:93} INFO - INFO:__main__:Processed batch of 100 messages
[2025-03-15T19:30:11.747+0000] {subprocess.py:93} INFO - INFO:__main__:Processed batch of 100 messages
[2025-03-15T19:30:11.758+0000] {subprocess.py:93} INFO - INFO:__main__:Processed batch of 100 messages
[2025-03-15T19:30:11.771+0000] {subprocess.py:93} INFO - INFO:__main__:Processed batch of 100 messages
[2025-03-15T19:30:11.784+0000] {subprocess.py:93} INFO - INFO:__main__:Processed batch of 100 messages
[2025-03-15T19:30:11.796+0000] {subprocess.py:93} INFO - INFO:__main__:Processed batch of 100 messages
[2025-03-15T19:30:11.811+0000] {subprocess.py:93} INFO - INFO:__main__:Processed batch of 100 messages
[2025-03-15T19:30:11.843+0000] {subprocess.py:93} INFO - INFO:__main__:Processed batch of 100 messages
[2025-03-15T19:30:11.858+0000] {subprocess.py:93} INFO - INFO:__main__:Processed batch of 100 messages
[2025-03-15T19:30:11.871+0000] {subprocess.py:93} INFO - INFO:__main__:Processed batch of 100 messages
[2025-03-15T19:30:11.884+0000] {subprocess.py:93} INFO - INFO:__main__:Processed batch of 100 messages
[2025-03-15T19:30:11.895+0000] {subprocess.py:93} INFO - INFO:__main__:Processed batch of 100 messages
[2025-03-15T19:30:11.909+0000] {subprocess.py:93} INFO - INFO:__main__:Processed batch of 100 messages
[2025-03-15T19:30:11.920+0000] {subprocess.py:93} INFO - INFO:__main__:Processed batch of 100 messages
[2025-03-15T19:30:11.932+0000] {subprocess.py:93} INFO - INFO:__main__:Processed batch of 100 messages
[2025-03-15T19:30:11.951+0000] {subprocess.py:93} INFO - INFO:__main__:Processed batch of 100 messages
[2025-03-15T19:30:11.963+0000] {subprocess.py:93} INFO - INFO:__main__:Processed batch of 100 messages
[2025-03-15T19:30:11.976+0000] {subprocess.py:93} INFO - INFO:__main__:Processed batch of 100 messages
[2025-03-15T19:30:11.989+0000] {subprocess.py:93} INFO - INFO:__main__:Processed batch of 100 messages
[2025-03-15T19:30:12.002+0000] {subprocess.py:93} INFO - INFO:__main__:Processed batch of 100 messages
[2025-03-15T19:30:12.012+0000] {subprocess.py:93} INFO - INFO:__main__:Processed batch of 100 messages
[2025-03-15T19:30:12.027+0000] {subprocess.py:93} INFO - INFO:__main__:Processed batch of 100 messages
[2025-03-15T19:30:12.041+0000] {subprocess.py:93} INFO - INFO:__main__:Processed batch of 100 messages
[2025-03-15T19:30:12.054+0000] {subprocess.py:93} INFO - INFO:__main__:Processed batch of 100 messages
[2025-03-15T19:30:12.068+0000] {subprocess.py:93} INFO - INFO:__main__:Processed batch of 100 messages
[2025-03-15T19:30:12.088+0000] {subprocess.py:93} INFO - INFO:__main__:Processed batch of 100 messages
[2025-03-15T19:30:12.100+0000] {subprocess.py:93} INFO - INFO:__main__:Processed batch of 100 messages
[2025-03-15T19:30:12.114+0000] {subprocess.py:93} INFO - INFO:__main__:Processed batch of 100 messages
[2025-03-15T19:30:12.125+0000] {subprocess.py:93} INFO - INFO:__main__:Processed batch of 100 messages
[2025-03-15T19:30:12.138+0000] {subprocess.py:93} INFO - INFO:__main__:Processed batch of 100 messages
[2025-03-15T19:30:12.157+0000] {subprocess.py:93} INFO - INFO:__main__:Processed batch of 100 messages
[2025-03-15T19:30:12.168+0000] {subprocess.py:93} INFO - INFO:__main__:Processed batch of 100 messages
[2025-03-15T19:30:12.185+0000] {subprocess.py:93} INFO - INFO:__main__:Processed batch of 100 messages
[2025-03-15T19:30:12.199+0000] {subprocess.py:93} INFO - INFO:__main__:Processed batch of 100 messages
[2025-03-15T19:30:12.221+0000] {subprocess.py:93} INFO - INFO:__main__:Processed batch of 100 messages
[2025-03-15T19:30:12.248+0000] {subprocess.py:93} INFO - INFO:__main__:Processed batch of 100 messages
[2025-03-15T19:30:12.263+0000] {subprocess.py:93} INFO - INFO:__main__:Processed batch of 100 messages
[2025-03-15T19:30:12.277+0000] {subprocess.py:93} INFO - INFO:__main__:Processed batch of 100 messages
[2025-03-15T19:30:12.301+0000] {subprocess.py:93} INFO - INFO:__main__:Processed batch of 100 messages
[2025-03-15T19:30:12.319+0000] {subprocess.py:93} INFO - INFO:__main__:Processed batch of 100 messages
[2025-03-15T19:30:12.341+0000] {subprocess.py:93} INFO - INFO:__main__:Processed batch of 100 messages
[2025-03-15T19:30:12.357+0000] {subprocess.py:93} INFO - INFO:__main__:Processed batch of 100 messages
[2025-03-15T19:30:12.375+0000] {subprocess.py:93} INFO - INFO:__main__:Processed batch of 100 messages
[2025-03-15T19:30:12.390+0000] {subprocess.py:93} INFO - INFO:__main__:Processed batch of 100 messages
[2025-03-15T19:30:12.402+0000] {subprocess.py:93} INFO - INFO:__main__:Processed batch of 100 messages
[2025-03-15T19:30:12.416+0000] {subprocess.py:93} INFO - INFO:__main__:Processed batch of 100 messages
[2025-03-15T19:30:12.435+0000] {subprocess.py:93} INFO - INFO:__main__:Processed batch of 100 messages
[2025-03-15T19:30:12.453+0000] {subprocess.py:93} INFO - INFO:__main__:Processed batch of 100 messages
[2025-03-15T19:30:12.469+0000] {subprocess.py:93} INFO - INFO:__main__:Processed batch of 100 messages
[2025-03-15T19:30:12.485+0000] {subprocess.py:93} INFO - INFO:__main__:Processed batch of 100 messages
[2025-03-15T19:30:12.503+0000] {subprocess.py:93} INFO - INFO:__main__:Processed batch of 100 messages
[2025-03-15T19:30:12.503+0000] {subprocess.py:93} INFO - INFO:__main__:Successfully sent 20000 messages to topic transaction_data
[2025-03-15T19:30:12.504+0000] {subprocess.py:93} INFO - INFO:kafka.producer.kafka:Closing the Kafka producer with 9223372036.0 secs timeout.
[2025-03-15T19:30:12.504+0000] {subprocess.py:93} INFO - INFO:kafka.conn:<BrokerConnection node_id=1 host=kafka:29092 <connected> [IPv4 ('172.18.0.9', 29092)]>: Closing connection.
[2025-03-15T19:30:12.506+0000] {subprocess.py:93} INFO - Data retrieved! (20000, 6)
[2025-03-15T19:30:12.507+0000] {subprocess.py:93} INFO - Data saved! /tmp/***tmpr8zk8ut6
[2025-03-15T19:30:12.507+0000] {subprocess.py:93} INFO - Topic creation issue (may already exist): [Error 36] TopicAlreadyExistsError: Request 'CreateTopicsRequest_v3(create_topic_requests=[(topic='transaction_data', num_partitions=1, replication_factor=1, replica_assignment=[], configs=[(config_key='retention.ms', config_value='172800000')])], timeout=30000, validate_only=False)' failed with response 'CreateTopicsResponse_v3(throttle_time_ms=0, topic_errors=[(topic='transaction_data', error_code=36, error_message="Topic 'transaction_data' already exists.")])'.
[2025-03-15T19:30:12.507+0000] {subprocess.py:93} INFO - Data Ingested to Kafka!
[2025-03-15T19:30:12.769+0000] {subprocess.py:97} INFO - Command exited with return code 0
[2025-03-15T19:30:12.823+0000] {taskinstance.py:1138} INFO - Marking task as SUCCESS. dag_id=gen_data_daily, task_id=gen_data_daily, execution_date=20250315T193001, start_date=20250315T193005, end_date=20250315T193012
[2025-03-15T19:30:12.882+0000] {local_task_job_runner.py:234} INFO - Task exited with return code 0
[2025-03-15T19:30:12.919+0000] {taskinstance.py:3281} INFO - 1 downstream tasks scheduled from follow-on schedule check
