[2025-03-17T17:48:23.445+0000] {taskinstance.py:1957} INFO - Dependencies all met for dep_context=non-requeueable deps ti=<TaskInstance: gen_data_daily.gen_data_daily scheduled__2025-03-07T22:00:00+00:00 [queued]>
[2025-03-17T17:48:23.459+0000] {taskinstance.py:1957} INFO - Dependencies all met for dep_context=requeueable deps ti=<TaskInstance: gen_data_daily.gen_data_daily scheduled__2025-03-07T22:00:00+00:00 [queued]>
[2025-03-17T17:48:23.460+0000] {taskinstance.py:2171} INFO - Starting attempt 1 of 2
[2025-03-17T17:48:23.475+0000] {taskinstance.py:2192} INFO - Executing <Task(BashOperator): gen_data_daily> on 2025-03-07 22:00:00+00:00
[2025-03-17T17:48:23.482+0000] {standard_task_runner.py:60} INFO - Started process 634 to run task
[2025-03-17T17:48:23.486+0000] {standard_task_runner.py:87} INFO - Running: ['***', 'tasks', 'run', 'gen_data_daily', 'gen_data_daily', 'scheduled__2025-03-07T22:00:00+00:00', '--job-id', '24', '--raw', '--subdir', 'DAGS_FOLDER/gen_data_daily.py', '--cfg-path', '/tmp/tmpogw3rf0x']
[2025-03-17T17:48:23.487+0000] {standard_task_runner.py:88} INFO - Job 24: Subtask gen_data_daily
[2025-03-17T17:48:23.567+0000] {task_command.py:423} INFO - Running <TaskInstance: gen_data_daily.gen_data_daily scheduled__2025-03-07T22:00:00+00:00 [running]> on host d107d9d70093
[2025-03-17T17:48:23.699+0000] {taskinstance.py:2481} INFO - Exporting env vars: AIRFLOW_CTX_DAG_OWNER='longnv' AIRFLOW_CTX_DAG_ID='gen_data_daily' AIRFLOW_CTX_TASK_ID='gen_data_daily' AIRFLOW_CTX_EXECUTION_DATE='2025-03-07T22:00:00+00:00' AIRFLOW_CTX_TRY_NUMBER='1' AIRFLOW_CTX_DAG_RUN_ID='scheduled__2025-03-07T22:00:00+00:00'
[2025-03-17T17:48:23.701+0000] {subprocess.py:63} INFO - Tmp dir root location: /tmp
[2025-03-17T17:48:23.701+0000] {subprocess.py:75} INFO - Running command: ['/usr/bin/bash', '-c', '\n        python /opt/***/external_scripts/1_gen_transaction_data.py 2025-03-08\n        ']
[2025-03-17T17:48:23.716+0000] {subprocess.py:86} INFO - Output:
[2025-03-17T17:48:24.663+0000] {subprocess.py:93} INFO - INFO:kafka.conn:<BrokerConnection node_id=bootstrap-0 host=kafka:29092 <connecting> [IPv4 ('172.18.0.7', 29092)]>: connecting to kafka:29092 [('172.18.0.7', 29092) IPv4]
[2025-03-17T17:48:24.664+0000] {subprocess.py:93} INFO - INFO:kafka.conn:Probing node bootstrap-0 broker version
[2025-03-17T17:48:24.665+0000] {subprocess.py:93} INFO - INFO:kafka.conn:<BrokerConnection node_id=bootstrap-0 host=kafka:29092 <connecting> [IPv4 ('172.18.0.7', 29092)]>: Connection complete.
[2025-03-17T17:48:24.772+0000] {subprocess.py:93} INFO - INFO:kafka.conn:Broker version identified as 2.5.0
[2025-03-17T17:48:24.772+0000] {subprocess.py:93} INFO - INFO:kafka.conn:Set configuration api_version=(2, 5, 0) to skip auto check_version requests on startup
[2025-03-17T17:48:24.772+0000] {subprocess.py:93} INFO - INFO:kafka.conn:Probing node bootstrap-0 broker version
[2025-03-17T17:48:24.879+0000] {subprocess.py:93} INFO - INFO:kafka.conn:Broker version identified as 2.5.0
[2025-03-17T17:48:24.882+0000] {subprocess.py:93} INFO - INFO:kafka.conn:Set configuration api_version=(2, 5, 0) to skip auto check_version requests on startup
[2025-03-17T17:48:24.888+0000] {subprocess.py:93} INFO - INFO:kafka.conn:<BrokerConnection node_id=1 host=kafka:29092 <connecting> [IPv4 ('172.18.0.7', 29092)]>: connecting to kafka:29092 [('172.18.0.7', 29092) IPv4]
[2025-03-17T17:48:24.888+0000] {subprocess.py:93} INFO - INFO:kafka.conn:Probing node 1 broker version
[2025-03-17T17:48:24.890+0000] {subprocess.py:93} INFO - INFO:kafka.conn:<BrokerConnection node_id=1 host=kafka:29092 <connecting> [IPv4 ('172.18.0.7', 29092)]>: Connection complete.
[2025-03-17T17:48:24.891+0000] {subprocess.py:93} INFO - INFO:kafka.conn:<BrokerConnection node_id=bootstrap-0 host=kafka:29092 <connected> [IPv4 ('172.18.0.7', 29092)]>: Closing connection.
[2025-03-17T17:48:24.994+0000] {subprocess.py:93} INFO - INFO:kafka.conn:Broker version identified as 2.5.0
[2025-03-17T17:48:24.995+0000] {subprocess.py:93} INFO - INFO:kafka.conn:Set configuration api_version=(2, 5, 0) to skip auto check_version requests on startup
[2025-03-17T17:48:24.999+0000] {subprocess.py:93} INFO - INFO:kafka.conn:<BrokerConnection node_id=bootstrap-0 host=kafka:29092 <connecting> [IPv4 ('172.18.0.7', 29092)]>: connecting to kafka:29092 [('172.18.0.7', 29092) IPv4]
[2025-03-17T17:48:25.000+0000] {subprocess.py:93} INFO - INFO:kafka.conn:Probing node bootstrap-0 broker version
[2025-03-17T17:48:25.002+0000] {subprocess.py:93} INFO - INFO:kafka.conn:<BrokerConnection node_id=bootstrap-0 host=kafka:29092 <connecting> [IPv4 ('172.18.0.7', 29092)]>: Connection complete.
[2025-03-17T17:48:25.103+0000] {subprocess.py:93} INFO - INFO:kafka.conn:Broker version identified as 2.5.0
[2025-03-17T17:48:25.104+0000] {subprocess.py:93} INFO - INFO:kafka.conn:Set configuration api_version=(2, 5, 0) to skip auto check_version requests on startup
[2025-03-17T17:48:25.202+0000] {subprocess.py:93} INFO - INFO:kafka.conn:<BrokerConnection node_id=1 host=kafka:29092 <connecting> [IPv4 ('172.18.0.7', 29092)]>: connecting to kafka:29092 [('172.18.0.7', 29092) IPv4]
[2025-03-17T17:48:25.202+0000] {subprocess.py:93} INFO - INFO:kafka.conn:<BrokerConnection node_id=1 host=kafka:29092 <connecting> [IPv4 ('172.18.0.7', 29092)]>: Connection complete.
[2025-03-17T17:48:25.203+0000] {subprocess.py:93} INFO - INFO:kafka.conn:<BrokerConnection node_id=bootstrap-0 host=kafka:29092 <connected> [IPv4 ('172.18.0.7', 29092)]>: Closing connection.
[2025-03-17T17:48:25.215+0000] {subprocess.py:93} INFO - INFO:__main__:Processed batch of 100 messages
[2025-03-17T17:48:25.234+0000] {subprocess.py:93} INFO - INFO:__main__:Processed batch of 100 messages
[2025-03-17T17:48:25.250+0000] {subprocess.py:93} INFO - INFO:__main__:Processed batch of 100 messages
[2025-03-17T17:48:25.268+0000] {subprocess.py:93} INFO - INFO:__main__:Processed batch of 100 messages
[2025-03-17T17:48:25.285+0000] {subprocess.py:93} INFO - INFO:__main__:Processed batch of 100 messages
[2025-03-17T17:48:25.301+0000] {subprocess.py:93} INFO - INFO:__main__:Processed batch of 100 messages
[2025-03-17T17:48:25.318+0000] {subprocess.py:93} INFO - INFO:__main__:Processed batch of 100 messages
[2025-03-17T17:48:25.331+0000] {subprocess.py:93} INFO - INFO:__main__:Processed batch of 100 messages
[2025-03-17T17:48:25.348+0000] {subprocess.py:93} INFO - INFO:__main__:Processed batch of 100 messages
[2025-03-17T17:48:25.360+0000] {subprocess.py:93} INFO - INFO:__main__:Processed batch of 100 messages
[2025-03-17T17:48:25.373+0000] {subprocess.py:93} INFO - INFO:__main__:Processed batch of 100 messages
[2025-03-17T17:48:25.386+0000] {subprocess.py:93} INFO - INFO:__main__:Processed batch of 100 messages
[2025-03-17T17:48:25.401+0000] {subprocess.py:93} INFO - INFO:__main__:Processed batch of 100 messages
[2025-03-17T17:48:25.418+0000] {subprocess.py:93} INFO - INFO:__main__:Processed batch of 100 messages
[2025-03-17T17:48:25.429+0000] {subprocess.py:93} INFO - INFO:__main__:Processed batch of 100 messages
[2025-03-17T17:48:25.445+0000] {subprocess.py:93} INFO - INFO:__main__:Processed batch of 100 messages
[2025-03-17T17:48:25.455+0000] {subprocess.py:93} INFO - INFO:__main__:Processed batch of 100 messages
[2025-03-17T17:48:25.469+0000] {subprocess.py:93} INFO - INFO:__main__:Processed batch of 100 messages
[2025-03-17T17:48:25.487+0000] {subprocess.py:93} INFO - INFO:__main__:Processed batch of 100 messages
[2025-03-17T17:48:25.501+0000] {subprocess.py:93} INFO - INFO:__main__:Processed batch of 100 messages
[2025-03-17T17:48:25.516+0000] {subprocess.py:93} INFO - INFO:__main__:Processed batch of 100 messages
[2025-03-17T17:48:25.530+0000] {subprocess.py:93} INFO - INFO:__main__:Processed batch of 100 messages
[2025-03-17T17:48:25.541+0000] {subprocess.py:93} INFO - INFO:__main__:Processed batch of 100 messages
[2025-03-17T17:48:25.553+0000] {subprocess.py:93} INFO - INFO:__main__:Processed batch of 100 messages
[2025-03-17T17:48:25.567+0000] {subprocess.py:93} INFO - INFO:__main__:Processed batch of 100 messages
[2025-03-17T17:48:25.580+0000] {subprocess.py:93} INFO - INFO:__main__:Processed batch of 100 messages
[2025-03-17T17:48:25.594+0000] {subprocess.py:93} INFO - INFO:__main__:Processed batch of 100 messages
[2025-03-17T17:48:25.613+0000] {subprocess.py:93} INFO - INFO:__main__:Processed batch of 100 messages
[2025-03-17T17:48:25.628+0000] {subprocess.py:93} INFO - INFO:__main__:Processed batch of 100 messages
[2025-03-17T17:48:25.645+0000] {subprocess.py:93} INFO - INFO:__main__:Processed batch of 100 messages
[2025-03-17T17:48:25.656+0000] {subprocess.py:93} INFO - INFO:__main__:Processed batch of 100 messages
[2025-03-17T17:48:25.671+0000] {subprocess.py:93} INFO - INFO:__main__:Processed batch of 100 messages
[2025-03-17T17:48:25.684+0000] {subprocess.py:93} INFO - INFO:__main__:Processed batch of 100 messages
[2025-03-17T17:48:25.701+0000] {subprocess.py:93} INFO - INFO:__main__:Processed batch of 100 messages
[2025-03-17T17:48:25.711+0000] {subprocess.py:93} INFO - INFO:__main__:Processed batch of 100 messages
[2025-03-17T17:48:25.724+0000] {subprocess.py:93} INFO - INFO:__main__:Processed batch of 100 messages
[2025-03-17T17:48:25.737+0000] {subprocess.py:93} INFO - INFO:__main__:Processed batch of 100 messages
[2025-03-17T17:48:25.751+0000] {subprocess.py:93} INFO - INFO:__main__:Processed batch of 100 messages
[2025-03-17T17:48:25.767+0000] {subprocess.py:93} INFO - INFO:__main__:Processed batch of 100 messages
[2025-03-17T17:48:25.783+0000] {subprocess.py:93} INFO - INFO:__main__:Processed batch of 100 messages
[2025-03-17T17:48:25.795+0000] {subprocess.py:93} INFO - INFO:__main__:Processed batch of 100 messages
[2025-03-17T17:48:25.810+0000] {subprocess.py:93} INFO - INFO:__main__:Processed batch of 100 messages
[2025-03-17T17:48:25.821+0000] {subprocess.py:93} INFO - INFO:__main__:Processed batch of 100 messages
[2025-03-17T17:48:25.834+0000] {subprocess.py:93} INFO - INFO:__main__:Processed batch of 100 messages
[2025-03-17T17:48:25.845+0000] {subprocess.py:93} INFO - INFO:__main__:Processed batch of 100 messages
[2025-03-17T17:48:25.858+0000] {subprocess.py:93} INFO - INFO:__main__:Processed batch of 100 messages
[2025-03-17T17:48:25.874+0000] {subprocess.py:93} INFO - INFO:__main__:Processed batch of 100 messages
[2025-03-17T17:48:25.889+0000] {subprocess.py:93} INFO - INFO:__main__:Processed batch of 100 messages
[2025-03-17T17:48:25.912+0000] {subprocess.py:93} INFO - INFO:__main__:Processed batch of 100 messages
[2025-03-17T17:48:25.927+0000] {subprocess.py:93} INFO - INFO:__main__:Processed batch of 100 messages
[2025-03-17T17:48:25.940+0000] {subprocess.py:93} INFO - INFO:__main__:Processed batch of 100 messages
[2025-03-17T17:48:25.954+0000] {subprocess.py:93} INFO - INFO:__main__:Processed batch of 100 messages
[2025-03-17T17:48:25.968+0000] {subprocess.py:93} INFO - INFO:__main__:Processed batch of 100 messages
[2025-03-17T17:48:25.980+0000] {subprocess.py:93} INFO - INFO:__main__:Processed batch of 100 messages
[2025-03-17T17:48:26.019+0000] {subprocess.py:93} INFO - INFO:__main__:Processed batch of 100 messages
[2025-03-17T17:48:26.035+0000] {subprocess.py:93} INFO - INFO:__main__:Processed batch of 100 messages
[2025-03-17T17:48:26.049+0000] {subprocess.py:93} INFO - INFO:__main__:Processed batch of 100 messages
[2025-03-17T17:48:26.059+0000] {subprocess.py:93} INFO - INFO:__main__:Processed batch of 100 messages
[2025-03-17T17:48:26.070+0000] {subprocess.py:93} INFO - INFO:__main__:Processed batch of 100 messages
[2025-03-17T17:48:26.084+0000] {subprocess.py:93} INFO - INFO:__main__:Processed batch of 100 messages
[2025-03-17T17:48:26.094+0000] {subprocess.py:93} INFO - INFO:__main__:Processed batch of 100 messages
[2025-03-17T17:48:26.106+0000] {subprocess.py:93} INFO - INFO:__main__:Processed batch of 100 messages
[2025-03-17T17:48:26.118+0000] {subprocess.py:93} INFO - INFO:__main__:Processed batch of 100 messages
[2025-03-17T17:48:26.129+0000] {subprocess.py:93} INFO - INFO:__main__:Processed batch of 100 messages
[2025-03-17T17:48:26.140+0000] {subprocess.py:93} INFO - INFO:__main__:Processed batch of 100 messages
[2025-03-17T17:48:26.152+0000] {subprocess.py:93} INFO - INFO:__main__:Processed batch of 100 messages
[2025-03-17T17:48:26.164+0000] {subprocess.py:93} INFO - INFO:__main__:Processed batch of 100 messages
[2025-03-17T17:48:26.178+0000] {subprocess.py:93} INFO - INFO:__main__:Processed batch of 100 messages
[2025-03-17T17:48:26.190+0000] {subprocess.py:93} INFO - INFO:__main__:Processed batch of 100 messages
[2025-03-17T17:48:26.204+0000] {subprocess.py:93} INFO - INFO:__main__:Processed batch of 100 messages
[2025-03-17T17:48:26.220+0000] {subprocess.py:93} INFO - INFO:__main__:Processed batch of 100 messages
[2025-03-17T17:48:26.233+0000] {subprocess.py:93} INFO - INFO:__main__:Processed batch of 100 messages
[2025-03-17T17:48:26.244+0000] {subprocess.py:93} INFO - INFO:__main__:Processed batch of 100 messages
[2025-03-17T17:48:26.255+0000] {subprocess.py:93} INFO - INFO:__main__:Processed batch of 100 messages
[2025-03-17T17:48:26.271+0000] {subprocess.py:93} INFO - INFO:__main__:Processed batch of 100 messages
[2025-03-17T17:48:26.289+0000] {subprocess.py:93} INFO - INFO:__main__:Processed batch of 100 messages
[2025-03-17T17:48:26.308+0000] {subprocess.py:93} INFO - INFO:__main__:Processed batch of 100 messages
[2025-03-17T17:48:26.321+0000] {subprocess.py:93} INFO - INFO:__main__:Processed batch of 100 messages
[2025-03-17T17:48:26.334+0000] {subprocess.py:93} INFO - INFO:__main__:Processed batch of 100 messages
[2025-03-17T17:48:26.349+0000] {subprocess.py:93} INFO - INFO:__main__:Processed batch of 100 messages
[2025-03-17T17:48:26.362+0000] {subprocess.py:93} INFO - INFO:__main__:Processed batch of 100 messages
[2025-03-17T17:48:26.378+0000] {subprocess.py:93} INFO - INFO:__main__:Processed batch of 100 messages
[2025-03-17T17:48:26.399+0000] {subprocess.py:93} INFO - INFO:__main__:Processed batch of 100 messages
[2025-03-17T17:48:26.412+0000] {subprocess.py:93} INFO - INFO:__main__:Processed batch of 100 messages
[2025-03-17T17:48:26.423+0000] {subprocess.py:93} INFO - INFO:__main__:Processed batch of 100 messages
[2025-03-17T17:48:26.436+0000] {subprocess.py:93} INFO - INFO:__main__:Processed batch of 100 messages
[2025-03-17T17:48:26.449+0000] {subprocess.py:93} INFO - INFO:__main__:Processed batch of 100 messages
[2025-03-17T17:48:26.463+0000] {subprocess.py:93} INFO - INFO:__main__:Processed batch of 100 messages
[2025-03-17T17:48:26.474+0000] {subprocess.py:93} INFO - INFO:__main__:Processed batch of 100 messages
[2025-03-17T17:48:26.488+0000] {subprocess.py:93} INFO - INFO:__main__:Processed batch of 100 messages
[2025-03-17T17:48:26.501+0000] {subprocess.py:93} INFO - INFO:__main__:Processed batch of 100 messages
[2025-03-17T17:48:26.516+0000] {subprocess.py:93} INFO - INFO:__main__:Processed batch of 100 messages
[2025-03-17T17:48:26.528+0000] {subprocess.py:93} INFO - INFO:__main__:Processed batch of 100 messages
[2025-03-17T17:48:26.539+0000] {subprocess.py:93} INFO - INFO:__main__:Processed batch of 100 messages
[2025-03-17T17:48:26.551+0000] {subprocess.py:93} INFO - INFO:__main__:Processed batch of 100 messages
[2025-03-17T17:48:26.562+0000] {subprocess.py:93} INFO - INFO:__main__:Processed batch of 100 messages
[2025-03-17T17:48:26.573+0000] {subprocess.py:93} INFO - INFO:__main__:Processed batch of 100 messages
[2025-03-17T17:48:26.587+0000] {subprocess.py:93} INFO - INFO:__main__:Processed batch of 100 messages
[2025-03-17T17:48:26.600+0000] {subprocess.py:93} INFO - INFO:__main__:Processed batch of 100 messages
[2025-03-17T17:48:26.617+0000] {subprocess.py:93} INFO - INFO:__main__:Processed batch of 100 messages
[2025-03-17T17:48:26.632+0000] {subprocess.py:93} INFO - INFO:__main__:Processed batch of 100 messages
[2025-03-17T17:48:26.642+0000] {subprocess.py:93} INFO - INFO:__main__:Processed batch of 100 messages
[2025-03-17T17:48:26.657+0000] {subprocess.py:93} INFO - INFO:__main__:Processed batch of 100 messages
[2025-03-17T17:48:26.671+0000] {subprocess.py:93} INFO - INFO:__main__:Processed batch of 100 messages
[2025-03-17T17:48:26.686+0000] {subprocess.py:93} INFO - INFO:__main__:Processed batch of 100 messages
[2025-03-17T17:48:26.702+0000] {subprocess.py:93} INFO - INFO:__main__:Processed batch of 100 messages
[2025-03-17T17:48:26.715+0000] {subprocess.py:93} INFO - INFO:__main__:Processed batch of 100 messages
[2025-03-17T17:48:26.723+0000] {subprocess.py:93} INFO - INFO:__main__:Processed batch of 100 messages
[2025-03-17T17:48:26.736+0000] {subprocess.py:93} INFO - INFO:__main__:Processed batch of 100 messages
[2025-03-17T17:48:26.750+0000] {subprocess.py:93} INFO - INFO:__main__:Processed batch of 100 messages
[2025-03-17T17:48:26.760+0000] {subprocess.py:93} INFO - INFO:__main__:Processed batch of 100 messages
[2025-03-17T17:48:26.773+0000] {subprocess.py:93} INFO - INFO:__main__:Processed batch of 100 messages
[2025-03-17T17:48:26.786+0000] {subprocess.py:93} INFO - INFO:__main__:Processed batch of 100 messages
[2025-03-17T17:48:26.799+0000] {subprocess.py:93} INFO - INFO:__main__:Processed batch of 100 messages
[2025-03-17T17:48:26.809+0000] {subprocess.py:93} INFO - INFO:__main__:Processed batch of 100 messages
[2025-03-17T17:48:26.822+0000] {subprocess.py:93} INFO - INFO:__main__:Processed batch of 100 messages
[2025-03-17T17:48:26.835+0000] {subprocess.py:93} INFO - INFO:__main__:Processed batch of 100 messages
[2025-03-17T17:48:26.850+0000] {subprocess.py:93} INFO - INFO:__main__:Processed batch of 100 messages
[2025-03-17T17:48:26.861+0000] {subprocess.py:93} INFO - INFO:__main__:Processed batch of 100 messages
[2025-03-17T17:48:26.873+0000] {subprocess.py:93} INFO - INFO:__main__:Processed batch of 100 messages
[2025-03-17T17:48:26.886+0000] {subprocess.py:93} INFO - INFO:__main__:Processed batch of 100 messages
[2025-03-17T17:48:26.896+0000] {subprocess.py:93} INFO - INFO:__main__:Processed batch of 100 messages
[2025-03-17T17:48:26.911+0000] {subprocess.py:93} INFO - INFO:__main__:Processed batch of 100 messages
[2025-03-17T17:48:26.923+0000] {subprocess.py:93} INFO - INFO:__main__:Processed batch of 100 messages
[2025-03-17T17:48:26.935+0000] {subprocess.py:93} INFO - INFO:__main__:Processed batch of 100 messages
[2025-03-17T17:48:26.945+0000] {subprocess.py:93} INFO - INFO:__main__:Processed batch of 100 messages
[2025-03-17T17:48:26.956+0000] {subprocess.py:93} INFO - INFO:__main__:Processed batch of 100 messages
[2025-03-17T17:48:26.968+0000] {subprocess.py:93} INFO - INFO:__main__:Processed batch of 100 messages
[2025-03-17T17:48:26.981+0000] {subprocess.py:93} INFO - INFO:__main__:Processed batch of 100 messages
[2025-03-17T17:48:26.990+0000] {subprocess.py:93} INFO - INFO:__main__:Processed batch of 100 messages
[2025-03-17T17:48:27.003+0000] {subprocess.py:93} INFO - INFO:__main__:Processed batch of 100 messages
[2025-03-17T17:48:27.015+0000] {subprocess.py:93} INFO - INFO:__main__:Processed batch of 100 messages
[2025-03-17T17:48:27.029+0000] {subprocess.py:93} INFO - INFO:__main__:Processed batch of 100 messages
[2025-03-17T17:48:27.041+0000] {subprocess.py:93} INFO - INFO:__main__:Processed batch of 100 messages
[2025-03-17T17:48:27.053+0000] {subprocess.py:93} INFO - INFO:__main__:Processed batch of 100 messages
[2025-03-17T17:48:27.063+0000] {subprocess.py:93} INFO - INFO:__main__:Processed batch of 100 messages
[2025-03-17T17:48:27.073+0000] {subprocess.py:93} INFO - INFO:__main__:Processed batch of 100 messages
[2025-03-17T17:48:27.085+0000] {subprocess.py:93} INFO - INFO:__main__:Processed batch of 100 messages
[2025-03-17T17:48:27.097+0000] {subprocess.py:93} INFO - INFO:__main__:Processed batch of 100 messages
[2025-03-17T17:48:27.112+0000] {subprocess.py:93} INFO - INFO:__main__:Processed batch of 100 messages
[2025-03-17T17:48:27.123+0000] {subprocess.py:93} INFO - INFO:__main__:Processed batch of 100 messages
[2025-03-17T17:48:27.136+0000] {subprocess.py:93} INFO - INFO:__main__:Processed batch of 100 messages
[2025-03-17T17:48:27.147+0000] {subprocess.py:93} INFO - INFO:__main__:Processed batch of 100 messages
[2025-03-17T17:48:27.157+0000] {subprocess.py:93} INFO - INFO:__main__:Processed batch of 100 messages
[2025-03-17T17:48:27.176+0000] {subprocess.py:93} INFO - INFO:__main__:Processed batch of 100 messages
[2025-03-17T17:48:27.187+0000] {subprocess.py:93} INFO - INFO:__main__:Processed batch of 100 messages
[2025-03-17T17:48:27.198+0000] {subprocess.py:93} INFO - INFO:__main__:Processed batch of 100 messages
[2025-03-17T17:48:27.210+0000] {subprocess.py:93} INFO - INFO:__main__:Processed batch of 100 messages
[2025-03-17T17:48:27.223+0000] {subprocess.py:93} INFO - INFO:__main__:Processed batch of 100 messages
[2025-03-17T17:48:27.238+0000] {subprocess.py:93} INFO - INFO:__main__:Processed batch of 100 messages
[2025-03-17T17:48:27.253+0000] {subprocess.py:93} INFO - INFO:__main__:Processed batch of 100 messages
[2025-03-17T17:48:27.270+0000] {subprocess.py:93} INFO - INFO:__main__:Processed batch of 100 messages
[2025-03-17T17:48:27.284+0000] {subprocess.py:93} INFO - INFO:__main__:Processed batch of 100 messages
[2025-03-17T17:48:27.298+0000] {subprocess.py:93} INFO - INFO:__main__:Processed batch of 100 messages
[2025-03-17T17:48:27.320+0000] {subprocess.py:93} INFO - INFO:__main__:Processed batch of 100 messages
[2025-03-17T17:48:27.334+0000] {subprocess.py:93} INFO - INFO:__main__:Processed batch of 100 messages
[2025-03-17T17:48:27.346+0000] {subprocess.py:93} INFO - INFO:__main__:Processed batch of 100 messages
[2025-03-17T17:48:27.357+0000] {subprocess.py:93} INFO - INFO:__main__:Processed batch of 100 messages
[2025-03-17T17:48:27.370+0000] {subprocess.py:93} INFO - INFO:__main__:Processed batch of 100 messages
[2025-03-17T17:48:27.383+0000] {subprocess.py:93} INFO - INFO:__main__:Processed batch of 100 messages
[2025-03-17T17:48:27.391+0000] {subprocess.py:93} INFO - INFO:__main__:Processed batch of 100 messages
[2025-03-17T17:48:27.404+0000] {subprocess.py:93} INFO - INFO:__main__:Processed batch of 100 messages
[2025-03-17T17:48:27.421+0000] {subprocess.py:93} INFO - INFO:__main__:Processed batch of 100 messages
[2025-03-17T17:48:27.434+0000] {subprocess.py:93} INFO - INFO:__main__:Processed batch of 100 messages
[2025-03-17T17:48:27.449+0000] {subprocess.py:93} INFO - INFO:__main__:Processed batch of 100 messages
[2025-03-17T17:48:27.461+0000] {subprocess.py:93} INFO - INFO:__main__:Processed batch of 100 messages
[2025-03-17T17:48:27.476+0000] {subprocess.py:93} INFO - INFO:__main__:Processed batch of 100 messages
[2025-03-17T17:48:27.498+0000] {subprocess.py:93} INFO - INFO:__main__:Processed batch of 100 messages
[2025-03-17T17:48:27.513+0000] {subprocess.py:93} INFO - INFO:__main__:Processed batch of 100 messages
[2025-03-17T17:48:27.533+0000] {subprocess.py:93} INFO - INFO:__main__:Processed batch of 100 messages
[2025-03-17T17:48:27.547+0000] {subprocess.py:93} INFO - INFO:__main__:Processed batch of 100 messages
[2025-03-17T17:48:27.563+0000] {subprocess.py:93} INFO - INFO:__main__:Processed batch of 100 messages
[2025-03-17T17:48:27.580+0000] {subprocess.py:93} INFO - INFO:__main__:Processed batch of 100 messages
[2025-03-17T17:48:27.596+0000] {subprocess.py:93} INFO - INFO:__main__:Processed batch of 100 messages
[2025-03-17T17:48:27.611+0000] {subprocess.py:93} INFO - INFO:__main__:Processed batch of 100 messages
[2025-03-17T17:48:27.628+0000] {subprocess.py:93} INFO - INFO:__main__:Processed batch of 100 messages
[2025-03-17T17:48:27.640+0000] {subprocess.py:93} INFO - INFO:__main__:Processed batch of 100 messages
[2025-03-17T17:48:27.650+0000] {subprocess.py:93} INFO - INFO:__main__:Processed batch of 100 messages
[2025-03-17T17:48:27.662+0000] {subprocess.py:93} INFO - INFO:__main__:Processed batch of 100 messages
[2025-03-17T17:48:27.674+0000] {subprocess.py:93} INFO - INFO:__main__:Processed batch of 100 messages
[2025-03-17T17:48:27.691+0000] {subprocess.py:93} INFO - INFO:__main__:Processed batch of 100 messages
[2025-03-17T17:48:27.701+0000] {subprocess.py:93} INFO - INFO:__main__:Processed batch of 100 messages
[2025-03-17T17:48:27.713+0000] {subprocess.py:93} INFO - INFO:__main__:Processed batch of 100 messages
[2025-03-17T17:48:27.727+0000] {subprocess.py:93} INFO - INFO:__main__:Processed batch of 100 messages
[2025-03-17T17:48:27.739+0000] {subprocess.py:93} INFO - INFO:__main__:Processed batch of 100 messages
[2025-03-17T17:48:27.755+0000] {subprocess.py:93} INFO - INFO:__main__:Processed batch of 100 messages
[2025-03-17T17:48:27.765+0000] {subprocess.py:93} INFO - INFO:__main__:Processed batch of 100 messages
[2025-03-17T17:48:27.780+0000] {subprocess.py:93} INFO - INFO:__main__:Processed batch of 100 messages
[2025-03-17T17:48:27.795+0000] {subprocess.py:93} INFO - INFO:__main__:Processed batch of 100 messages
[2025-03-17T17:48:27.813+0000] {subprocess.py:93} INFO - INFO:__main__:Processed batch of 100 messages
[2025-03-17T17:48:27.825+0000] {subprocess.py:93} INFO - INFO:__main__:Processed batch of 100 messages
[2025-03-17T17:48:27.840+0000] {subprocess.py:93} INFO - INFO:__main__:Processed batch of 100 messages
[2025-03-17T17:48:27.874+0000] {subprocess.py:93} INFO - INFO:__main__:Processed batch of 100 messages
[2025-03-17T17:48:27.892+0000] {subprocess.py:93} INFO - INFO:__main__:Processed batch of 100 messages
[2025-03-17T17:48:27.909+0000] {subprocess.py:93} INFO - INFO:__main__:Processed batch of 100 messages
[2025-03-17T17:48:27.929+0000] {subprocess.py:93} INFO - INFO:__main__:Processed batch of 100 messages
[2025-03-17T17:48:27.939+0000] {subprocess.py:93} INFO - INFO:__main__:Processed batch of 100 messages
[2025-03-17T17:48:27.955+0000] {subprocess.py:93} INFO - INFO:__main__:Processed batch of 100 messages
[2025-03-17T17:48:27.972+0000] {subprocess.py:93} INFO - INFO:__main__:Processed batch of 100 messages
[2025-03-17T17:48:27.983+0000] {subprocess.py:93} INFO - INFO:__main__:Processed batch of 100 messages
[2025-03-17T17:48:27.984+0000] {subprocess.py:93} INFO - INFO:__main__:Successfully sent 20000 messages to topic transaction_data
[2025-03-17T17:48:27.984+0000] {subprocess.py:93} INFO - INFO:kafka.producer.kafka:Closing the Kafka producer with 9223372036.0 secs timeout.
[2025-03-17T17:48:27.986+0000] {subprocess.py:93} INFO - INFO:kafka.conn:<BrokerConnection node_id=1 host=kafka:29092 <connected> [IPv4 ('172.18.0.7', 29092)]>: Closing connection.
[2025-03-17T17:48:27.990+0000] {subprocess.py:93} INFO - Data retrieved! (20000, 6)
[2025-03-17T17:48:27.991+0000] {subprocess.py:93} INFO - Data saved! /tmp/***tmpob5o3_is
[2025-03-17T17:48:27.991+0000] {subprocess.py:93} INFO - Topic creation issue (may already exist): [Error 36] TopicAlreadyExistsError: Request 'CreateTopicsRequest_v3(create_topic_requests=[(topic='transaction_data', num_partitions=1, replication_factor=1, replica_assignment=[], configs=[(config_key='retention.ms', config_value='172800000')])], timeout=30000, validate_only=False)' failed with response 'CreateTopicsResponse_v3(throttle_time_ms=0, topic_errors=[(topic='transaction_data', error_code=36, error_message="Topic 'transaction_data' already exists.")])'.
[2025-03-17T17:48:27.991+0000] {subprocess.py:93} INFO - Data Ingested to Kafka!
[2025-03-17T17:48:28.090+0000] {subprocess.py:97} INFO - Command exited with return code 0
[2025-03-17T17:48:28.132+0000] {taskinstance.py:1138} INFO - Marking task as SUCCESS. dag_id=gen_data_daily, task_id=gen_data_daily, execution_date=20250307T220000, start_date=20250317T174823, end_date=20250317T174828
[2025-03-17T17:48:28.213+0000] {local_task_job_runner.py:234} INFO - Task exited with return code 0
[2025-03-17T17:48:28.238+0000] {taskinstance.py:3281} INFO - 0 downstream tasks scheduled from follow-on schedule check
