[2025-03-15T19:38:38.965+0000] {taskinstance.py:1957} INFO - Dependencies all met for dep_context=non-requeueable deps ti=<TaskInstance: gen_data_daily.gen_data_daily scheduled__2025-03-11T22:00:00+00:00 [queued]>
[2025-03-15T19:38:38.992+0000] {taskinstance.py:1957} INFO - Dependencies all met for dep_context=requeueable deps ti=<TaskInstance: gen_data_daily.gen_data_daily scheduled__2025-03-11T22:00:00+00:00 [queued]>
[2025-03-15T19:38:38.992+0000] {taskinstance.py:2171} INFO - Starting attempt 1 of 2
[2025-03-15T19:38:39.036+0000] {taskinstance.py:2192} INFO - Executing <Task(BashOperator): gen_data_daily> on 2025-03-11 22:00:00+00:00
[2025-03-15T19:38:39.056+0000] {standard_task_runner.py:60} INFO - Started process 2045 to run task
[2025-03-15T19:38:39.061+0000] {standard_task_runner.py:87} INFO - Running: ['***', 'tasks', 'run', 'gen_data_daily', 'gen_data_daily', 'scheduled__2025-03-11T22:00:00+00:00', '--job-id', '31', '--raw', '--subdir', 'DAGS_FOLDER/gen_data_daily.py', '--cfg-path', '/tmp/tmphhykdsfe']
[2025-03-15T19:38:39.063+0000] {standard_task_runner.py:88} INFO - Job 31: Subtask gen_data_daily
[2025-03-15T19:38:39.222+0000] {task_command.py:423} INFO - Running <TaskInstance: gen_data_daily.gen_data_daily scheduled__2025-03-11T22:00:00+00:00 [running]> on host 42e0710fef4e
[2025-03-15T19:38:39.517+0000] {taskinstance.py:2481} INFO - Exporting env vars: AIRFLOW_CTX_DAG_OWNER='longnv' AIRFLOW_CTX_DAG_ID='gen_data_daily' AIRFLOW_CTX_TASK_ID='gen_data_daily' AIRFLOW_CTX_EXECUTION_DATE='2025-03-11T22:00:00+00:00' AIRFLOW_CTX_TRY_NUMBER='1' AIRFLOW_CTX_DAG_RUN_ID='scheduled__2025-03-11T22:00:00+00:00'
[2025-03-15T19:38:39.519+0000] {subprocess.py:63} INFO - Tmp dir root location: /tmp
[2025-03-15T19:38:39.525+0000] {subprocess.py:75} INFO - Running command: ['/usr/bin/bash', '-c', '\n        python /opt/***/external_scripts/1_gen_transaction_data.py 2025-03-12\n        ']
[2025-03-15T19:38:39.569+0000] {subprocess.py:86} INFO - Output:
[2025-03-15T19:38:42.138+0000] {subprocess.py:93} INFO - INFO:kafka.conn:<BrokerConnection node_id=bootstrap-0 host=kafka:29092 <connecting> [IPv4 ('172.18.0.9', 29092)]>: connecting to kafka:29092 [('172.18.0.9', 29092) IPv4]
[2025-03-15T19:38:42.139+0000] {subprocess.py:93} INFO - INFO:kafka.conn:Probing node bootstrap-0 broker version
[2025-03-15T19:38:42.139+0000] {subprocess.py:93} INFO - INFO:kafka.conn:<BrokerConnection node_id=bootstrap-0 host=kafka:29092 <connecting> [IPv4 ('172.18.0.9', 29092)]>: Connection complete.
[2025-03-15T19:38:42.269+0000] {subprocess.py:93} INFO - INFO:kafka.conn:Broker version identified as 2.5.0
[2025-03-15T19:38:42.270+0000] {subprocess.py:93} INFO - INFO:kafka.conn:Set configuration api_version=(2, 5, 0) to skip auto check_version requests on startup
[2025-03-15T19:38:42.271+0000] {subprocess.py:93} INFO - INFO:kafka.conn:Probing node bootstrap-0 broker version
[2025-03-15T19:38:42.372+0000] {subprocess.py:93} INFO - INFO:kafka.conn:Broker version identified as 2.5.0
[2025-03-15T19:38:42.373+0000] {subprocess.py:93} INFO - INFO:kafka.conn:Set configuration api_version=(2, 5, 0) to skip auto check_version requests on startup
[2025-03-15T19:38:42.380+0000] {subprocess.py:93} INFO - INFO:kafka.conn:<BrokerConnection node_id=1 host=kafka:29092 <connecting> [IPv4 ('172.18.0.9', 29092)]>: connecting to kafka:29092 [('172.18.0.9', 29092) IPv4]
[2025-03-15T19:38:42.381+0000] {subprocess.py:93} INFO - INFO:kafka.conn:Probing node 1 broker version
[2025-03-15T19:38:42.385+0000] {subprocess.py:93} INFO - INFO:kafka.conn:<BrokerConnection node_id=1 host=kafka:29092 <connecting> [IPv4 ('172.18.0.9', 29092)]>: Connection complete.
[2025-03-15T19:38:42.386+0000] {subprocess.py:93} INFO - INFO:kafka.conn:<BrokerConnection node_id=bootstrap-0 host=kafka:29092 <connected> [IPv4 ('172.18.0.9', 29092)]>: Closing connection.
[2025-03-15T19:38:42.488+0000] {subprocess.py:93} INFO - INFO:kafka.conn:Broker version identified as 2.5.0
[2025-03-15T19:38:42.489+0000] {subprocess.py:93} INFO - INFO:kafka.conn:Set configuration api_version=(2, 5, 0) to skip auto check_version requests on startup
[2025-03-15T19:38:42.493+0000] {subprocess.py:93} INFO - INFO:kafka.conn:<BrokerConnection node_id=bootstrap-0 host=kafka:29092 <connecting> [IPv4 ('172.18.0.9', 29092)]>: connecting to kafka:29092 [('172.18.0.9', 29092) IPv4]
[2025-03-15T19:38:42.493+0000] {subprocess.py:93} INFO - INFO:kafka.conn:Probing node bootstrap-0 broker version
[2025-03-15T19:38:42.494+0000] {subprocess.py:93} INFO - INFO:kafka.conn:<BrokerConnection node_id=bootstrap-0 host=kafka:29092 <connecting> [IPv4 ('172.18.0.9', 29092)]>: Connection complete.
[2025-03-15T19:38:42.600+0000] {subprocess.py:93} INFO - INFO:kafka.conn:Broker version identified as 2.5.0
[2025-03-15T19:38:42.601+0000] {subprocess.py:93} INFO - INFO:kafka.conn:Set configuration api_version=(2, 5, 0) to skip auto check_version requests on startup
[2025-03-15T19:38:42.698+0000] {subprocess.py:93} INFO - INFO:kafka.conn:<BrokerConnection node_id=1 host=kafka:29092 <connecting> [IPv4 ('172.18.0.9', 29092)]>: connecting to kafka:29092 [('172.18.0.9', 29092) IPv4]
[2025-03-15T19:38:42.699+0000] {subprocess.py:93} INFO - INFO:kafka.conn:<BrokerConnection node_id=1 host=kafka:29092 <connecting> [IPv4 ('172.18.0.9', 29092)]>: Connection complete.
[2025-03-15T19:38:42.700+0000] {subprocess.py:93} INFO - INFO:kafka.conn:<BrokerConnection node_id=bootstrap-0 host=kafka:29092 <connected> [IPv4 ('172.18.0.9', 29092)]>: Closing connection.
[2025-03-15T19:38:42.717+0000] {subprocess.py:93} INFO - INFO:__main__:Processed batch of 100 messages
[2025-03-15T19:38:42.750+0000] {subprocess.py:93} INFO - INFO:__main__:Processed batch of 100 messages
[2025-03-15T19:38:42.783+0000] {subprocess.py:93} INFO - INFO:__main__:Processed batch of 100 messages
[2025-03-15T19:38:42.808+0000] {subprocess.py:93} INFO - INFO:__main__:Processed batch of 100 messages
[2025-03-15T19:38:42.834+0000] {subprocess.py:93} INFO - INFO:__main__:Processed batch of 100 messages
[2025-03-15T19:38:42.861+0000] {subprocess.py:93} INFO - INFO:__main__:Processed batch of 100 messages
[2025-03-15T19:38:42.874+0000] {subprocess.py:93} INFO - INFO:__main__:Processed batch of 100 messages
[2025-03-15T19:38:42.899+0000] {subprocess.py:93} INFO - INFO:__main__:Processed batch of 100 messages
[2025-03-15T19:38:42.913+0000] {subprocess.py:93} INFO - INFO:__main__:Processed batch of 100 messages
[2025-03-15T19:38:42.926+0000] {subprocess.py:93} INFO - INFO:__main__:Processed batch of 100 messages
[2025-03-15T19:38:42.942+0000] {subprocess.py:93} INFO - INFO:__main__:Processed batch of 100 messages
[2025-03-15T19:38:42.958+0000] {subprocess.py:93} INFO - INFO:__main__:Processed batch of 100 messages
[2025-03-15T19:38:42.981+0000] {subprocess.py:93} INFO - INFO:__main__:Processed batch of 100 messages
[2025-03-15T19:38:43.008+0000] {subprocess.py:93} INFO - INFO:__main__:Processed batch of 100 messages
[2025-03-15T19:38:43.044+0000] {subprocess.py:93} INFO - INFO:__main__:Processed batch of 100 messages
[2025-03-15T19:38:43.059+0000] {subprocess.py:93} INFO - INFO:__main__:Processed batch of 100 messages
[2025-03-15T19:38:43.086+0000] {subprocess.py:93} INFO - INFO:__main__:Processed batch of 100 messages
[2025-03-15T19:38:43.108+0000] {subprocess.py:93} INFO - INFO:__main__:Processed batch of 100 messages
[2025-03-15T19:38:43.142+0000] {subprocess.py:93} INFO - INFO:__main__:Processed batch of 100 messages
[2025-03-15T19:38:43.167+0000] {subprocess.py:93} INFO - INFO:__main__:Processed batch of 100 messages
[2025-03-15T19:38:43.186+0000] {subprocess.py:93} INFO - INFO:__main__:Processed batch of 100 messages
[2025-03-15T19:38:43.212+0000] {subprocess.py:93} INFO - INFO:__main__:Processed batch of 100 messages
[2025-03-15T19:38:43.247+0000] {subprocess.py:93} INFO - INFO:__main__:Processed batch of 100 messages
[2025-03-15T19:38:43.265+0000] {subprocess.py:93} INFO - INFO:__main__:Processed batch of 100 messages
[2025-03-15T19:38:43.281+0000] {subprocess.py:93} INFO - INFO:__main__:Processed batch of 100 messages
[2025-03-15T19:38:43.295+0000] {subprocess.py:93} INFO - INFO:__main__:Processed batch of 100 messages
[2025-03-15T19:38:43.308+0000] {subprocess.py:93} INFO - INFO:__main__:Processed batch of 100 messages
[2025-03-15T19:38:43.321+0000] {subprocess.py:93} INFO - INFO:__main__:Processed batch of 100 messages
[2025-03-15T19:38:43.335+0000] {subprocess.py:93} INFO - INFO:__main__:Processed batch of 100 messages
[2025-03-15T19:38:43.345+0000] {subprocess.py:93} INFO - INFO:__main__:Processed batch of 100 messages
[2025-03-15T19:38:43.358+0000] {subprocess.py:93} INFO - INFO:__main__:Processed batch of 100 messages
[2025-03-15T19:38:43.371+0000] {subprocess.py:93} INFO - INFO:__main__:Processed batch of 100 messages
[2025-03-15T19:38:43.384+0000] {subprocess.py:93} INFO - INFO:__main__:Processed batch of 100 messages
[2025-03-15T19:38:43.397+0000] {subprocess.py:93} INFO - INFO:__main__:Processed batch of 100 messages
[2025-03-15T19:38:43.408+0000] {subprocess.py:93} INFO - INFO:__main__:Processed batch of 100 messages
[2025-03-15T19:38:43.424+0000] {subprocess.py:93} INFO - INFO:__main__:Processed batch of 100 messages
[2025-03-15T19:38:43.440+0000] {subprocess.py:93} INFO - INFO:__main__:Processed batch of 100 messages
[2025-03-15T19:38:43.454+0000] {subprocess.py:93} INFO - INFO:__main__:Processed batch of 100 messages
[2025-03-15T19:38:43.467+0000] {subprocess.py:93} INFO - INFO:__main__:Processed batch of 100 messages
[2025-03-15T19:38:43.484+0000] {subprocess.py:93} INFO - INFO:__main__:Processed batch of 100 messages
[2025-03-15T19:38:43.494+0000] {subprocess.py:93} INFO - INFO:__main__:Processed batch of 100 messages
[2025-03-15T19:38:43.505+0000] {subprocess.py:93} INFO - INFO:__main__:Processed batch of 100 messages
[2025-03-15T19:38:43.519+0000] {subprocess.py:93} INFO - INFO:__main__:Processed batch of 100 messages
[2025-03-15T19:38:43.534+0000] {subprocess.py:93} INFO - INFO:__main__:Processed batch of 100 messages
[2025-03-15T19:38:43.545+0000] {subprocess.py:93} INFO - INFO:__main__:Processed batch of 100 messages
[2025-03-15T19:38:43.560+0000] {subprocess.py:93} INFO - INFO:__main__:Processed batch of 100 messages
[2025-03-15T19:38:43.574+0000] {subprocess.py:93} INFO - INFO:__main__:Processed batch of 100 messages
[2025-03-15T19:38:43.591+0000] {subprocess.py:93} INFO - INFO:__main__:Processed batch of 100 messages
[2025-03-15T19:38:43.608+0000] {subprocess.py:93} INFO - INFO:__main__:Processed batch of 100 messages
[2025-03-15T19:38:43.634+0000] {subprocess.py:93} INFO - INFO:__main__:Processed batch of 100 messages
[2025-03-15T19:38:43.662+0000] {subprocess.py:93} INFO - INFO:__main__:Processed batch of 100 messages
[2025-03-15T19:38:43.680+0000] {subprocess.py:93} INFO - INFO:__main__:Processed batch of 100 messages
[2025-03-15T19:38:43.715+0000] {subprocess.py:93} INFO - INFO:__main__:Processed batch of 100 messages
[2025-03-15T19:38:43.738+0000] {subprocess.py:93} INFO - INFO:__main__:Processed batch of 100 messages
[2025-03-15T19:38:43.794+0000] {subprocess.py:93} INFO - INFO:__main__:Processed batch of 100 messages
[2025-03-15T19:38:43.820+0000] {subprocess.py:93} INFO - INFO:__main__:Processed batch of 100 messages
[2025-03-15T19:38:43.850+0000] {subprocess.py:93} INFO - INFO:__main__:Processed batch of 100 messages
[2025-03-15T19:38:43.866+0000] {subprocess.py:93} INFO - INFO:__main__:Processed batch of 100 messages
[2025-03-15T19:38:43.879+0000] {subprocess.py:93} INFO - INFO:__main__:Processed batch of 100 messages
[2025-03-15T19:38:43.893+0000] {subprocess.py:93} INFO - INFO:__main__:Processed batch of 100 messages
[2025-03-15T19:38:43.911+0000] {subprocess.py:93} INFO - INFO:__main__:Processed batch of 100 messages
[2025-03-15T19:38:43.927+0000] {subprocess.py:93} INFO - INFO:__main__:Processed batch of 100 messages
[2025-03-15T19:38:43.943+0000] {subprocess.py:93} INFO - INFO:__main__:Processed batch of 100 messages
[2025-03-15T19:38:43.963+0000] {subprocess.py:93} INFO - INFO:__main__:Processed batch of 100 messages
[2025-03-15T19:38:43.980+0000] {subprocess.py:93} INFO - INFO:__main__:Processed batch of 100 messages
[2025-03-15T19:38:43.998+0000] {subprocess.py:93} INFO - INFO:__main__:Processed batch of 100 messages
[2025-03-15T19:38:44.016+0000] {subprocess.py:93} INFO - INFO:__main__:Processed batch of 100 messages
[2025-03-15T19:38:44.029+0000] {subprocess.py:93} INFO - INFO:__main__:Processed batch of 100 messages
[2025-03-15T19:38:44.049+0000] {subprocess.py:93} INFO - INFO:__main__:Processed batch of 100 messages
[2025-03-15T19:38:44.065+0000] {subprocess.py:93} INFO - INFO:__main__:Processed batch of 100 messages
[2025-03-15T19:38:44.079+0000] {subprocess.py:93} INFO - INFO:__main__:Processed batch of 100 messages
[2025-03-15T19:38:44.094+0000] {subprocess.py:93} INFO - INFO:__main__:Processed batch of 100 messages
[2025-03-15T19:38:44.120+0000] {subprocess.py:93} INFO - INFO:__main__:Processed batch of 100 messages
[2025-03-15T19:38:44.134+0000] {subprocess.py:93} INFO - INFO:__main__:Processed batch of 100 messages
[2025-03-15T19:38:44.159+0000] {subprocess.py:93} INFO - INFO:__main__:Processed batch of 100 messages
[2025-03-15T19:38:44.188+0000] {subprocess.py:93} INFO - INFO:__main__:Processed batch of 100 messages
[2025-03-15T19:38:44.212+0000] {subprocess.py:93} INFO - INFO:__main__:Processed batch of 100 messages
[2025-03-15T19:38:44.236+0000] {subprocess.py:93} INFO - INFO:__main__:Processed batch of 100 messages
[2025-03-15T19:38:44.268+0000] {subprocess.py:93} INFO - INFO:__main__:Processed batch of 100 messages
[2025-03-15T19:38:44.295+0000] {subprocess.py:93} INFO - INFO:__main__:Processed batch of 100 messages
[2025-03-15T19:38:44.315+0000] {subprocess.py:93} INFO - INFO:__main__:Processed batch of 100 messages
[2025-03-15T19:38:44.332+0000] {subprocess.py:93} INFO - INFO:__main__:Processed batch of 100 messages
[2025-03-15T19:38:44.352+0000] {subprocess.py:93} INFO - INFO:__main__:Processed batch of 100 messages
[2025-03-15T19:38:44.365+0000] {subprocess.py:93} INFO - INFO:__main__:Processed batch of 100 messages
[2025-03-15T19:38:44.378+0000] {subprocess.py:93} INFO - INFO:__main__:Processed batch of 100 messages
[2025-03-15T19:38:44.390+0000] {subprocess.py:93} INFO - INFO:__main__:Processed batch of 100 messages
[2025-03-15T19:38:44.411+0000] {subprocess.py:93} INFO - INFO:__main__:Processed batch of 100 messages
[2025-03-15T19:38:44.433+0000] {subprocess.py:93} INFO - INFO:__main__:Processed batch of 100 messages
[2025-03-15T19:38:44.450+0000] {subprocess.py:93} INFO - INFO:__main__:Processed batch of 100 messages
[2025-03-15T19:38:44.466+0000] {subprocess.py:93} INFO - INFO:__main__:Processed batch of 100 messages
[2025-03-15T19:38:44.487+0000] {subprocess.py:93} INFO - INFO:__main__:Processed batch of 100 messages
[2025-03-15T19:38:44.501+0000] {subprocess.py:93} INFO - INFO:__main__:Processed batch of 100 messages
[2025-03-15T19:38:44.519+0000] {subprocess.py:93} INFO - INFO:__main__:Processed batch of 100 messages
[2025-03-15T19:38:44.537+0000] {subprocess.py:93} INFO - INFO:__main__:Processed batch of 100 messages
[2025-03-15T19:38:44.554+0000] {subprocess.py:93} INFO - INFO:__main__:Processed batch of 100 messages
[2025-03-15T19:38:44.569+0000] {subprocess.py:93} INFO - INFO:__main__:Processed batch of 100 messages
[2025-03-15T19:38:44.579+0000] {subprocess.py:93} INFO - INFO:__main__:Processed batch of 100 messages
[2025-03-15T19:38:44.592+0000] {subprocess.py:93} INFO - INFO:__main__:Processed batch of 100 messages
[2025-03-15T19:38:44.608+0000] {subprocess.py:93} INFO - INFO:__main__:Processed batch of 100 messages
[2025-03-15T19:38:44.621+0000] {subprocess.py:93} INFO - INFO:__main__:Processed batch of 100 messages
[2025-03-15T19:38:44.638+0000] {subprocess.py:93} INFO - INFO:__main__:Processed batch of 100 messages
[2025-03-15T19:38:44.647+0000] {subprocess.py:93} INFO - INFO:__main__:Processed batch of 100 messages
[2025-03-15T19:38:44.662+0000] {subprocess.py:93} INFO - INFO:__main__:Processed batch of 100 messages
[2025-03-15T19:38:44.676+0000] {subprocess.py:93} INFO - INFO:__main__:Processed batch of 100 messages
[2025-03-15T19:38:44.689+0000] {subprocess.py:93} INFO - INFO:__main__:Processed batch of 100 messages
[2025-03-15T19:38:44.700+0000] {subprocess.py:93} INFO - INFO:__main__:Processed batch of 100 messages
[2025-03-15T19:38:44.721+0000] {subprocess.py:93} INFO - INFO:__main__:Processed batch of 100 messages
[2025-03-15T19:38:44.739+0000] {subprocess.py:93} INFO - INFO:__main__:Processed batch of 100 messages
[2025-03-15T19:38:44.754+0000] {subprocess.py:93} INFO - INFO:__main__:Processed batch of 100 messages
[2025-03-15T19:38:44.770+0000] {subprocess.py:93} INFO - INFO:__main__:Processed batch of 100 messages
[2025-03-15T19:38:44.784+0000] {subprocess.py:93} INFO - INFO:__main__:Processed batch of 100 messages
[2025-03-15T19:38:44.806+0000] {subprocess.py:93} INFO - INFO:__main__:Processed batch of 100 messages
[2025-03-15T19:38:44.821+0000] {subprocess.py:93} INFO - INFO:__main__:Processed batch of 100 messages
[2025-03-15T19:38:44.839+0000] {subprocess.py:93} INFO - INFO:__main__:Processed batch of 100 messages
[2025-03-15T19:38:44.855+0000] {subprocess.py:93} INFO - INFO:__main__:Processed batch of 100 messages
[2025-03-15T19:38:44.878+0000] {subprocess.py:93} INFO - INFO:__main__:Processed batch of 100 messages
[2025-03-15T19:38:44.897+0000] {subprocess.py:93} INFO - INFO:__main__:Processed batch of 100 messages
[2025-03-15T19:38:44.912+0000] {subprocess.py:93} INFO - INFO:__main__:Processed batch of 100 messages
[2025-03-15T19:38:44.931+0000] {subprocess.py:93} INFO - INFO:__main__:Processed batch of 100 messages
[2025-03-15T19:38:44.943+0000] {subprocess.py:93} INFO - INFO:__main__:Processed batch of 100 messages
[2025-03-15T19:38:44.957+0000] {subprocess.py:93} INFO - INFO:__main__:Processed batch of 100 messages
[2025-03-15T19:38:44.971+0000] {subprocess.py:93} INFO - INFO:__main__:Processed batch of 100 messages
[2025-03-15T19:38:44.983+0000] {subprocess.py:93} INFO - INFO:__main__:Processed batch of 100 messages
[2025-03-15T19:38:44.997+0000] {subprocess.py:93} INFO - INFO:__main__:Processed batch of 100 messages
[2025-03-15T19:38:45.015+0000] {subprocess.py:93} INFO - INFO:__main__:Processed batch of 100 messages
[2025-03-15T19:38:45.034+0000] {subprocess.py:93} INFO - INFO:__main__:Processed batch of 100 messages
[2025-03-15T19:38:45.059+0000] {subprocess.py:93} INFO - INFO:__main__:Processed batch of 100 messages
[2025-03-15T19:38:45.075+0000] {subprocess.py:93} INFO - INFO:__main__:Processed batch of 100 messages
[2025-03-15T19:38:45.090+0000] {subprocess.py:93} INFO - INFO:__main__:Processed batch of 100 messages
[2025-03-15T19:38:45.102+0000] {subprocess.py:93} INFO - INFO:__main__:Processed batch of 100 messages
[2025-03-15T19:38:45.118+0000] {subprocess.py:93} INFO - INFO:__main__:Processed batch of 100 messages
[2025-03-15T19:38:45.135+0000] {subprocess.py:93} INFO - INFO:__main__:Processed batch of 100 messages
[2025-03-15T19:38:45.152+0000] {subprocess.py:93} INFO - INFO:__main__:Processed batch of 100 messages
[2025-03-15T19:38:45.167+0000] {subprocess.py:93} INFO - INFO:__main__:Processed batch of 100 messages
[2025-03-15T19:38:45.181+0000] {subprocess.py:93} INFO - INFO:__main__:Processed batch of 100 messages
[2025-03-15T19:38:45.197+0000] {subprocess.py:93} INFO - INFO:__main__:Processed batch of 100 messages
[2025-03-15T19:38:45.217+0000] {subprocess.py:93} INFO - INFO:__main__:Processed batch of 100 messages
[2025-03-15T19:38:45.238+0000] {subprocess.py:93} INFO - INFO:__main__:Processed batch of 100 messages
[2025-03-15T19:38:45.262+0000] {subprocess.py:93} INFO - INFO:__main__:Processed batch of 100 messages
[2025-03-15T19:38:45.287+0000] {subprocess.py:93} INFO - INFO:__main__:Processed batch of 100 messages
[2025-03-15T19:38:45.309+0000] {subprocess.py:93} INFO - INFO:__main__:Processed batch of 100 messages
[2025-03-15T19:38:45.326+0000] {subprocess.py:93} INFO - INFO:__main__:Processed batch of 100 messages
[2025-03-15T19:38:45.339+0000] {subprocess.py:93} INFO - INFO:__main__:Processed batch of 100 messages
[2025-03-15T19:38:45.363+0000] {subprocess.py:93} INFO - INFO:__main__:Processed batch of 100 messages
[2025-03-15T19:38:45.389+0000] {subprocess.py:93} INFO - INFO:__main__:Processed batch of 100 messages
[2025-03-15T19:38:45.418+0000] {subprocess.py:93} INFO - INFO:__main__:Processed batch of 100 messages
[2025-03-15T19:38:45.440+0000] {subprocess.py:93} INFO - INFO:__main__:Processed batch of 100 messages
[2025-03-15T19:38:45.471+0000] {subprocess.py:93} INFO - INFO:__main__:Processed batch of 100 messages
[2025-03-15T19:38:45.493+0000] {subprocess.py:93} INFO - INFO:__main__:Processed batch of 100 messages
[2025-03-15T19:38:45.512+0000] {subprocess.py:93} INFO - INFO:__main__:Processed batch of 100 messages
[2025-03-15T19:38:45.545+0000] {subprocess.py:93} INFO - INFO:__main__:Processed batch of 100 messages
[2025-03-15T19:38:45.598+0000] {subprocess.py:93} INFO - INFO:__main__:Processed batch of 100 messages
[2025-03-15T19:38:45.624+0000] {subprocess.py:93} INFO - INFO:__main__:Processed batch of 100 messages
[2025-03-15T19:38:45.646+0000] {subprocess.py:93} INFO - INFO:__main__:Processed batch of 100 messages
[2025-03-15T19:38:45.668+0000] {subprocess.py:93} INFO - INFO:__main__:Processed batch of 100 messages
[2025-03-15T19:38:45.685+0000] {subprocess.py:93} INFO - INFO:__main__:Processed batch of 100 messages
[2025-03-15T19:38:45.726+0000] {subprocess.py:93} INFO - INFO:__main__:Processed batch of 100 messages
[2025-03-15T19:38:45.755+0000] {subprocess.py:93} INFO - INFO:__main__:Processed batch of 100 messages
[2025-03-15T19:38:45.789+0000] {subprocess.py:93} INFO - INFO:__main__:Processed batch of 100 messages
[2025-03-15T19:38:45.815+0000] {subprocess.py:93} INFO - INFO:__main__:Processed batch of 100 messages
[2025-03-15T19:38:45.830+0000] {subprocess.py:93} INFO - INFO:__main__:Processed batch of 100 messages
[2025-03-15T19:38:45.852+0000] {subprocess.py:93} INFO - INFO:__main__:Processed batch of 100 messages
[2025-03-15T19:38:45.868+0000] {subprocess.py:93} INFO - INFO:__main__:Processed batch of 100 messages
[2025-03-15T19:38:45.883+0000] {subprocess.py:93} INFO - INFO:__main__:Processed batch of 100 messages
[2025-03-15T19:38:45.893+0000] {subprocess.py:93} INFO - INFO:__main__:Processed batch of 100 messages
[2025-03-15T19:38:45.917+0000] {subprocess.py:93} INFO - INFO:__main__:Processed batch of 100 messages
[2025-03-15T19:38:45.940+0000] {subprocess.py:93} INFO - INFO:__main__:Processed batch of 100 messages
[2025-03-15T19:38:45.958+0000] {subprocess.py:93} INFO - INFO:__main__:Processed batch of 100 messages
[2025-03-15T19:38:45.976+0000] {subprocess.py:93} INFO - INFO:__main__:Processed batch of 100 messages
[2025-03-15T19:38:45.989+0000] {subprocess.py:93} INFO - INFO:__main__:Processed batch of 100 messages
[2025-03-15T19:38:46.023+0000] {subprocess.py:93} INFO - INFO:__main__:Processed batch of 100 messages
[2025-03-15T19:38:46.043+0000] {subprocess.py:93} INFO - INFO:__main__:Processed batch of 100 messages
[2025-03-15T19:38:46.060+0000] {subprocess.py:93} INFO - INFO:__main__:Processed batch of 100 messages
[2025-03-15T19:38:46.075+0000] {subprocess.py:93} INFO - INFO:__main__:Processed batch of 100 messages
[2025-03-15T19:38:46.091+0000] {subprocess.py:93} INFO - INFO:__main__:Processed batch of 100 messages
[2025-03-15T19:38:46.103+0000] {subprocess.py:93} INFO - INFO:__main__:Processed batch of 100 messages
[2025-03-15T19:38:46.115+0000] {subprocess.py:93} INFO - INFO:__main__:Processed batch of 100 messages
[2025-03-15T19:38:46.127+0000] {subprocess.py:93} INFO - INFO:__main__:Processed batch of 100 messages
[2025-03-15T19:38:46.145+0000] {subprocess.py:93} INFO - INFO:__main__:Processed batch of 100 messages
[2025-03-15T19:38:46.162+0000] {subprocess.py:93} INFO - INFO:__main__:Processed batch of 100 messages
[2025-03-15T19:38:46.178+0000] {subprocess.py:93} INFO - INFO:__main__:Processed batch of 100 messages
[2025-03-15T19:38:46.191+0000] {subprocess.py:93} INFO - INFO:__main__:Processed batch of 100 messages
[2025-03-15T19:38:46.204+0000] {subprocess.py:93} INFO - INFO:__main__:Processed batch of 100 messages
[2025-03-15T19:38:46.216+0000] {subprocess.py:93} INFO - INFO:__main__:Processed batch of 100 messages
[2025-03-15T19:38:46.231+0000] {subprocess.py:93} INFO - INFO:__main__:Processed batch of 100 messages
[2025-03-15T19:38:46.262+0000] {subprocess.py:93} INFO - INFO:__main__:Processed batch of 100 messages
[2025-03-15T19:38:46.276+0000] {subprocess.py:93} INFO - INFO:__main__:Processed batch of 100 messages
[2025-03-15T19:38:46.290+0000] {subprocess.py:93} INFO - INFO:__main__:Processed batch of 100 messages
[2025-03-15T19:38:46.303+0000] {subprocess.py:93} INFO - INFO:__main__:Processed batch of 100 messages
[2025-03-15T19:38:46.313+0000] {subprocess.py:93} INFO - INFO:__main__:Processed batch of 100 messages
[2025-03-15T19:38:46.328+0000] {subprocess.py:93} INFO - INFO:__main__:Processed batch of 100 messages
[2025-03-15T19:38:46.345+0000] {subprocess.py:93} INFO - INFO:__main__:Processed batch of 100 messages
[2025-03-15T19:38:46.360+0000] {subprocess.py:93} INFO - INFO:__main__:Processed batch of 100 messages
[2025-03-15T19:38:46.374+0000] {subprocess.py:93} INFO - INFO:__main__:Processed batch of 100 messages
[2025-03-15T19:38:46.384+0000] {subprocess.py:93} INFO - INFO:__main__:Processed batch of 100 messages
[2025-03-15T19:38:46.396+0000] {subprocess.py:93} INFO - INFO:__main__:Processed batch of 100 messages
[2025-03-15T19:38:46.417+0000] {subprocess.py:93} INFO - INFO:__main__:Processed batch of 100 messages
[2025-03-15T19:38:46.429+0000] {subprocess.py:93} INFO - INFO:__main__:Processed batch of 100 messages
[2025-03-15T19:38:46.445+0000] {subprocess.py:93} INFO - INFO:__main__:Processed batch of 100 messages
[2025-03-15T19:38:46.460+0000] {subprocess.py:93} INFO - INFO:__main__:Processed batch of 100 messages
[2025-03-15T19:38:46.460+0000] {subprocess.py:93} INFO - INFO:__main__:Successfully sent 20000 messages to topic transaction_data
[2025-03-15T19:38:46.461+0000] {subprocess.py:93} INFO - INFO:kafka.producer.kafka:Closing the Kafka producer with 9223372036.0 secs timeout.
[2025-03-15T19:38:46.464+0000] {subprocess.py:93} INFO - INFO:kafka.conn:<BrokerConnection node_id=1 host=kafka:29092 <connected> [IPv4 ('172.18.0.9', 29092)]>: Closing connection.
[2025-03-15T19:38:46.470+0000] {subprocess.py:93} INFO - Data retrieved! (20000, 6)
[2025-03-15T19:38:46.471+0000] {subprocess.py:93} INFO - Data saved! /tmp/***tmpx6f5zs9k
[2025-03-15T19:38:46.471+0000] {subprocess.py:93} INFO - Topic creation issue (may already exist): [Error 36] TopicAlreadyExistsError: Request 'CreateTopicsRequest_v3(create_topic_requests=[(topic='transaction_data', num_partitions=1, replication_factor=1, replica_assignment=[], configs=[(config_key='retention.ms', config_value='172800000')])], timeout=30000, validate_only=False)' failed with response 'CreateTopicsResponse_v3(throttle_time_ms=0, topic_errors=[(topic='transaction_data', error_code=36, error_message="Topic 'transaction_data' already exists.")])'.
[2025-03-15T19:38:46.471+0000] {subprocess.py:93} INFO - Data Ingested to Kafka!
[2025-03-15T19:38:46.592+0000] {subprocess.py:97} INFO - Command exited with return code 0
[2025-03-15T19:38:46.633+0000] {taskinstance.py:1138} INFO - Marking task as SUCCESS. dag_id=gen_data_daily, task_id=gen_data_daily, execution_date=20250311T220000, start_date=20250315T193838, end_date=20250315T193846
[2025-03-15T19:38:46.712+0000] {local_task_job_runner.py:234} INFO - Task exited with return code 0
[2025-03-15T19:38:46.764+0000] {taskinstance.py:3281} INFO - 0 downstream tasks scheduled from follow-on schedule check
[2025-03-17T17:48:48.720+0000] {taskinstance.py:1957} INFO - Dependencies all met for dep_context=non-requeueable deps ti=<TaskInstance: gen_data_daily.gen_data_daily scheduled__2025-03-11T22:00:00+00:00 [queued]>
[2025-03-17T17:48:48.743+0000] {taskinstance.py:1957} INFO - Dependencies all met for dep_context=requeueable deps ti=<TaskInstance: gen_data_daily.gen_data_daily scheduled__2025-03-11T22:00:00+00:00 [queued]>
[2025-03-17T17:48:48.744+0000] {taskinstance.py:2171} INFO - Starting attempt 1 of 2
[2025-03-17T17:48:48.762+0000] {taskinstance.py:2192} INFO - Executing <Task(BashOperator): gen_data_daily> on 2025-03-11 22:00:00+00:00
[2025-03-17T17:48:48.768+0000] {standard_task_runner.py:60} INFO - Started process 702 to run task
[2025-03-17T17:48:48.771+0000] {standard_task_runner.py:87} INFO - Running: ['***', 'tasks', 'run', 'gen_data_daily', 'gen_data_daily', 'scheduled__2025-03-11T22:00:00+00:00', '--job-id', '28', '--raw', '--subdir', 'DAGS_FOLDER/gen_data_daily.py', '--cfg-path', '/tmp/tmpkhza9u6c']
[2025-03-17T17:48:48.772+0000] {standard_task_runner.py:88} INFO - Job 28: Subtask gen_data_daily
[2025-03-17T17:48:48.861+0000] {task_command.py:423} INFO - Running <TaskInstance: gen_data_daily.gen_data_daily scheduled__2025-03-11T22:00:00+00:00 [running]> on host d107d9d70093
[2025-03-17T17:48:49.004+0000] {taskinstance.py:2481} INFO - Exporting env vars: AIRFLOW_CTX_DAG_OWNER='longnv' AIRFLOW_CTX_DAG_ID='gen_data_daily' AIRFLOW_CTX_TASK_ID='gen_data_daily' AIRFLOW_CTX_EXECUTION_DATE='2025-03-11T22:00:00+00:00' AIRFLOW_CTX_TRY_NUMBER='1' AIRFLOW_CTX_DAG_RUN_ID='scheduled__2025-03-11T22:00:00+00:00'
[2025-03-17T17:48:49.006+0000] {subprocess.py:63} INFO - Tmp dir root location: /tmp
[2025-03-17T17:48:49.007+0000] {subprocess.py:75} INFO - Running command: ['/usr/bin/bash', '-c', '\n        python /opt/***/external_scripts/1_gen_transaction_data.py 2025-03-12\n        ']
[2025-03-17T17:48:49.026+0000] {subprocess.py:86} INFO - Output:
[2025-03-17T17:48:49.721+0000] {subprocess.py:93} INFO - INFO:kafka.conn:<BrokerConnection node_id=bootstrap-0 host=kafka:29092 <connecting> [IPv4 ('172.18.0.7', 29092)]>: connecting to kafka:29092 [('172.18.0.7', 29092) IPv4]
[2025-03-17T17:48:49.722+0000] {subprocess.py:93} INFO - INFO:kafka.conn:Probing node bootstrap-0 broker version
[2025-03-17T17:48:49.726+0000] {subprocess.py:93} INFO - INFO:kafka.conn:<BrokerConnection node_id=bootstrap-0 host=kafka:29092 <connecting> [IPv4 ('172.18.0.7', 29092)]>: Connection complete.
[2025-03-17T17:48:49.834+0000] {subprocess.py:93} INFO - INFO:kafka.conn:Broker version identified as 2.5.0
[2025-03-17T17:48:49.834+0000] {subprocess.py:93} INFO - INFO:kafka.conn:Set configuration api_version=(2, 5, 0) to skip auto check_version requests on startup
[2025-03-17T17:48:49.834+0000] {subprocess.py:93} INFO - INFO:kafka.conn:Probing node bootstrap-0 broker version
[2025-03-17T17:48:49.946+0000] {subprocess.py:93} INFO - INFO:kafka.conn:Broker version identified as 2.5.0
[2025-03-17T17:48:49.953+0000] {subprocess.py:93} INFO - INFO:kafka.conn:Set configuration api_version=(2, 5, 0) to skip auto check_version requests on startup
[2025-03-17T17:48:49.962+0000] {subprocess.py:93} INFO - INFO:kafka.conn:<BrokerConnection node_id=1 host=kafka:29092 <connecting> [IPv4 ('172.18.0.7', 29092)]>: connecting to kafka:29092 [('172.18.0.7', 29092) IPv4]
[2025-03-17T17:48:49.963+0000] {subprocess.py:93} INFO - INFO:kafka.conn:Probing node 1 broker version
[2025-03-17T17:48:49.963+0000] {subprocess.py:93} INFO - INFO:kafka.conn:<BrokerConnection node_id=1 host=kafka:29092 <connecting> [IPv4 ('172.18.0.7', 29092)]>: Connection complete.
[2025-03-17T17:48:49.963+0000] {subprocess.py:93} INFO - INFO:kafka.conn:<BrokerConnection node_id=bootstrap-0 host=kafka:29092 <connected> [IPv4 ('172.18.0.7', 29092)]>: Closing connection.
[2025-03-17T17:48:50.066+0000] {subprocess.py:93} INFO - INFO:kafka.conn:Broker version identified as 2.5.0
[2025-03-17T17:48:50.066+0000] {subprocess.py:93} INFO - INFO:kafka.conn:Set configuration api_version=(2, 5, 0) to skip auto check_version requests on startup
[2025-03-17T17:48:50.080+0000] {subprocess.py:93} INFO - INFO:kafka.conn:<BrokerConnection node_id=bootstrap-0 host=kafka:29092 <connecting> [IPv4 ('172.18.0.7', 29092)]>: connecting to kafka:29092 [('172.18.0.7', 29092) IPv4]
[2025-03-17T17:48:50.081+0000] {subprocess.py:93} INFO - INFO:kafka.conn:Probing node bootstrap-0 broker version
[2025-03-17T17:48:50.081+0000] {subprocess.py:93} INFO - INFO:kafka.conn:<BrokerConnection node_id=bootstrap-0 host=kafka:29092 <connecting> [IPv4 ('172.18.0.7', 29092)]>: Connection complete.
[2025-03-17T17:48:50.182+0000] {subprocess.py:93} INFO - INFO:kafka.conn:Broker version identified as 2.5.0
[2025-03-17T17:48:50.183+0000] {subprocess.py:93} INFO - INFO:kafka.conn:Set configuration api_version=(2, 5, 0) to skip auto check_version requests on startup
[2025-03-17T17:48:50.256+0000] {subprocess.py:93} INFO - INFO:kafka.conn:<BrokerConnection node_id=1 host=kafka:29092 <connecting> [IPv4 ('172.18.0.7', 29092)]>: connecting to kafka:29092 [('172.18.0.7', 29092) IPv4]
[2025-03-17T17:48:50.257+0000] {subprocess.py:93} INFO - INFO:kafka.conn:<BrokerConnection node_id=1 host=kafka:29092 <connecting> [IPv4 ('172.18.0.7', 29092)]>: Connection complete.
[2025-03-17T17:48:50.258+0000] {subprocess.py:93} INFO - INFO:kafka.conn:<BrokerConnection node_id=bootstrap-0 host=kafka:29092 <connected> [IPv4 ('172.18.0.7', 29092)]>: Closing connection.
[2025-03-17T17:48:50.268+0000] {subprocess.py:93} INFO - INFO:__main__:Processed batch of 100 messages
[2025-03-17T17:48:50.282+0000] {subprocess.py:93} INFO - INFO:__main__:Processed batch of 100 messages
[2025-03-17T17:48:50.296+0000] {subprocess.py:93} INFO - INFO:__main__:Processed batch of 100 messages
[2025-03-17T17:48:50.312+0000] {subprocess.py:93} INFO - INFO:__main__:Processed batch of 100 messages
[2025-03-17T17:48:50.322+0000] {subprocess.py:93} INFO - INFO:__main__:Processed batch of 100 messages
[2025-03-17T17:48:50.337+0000] {subprocess.py:93} INFO - INFO:__main__:Processed batch of 100 messages
[2025-03-17T17:48:50.352+0000] {subprocess.py:93} INFO - INFO:__main__:Processed batch of 100 messages
[2025-03-17T17:48:50.367+0000] {subprocess.py:93} INFO - INFO:__main__:Processed batch of 100 messages
[2025-03-17T17:48:50.384+0000] {subprocess.py:93} INFO - INFO:__main__:Processed batch of 100 messages
[2025-03-17T17:48:50.398+0000] {subprocess.py:93} INFO - INFO:__main__:Processed batch of 100 messages
[2025-03-17T17:48:50.410+0000] {subprocess.py:93} INFO - INFO:__main__:Processed batch of 100 messages
[2025-03-17T17:48:50.422+0000] {subprocess.py:93} INFO - INFO:__main__:Processed batch of 100 messages
[2025-03-17T17:48:50.433+0000] {subprocess.py:93} INFO - INFO:__main__:Processed batch of 100 messages
[2025-03-17T17:48:50.445+0000] {subprocess.py:93} INFO - INFO:__main__:Processed batch of 100 messages
[2025-03-17T17:48:50.456+0000] {subprocess.py:93} INFO - INFO:__main__:Processed batch of 100 messages
[2025-03-17T17:48:50.466+0000] {subprocess.py:93} INFO - INFO:__main__:Processed batch of 100 messages
[2025-03-17T17:48:50.479+0000] {subprocess.py:93} INFO - INFO:__main__:Processed batch of 100 messages
[2025-03-17T17:48:50.492+0000] {subprocess.py:93} INFO - INFO:__main__:Processed batch of 100 messages
[2025-03-17T17:48:50.505+0000] {subprocess.py:93} INFO - INFO:__main__:Processed batch of 100 messages
[2025-03-17T17:48:50.516+0000] {subprocess.py:93} INFO - INFO:__main__:Processed batch of 100 messages
[2025-03-17T17:48:50.531+0000] {subprocess.py:93} INFO - INFO:__main__:Processed batch of 100 messages
[2025-03-17T17:48:50.541+0000] {subprocess.py:93} INFO - INFO:__main__:Processed batch of 100 messages
[2025-03-17T17:48:50.552+0000] {subprocess.py:93} INFO - INFO:__main__:Processed batch of 100 messages
[2025-03-17T17:48:50.565+0000] {subprocess.py:93} INFO - INFO:__main__:Processed batch of 100 messages
[2025-03-17T17:48:50.579+0000] {subprocess.py:93} INFO - INFO:__main__:Processed batch of 100 messages
[2025-03-17T17:48:50.591+0000] {subprocess.py:93} INFO - INFO:__main__:Processed batch of 100 messages
[2025-03-17T17:48:50.601+0000] {subprocess.py:93} INFO - INFO:__main__:Processed batch of 100 messages
[2025-03-17T17:48:50.615+0000] {subprocess.py:93} INFO - INFO:__main__:Processed batch of 100 messages
[2025-03-17T17:48:50.625+0000] {subprocess.py:93} INFO - INFO:__main__:Processed batch of 100 messages
[2025-03-17T17:48:50.636+0000] {subprocess.py:93} INFO - INFO:__main__:Processed batch of 100 messages
[2025-03-17T17:48:50.650+0000] {subprocess.py:93} INFO - INFO:__main__:Processed batch of 100 messages
[2025-03-17T17:48:50.664+0000] {subprocess.py:93} INFO - INFO:__main__:Processed batch of 100 messages
[2025-03-17T17:48:50.681+0000] {subprocess.py:93} INFO - INFO:__main__:Processed batch of 100 messages
[2025-03-17T17:48:50.690+0000] {subprocess.py:93} INFO - INFO:__main__:Processed batch of 100 messages
[2025-03-17T17:48:50.706+0000] {subprocess.py:93} INFO - INFO:__main__:Processed batch of 100 messages
[2025-03-17T17:48:50.715+0000] {subprocess.py:93} INFO - INFO:__main__:Processed batch of 100 messages
[2025-03-17T17:48:50.725+0000] {subprocess.py:93} INFO - INFO:__main__:Processed batch of 100 messages
[2025-03-17T17:48:50.737+0000] {subprocess.py:93} INFO - INFO:__main__:Processed batch of 100 messages
[2025-03-17T17:48:50.749+0000] {subprocess.py:93} INFO - INFO:__main__:Processed batch of 100 messages
[2025-03-17T17:48:50.761+0000] {subprocess.py:93} INFO - INFO:__main__:Processed batch of 100 messages
[2025-03-17T17:48:50.771+0000] {subprocess.py:93} INFO - INFO:__main__:Processed batch of 100 messages
[2025-03-17T17:48:50.784+0000] {subprocess.py:93} INFO - INFO:__main__:Processed batch of 100 messages
[2025-03-17T17:48:50.796+0000] {subprocess.py:93} INFO - INFO:__main__:Processed batch of 100 messages
[2025-03-17T17:48:50.807+0000] {subprocess.py:93} INFO - INFO:__main__:Processed batch of 100 messages
[2025-03-17T17:48:50.817+0000] {subprocess.py:93} INFO - INFO:__main__:Processed batch of 100 messages
[2025-03-17T17:48:50.832+0000] {subprocess.py:93} INFO - INFO:__main__:Processed batch of 100 messages
[2025-03-17T17:48:50.842+0000] {subprocess.py:93} INFO - INFO:__main__:Processed batch of 100 messages
[2025-03-17T17:48:50.853+0000] {subprocess.py:93} INFO - INFO:__main__:Processed batch of 100 messages
[2025-03-17T17:48:50.865+0000] {subprocess.py:93} INFO - INFO:__main__:Processed batch of 100 messages
[2025-03-17T17:48:50.879+0000] {subprocess.py:93} INFO - INFO:__main__:Processed batch of 100 messages
[2025-03-17T17:48:50.901+0000] {subprocess.py:93} INFO - INFO:__main__:Processed batch of 100 messages
[2025-03-17T17:48:50.915+0000] {subprocess.py:93} INFO - INFO:__main__:Processed batch of 100 messages
[2025-03-17T17:48:50.931+0000] {subprocess.py:93} INFO - INFO:__main__:Processed batch of 100 messages
[2025-03-17T17:48:50.947+0000] {subprocess.py:93} INFO - INFO:__main__:Processed batch of 100 messages
[2025-03-17T17:48:50.960+0000] {subprocess.py:93} INFO - INFO:__main__:Processed batch of 100 messages
[2025-03-17T17:48:51.007+0000] {subprocess.py:93} INFO - INFO:__main__:Processed batch of 100 messages
[2025-03-17T17:48:51.026+0000] {subprocess.py:93} INFO - INFO:__main__:Processed batch of 100 messages
[2025-03-17T17:48:51.043+0000] {subprocess.py:93} INFO - INFO:__main__:Processed batch of 100 messages
[2025-03-17T17:48:51.055+0000] {subprocess.py:93} INFO - INFO:__main__:Processed batch of 100 messages
[2025-03-17T17:48:51.066+0000] {subprocess.py:93} INFO - INFO:__main__:Processed batch of 100 messages
[2025-03-17T17:48:51.082+0000] {subprocess.py:93} INFO - INFO:__main__:Processed batch of 100 messages
[2025-03-17T17:48:51.092+0000] {subprocess.py:93} INFO - INFO:__main__:Processed batch of 100 messages
[2025-03-17T17:48:51.103+0000] {subprocess.py:93} INFO - INFO:__main__:Processed batch of 100 messages
[2025-03-17T17:48:51.115+0000] {subprocess.py:93} INFO - INFO:__main__:Processed batch of 100 messages
[2025-03-17T17:48:51.124+0000] {subprocess.py:93} INFO - INFO:__main__:Processed batch of 100 messages
[2025-03-17T17:48:51.136+0000] {subprocess.py:93} INFO - INFO:__main__:Processed batch of 100 messages
[2025-03-17T17:48:51.147+0000] {subprocess.py:93} INFO - INFO:__main__:Processed batch of 100 messages
[2025-03-17T17:48:51.157+0000] {subprocess.py:93} INFO - INFO:__main__:Processed batch of 100 messages
[2025-03-17T17:48:51.169+0000] {subprocess.py:93} INFO - INFO:__main__:Processed batch of 100 messages
[2025-03-17T17:48:51.185+0000] {subprocess.py:93} INFO - INFO:__main__:Processed batch of 100 messages
[2025-03-17T17:48:51.198+0000] {subprocess.py:93} INFO - INFO:__main__:Processed batch of 100 messages
[2025-03-17T17:48:51.208+0000] {subprocess.py:93} INFO - INFO:__main__:Processed batch of 100 messages
[2025-03-17T17:48:51.219+0000] {subprocess.py:93} INFO - INFO:__main__:Processed batch of 100 messages
[2025-03-17T17:48:51.232+0000] {subprocess.py:93} INFO - INFO:__main__:Processed batch of 100 messages
[2025-03-17T17:48:51.244+0000] {subprocess.py:93} INFO - INFO:__main__:Processed batch of 100 messages
[2025-03-17T17:48:51.258+0000] {subprocess.py:93} INFO - INFO:__main__:Processed batch of 100 messages
[2025-03-17T17:48:51.269+0000] {subprocess.py:93} INFO - INFO:__main__:Processed batch of 100 messages
[2025-03-17T17:48:51.284+0000] {subprocess.py:93} INFO - INFO:__main__:Processed batch of 100 messages
[2025-03-17T17:48:51.296+0000] {subprocess.py:93} INFO - INFO:__main__:Processed batch of 100 messages
[2025-03-17T17:48:51.312+0000] {subprocess.py:93} INFO - INFO:__main__:Processed batch of 100 messages
[2025-03-17T17:48:51.321+0000] {subprocess.py:93} INFO - INFO:__main__:Processed batch of 100 messages
[2025-03-17T17:48:51.334+0000] {subprocess.py:93} INFO - INFO:__main__:Processed batch of 100 messages
[2025-03-17T17:48:51.348+0000] {subprocess.py:93} INFO - INFO:__main__:Processed batch of 100 messages
[2025-03-17T17:48:51.360+0000] {subprocess.py:93} INFO - INFO:__main__:Processed batch of 100 messages
[2025-03-17T17:48:51.374+0000] {subprocess.py:93} INFO - INFO:__main__:Processed batch of 100 messages
[2025-03-17T17:48:51.387+0000] {subprocess.py:93} INFO - INFO:__main__:Processed batch of 100 messages
[2025-03-17T17:48:51.400+0000] {subprocess.py:93} INFO - INFO:__main__:Processed batch of 100 messages
[2025-03-17T17:48:51.410+0000] {subprocess.py:93} INFO - INFO:__main__:Processed batch of 100 messages
[2025-03-17T17:48:51.420+0000] {subprocess.py:93} INFO - INFO:__main__:Processed batch of 100 messages
[2025-03-17T17:48:51.431+0000] {subprocess.py:93} INFO - INFO:__main__:Processed batch of 100 messages
[2025-03-17T17:48:51.443+0000] {subprocess.py:93} INFO - INFO:__main__:Processed batch of 100 messages
[2025-03-17T17:48:51.453+0000] {subprocess.py:93} INFO - INFO:__main__:Processed batch of 100 messages
[2025-03-17T17:48:51.464+0000] {subprocess.py:93} INFO - INFO:__main__:Processed batch of 100 messages
[2025-03-17T17:48:51.475+0000] {subprocess.py:93} INFO - INFO:__main__:Processed batch of 100 messages
[2025-03-17T17:48:51.486+0000] {subprocess.py:93} INFO - INFO:__main__:Processed batch of 100 messages
[2025-03-17T17:48:51.499+0000] {subprocess.py:93} INFO - INFO:__main__:Processed batch of 100 messages
[2025-03-17T17:48:51.509+0000] {subprocess.py:93} INFO - INFO:__main__:Processed batch of 100 messages
[2025-03-17T17:48:51.521+0000] {subprocess.py:93} INFO - INFO:__main__:Processed batch of 100 messages
[2025-03-17T17:48:51.533+0000] {subprocess.py:93} INFO - INFO:__main__:Processed batch of 100 messages
[2025-03-17T17:48:51.543+0000] {subprocess.py:93} INFO - INFO:__main__:Processed batch of 100 messages
[2025-03-17T17:48:51.553+0000] {subprocess.py:93} INFO - INFO:__main__:Processed batch of 100 messages
[2025-03-17T17:48:51.565+0000] {subprocess.py:93} INFO - INFO:__main__:Processed batch of 100 messages
[2025-03-17T17:48:51.578+0000] {subprocess.py:93} INFO - INFO:__main__:Processed batch of 100 messages
[2025-03-17T17:48:51.594+0000] {subprocess.py:93} INFO - INFO:__main__:Processed batch of 100 messages
[2025-03-17T17:48:51.604+0000] {subprocess.py:93} INFO - INFO:__main__:Processed batch of 100 messages
[2025-03-17T17:48:51.618+0000] {subprocess.py:93} INFO - INFO:__main__:Processed batch of 100 messages
[2025-03-17T17:48:51.631+0000] {subprocess.py:93} INFO - INFO:__main__:Processed batch of 100 messages
[2025-03-17T17:48:51.643+0000] {subprocess.py:93} INFO - INFO:__main__:Processed batch of 100 messages
[2025-03-17T17:48:51.657+0000] {subprocess.py:93} INFO - INFO:__main__:Processed batch of 100 messages
[2025-03-17T17:48:51.669+0000] {subprocess.py:93} INFO - INFO:__main__:Processed batch of 100 messages
[2025-03-17T17:48:51.685+0000] {subprocess.py:93} INFO - INFO:__main__:Processed batch of 100 messages
[2025-03-17T17:48:51.698+0000] {subprocess.py:93} INFO - INFO:__main__:Processed batch of 100 messages
[2025-03-17T17:48:51.711+0000] {subprocess.py:93} INFO - INFO:__main__:Processed batch of 100 messages
[2025-03-17T17:48:51.724+0000] {subprocess.py:93} INFO - INFO:__main__:Processed batch of 100 messages
[2025-03-17T17:48:51.736+0000] {subprocess.py:93} INFO - INFO:__main__:Processed batch of 100 messages
[2025-03-17T17:48:51.750+0000] {subprocess.py:93} INFO - INFO:__main__:Processed batch of 100 messages
[2025-03-17T17:48:51.765+0000] {subprocess.py:93} INFO - INFO:__main__:Processed batch of 100 messages
[2025-03-17T17:48:51.780+0000] {subprocess.py:93} INFO - INFO:__main__:Processed batch of 100 messages
[2025-03-17T17:48:51.789+0000] {subprocess.py:93} INFO - INFO:__main__:Processed batch of 100 messages
[2025-03-17T17:48:51.801+0000] {subprocess.py:93} INFO - INFO:__main__:Processed batch of 100 messages
[2025-03-17T17:48:51.817+0000] {subprocess.py:93} INFO - INFO:__main__:Processed batch of 100 messages
[2025-03-17T17:48:51.830+0000] {subprocess.py:93} INFO - INFO:__main__:Processed batch of 100 messages
[2025-03-17T17:48:51.841+0000] {subprocess.py:93} INFO - INFO:__main__:Processed batch of 100 messages
[2025-03-17T17:48:51.856+0000] {subprocess.py:93} INFO - INFO:__main__:Processed batch of 100 messages
[2025-03-17T17:48:51.866+0000] {subprocess.py:93} INFO - INFO:__main__:Processed batch of 100 messages
[2025-03-17T17:48:51.877+0000] {subprocess.py:93} INFO - INFO:__main__:Processed batch of 100 messages
[2025-03-17T17:48:51.889+0000] {subprocess.py:93} INFO - INFO:__main__:Processed batch of 100 messages
[2025-03-17T17:48:51.903+0000] {subprocess.py:93} INFO - INFO:__main__:Processed batch of 100 messages
[2025-03-17T17:48:51.916+0000] {subprocess.py:93} INFO - INFO:__main__:Processed batch of 100 messages
[2025-03-17T17:48:51.928+0000] {subprocess.py:93} INFO - INFO:__main__:Processed batch of 100 messages
[2025-03-17T17:48:51.939+0000] {subprocess.py:93} INFO - INFO:__main__:Processed batch of 100 messages
[2025-03-17T17:48:51.951+0000] {subprocess.py:93} INFO - INFO:__main__:Processed batch of 100 messages
[2025-03-17T17:48:51.963+0000] {subprocess.py:93} INFO - INFO:__main__:Processed batch of 100 messages
[2025-03-17T17:48:51.973+0000] {subprocess.py:93} INFO - INFO:__main__:Processed batch of 100 messages
[2025-03-17T17:48:51.984+0000] {subprocess.py:93} INFO - INFO:__main__:Processed batch of 100 messages
[2025-03-17T17:48:51.996+0000] {subprocess.py:93} INFO - INFO:__main__:Processed batch of 100 messages
[2025-03-17T17:48:52.009+0000] {subprocess.py:93} INFO - INFO:__main__:Processed batch of 100 messages
[2025-03-17T17:48:52.020+0000] {subprocess.py:93} INFO - INFO:__main__:Processed batch of 100 messages
[2025-03-17T17:48:52.031+0000] {subprocess.py:93} INFO - INFO:__main__:Processed batch of 100 messages
[2025-03-17T17:48:52.041+0000] {subprocess.py:93} INFO - INFO:__main__:Processed batch of 100 messages
[2025-03-17T17:48:52.053+0000] {subprocess.py:93} INFO - INFO:__main__:Processed batch of 100 messages
[2025-03-17T17:48:52.065+0000] {subprocess.py:93} INFO - INFO:__main__:Processed batch of 100 messages
[2025-03-17T17:48:52.077+0000] {subprocess.py:93} INFO - INFO:__main__:Processed batch of 100 messages
[2025-03-17T17:48:52.088+0000] {subprocess.py:93} INFO - INFO:__main__:Processed batch of 100 messages
[2025-03-17T17:48:52.101+0000] {subprocess.py:93} INFO - INFO:__main__:Processed batch of 100 messages
[2025-03-17T17:48:52.117+0000] {subprocess.py:93} INFO - INFO:__main__:Processed batch of 100 messages
[2025-03-17T17:48:52.127+0000] {subprocess.py:93} INFO - INFO:__main__:Processed batch of 100 messages
[2025-03-17T17:48:52.143+0000] {subprocess.py:93} INFO - INFO:__main__:Processed batch of 100 messages
[2025-03-17T17:48:52.154+0000] {subprocess.py:93} INFO - INFO:__main__:Processed batch of 100 messages
[2025-03-17T17:48:52.168+0000] {subprocess.py:93} INFO - INFO:__main__:Processed batch of 100 messages
[2025-03-17T17:48:52.184+0000] {subprocess.py:93} INFO - INFO:__main__:Processed batch of 100 messages
[2025-03-17T17:48:52.205+0000] {subprocess.py:93} INFO - INFO:__main__:Processed batch of 100 messages
[2025-03-17T17:48:52.220+0000] {subprocess.py:93} INFO - INFO:__main__:Processed batch of 100 messages
[2025-03-17T17:48:52.234+0000] {subprocess.py:93} INFO - INFO:__main__:Processed batch of 100 messages
[2025-03-17T17:48:52.251+0000] {subprocess.py:93} INFO - INFO:__main__:Processed batch of 100 messages
[2025-03-17T17:48:52.266+0000] {subprocess.py:93} INFO - INFO:__main__:Processed batch of 100 messages
[2025-03-17T17:48:52.276+0000] {subprocess.py:93} INFO - INFO:__main__:Processed batch of 100 messages
[2025-03-17T17:48:52.287+0000] {subprocess.py:93} INFO - INFO:__main__:Processed batch of 100 messages
[2025-03-17T17:48:52.301+0000] {subprocess.py:93} INFO - INFO:__main__:Processed batch of 100 messages
[2025-03-17T17:48:52.311+0000] {subprocess.py:93} INFO - INFO:__main__:Processed batch of 100 messages
[2025-03-17T17:48:52.321+0000] {subprocess.py:93} INFO - INFO:__main__:Processed batch of 100 messages
[2025-03-17T17:48:52.334+0000] {subprocess.py:93} INFO - INFO:__main__:Processed batch of 100 messages
[2025-03-17T17:48:52.349+0000] {subprocess.py:93} INFO - INFO:__main__:Processed batch of 100 messages
[2025-03-17T17:48:52.358+0000] {subprocess.py:93} INFO - INFO:__main__:Processed batch of 100 messages
[2025-03-17T17:48:52.368+0000] {subprocess.py:93} INFO - INFO:__main__:Processed batch of 100 messages
[2025-03-17T17:48:52.380+0000] {subprocess.py:93} INFO - INFO:__main__:Processed batch of 100 messages
[2025-03-17T17:48:52.389+0000] {subprocess.py:93} INFO - INFO:__main__:Processed batch of 100 messages
[2025-03-17T17:48:52.400+0000] {subprocess.py:93} INFO - INFO:__main__:Processed batch of 100 messages
[2025-03-17T17:48:52.412+0000] {subprocess.py:93} INFO - INFO:__main__:Processed batch of 100 messages
[2025-03-17T17:48:52.422+0000] {subprocess.py:93} INFO - INFO:__main__:Processed batch of 100 messages
[2025-03-17T17:48:52.435+0000] {subprocess.py:93} INFO - INFO:__main__:Processed batch of 100 messages
[2025-03-17T17:48:52.445+0000] {subprocess.py:93} INFO - INFO:__main__:Processed batch of 100 messages
[2025-03-17T17:48:52.457+0000] {subprocess.py:93} INFO - INFO:__main__:Processed batch of 100 messages
[2025-03-17T17:48:52.468+0000] {subprocess.py:93} INFO - INFO:__main__:Processed batch of 100 messages
[2025-03-17T17:48:52.483+0000] {subprocess.py:93} INFO - INFO:__main__:Processed batch of 100 messages
[2025-03-17T17:48:52.499+0000] {subprocess.py:93} INFO - INFO:__main__:Processed batch of 100 messages
[2025-03-17T17:48:52.515+0000] {subprocess.py:93} INFO - INFO:__main__:Processed batch of 100 messages
[2025-03-17T17:48:52.526+0000] {subprocess.py:93} INFO - INFO:__main__:Processed batch of 100 messages
[2025-03-17T17:48:52.537+0000] {subprocess.py:93} INFO - INFO:__main__:Processed batch of 100 messages
[2025-03-17T17:48:52.549+0000] {subprocess.py:93} INFO - INFO:__main__:Processed batch of 100 messages
[2025-03-17T17:48:52.559+0000] {subprocess.py:93} INFO - INFO:__main__:Processed batch of 100 messages
[2025-03-17T17:48:52.571+0000] {subprocess.py:93} INFO - INFO:__main__:Processed batch of 100 messages
[2025-03-17T17:48:52.581+0000] {subprocess.py:93} INFO - INFO:__main__:Processed batch of 100 messages
[2025-03-17T17:48:52.599+0000] {subprocess.py:93} INFO - INFO:__main__:Processed batch of 100 messages
[2025-03-17T17:48:52.609+0000] {subprocess.py:93} INFO - INFO:__main__:Processed batch of 100 messages
[2025-03-17T17:48:52.623+0000] {subprocess.py:93} INFO - INFO:__main__:Processed batch of 100 messages
[2025-03-17T17:48:52.639+0000] {subprocess.py:93} INFO - INFO:__main__:Processed batch of 100 messages
[2025-03-17T17:48:52.652+0000] {subprocess.py:93} INFO - INFO:__main__:Processed batch of 100 messages
[2025-03-17T17:48:52.663+0000] {subprocess.py:93} INFO - INFO:__main__:Processed batch of 100 messages
[2025-03-17T17:48:52.678+0000] {subprocess.py:93} INFO - INFO:__main__:Processed batch of 100 messages
[2025-03-17T17:48:52.691+0000] {subprocess.py:93} INFO - INFO:__main__:Processed batch of 100 messages
[2025-03-17T17:48:52.709+0000] {subprocess.py:93} INFO - INFO:__main__:Processed batch of 100 messages
[2025-03-17T17:48:52.723+0000] {subprocess.py:93} INFO - INFO:__main__:Processed batch of 100 messages
[2025-03-17T17:48:52.735+0000] {subprocess.py:93} INFO - INFO:__main__:Processed batch of 100 messages
[2025-03-17T17:48:52.755+0000] {subprocess.py:93} INFO - INFO:__main__:Processed batch of 100 messages
[2025-03-17T17:48:52.766+0000] {subprocess.py:93} INFO - INFO:__main__:Processed batch of 100 messages
[2025-03-17T17:48:52.778+0000] {subprocess.py:93} INFO - INFO:__main__:Processed batch of 100 messages
[2025-03-17T17:48:52.789+0000] {subprocess.py:93} INFO - INFO:__main__:Processed batch of 100 messages
[2025-03-17T17:48:52.803+0000] {subprocess.py:93} INFO - INFO:__main__:Processed batch of 100 messages
[2025-03-17T17:48:52.813+0000] {subprocess.py:93} INFO - INFO:__main__:Processed batch of 100 messages
[2025-03-17T17:48:52.814+0000] {subprocess.py:93} INFO - INFO:__main__:Successfully sent 20000 messages to topic transaction_data
[2025-03-17T17:48:52.814+0000] {subprocess.py:93} INFO - INFO:kafka.producer.kafka:Closing the Kafka producer with 9223372036.0 secs timeout.
[2025-03-17T17:48:52.814+0000] {subprocess.py:93} INFO - INFO:kafka.conn:<BrokerConnection node_id=1 host=kafka:29092 <connected> [IPv4 ('172.18.0.7', 29092)]>: Closing connection.
[2025-03-17T17:48:52.818+0000] {subprocess.py:93} INFO - Data retrieved! (20000, 6)
[2025-03-17T17:48:52.819+0000] {subprocess.py:93} INFO - Data saved! /tmp/***tmp9wkx8l7q
[2025-03-17T17:48:52.820+0000] {subprocess.py:93} INFO - Topic creation issue (may already exist): [Error 36] TopicAlreadyExistsError: Request 'CreateTopicsRequest_v3(create_topic_requests=[(topic='transaction_data', num_partitions=1, replication_factor=1, replica_assignment=[], configs=[(config_key='retention.ms', config_value='172800000')])], timeout=30000, validate_only=False)' failed with response 'CreateTopicsResponse_v3(throttle_time_ms=0, topic_errors=[(topic='transaction_data', error_code=36, error_message="Topic 'transaction_data' already exists.")])'.
[2025-03-17T17:48:52.821+0000] {subprocess.py:93} INFO - Data Ingested to Kafka!
[2025-03-17T17:48:52.935+0000] {subprocess.py:97} INFO - Command exited with return code 0
[2025-03-17T17:48:52.983+0000] {taskinstance.py:1138} INFO - Marking task as SUCCESS. dag_id=gen_data_daily, task_id=gen_data_daily, execution_date=20250311T220000, start_date=20250317T174848, end_date=20250317T174852
[2025-03-17T17:48:53.014+0000] {local_task_job_runner.py:234} INFO - Task exited with return code 0
[2025-03-17T17:48:53.038+0000] {taskinstance.py:3281} INFO - 0 downstream tasks scheduled from follow-on schedule check
