[2025-03-14T18:16:45.390+0000] {taskinstance.py:1957} INFO - Dependencies all met for dep_context=non-requeueable deps ti=<TaskInstance: gen_data_daily.run_script manual__2025-03-14T17:32:07.165897+00:00 [queued]>
[2025-03-14T18:16:45.404+0000] {taskinstance.py:1957} INFO - Dependencies all met for dep_context=requeueable deps ti=<TaskInstance: gen_data_daily.run_script manual__2025-03-14T17:32:07.165897+00:00 [queued]>
[2025-03-14T18:16:45.404+0000] {taskinstance.py:2171} INFO - Starting attempt 4 of 5
[2025-03-14T18:16:45.422+0000] {taskinstance.py:2192} INFO - Executing <Task(BashOperator): run_script> on 2025-03-14 17:32:07.165897+00:00
[2025-03-14T18:16:45.431+0000] {standard_task_runner.py:60} INFO - Started process 860 to run task
[2025-03-14T18:16:45.436+0000] {standard_task_runner.py:87} INFO - Running: ['***', 'tasks', 'run', 'gen_data_daily', 'run_script', 'manual__2025-03-14T17:32:07.165897+00:00', '--job-id', '7', '--raw', '--subdir', 'DAGS_FOLDER/gen_data_daily.py', '--cfg-path', '/tmp/tmp846tn0q0']
[2025-03-14T18:16:45.437+0000] {standard_task_runner.py:88} INFO - Job 7: Subtask run_script
[2025-03-14T18:16:45.509+0000] {task_command.py:423} INFO - Running <TaskInstance: gen_data_daily.run_script manual__2025-03-14T17:32:07.165897+00:00 [running]> on host e9f75e17acd8
[2025-03-14T18:16:45.629+0000] {taskinstance.py:2481} INFO - Exporting env vars: AIRFLOW_CTX_DAG_OWNER='longnv' AIRFLOW_CTX_DAG_ID='gen_data_daily' AIRFLOW_CTX_TASK_ID='run_script' AIRFLOW_CTX_EXECUTION_DATE='2025-03-14T17:32:07.165897+00:00' AIRFLOW_CTX_TRY_NUMBER='4' AIRFLOW_CTX_DAG_RUN_ID='manual__2025-03-14T17:32:07.165897+00:00'
[2025-03-14T18:16:45.631+0000] {subprocess.py:63} INFO - Tmp dir root location: /tmp
[2025-03-14T18:16:45.632+0000] {subprocess.py:75} INFO - Running command: ['/usr/bin/bash', '-c', '\n        python /opt/***/external_scripts/gen_transaction_data.py 2025-03-15\n        ']
[2025-03-14T18:16:45.647+0000] {subprocess.py:86} INFO - Output:
[2025-03-14T18:16:46.471+0000] {subprocess.py:93} INFO - INFO:kafka.conn:<BrokerConnection node_id=bootstrap-0 host=kafka:29092 <connecting> [IPv4 ('172.18.0.10', 29092)]>: connecting to kafka:29092 [('172.18.0.10', 29092) IPv4]
[2025-03-14T18:16:46.471+0000] {subprocess.py:93} INFO - INFO:kafka.conn:Probing node bootstrap-0 broker version
[2025-03-14T18:16:46.472+0000] {subprocess.py:93} INFO - INFO:kafka.conn:<BrokerConnection node_id=bootstrap-0 host=kafka:29092 <connecting> [IPv4 ('172.18.0.10', 29092)]>: Connection complete.
[2025-03-14T18:16:46.578+0000] {subprocess.py:93} INFO - INFO:kafka.conn:Broker version identified as 2.5.0
[2025-03-14T18:16:46.578+0000] {subprocess.py:93} INFO - INFO:kafka.conn:Set configuration api_version=(2, 5, 0) to skip auto check_version requests on startup
[2025-03-14T18:16:46.578+0000] {subprocess.py:93} INFO - INFO:kafka.conn:Probing node bootstrap-0 broker version
[2025-03-14T18:16:46.683+0000] {subprocess.py:93} INFO - INFO:kafka.conn:Broker version identified as 2.5.0
[2025-03-14T18:16:46.683+0000] {subprocess.py:93} INFO - INFO:kafka.conn:Set configuration api_version=(2, 5, 0) to skip auto check_version requests on startup
[2025-03-14T18:16:46.687+0000] {subprocess.py:93} INFO - INFO:kafka.conn:<BrokerConnection node_id=1 host=kafka:29092 <connecting> [IPv4 ('172.18.0.10', 29092)]>: connecting to kafka:29092 [('172.18.0.10', 29092) IPv4]
[2025-03-14T18:16:46.687+0000] {subprocess.py:93} INFO - INFO:kafka.conn:Probing node 1 broker version
[2025-03-14T18:16:46.688+0000] {subprocess.py:93} INFO - INFO:kafka.conn:<BrokerConnection node_id=1 host=kafka:29092 <connecting> [IPv4 ('172.18.0.10', 29092)]>: Connection complete.
[2025-03-14T18:16:46.688+0000] {subprocess.py:93} INFO - INFO:kafka.conn:<BrokerConnection node_id=bootstrap-0 host=kafka:29092 <connected> [IPv4 ('172.18.0.10', 29092)]>: Closing connection.
[2025-03-14T18:16:46.790+0000] {subprocess.py:93} INFO - INFO:kafka.conn:Broker version identified as 2.5.0
[2025-03-14T18:16:46.791+0000] {subprocess.py:93} INFO - INFO:kafka.conn:Set configuration api_version=(2, 5, 0) to skip auto check_version requests on startup
[2025-03-14T18:16:47.447+0000] {subprocess.py:93} INFO - INFO:kafka.conn:<BrokerConnection node_id=bootstrap-0 host=kafka:29092 <connecting> [IPv4 ('172.18.0.10', 29092)]>: connecting to kafka:29092 [('172.18.0.10', 29092) IPv4]
[2025-03-14T18:16:47.448+0000] {subprocess.py:93} INFO - INFO:kafka.conn:Probing node bootstrap-0 broker version
[2025-03-14T18:16:47.449+0000] {subprocess.py:93} INFO - INFO:kafka.conn:<BrokerConnection node_id=bootstrap-0 host=kafka:29092 <connecting> [IPv4 ('172.18.0.10', 29092)]>: Connection complete.
[2025-03-14T18:16:47.567+0000] {subprocess.py:93} INFO - INFO:kafka.conn:Broker version identified as 2.5.0
[2025-03-14T18:16:47.567+0000] {subprocess.py:93} INFO - INFO:kafka.conn:Set configuration api_version=(2, 5, 0) to skip auto check_version requests on startup
[2025-03-14T18:16:47.674+0000] {subprocess.py:93} INFO - INFO:kafka.conn:<BrokerConnection node_id=1 host=kafka:29092 <connecting> [IPv4 ('172.18.0.10', 29092)]>: connecting to kafka:29092 [('172.18.0.10', 29092) IPv4]
[2025-03-14T18:16:47.674+0000] {subprocess.py:93} INFO - INFO:kafka.conn:<BrokerConnection node_id=1 host=kafka:29092 <connecting> [IPv4 ('172.18.0.10', 29092)]>: Connection complete.
[2025-03-14T18:16:47.675+0000] {subprocess.py:93} INFO - INFO:kafka.conn:<BrokerConnection node_id=bootstrap-0 host=kafka:29092 <connected> [IPv4 ('172.18.0.10', 29092)]>: Closing connection.
[2025-03-14T18:16:47.781+0000] {subprocess.py:93} INFO - INFO:__main__:Processed batch of 100 messages
[2025-03-14T18:16:47.812+0000] {subprocess.py:93} INFO - INFO:__main__:Processed batch of 100 messages
[2025-03-14T18:16:47.835+0000] {subprocess.py:93} INFO - INFO:__main__:Processed batch of 100 messages
[2025-03-14T18:16:47.863+0000] {subprocess.py:93} INFO - INFO:__main__:Processed batch of 100 messages
[2025-03-14T18:16:47.893+0000] {subprocess.py:93} INFO - INFO:__main__:Processed batch of 100 messages
[2025-03-14T18:16:47.942+0000] {subprocess.py:93} INFO - INFO:__main__:Processed batch of 100 messages
[2025-03-14T18:16:47.987+0000] {subprocess.py:93} INFO - INFO:__main__:Processed batch of 100 messages
[2025-03-14T18:16:48.025+0000] {subprocess.py:93} INFO - INFO:__main__:Processed batch of 100 messages
[2025-03-14T18:16:48.059+0000] {subprocess.py:93} INFO - INFO:__main__:Processed batch of 100 messages
[2025-03-14T18:16:48.103+0000] {subprocess.py:93} INFO - INFO:__main__:Processed batch of 100 messages
[2025-03-14T18:16:48.135+0000] {subprocess.py:93} INFO - INFO:__main__:Processed batch of 100 messages
[2025-03-14T18:16:48.153+0000] {subprocess.py:93} INFO - INFO:__main__:Processed batch of 100 messages
[2025-03-14T18:16:48.169+0000] {subprocess.py:93} INFO - INFO:__main__:Processed batch of 100 messages
[2025-03-14T18:16:48.203+0000] {subprocess.py:93} INFO - INFO:__main__:Processed batch of 100 messages
[2025-03-14T18:16:48.222+0000] {subprocess.py:93} INFO - INFO:__main__:Processed batch of 100 messages
[2025-03-14T18:16:48.242+0000] {subprocess.py:93} INFO - INFO:__main__:Processed batch of 100 messages
[2025-03-14T18:16:48.266+0000] {subprocess.py:93} INFO - INFO:__main__:Processed batch of 100 messages
[2025-03-14T18:16:48.290+0000] {subprocess.py:93} INFO - INFO:__main__:Processed batch of 100 messages
[2025-03-14T18:16:48.306+0000] {subprocess.py:93} INFO - INFO:__main__:Processed batch of 100 messages
[2025-03-14T18:16:48.324+0000] {subprocess.py:93} INFO - INFO:__main__:Processed batch of 100 messages
[2025-03-14T18:16:48.348+0000] {subprocess.py:93} INFO - INFO:__main__:Processed batch of 100 messages
[2025-03-14T18:16:48.365+0000] {subprocess.py:93} INFO - INFO:__main__:Processed batch of 100 messages
[2025-03-14T18:16:48.381+0000] {subprocess.py:93} INFO - INFO:__main__:Processed batch of 100 messages
[2025-03-14T18:16:48.405+0000] {subprocess.py:93} INFO - INFO:__main__:Processed batch of 100 messages
[2025-03-14T18:16:48.426+0000] {subprocess.py:93} INFO - INFO:__main__:Processed batch of 100 messages
[2025-03-14T18:16:48.462+0000] {subprocess.py:93} INFO - INFO:__main__:Processed batch of 100 messages
[2025-03-14T18:16:48.480+0000] {subprocess.py:93} INFO - INFO:__main__:Processed batch of 100 messages
[2025-03-14T18:16:48.498+0000] {subprocess.py:93} INFO - INFO:__main__:Processed batch of 100 messages
[2025-03-14T18:16:48.516+0000] {subprocess.py:93} INFO - INFO:__main__:Processed batch of 100 messages
[2025-03-14T18:16:48.535+0000] {subprocess.py:93} INFO - INFO:__main__:Processed batch of 100 messages
[2025-03-14T18:16:48.554+0000] {subprocess.py:93} INFO - INFO:__main__:Processed batch of 100 messages
[2025-03-14T18:16:48.592+0000] {subprocess.py:93} INFO - INFO:__main__:Processed batch of 100 messages
[2025-03-14T18:16:48.613+0000] {subprocess.py:93} INFO - INFO:__main__:Processed batch of 100 messages
[2025-03-14T18:16:48.631+0000] {subprocess.py:93} INFO - INFO:__main__:Processed batch of 100 messages
[2025-03-14T18:16:48.663+0000] {subprocess.py:93} INFO - INFO:__main__:Processed batch of 100 messages
[2025-03-14T18:16:48.690+0000] {subprocess.py:93} INFO - INFO:__main__:Processed batch of 100 messages
[2025-03-14T18:16:48.723+0000] {subprocess.py:93} INFO - INFO:__main__:Processed batch of 100 messages
[2025-03-14T18:16:48.750+0000] {subprocess.py:93} INFO - INFO:__main__:Processed batch of 100 messages
[2025-03-14T18:16:48.772+0000] {subprocess.py:93} INFO - INFO:__main__:Processed batch of 100 messages
[2025-03-14T18:16:48.801+0000] {subprocess.py:93} INFO - INFO:__main__:Processed batch of 100 messages
[2025-03-14T18:16:48.823+0000] {subprocess.py:93} INFO - INFO:__main__:Processed batch of 100 messages
[2025-03-14T18:16:48.857+0000] {subprocess.py:93} INFO - INFO:__main__:Processed batch of 100 messages
[2025-03-14T18:16:48.883+0000] {subprocess.py:93} INFO - INFO:__main__:Processed batch of 100 messages
[2025-03-14T18:16:48.903+0000] {subprocess.py:93} INFO - INFO:__main__:Processed batch of 100 messages
[2025-03-14T18:16:48.928+0000] {subprocess.py:93} INFO - INFO:__main__:Processed batch of 100 messages
[2025-03-14T18:16:48.960+0000] {subprocess.py:93} INFO - INFO:__main__:Processed batch of 100 messages
[2025-03-14T18:16:48.989+0000] {subprocess.py:93} INFO - INFO:__main__:Processed batch of 100 messages
[2025-03-14T18:16:49.033+0000] {subprocess.py:93} INFO - INFO:__main__:Processed batch of 100 messages
[2025-03-14T18:16:49.071+0000] {subprocess.py:93} INFO - INFO:__main__:Processed batch of 100 messages
[2025-03-14T18:16:49.113+0000] {subprocess.py:93} INFO - INFO:__main__:Processed batch of 100 messages
[2025-03-14T18:16:49.141+0000] {subprocess.py:93} INFO - INFO:__main__:Processed batch of 100 messages
[2025-03-14T18:16:49.173+0000] {subprocess.py:93} INFO - INFO:__main__:Processed batch of 100 messages
[2025-03-14T18:16:49.199+0000] {subprocess.py:93} INFO - INFO:__main__:Processed batch of 100 messages
[2025-03-14T18:16:49.235+0000] {subprocess.py:93} INFO - INFO:__main__:Processed batch of 100 messages
[2025-03-14T18:16:49.287+0000] {subprocess.py:93} INFO - INFO:__main__:Processed batch of 100 messages
[2025-03-14T18:16:49.348+0000] {subprocess.py:93} INFO - INFO:__main__:Processed batch of 100 messages
[2025-03-14T18:16:49.386+0000] {subprocess.py:93} INFO - INFO:__main__:Processed batch of 100 messages
[2025-03-14T18:16:49.410+0000] {subprocess.py:93} INFO - INFO:__main__:Processed batch of 100 messages
[2025-03-14T18:16:49.436+0000] {subprocess.py:93} INFO - INFO:__main__:Processed batch of 100 messages
[2025-03-14T18:16:49.450+0000] {subprocess.py:93} INFO - INFO:__main__:Processed batch of 100 messages
[2025-03-14T18:16:49.466+0000] {subprocess.py:93} INFO - INFO:__main__:Processed batch of 100 messages
[2025-03-14T18:16:49.479+0000] {subprocess.py:93} INFO - INFO:__main__:Processed batch of 100 messages
[2025-03-14T18:16:49.499+0000] {subprocess.py:93} INFO - INFO:__main__:Processed batch of 100 messages
[2025-03-14T18:16:49.514+0000] {subprocess.py:93} INFO - INFO:__main__:Processed batch of 100 messages
[2025-03-14T18:16:49.529+0000] {subprocess.py:93} INFO - INFO:__main__:Processed batch of 100 messages
[2025-03-14T18:16:49.544+0000] {subprocess.py:93} INFO - INFO:__main__:Processed batch of 100 messages
[2025-03-14T18:16:49.561+0000] {subprocess.py:93} INFO - INFO:__main__:Processed batch of 100 messages
[2025-03-14T18:16:49.576+0000] {subprocess.py:93} INFO - INFO:__main__:Processed batch of 100 messages
[2025-03-14T18:16:49.591+0000] {subprocess.py:93} INFO - INFO:__main__:Processed batch of 100 messages
[2025-03-14T18:16:49.607+0000] {subprocess.py:93} INFO - INFO:__main__:Processed batch of 100 messages
[2025-03-14T18:16:49.621+0000] {subprocess.py:93} INFO - INFO:__main__:Processed batch of 100 messages
[2025-03-14T18:16:49.636+0000] {subprocess.py:93} INFO - INFO:__main__:Processed batch of 100 messages
[2025-03-14T18:16:49.657+0000] {subprocess.py:93} INFO - INFO:__main__:Processed batch of 100 messages
[2025-03-14T18:16:49.673+0000] {subprocess.py:93} INFO - INFO:__main__:Processed batch of 100 messages
[2025-03-14T18:16:49.687+0000] {subprocess.py:93} INFO - INFO:__main__:Processed batch of 100 messages
[2025-03-14T18:16:49.704+0000] {subprocess.py:93} INFO - INFO:__main__:Processed batch of 100 messages
[2025-03-14T18:16:49.716+0000] {subprocess.py:93} INFO - INFO:__main__:Processed batch of 100 messages
[2025-03-14T18:16:49.731+0000] {subprocess.py:93} INFO - INFO:__main__:Processed batch of 100 messages
[2025-03-14T18:16:49.746+0000] {subprocess.py:93} INFO - INFO:__main__:Processed batch of 100 messages
[2025-03-14T18:16:49.761+0000] {subprocess.py:93} INFO - INFO:__main__:Processed batch of 100 messages
[2025-03-14T18:16:49.773+0000] {subprocess.py:93} INFO - INFO:__main__:Processed batch of 100 messages
[2025-03-14T18:16:49.787+0000] {subprocess.py:93} INFO - INFO:__main__:Processed batch of 100 messages
[2025-03-14T18:16:49.801+0000] {subprocess.py:93} INFO - INFO:__main__:Processed batch of 100 messages
[2025-03-14T18:16:49.815+0000] {subprocess.py:93} INFO - INFO:__main__:Processed batch of 100 messages
[2025-03-14T18:16:49.829+0000] {subprocess.py:93} INFO - INFO:__main__:Processed batch of 100 messages
[2025-03-14T18:16:49.846+0000] {subprocess.py:93} INFO - INFO:__main__:Processed batch of 100 messages
[2025-03-14T18:16:49.861+0000] {subprocess.py:93} INFO - INFO:__main__:Processed batch of 100 messages
[2025-03-14T18:16:49.877+0000] {subprocess.py:93} INFO - INFO:__main__:Processed batch of 100 messages
[2025-03-14T18:16:49.930+0000] {subprocess.py:93} INFO - INFO:__main__:Processed batch of 100 messages
[2025-03-14T18:16:49.951+0000] {subprocess.py:93} INFO - INFO:__main__:Processed batch of 100 messages
[2025-03-14T18:16:49.964+0000] {subprocess.py:93} INFO - INFO:__main__:Processed batch of 100 messages
[2025-03-14T18:16:49.977+0000] {subprocess.py:93} INFO - INFO:__main__:Processed batch of 100 messages
[2025-03-14T18:16:49.995+0000] {subprocess.py:93} INFO - INFO:__main__:Processed batch of 100 messages
[2025-03-14T18:16:50.010+0000] {subprocess.py:93} INFO - INFO:__main__:Processed batch of 100 messages
[2025-03-14T18:16:50.033+0000] {subprocess.py:93} INFO - INFO:__main__:Processed batch of 100 messages
[2025-03-14T18:16:50.057+0000] {subprocess.py:93} INFO - INFO:__main__:Processed batch of 100 messages
[2025-03-14T18:16:50.076+0000] {subprocess.py:93} INFO - INFO:__main__:Processed batch of 100 messages
[2025-03-14T18:16:50.093+0000] {subprocess.py:93} INFO - INFO:__main__:Processed batch of 100 messages
[2025-03-14T18:16:50.108+0000] {subprocess.py:93} INFO - INFO:__main__:Processed batch of 100 messages
[2025-03-14T18:16:50.122+0000] {subprocess.py:93} INFO - INFO:__main__:Processed batch of 100 messages
[2025-03-14T18:16:50.138+0000] {subprocess.py:93} INFO - INFO:__main__:Processed batch of 100 messages
[2025-03-14T18:16:50.149+0000] {subprocess.py:93} INFO - INFO:__main__:Processed batch of 100 messages
[2025-03-14T18:16:50.169+0000] {subprocess.py:93} INFO - INFO:__main__:Processed batch of 100 messages
[2025-03-14T18:16:50.187+0000] {subprocess.py:93} INFO - INFO:__main__:Processed batch of 100 messages
[2025-03-14T18:16:50.199+0000] {subprocess.py:93} INFO - INFO:__main__:Processed batch of 100 messages
[2025-03-14T18:16:50.211+0000] {subprocess.py:93} INFO - INFO:__main__:Processed batch of 100 messages
[2025-03-14T18:16:50.232+0000] {subprocess.py:93} INFO - INFO:__main__:Processed batch of 100 messages
[2025-03-14T18:16:50.244+0000] {subprocess.py:93} INFO - INFO:__main__:Processed batch of 100 messages
[2025-03-14T18:16:50.259+0000] {subprocess.py:93} INFO - INFO:__main__:Processed batch of 100 messages
[2025-03-14T18:16:50.275+0000] {subprocess.py:93} INFO - INFO:__main__:Processed batch of 100 messages
[2025-03-14T18:16:50.290+0000] {subprocess.py:93} INFO - INFO:__main__:Processed batch of 100 messages
[2025-03-14T18:16:50.305+0000] {subprocess.py:93} INFO - INFO:__main__:Processed batch of 100 messages
[2025-03-14T18:16:50.319+0000] {subprocess.py:93} INFO - INFO:__main__:Processed batch of 100 messages
[2025-03-14T18:16:50.339+0000] {subprocess.py:93} INFO - INFO:__main__:Processed batch of 100 messages
[2025-03-14T18:16:50.358+0000] {subprocess.py:93} INFO - INFO:__main__:Processed batch of 100 messages
[2025-03-14T18:16:50.378+0000] {subprocess.py:93} INFO - INFO:__main__:Processed batch of 100 messages
[2025-03-14T18:16:50.400+0000] {subprocess.py:93} INFO - INFO:__main__:Processed batch of 100 messages
[2025-03-14T18:16:50.414+0000] {subprocess.py:93} INFO - INFO:__main__:Processed batch of 100 messages
[2025-03-14T18:16:50.432+0000] {subprocess.py:93} INFO - INFO:__main__:Processed batch of 100 messages
[2025-03-14T18:16:50.450+0000] {subprocess.py:93} INFO - INFO:__main__:Processed batch of 100 messages
[2025-03-14T18:16:50.471+0000] {subprocess.py:93} INFO - INFO:__main__:Processed batch of 100 messages
[2025-03-14T18:16:50.492+0000] {subprocess.py:93} INFO - INFO:__main__:Processed batch of 100 messages
[2025-03-14T18:16:50.515+0000] {subprocess.py:93} INFO - INFO:__main__:Processed batch of 100 messages
[2025-03-14T18:16:50.533+0000] {subprocess.py:93} INFO - INFO:__main__:Processed batch of 100 messages
[2025-03-14T18:16:50.556+0000] {subprocess.py:93} INFO - INFO:__main__:Processed batch of 100 messages
[2025-03-14T18:16:50.570+0000] {subprocess.py:93} INFO - INFO:__main__:Processed batch of 100 messages
[2025-03-14T18:16:50.590+0000] {subprocess.py:93} INFO - INFO:__main__:Processed batch of 100 messages
[2025-03-14T18:16:50.608+0000] {subprocess.py:93} INFO - INFO:__main__:Processed batch of 100 messages
[2025-03-14T18:16:50.629+0000] {subprocess.py:93} INFO - INFO:__main__:Processed batch of 100 messages
[2025-03-14T18:16:50.644+0000] {subprocess.py:93} INFO - INFO:__main__:Processed batch of 100 messages
[2025-03-14T18:16:50.660+0000] {subprocess.py:93} INFO - INFO:__main__:Processed batch of 100 messages
[2025-03-14T18:16:50.677+0000] {subprocess.py:93} INFO - INFO:__main__:Processed batch of 100 messages
[2025-03-14T18:16:50.690+0000] {subprocess.py:93} INFO - INFO:__main__:Processed batch of 100 messages
[2025-03-14T18:16:50.706+0000] {subprocess.py:93} INFO - INFO:__main__:Processed batch of 100 messages
[2025-03-14T18:16:50.718+0000] {subprocess.py:93} INFO - INFO:__main__:Processed batch of 100 messages
[2025-03-14T18:16:50.736+0000] {subprocess.py:93} INFO - INFO:__main__:Processed batch of 100 messages
[2025-03-14T18:16:50.751+0000] {subprocess.py:93} INFO - INFO:__main__:Processed batch of 100 messages
[2025-03-14T18:16:50.764+0000] {subprocess.py:93} INFO - INFO:__main__:Processed batch of 100 messages
[2025-03-14T18:16:50.777+0000] {subprocess.py:93} INFO - INFO:__main__:Processed batch of 100 messages
[2025-03-14T18:16:50.790+0000] {subprocess.py:93} INFO - INFO:__main__:Processed batch of 100 messages
[2025-03-14T18:16:50.801+0000] {subprocess.py:93} INFO - INFO:__main__:Processed batch of 100 messages
[2025-03-14T18:16:50.816+0000] {subprocess.py:93} INFO - INFO:__main__:Processed batch of 100 messages
[2025-03-14T18:16:50.841+0000] {subprocess.py:93} INFO - INFO:__main__:Processed batch of 100 messages
[2025-03-14T18:16:50.857+0000] {subprocess.py:93} INFO - INFO:__main__:Processed batch of 100 messages
[2025-03-14T18:16:50.881+0000] {subprocess.py:93} INFO - INFO:__main__:Processed batch of 100 messages
[2025-03-14T18:16:50.899+0000] {subprocess.py:93} INFO - INFO:__main__:Processed batch of 100 messages
[2025-03-14T18:16:50.917+0000] {subprocess.py:93} INFO - INFO:__main__:Processed batch of 100 messages
[2025-03-14T18:16:50.932+0000] {subprocess.py:93} INFO - INFO:__main__:Processed batch of 100 messages
[2025-03-14T18:16:50.944+0000] {subprocess.py:93} INFO - INFO:__main__:Processed batch of 100 messages
[2025-03-14T18:16:50.959+0000] {subprocess.py:93} INFO - INFO:__main__:Processed batch of 100 messages
[2025-03-14T18:16:50.973+0000] {subprocess.py:93} INFO - INFO:__main__:Processed batch of 100 messages
[2025-03-14T18:16:50.989+0000] {subprocess.py:93} INFO - INFO:__main__:Processed batch of 100 messages
[2025-03-14T18:16:50.999+0000] {subprocess.py:93} INFO - INFO:__main__:Processed batch of 100 messages
[2025-03-14T18:16:51.011+0000] {subprocess.py:93} INFO - INFO:__main__:Processed batch of 100 messages
[2025-03-14T18:16:51.027+0000] {subprocess.py:93} INFO - INFO:__main__:Processed batch of 100 messages
[2025-03-14T18:16:51.042+0000] {subprocess.py:93} INFO - INFO:__main__:Processed batch of 100 messages
[2025-03-14T18:16:51.054+0000] {subprocess.py:93} INFO - INFO:__main__:Processed batch of 100 messages
[2025-03-14T18:16:51.067+0000] {subprocess.py:93} INFO - INFO:__main__:Processed batch of 100 messages
[2025-03-14T18:16:51.079+0000] {subprocess.py:93} INFO - INFO:__main__:Processed batch of 100 messages
[2025-03-14T18:16:51.093+0000] {subprocess.py:93} INFO - INFO:__main__:Processed batch of 100 messages
[2025-03-14T18:16:51.108+0000] {subprocess.py:93} INFO - INFO:__main__:Processed batch of 100 messages
[2025-03-14T18:16:51.122+0000] {subprocess.py:93} INFO - INFO:__main__:Processed batch of 100 messages
[2025-03-14T18:16:51.137+0000] {subprocess.py:93} INFO - INFO:__main__:Processed batch of 100 messages
[2025-03-14T18:16:51.154+0000] {subprocess.py:93} INFO - INFO:__main__:Processed batch of 100 messages
[2025-03-14T18:16:51.173+0000] {subprocess.py:93} INFO - INFO:__main__:Processed batch of 100 messages
[2025-03-14T18:16:51.193+0000] {subprocess.py:93} INFO - INFO:__main__:Processed batch of 100 messages
[2025-03-14T18:16:51.247+0000] {subprocess.py:93} INFO - INFO:__main__:Processed batch of 100 messages
[2025-03-14T18:16:51.268+0000] {subprocess.py:93} INFO - INFO:__main__:Processed batch of 100 messages
[2025-03-14T18:16:51.291+0000] {subprocess.py:93} INFO - INFO:__main__:Processed batch of 100 messages
[2025-03-14T18:16:51.309+0000] {subprocess.py:93} INFO - INFO:__main__:Processed batch of 100 messages
[2025-03-14T18:16:51.329+0000] {subprocess.py:93} INFO - INFO:__main__:Processed batch of 100 messages
[2025-03-14T18:16:51.355+0000] {subprocess.py:93} INFO - INFO:__main__:Processed batch of 100 messages
[2025-03-14T18:16:51.372+0000] {subprocess.py:93} INFO - INFO:__main__:Processed batch of 100 messages
[2025-03-14T18:16:51.389+0000] {subprocess.py:93} INFO - INFO:__main__:Processed batch of 100 messages
[2025-03-14T18:16:51.404+0000] {subprocess.py:93} INFO - INFO:__main__:Processed batch of 100 messages
[2025-03-14T18:16:51.416+0000] {subprocess.py:93} INFO - INFO:__main__:Processed batch of 100 messages
[2025-03-14T18:16:51.430+0000] {subprocess.py:93} INFO - INFO:__main__:Processed batch of 100 messages
[2025-03-14T18:16:51.451+0000] {subprocess.py:93} INFO - INFO:__main__:Processed batch of 100 messages
[2025-03-14T18:16:51.467+0000] {subprocess.py:93} INFO - INFO:__main__:Processed batch of 100 messages
[2025-03-14T18:16:51.486+0000] {subprocess.py:93} INFO - INFO:__main__:Processed batch of 100 messages
[2025-03-14T18:16:51.505+0000] {subprocess.py:93} INFO - INFO:__main__:Processed batch of 100 messages
[2025-03-14T18:16:51.525+0000] {subprocess.py:93} INFO - INFO:__main__:Processed batch of 100 messages
[2025-03-14T18:16:51.538+0000] {subprocess.py:93} INFO - INFO:__main__:Processed batch of 100 messages
[2025-03-14T18:16:51.557+0000] {subprocess.py:93} INFO - INFO:__main__:Processed batch of 100 messages
[2025-03-14T18:16:51.572+0000] {subprocess.py:93} INFO - INFO:__main__:Processed batch of 100 messages
[2025-03-14T18:16:51.586+0000] {subprocess.py:93} INFO - INFO:__main__:Processed batch of 100 messages
[2025-03-14T18:16:51.597+0000] {subprocess.py:93} INFO - INFO:__main__:Processed batch of 100 messages
[2025-03-14T18:16:51.610+0000] {subprocess.py:93} INFO - INFO:__main__:Processed batch of 100 messages
[2025-03-14T18:16:51.624+0000] {subprocess.py:93} INFO - INFO:__main__:Processed batch of 100 messages
[2025-03-14T18:16:51.639+0000] {subprocess.py:93} INFO - INFO:__main__:Processed batch of 100 messages
[2025-03-14T18:16:51.657+0000] {subprocess.py:93} INFO - INFO:__main__:Processed batch of 100 messages
[2025-03-14T18:16:51.671+0000] {subprocess.py:93} INFO - INFO:__main__:Processed batch of 100 messages
[2025-03-14T18:16:51.684+0000] {subprocess.py:93} INFO - INFO:__main__:Processed batch of 100 messages
[2025-03-14T18:16:51.697+0000] {subprocess.py:93} INFO - INFO:__main__:Processed batch of 100 messages
[2025-03-14T18:16:51.712+0000] {subprocess.py:93} INFO - INFO:__main__:Processed batch of 100 messages
[2025-03-14T18:16:51.727+0000] {subprocess.py:93} INFO - INFO:__main__:Processed batch of 100 messages
[2025-03-14T18:16:51.743+0000] {subprocess.py:93} INFO - INFO:__main__:Processed batch of 100 messages
[2025-03-14T18:16:51.758+0000] {subprocess.py:93} INFO - INFO:__main__:Processed batch of 100 messages
[2025-03-14T18:16:51.773+0000] {subprocess.py:93} INFO - INFO:__main__:Processed batch of 100 messages
[2025-03-14T18:16:51.790+0000] {subprocess.py:93} INFO - INFO:__main__:Processed batch of 100 messages
[2025-03-14T18:16:51.791+0000] {subprocess.py:93} INFO - INFO:__main__:Successfully sent 20000 messages to topic crypto_data
[2025-03-14T18:16:51.791+0000] {subprocess.py:93} INFO - INFO:kafka.producer.kafka:Closing the Kafka producer with 9223372036.0 secs timeout.
[2025-03-14T18:16:51.791+0000] {subprocess.py:93} INFO - INFO:kafka.conn:<BrokerConnection node_id=1 host=kafka:29092 <connected> [IPv4 ('172.18.0.10', 29092)]>: Closing connection.
[2025-03-14T18:16:51.795+0000] {subprocess.py:93} INFO - Data retrieved! (20000, 6)
[2025-03-14T18:16:51.796+0000] {subprocess.py:93} INFO - Data saved! /tmp/***tmpe8lzht8s
[2025-03-14T18:16:51.796+0000] {subprocess.py:93} INFO - Topic 'crypto_data' created with retention.ms set to 172800000 (2 days)
[2025-03-14T18:16:51.797+0000] {subprocess.py:93} INFO - Data Ingested to Kafka!
[2025-03-14T18:16:51.962+0000] {subprocess.py:97} INFO - Command exited with return code 0
[2025-03-14T18:16:52.074+0000] {taskinstance.py:1138} INFO - Marking task as SUCCESS. dag_id=gen_data_daily, task_id=run_script, execution_date=20250314T173207, start_date=20250314T181645, end_date=20250314T181652
[2025-03-14T18:16:52.178+0000] {local_task_job_runner.py:234} INFO - Task exited with return code 0
[2025-03-14T18:16:52.233+0000] {taskinstance.py:3281} INFO - 0 downstream tasks scheduled from follow-on schedule check
